#
# A fatal error has been detected by the Java Runtime Environment:
#
#  SIGSEGV (0xb) at pc=0x000000011e8723fd, pid=2315, tid=1811
#
# JRE version: Java(TM) SE Runtime Environment (8.0_25-b17) (build 1.8.0_25-b17)
# Java VM: Java HotSpot(TM) 64-Bit Server VM (25.25-b02 mixed mode bsd-amd64 compressed oops)
# Problematic frame:
# C  [libglass.dylib+0x163fd]  GlassScreenDidChangeScreenParameters+0x9d
#
# Failed to write core dump. Core dumps have been disabled. To enable core dumping, try "ulimit -c unlimited" before starting Java again
#
# If you would like to submit a bug report, please visit:
#   http://bugreport.sun.com/bugreport/crash.jsp
#

---------------  T H R E A D  ---------------

Current thread is native thread

siginfo: si_signo: 11 (SIGSEGV), si_code: 1 (SEGV_MAPERR), si_addr: 0x0000000000000000

Registers:
RAX=0x000000011e8a4e40, RBX=0x0000000000000000, RCX=0x080004d38e410047, RDX=0x00007f94ba68c1c0
RSP=0x00007fff58d0a120, RBP=0x00007fff58d0a130, RSI=0x00007f94ba60c888, RDI=0x0000000000000000
R8 =0x00007fff58d09fd0, R9 =0x00007fff71708300, R10=0x0000000000000000, R11=0x0000000000000246
R12=0x00007f94ba612700, R13=0x00000000000f4268, R14=0x00007f94ba418b10, R15=0x00007fff58d0a270
RIP=0x000000011e8723fd, EFLAGS=0x0000000000010206, ERR=0x0000000000000004
  TRAPNO=0x000000000000000e

Top of Stack: (sp=0x00007fff58d0a120)
0x00007fff58d0a120:   00007fff58d0a300 00007f94ba418b10
0x00007fff58d0a130:   00007fff58d0a140 00007fff87f43cdc
0x00007fff58d0a140:   00007fff58d0a4a0 00007fff87e35244
0x00007fff58d0a150:   00007fff58d0a1a0 0000000000000a00
0x00007fff58d0a160:   00007fff71df1cf0 00007f94c203d190
0x00007fff58d0a170:   0000000000001001 0000000000000900
0x00007fff58d0a180:   00007f94c203d190 00007f94ba418b10
0x00007fff58d0a190:   0000000000000000 00007fff58d0a270
0x00007fff58d0a1a0:   0000000000000000 00007f94ba41fbd0
0x00007fff58d0a1b0:   00007fff58d0a2f0 0000000000000060
0x00007fff58d0a1c0:   00000000000f431f 00007f94c1f8c190
0x00007fff58d0a1d0:   00007f94ba65ee20 00007f94ba612700
0x00007fff58d0a1e0:   0000000000000001 00000000000f4268
0x00007fff58d0a1f0:   00007f94ba6126f0 00007fff8e455acb
0x00007fff58d0a200:   0000000000000001 0000000000000001
0x00007fff58d0a210:   0000000000000030 0000000000000001
0x00007fff58d0a220:   00007fff58d0a240 00007fff8e45b231
0x00007fff58d0a230:   00007fff71defdd0 0000000000000000
0x00007fff58d0a240:   00007fff58d0a260 0000000000000003
0x00007fff58d0a250:   0004670300100000 00007f94ba612724
0x00007fff58d0a260:   0000000000000000 00007fff87e2ad1f
0x00007fff58d0a270:   00007f94ba418b10 00007fff71defdd0
0x00007fff58d0a280:   00007fff58d0a300 0000000000000015
0x00007fff58d0a290:   00007fff58d0a2d0 00007fff8e45553e
0x00007fff58d0a2a0:   0000000106f10a00 0000000000000002
0x00007fff58d0a2b0:   0000000106f0d000 00007f94c1f8bf32
0x00007fff58d0a2c0:   0000000000000003 0000000106f11400
0x00007fff58d0a2d0:   00007fff58d0a3c0 00007fff8e4542a2
0x00007fff58d0a2e0:   00007f94ba65ea30 00007fff58d0a4a8
0x00007fff58d0a2f0:   0000000000000017 0000000000000000
0x00007fff58d0a300:   00000000000f4268 00007fff87e2b013
0x00007fff58d0a310:   00007fff00000000 00007f94ba665240 

Instructions: (pc=0x000000011e8723fd)
0x000000011e8723dd:   89 df 4c 89 f1 41 ff 90 68 04 00 00 48 8d 05 58
0x000000011e8723ed:   29 03 00 48 8b 30 48 8d 05 46 2a 03 00 48 8b 10
0x000000011e8723fd:   48 8b 0b 30 c0 48 89 df ff 91 68 04 00 00 48 8b
0x000000011e87240d:   03 48 89 df ff 50 78 48 85 c0 74 36 49 89 c6 48 

Register to memory mapping:

RAX=0x000000011e8a4e40: jScreenNotifySettingsChanged+0 in /Library/Java/JavaVirtualMachines/jdk1.8.0_25.jdk/Contents/Home/jre/lib/libglass.dylib at 0x000000011e85c000
RBX=0x0000000000000000 is an unknown value
RCX=0x080004d38e410047 is an unknown value
RDX=0x00007f94ba68c1c0 is an unknown value
RSP=0x00007fff58d0a120 is an unknown value
RBP=0x00007fff58d0a130 is an unknown value
RSI=0x00007f94ba60c888 is a global jni handle
RDI=0x0000000000000000 is an unknown value
R8 =0x00007fff58d09fd0 is an unknown value
R9 =0x00007fff71708300: _thread+0 in /usr/lib/system/libsystem_pthread.dylib at 0x00007fff85766000
R10=0x0000000000000000 is an unknown value
R11=0x0000000000000246 is an unknown value
R12=0x00007f94ba612700 is an unknown value
R13=0x00000000000f4268 is an unknown value
R14=0x00007f94ba418b10 is an unknown value
R15=0x00007fff58d0a270 is an unknown value


Stack: [0x00007fff5850d000,0x00007fff58d0d000],  sp=0x00007fff58d0a120,  free space=8180k
Native frames: (J=compiled Java code, j=interpreted, Vv=VM code, C=native code)
C  [libglass.dylib+0x163fd]  GlassScreenDidChangeScreenParameters+0x9d
C  [CoreFoundation+0x11ecdc]  __CFNOTIFICATIONCENTER_IS_CALLING_OUT_TO_AN_OBSERVER__+0xc
C  [CoreFoundation+0x10244]  _CFXNotificationPost+0xc44
C  [Foundation+0x2c31]  -[NSNotificationCenter postNotificationName:object:userInfo:]+0x42
C  [AppKit+0x36305e]  -[NSApplication _reactToScreenInvalidationImmediately:]+0x17b
C  [AppKit+0x362e9d]  __44-[NSApplication _reactToScreenInvalidation:]_block_invoke+0x4b
C  [CoreFoundation+0x8056c]  __CFRUNLOOP_IS_CALLING_OUT_TO_A_BLOCK__+0xc
C  [CoreFoundation+0x72675]  __CFRunLoopDoBlocks+0x155
C  [CoreFoundation+0x721b6]  __CFRunLoopRun+0x716
C  [CoreFoundation+0x71858]  CFRunLoopRunSpecific+0x128
C  [java+0x56cc]  CreateExecutionEnvironment+0x367
C  [java+0x165c]  JLI_Launch+0x7a0
C  [java+0x768a]  main+0x65
C  [java+0xeb4]  start+0x34


---------------  P R O C E S S  ---------------

VM state:at safepoint (normal execution)

VM Mutex/Monitor currently owned by a thread:  ([mutex/lock_event])
[0x00007f94ba40c670] Threads_lock - owner thread: 0x00007f94bb831000
[0x00007f94ba40cb70] Heap_lock - owner thread: 0x00007f94bb10c000

Heap:
 PSYoungGen      total 18944K, used 17362K [0x00000007aab00000, 0x00000007ac000000, 0x00000007c0000000)
  eden space 16384K, 90% used [0x00000007aab00000,0x00000007ab978880,0x00000007abb00000)
  from space 2560K, 99% used [0x00000007abb00000,0x00000007abd7c010,0x00000007abd80000)
  to   space 2560K, 0% used [0x00000007abd80000,0x00000007abd80000,0x00000007ac000000)
 ParOldGen       total 44032K, used 6670K [0x0000000780000000, 0x0000000782b00000, 0x00000007aab00000)
  object space 44032K, 15% used [0x0000000780000000,0x0000000780683ba0,0x0000000782b00000)
 Metaspace       used 18730K, capacity 20130K, committed 20224K, reserved 1067008K
  class space    used 2787K, capacity 3035K, committed 3072K, reserved 1048576K

Card table byte_map: [0x0000000117cc3000,0x0000000117ec4000] byte_map_base: 0x00000001140c3000

Marking Bits: (ParMarkBitMap*) 0x000000010788e390
 Begin Bits: [0x0000000118426000, 0x0000000119426000)
 End Bits:   [0x0000000119426000, 0x000000011a426000)

Polling page: 0x0000000107f66000

CodeCache: size=245760Kb used=10274Kb max_used=10274Kb free=235485Kb
 bounds [0x0000000108903000, 0x0000000109313000, 0x0000000117903000]
 total_blobs=4007 nmethods=3355 adapters=564
 compilation: enabled

Compilation events (10 events):
Event: 284.318 Thread 0x00007f94bb848000 3356       3       com.sun.javafx.event.EventRedirector::dispatchCapturingEvent (52 bytes)
Event: 284.320 Thread 0x00007f94bb848000 nmethod 3356 0x00000001093053d0 code [0x00000001093055a0, 0x0000000109305c78]
Event: 284.320 Thread 0x00007f94bb848000 3357       3       com.sun.javafx.event.EventRedirector::redirectEvent (97 bytes)
Event: 284.324 Thread 0x00007f94bb848000 nmethod 3357 0x0000000109308e50 code [0x0000000109309080, 0x0000000109309b58]
Event: 284.324 Thread 0x00007f94bb848000 3358       3       java.util.concurrent.CopyOnWriteArrayList::isEmpty (13 bytes)
Event: 284.325 Thread 0x00007f94bb848000 nmethod 3358 0x0000000109306c10 code [0x0000000109306d80, 0x0000000109307050]
Event: 284.325 Thread 0x00007f94bb848000 3359       3       java.lang.invoke.LambdaForm::getPreparedForm (70 bytes)
Event: 284.326 Thread 0x00007f94bb848000 nmethod 3359 0x000000010930f910 code [0x000000010930fae0, 0x0000000109310468]
Event: 284.342 Thread 0x00007f94bb848000 3360  s    3       java.util.Vector::elementAt (48 bytes)
Event: 284.343 Thread 0x00007f94bb848000 nmethod 3360 0x0000000109310890 code [0x0000000109310aa0, 0x0000000109311648]

GC Heap History (6 events):
Event: 1.569 GC heap before
{Heap before GC invocations=1 (full 0):
 PSYoungGen      total 18944K, used 16384K [0x00000007aab00000, 0x00000007ac000000, 0x00000007c0000000)
  eden space 16384K, 100% used [0x00000007aab00000,0x00000007abb00000,0x00000007abb00000)
  from space 2560K, 0% used [0x00000007abd80000,0x00000007abd80000,0x00000007ac000000)
  to   space 2560K, 0% used [0x00000007abb00000,0x00000007abb00000,0x00000007abd80000)
 ParOldGen       total 44032K, used 0K [0x0000000780000000, 0x0000000782b00000, 0x00000007aab00000)
  object space 44032K, 0% used [0x0000000780000000,0x0000000780000000,0x0000000782b00000)
 Metaspace       used 8946K, capacity 9486K, committed 9600K, reserved 1056768K
  class space    used 1204K, capacity 1336K, committed 1408K, reserved 1048576K
Event: 1.574 GC heap after
Heap after GC invocations=1 (full 0):
 PSYoungGen      total 18944K, used 2544K [0x00000007aab00000, 0x00000007ac000000, 0x00000007c0000000)
  eden space 16384K, 0% used [0x00000007aab00000,0x00000007aab00000,0x00000007abb00000)
  from space 2560K, 99% used [0x00000007abb00000,0x00000007abd7c030,0x00000007abd80000)
  to   space 2560K, 0% used [0x00000007abd80000,0x00000007abd80000,0x00000007ac000000)
 ParOldGen       total 44032K, used 8K [0x0000000780000000, 0x0000000782b00000, 0x00000007aab00000)
  object space 44032K, 0% used [0x0000000780000000,0x0000000780002000,0x0000000782b00000)
 Metaspace       used 8946K, capacity 9486K, committed 9600K, reserved 1056768K
  class space    used 1204K, capacity 1336K, committed 1408K, reserved 1048576K
}
Event: 2.586 GC heap before
{Heap before GC invocations=2 (full 0):
 PSYoungGen      total 18944K, used 18928K [0x00000007aab00000, 0x00000007ac000000, 0x00000007c0000000)
  eden space 16384K, 100% used [0x00000007aab00000,0x00000007abb00000,0x00000007abb00000)
  from space 2560K, 99% used [0x00000007abb00000,0x00000007abd7c030,0x00000007abd80000)
  to   space 2560K, 0% used [0x00000007abd80000,0x00000007abd80000,0x00000007ac000000)
 ParOldGen       total 44032K, used 8K [0x0000000780000000, 0x0000000782b00000, 0x00000007aab00000)
  object space 44032K, 0% used [0x0000000780000000,0x0000000780002000,0x0000000782b00000)
 Metaspace       used 14719K, capacity 15630K, committed 15872K, reserved 1062912K
  class space    used 2337K, capacity 2512K, committed 2560K, reserved 1048576K
Event: 2.593 GC heap after
Heap after GC invocations=2 (full 0):
 PSYoungGen      total 18944K, used 2560K [0x00000007aab00000, 0x00000007ac000000, 0x00000007c0000000)
  eden space 16384K, 0% used [0x00000007aab00000,0x00000007aab00000,0x00000007abb00000)
  from space 2560K, 100% used [0x00000007abd80000,0x00000007ac000000,0x00000007ac000000)
  to   space 2560K, 0% used [0x00000007abb00000,0x00000007abb00000,0x00000007abd80000)
 ParOldGen       total 44032K, used 1736K [0x0000000780000000, 0x0000000782b00000, 0x00000007aab00000)
  object space 44032K, 3% used [0x0000000780000000,0x00000007801b20e0,0x0000000782b00000)
 Metaspace       used 14719K, capacity 15630K, committed 15872K, reserved 1062912K
  class space    used 2337K, capacity 2512K, committed 2560K, reserved 1048576K
}
Event: 6.988 GC heap before
{Heap before GC invocations=3 (full 0):
 PSYoungGen      total 18944K, used 18944K [0x00000007aab00000, 0x00000007ac000000, 0x00000007c0000000)
  eden space 16384K, 100% used [0x00000007aab00000,0x00000007abb00000,0x00000007abb00000)
  from space 2560K, 100% used [0x00000007abd80000,0x00000007ac000000,0x00000007ac000000)
  to   space 2560K, 0% used [0x00000007abb00000,0x00000007abb00000,0x00000007abd80000)
 ParOldGen       total 44032K, used 1736K [0x0000000780000000, 0x0000000782b00000, 0x00000007aab00000)
  object space 44032K, 3% used [0x0000000780000000,0x00000007801b20e0,0x0000000782b00000)
 Metaspace       used 17690K, capacity 19080K, committed 19200K, reserved 1064960K
  class space    used 2730K, capacity 2992K, committed 3072K, reserved 1048576K
Event: 7.002 GC heap after
Heap after GC invocations=3 (full 0):
 PSYoungGen      total 18944K, used 2544K [0x00000007aab00000, 0x00000007ac000000, 0x00000007c0000000)
  eden space 16384K, 0% used [0x00000007aab00000,0x00000007aab00000,0x00000007abb00000)
  from space 2560K, 99% used [0x00000007abb00000,0x00000007abd7c010,0x00000007abd80000)
  to   space 2560K, 0% used [0x00000007abd80000,0x00000007abd80000,0x00000007ac000000)
 ParOldGen       total 44032K, used 6670K [0x0000000780000000, 0x0000000782b00000, 0x00000007aab00000)
  object space 44032K, 15% used [0x0000000780000000,0x0000000780683ba0,0x0000000782b00000)
 Metaspace       used 17690K, capacity 19080K, committed 19200K, reserved 1064960K
  class space    used 2730K, capacity 2992K, committed 3072K, reserved 1048576K
}

Deoptimization events (10 events):
Event: 2.890 Thread 0x00007f94bb99f000 Uncommon trap: reason=array_check action=maybe_recompile pc=0x0000000108e03dac method=com.sun.javafx.css.CompoundSelector.applies(Ljavafx/css/Styleable;[Ljava/util/Set;I)Z @ 128
Event: 2.890 Thread 0x00007f94bb99f000 Uncommon trap: reason=array_check action=maybe_recompile pc=0x0000000108e03dac method=com.sun.javafx.css.CompoundSelector.applies(Ljavafx/css/Styleable;[Ljava/util/Set;I)Z @ 128
Event: 3.243 Thread 0x00007f94bb990000 Uncommon trap: reason=class_check action=maybe_recompile pc=0x0000000108da7a00 method=java.util.WeakHashMap.eq(Ljava/lang/Object;Ljava/lang/Object;)Z @ 7
Event: 3.243 Thread 0x00007f94bb990000 Uncommon trap: reason=class_check action=maybe_recompile pc=0x0000000108da7a00 method=java.util.WeakHashMap.eq(Ljava/lang/Object;Ljava/lang/Object;)Z @ 7
Event: 3.264 Thread 0x00007f94bb990000 Uncommon trap: reason=class_check action=maybe_recompile pc=0x0000000108da7a00 method=java.util.WeakHashMap.eq(Ljava/lang/Object;Ljava/lang/Object;)Z @ 7
Event: 3.264 Thread 0x00007f94bb990000 Uncommon trap: reason=class_check action=maybe_recompile pc=0x0000000108da7a00 method=java.util.WeakHashMap.eq(Ljava/lang/Object;Ljava/lang/Object;)Z @ 7
Event: 10.158 Thread 0x00007f94bb99f000 Uncommon trap: reason=unreached action=reinterpret pc=0x000000010908442c method=javafx.scene.Parent.setChildDirty(Ljavafx/scene/Node;Z)V @ 22
Event: 17.365 Thread 0x00007f94bb99f000 Uncommon trap: reason=unreached action=reinterpret pc=0x0000000108f81be8 method=javafx.scene.Parent.setChildDirty(Ljavafx/scene/Node;Z)V @ 22
Event: 17.380 Thread 0x00007f94bb99f000 Uncommon trap: reason=null_check action=make_not_entrant pc=0x0000000108fa2bd0 method=javafx.scene.Node$MiscProperties.getClip()Ljavafx/scene/Node; @ 20
Event: 17.380 Thread 0x00007f94bb99f000 Uncommon trap: reason=null_check action=make_not_entrant pc=0x0000000108f49070 method=javafx.scene.Node$MiscProperties.getClip()Ljavafx/scene/Node; @ 20

Internal exceptions (10 events):
Event: 17.359 Thread 0x00007f94bb99f000 Exception <a 'java/security/PrivilegedActionException'> (0x00000007ab135620) thrown at [/HUDSON3/workspace/8-2-build-macosx-x86_64/jdk8u25/1514/hotspot/src/share/vm/prims/jvm.cpp, line 1312]
Event: 17.359 Thread 0x00007f94bb99f000 Exception <a 'java/security/PrivilegedActionException'> (0x00000007ab1384d8) thrown at [/HUDSON3/workspace/8-2-build-macosx-x86_64/jdk8u25/1514/hotspot/src/share/vm/prims/jvm.cpp, line 1312]
Event: 17.360 Thread 0x00007f94bb99f000 Exception <a 'java/security/PrivilegedActionException'> (0x00000007ab13b3f0) thrown at [/HUDSON3/workspace/8-2-build-macosx-x86_64/jdk8u25/1514/hotspot/src/share/vm/prims/jvm.cpp, line 1312]
Event: 17.361 Thread 0x00007f94bb99f000 Exception <a 'java/security/PrivilegedActionException'> (0x00000007ab13e2a8) thrown at [/HUDSON3/workspace/8-2-build-macosx-x86_64/jdk8u25/1514/hotspot/src/share/vm/prims/jvm.cpp, line 1312]
Event: 17.362 Thread 0x00007f94bb99f000 Exception <a 'java/security/PrivilegedActionException'> (0x00000007ab141088) thrown at [/HUDSON3/workspace/8-2-build-macosx-x86_64/jdk8u25/1514/hotspot/src/share/vm/prims/jvm.cpp, line 1312]
Event: 17.362 Thread 0x00007f94bb99f000 Exception <a 'java/security/PrivilegedActionException'> (0x00000007ab143f08) thrown at [/HUDSON3/workspace/8-2-build-macosx-x86_64/jdk8u25/1514/hotspot/src/share/vm/prims/jvm.cpp, line 1312]
Event: 17.380 Thread 0x00007f94bb99f000 Implicit null exception at 0x0000000108fa27ea to 0x0000000108fa2bc5
Event: 17.380 Thread 0x00007f94bb99f000 Implicit null exception at 0x0000000108f4900e to 0x0000000108f49065
Event: 25.805 Thread 0x00007f94bb99f000 Exception <a 'java/security/PrivilegedActionException'> (0x00000007ab314ba8) thrown at [/HUDSON3/workspace/8-2-build-macosx-x86_64/jdk8u25/1514/hotspot/src/share/vm/prims/jvm.cpp, line 1312]
Event: 25.814 Thread 0x00007f94bb99f000 Exception <a 'java/lang/Error'> (0x00000007ab316a08) thrown at [/HUDSON3/workspace/8-2-build-macosx-x86_64/jdk8u25/1514/hotspot/src/share/vm/prims/jvm.cpp, line 1316]

Events (10 events):
Event: 284.344 Thread 0x00007f94bb990000 Thread exited: 0x00007f94bb990000
Event: 284.344 Thread 0x00007f94ba873000 Thread exited: 0x00007f94ba873000
Event: 284.344 Thread 0x00007f94bc000000 Thread exited: 0x00007f94bc000000
Event: 284.344 Thread 0x00007f94bb10c000 Thread added: 0x00007f94bb10c000
Event: 284.610 Thread 0x00007f94bb99f000 Thread exited: 0x00007f94bb99f000
Event: 284.610 loading class java/util/IdentityHashMap$KeyIterator
Event: 284.610 loading class java/util/IdentityHashMap$IdentityHashMapIterator
Event: 284.610 loading class java/util/IdentityHashMap$IdentityHashMapIterator done
Event: 284.610 loading class java/util/IdentityHashMap$KeyIterator done
Event: 284.611 Thread 0x00007f94bb10c000 Thread exited: 0x00007f94bb10c000


Dynamic libraries:
0x0000000000b50000 	/System/Library/Frameworks/Cocoa.framework/Versions/A/Cocoa
0x0000000000b50000 	/System/Library/Frameworks/Security.framework/Versions/A/Security
0x0000000000b50000 	/System/Library/Frameworks/ApplicationServices.framework/Versions/A/ApplicationServices
0x0000000000b50000 	/usr/lib/libz.1.dylib
0x0000000000b50000 	/usr/lib/libSystem.B.dylib
0x0000000000b50000 	/usr/lib/libobjc.A.dylib
0x0000000000b50000 	/System/Library/Frameworks/CoreFoundation.framework/Versions/A/CoreFoundation
0x0000000000b50000 	/System/Library/Frameworks/Foundation.framework/Versions/C/Foundation
0x0000000000b50000 	/System/Library/Frameworks/AppKit.framework/Versions/C/AppKit
0x0000000000b50000 	/System/Library/Frameworks/CoreData.framework/Versions/A/CoreData
0x0000000000b50000 	/System/Library/PrivateFrameworks/RemoteViewServices.framework/Versions/A/RemoteViewServices
0x0000000000b50000 	/System/Library/PrivateFrameworks/UIFoundation.framework/Versions/A/UIFoundation
0x0000000000b50000 	/System/Library/Frameworks/IOSurface.framework/Versions/A/IOSurface
0x0000000000b50000 	/System/Library/Frameworks/AudioToolbox.framework/Versions/A/AudioToolbox
0x0000000000b50000 	/System/Library/Frameworks/AudioUnit.framework/Versions/A/AudioUnit
0x0000000000b50000 	/System/Library/PrivateFrameworks/DataDetectorsCore.framework/Versions/A/DataDetectorsCore
0x0000000000b50000 	/System/Library/PrivateFrameworks/DesktopServicesPriv.framework/Versions/A/DesktopServicesPriv
0x0000000000b50000 	/System/Library/Frameworks/Carbon.framework/Versions/A/Frameworks/HIToolbox.framework/Versions/A/HIToolbox
0x0000000000b50000 	/System/Library/Frameworks/QuartzCore.framework/Versions/A/QuartzCore
0x0000000000b50000 	/System/Library/Frameworks/Carbon.framework/Versions/A/Frameworks/SpeechRecognition.framework/Versions/A/SpeechRecognition
0x0000000000b50000 	/usr/lib/libauto.dylib
0x0000000000b50000 	/usr/lib/libicucore.A.dylib
0x0000000000b50000 	/usr/lib/libxml2.2.dylib
0x0000000000b50000 	/System/Library/PrivateFrameworks/CoreUI.framework/Versions/A/CoreUI
0x0000000000b50000 	/System/Library/Frameworks/CoreAudio.framework/Versions/A/CoreAudio
0x0000000000b50000 	/System/Library/Frameworks/DiskArbitration.framework/Versions/A/DiskArbitration
0x0000000000b50000 	/usr/lib/liblangid.dylib
0x0000000000b50000 	/System/Library/PrivateFrameworks/MultitouchSupport.framework/Versions/A/MultitouchSupport
0x0000000000b50000 	/System/Library/Frameworks/IOKit.framework/Versions/A/IOKit
0x0000000000b50000 	/usr/lib/libDiagnosticMessagesClient.dylib
0x0000000000b50000 	/System/Library/Frameworks/CoreServices.framework/Versions/A/CoreServices
0x0000000000b50000 	/System/Library/PrivateFrameworks/PerformanceAnalysis.framework/Versions/A/PerformanceAnalysis
0x0000000000b50000 	/System/Library/PrivateFrameworks/GenerationalStorage.framework/Versions/A/GenerationalStorage
0x0000000000b50000 	/System/Library/Frameworks/OpenGL.framework/Versions/A/OpenGL
0x0000000000b50000 	/System/Library/PrivateFrameworks/Sharing.framework/Versions/A/Sharing
0x0000000000b50000 	/System/Library/Frameworks/CoreGraphics.framework/Versions/A/CoreGraphics
0x0000000000b50000 	/System/Library/Frameworks/CoreText.framework/Versions/A/CoreText
0x0000000000b50000 	/System/Library/Frameworks/ImageIO.framework/Versions/A/ImageIO
0x0000000000b50000 	/usr/lib/libextension.dylib
0x0000000000b50000 	/System/Library/PrivateFrameworks/Backup.framework/Versions/A/Backup
0x0000000000b50000 	/usr/lib/libarchive.2.dylib
0x0000000000b50000 	/System/Library/Frameworks/CFNetwork.framework/Versions/A/CFNetwork
0x0000000000b50000 	/System/Library/Frameworks/SystemConfiguration.framework/Versions/A/SystemConfiguration
0x0000000000b50000 	/usr/lib/libCRFSuite.dylib
0x0000000000b50000 	/usr/lib/libc++.1.dylib
0x0000000000b50000 	/usr/lib/libc++abi.dylib
0x0000000000b50000 	/usr/lib/system/libcache.dylib
0x0000000000b50000 	/usr/lib/system/libcommonCrypto.dylib
0x0000000000b50000 	/usr/lib/system/libcompiler_rt.dylib
0x0000000000b50000 	/usr/lib/system/libcopyfile.dylib
0x0000000000b50000 	/usr/lib/system/libcorecrypto.dylib
0x0000000000b50000 	/usr/lib/system/libdispatch.dylib
0x0000000000b50000 	/usr/lib/system/libdyld.dylib
0x0000000000b50000 	/usr/lib/system/libkeymgr.dylib
0x0000000000b50000 	/usr/lib/system/liblaunch.dylib
0x0000000000b50000 	/usr/lib/system/libmacho.dylib
0x0000000000b50000 	/usr/lib/system/libquarantine.dylib
0x0000000000b50000 	/usr/lib/system/libremovefile.dylib
0x0000000000b50000 	/usr/lib/system/libsystem_asl.dylib
0x0000000000b50000 	/usr/lib/system/libsystem_blocks.dylib
0x0000000000b50000 	/usr/lib/system/libsystem_c.dylib
0x0000000000b50000 	/usr/lib/system/libsystem_configuration.dylib
0x0000000000b50000 	/usr/lib/system/libsystem_coreservices.dylib
0x0000000000b50000 	/usr/lib/system/libsystem_coretls.dylib
0x0000000000b50000 	/usr/lib/system/libsystem_dnssd.dylib
0x0000000000b50000 	/usr/lib/system/libsystem_info.dylib
0x0000000000b50000 	/usr/lib/system/libsystem_kernel.dylib
0x0000000000b50000 	/usr/lib/system/libsystem_m.dylib
0x0000000000b50000 	/usr/lib/system/libsystem_malloc.dylib
0x0000000000b50000 	/usr/lib/system/libsystem_network.dylib
0x0000000000b50000 	/usr/lib/system/libsystem_networkextension.dylib
0x0000000000b50000 	/usr/lib/system/libsystem_notify.dylib
0x0000000000b50000 	/usr/lib/system/libsystem_platform.dylib
0x0000000000b50000 	/usr/lib/system/libsystem_pthread.dylib
0x0000000000b50000 	/usr/lib/system/libsystem_sandbox.dylib
0x0000000000b50000 	/usr/lib/system/libsystem_secinit.dylib
0x0000000000b50000 	/usr/lib/system/libsystem_stats.dylib
0x0000000000b50000 	/usr/lib/system/libsystem_trace.dylib
0x0000000000b50000 	/usr/lib/system/libunc.dylib
0x0000000000b50000 	/usr/lib/system/libunwind.dylib
0x0000000000b50000 	/usr/lib/system/libxpc.dylib
0x0000000000b50000 	/usr/lib/libbz2.1.0.dylib
0x0000000000b50000 	/usr/lib/liblzma.5.dylib
0x0000000000b50000 	/usr/lib/libbsm.0.dylib
0x0000000000b50000 	/usr/lib/libsqlite3.dylib
0x0000000000b50000 	/usr/lib/system/libkxld.dylib
0x0000000000b50000 	/usr/lib/libxar.1.dylib
0x0000000000b50000 	/usr/lib/libpam.2.dylib
0x0000000000b50000 	/usr/lib/libOpenScriptingUtil.dylib
0x0000000000b50000 	/System/Library/Frameworks/CoreServices.framework/Versions/A/Frameworks/FSEvents.framework/Versions/A/FSEvents
0x0000000000b50000 	/System/Library/Frameworks/CoreServices.framework/Versions/A/Frameworks/CarbonCore.framework/Versions/A/CarbonCore
0x0000000000b50000 	/System/Library/Frameworks/CoreServices.framework/Versions/A/Frameworks/Metadata.framework/Versions/A/Metadata
0x0000000000b50000 	/System/Library/Frameworks/CoreServices.framework/Versions/A/Frameworks/OSServices.framework/Versions/A/OSServices
0x0000000000b50000 	/System/Library/Frameworks/CoreServices.framework/Versions/A/Frameworks/SearchKit.framework/Versions/A/SearchKit
0x0000000000b50000 	/System/Library/Frameworks/CoreServices.framework/Versions/A/Frameworks/AE.framework/Versions/A/AE
0x0000000000b50000 	/System/Library/Frameworks/CoreServices.framework/Versions/A/Frameworks/LaunchServices.framework/Versions/A/LaunchServices
0x0000000000b50000 	/System/Library/Frameworks/CoreServices.framework/Versions/A/Frameworks/DictionaryServices.framework/Versions/A/DictionaryServices
0x0000000000b50000 	/System/Library/Frameworks/NetFS.framework/Versions/A/NetFS
0x0000000000b50000 	/System/Library/PrivateFrameworks/NetAuth.framework/Versions/A/NetAuth
0x0000000000b50000 	/System/Library/PrivateFrameworks/login.framework/Versions/A/Frameworks/loginsupport.framework/Versions/A/loginsupport
0x0000000000b50000 	/System/Library/PrivateFrameworks/TCC.framework/Versions/A/TCC
0x0000000000b50000 	/usr/lib/libmecabra.dylib
0x0000000000b50000 	/System/Library/Frameworks/ApplicationServices.framework/Versions/A/Frameworks/ATS.framework/Versions/A/ATS
0x0000000000b50000 	/System/Library/Frameworks/ApplicationServices.framework/Versions/A/Frameworks/ColorSync.framework/Versions/A/ColorSync
0x0000000000b50000 	/System/Library/Frameworks/ApplicationServices.framework/Versions/A/Frameworks/HIServices.framework/Versions/A/HIServices
0x0000000000b50000 	/System/Library/Frameworks/ApplicationServices.framework/Versions/A/Frameworks/LangAnalysis.framework/Versions/A/LangAnalysis
0x0000000000b50000 	/System/Library/Frameworks/ApplicationServices.framework/Versions/A/Frameworks/PrintCore.framework/Versions/A/PrintCore
0x0000000000b50000 	/System/Library/Frameworks/ApplicationServices.framework/Versions/A/Frameworks/QD.framework/Versions/A/QD
0x0000000000b50000 	/System/Library/Frameworks/ApplicationServices.framework/Versions/A/Frameworks/SpeechSynthesis.framework/Versions/A/SpeechSynthesis
0x0000000000b50000 	/System/Library/Frameworks/Accelerate.framework/Versions/A/Accelerate
0x0000000000b50000 	/System/Library/Frameworks/Accelerate.framework/Versions/A/Frameworks/vImage.framework/Versions/A/vImage
0x0000000000b50000 	/System/Library/Frameworks/Accelerate.framework/Versions/A/Frameworks/vecLib.framework/Versions/A/vecLib
0x0000000000b50000 	/System/Library/Frameworks/Accelerate.framework/Versions/A/Frameworks/vecLib.framework/Versions/A/libvDSP.dylib
0x0000000000b50000 	/System/Library/Frameworks/Accelerate.framework/Versions/A/Frameworks/vecLib.framework/Versions/A/libvMisc.dylib
0x0000000000b50000 	/System/Library/Frameworks/Accelerate.framework/Versions/A/Frameworks/vecLib.framework/Versions/A/libLAPACK.dylib
0x0000000000b50000 	/System/Library/Frameworks/Accelerate.framework/Versions/A/Frameworks/vecLib.framework/Versions/A/libBLAS.dylib
0x0000000000b50000 	/System/Library/Frameworks/Accelerate.framework/Versions/A/Frameworks/vecLib.framework/Versions/A/libLinearAlgebra.dylib
0x0000000000b50000 	/System/Library/Frameworks/ApplicationServices.framework/Versions/A/Frameworks/ATS.framework/Versions/A/Resources/libFontParser.dylib
0x0000000000b50000 	/System/Library/Frameworks/ApplicationServices.framework/Versions/A/Frameworks/ATS.framework/Versions/A/Resources/libFontRegistry.dylib
0x0000000000b50000 	/System/Library/PrivateFrameworks/AppleVPA.framework/Versions/A/AppleVPA
0x0000000000b50000 	/System/Library/PrivateFrameworks/AppleJPEG.framework/Versions/A/AppleJPEG
0x0000000000b50000 	/System/Library/Frameworks/ImageIO.framework/Versions/A/Resources/libJPEG.dylib
0x0000000000b50000 	/System/Library/Frameworks/ImageIO.framework/Versions/A/Resources/libTIFF.dylib
0x0000000000b50000 	/System/Library/Frameworks/ImageIO.framework/Versions/A/Resources/libPng.dylib
0x0000000000b50000 	/System/Library/Frameworks/ImageIO.framework/Versions/A/Resources/libGIF.dylib
0x0000000000b50000 	/System/Library/Frameworks/ImageIO.framework/Versions/A/Resources/libJP2.dylib
0x0000000000b50000 	/System/Library/Frameworks/ImageIO.framework/Versions/A/Resources/libRadiance.dylib
0x0000000000b50000 	/System/Library/Frameworks/CoreVideo.framework/Versions/A/CoreVideo
0x0000000000b50000 	/System/Library/Frameworks/OpenGL.framework/Versions/A/Libraries/libGLU.dylib
0x0000000000b50000 	/System/Library/Frameworks/OpenGL.framework/Versions/A/Libraries/libGFXShared.dylib
0x0000000000b50000 	/System/Library/Frameworks/OpenGL.framework/Versions/A/Libraries/libGL.dylib
0x0000000000b50000 	/System/Library/Frameworks/OpenGL.framework/Versions/A/Libraries/libGLImage.dylib
0x0000000000b50000 	/System/Library/Frameworks/OpenGL.framework/Versions/A/Libraries/libCVMSPluginSupport.dylib
0x0000000000b50000 	/System/Library/Frameworks/OpenGL.framework/Versions/A/Libraries/libCoreVMClient.dylib
0x0000000000b50000 	/usr/lib/libcups.2.dylib
0x0000000000b50000 	/System/Library/Frameworks/Kerberos.framework/Versions/A/Kerberos
0x0000000000b50000 	/System/Library/Frameworks/GSS.framework/Versions/A/GSS
0x0000000000b50000 	/usr/lib/libresolv.9.dylib
0x0000000000b50000 	/usr/lib/libiconv.2.dylib
0x0000000000b50000 	/System/Library/PrivateFrameworks/Heimdal.framework/Versions/A/Heimdal
0x0000000000b50000 	/usr/lib/libheimdal-asn1.dylib
0x0000000000b50000 	/System/Library/Frameworks/OpenDirectory.framework/Versions/A/OpenDirectory
0x0000000000b50000 	/System/Library/PrivateFrameworks/CommonAuth.framework/Versions/A/CommonAuth
0x0000000000b50000 	/System/Library/Frameworks/OpenDirectory.framework/Versions/A/Frameworks/CFOpenDirectory.framework/Versions/A/CFOpenDirectory
0x0000000000b50000 	/System/Library/Frameworks/SecurityFoundation.framework/Versions/A/SecurityFoundation
0x0000000000b50000 	/System/Library/PrivateFrameworks/LanguageModeling.framework/Versions/A/LanguageModeling
0x0000000000b50000 	/usr/lib/libcmph.dylib
0x0000000000b50000 	/System/Library/Frameworks/ServiceManagement.framework/Versions/A/ServiceManagement
0x0000000000b50000 	/usr/lib/libxslt.1.dylib
0x0000000000b50000 	/System/Library/Frameworks/Carbon.framework/Versions/A/Frameworks/Ink.framework/Versions/A/Ink
0x0000000000b50000 	/System/Library/Frameworks/QuartzCore.framework/Versions/A/Frameworks/CoreImage.framework/Versions/A/CoreImage
0x0000000000b50000 	/System/Library/PrivateFrameworks/CrashReporterSupport.framework/Versions/A/CrashReporterSupport
0x0000000000b50000 	/System/Library/Frameworks/OpenCL.framework/Versions/A/OpenCL
0x0000000000b50000 	/System/Library/PrivateFrameworks/FaceCore.framework/Versions/A/FaceCore
0x0000000000b50000 	/System/Library/PrivateFrameworks/Ubiquity.framework/Versions/A/Ubiquity
0x0000000000b50000 	/System/Library/PrivateFrameworks/IconServices.framework/Versions/A/IconServices
0x0000000000b50000 	/System/Library/PrivateFrameworks/ChunkingLibrary.framework/Versions/A/ChunkingLibrary
0x0000000000b50000 	/System/Library/PrivateFrameworks/Apple80211.framework/Versions/A/Apple80211
0x0000000000b50000 	/System/Library/Frameworks/CoreWLAN.framework/Versions/A/CoreWLAN
0x0000000000b50000 	/System/Library/Frameworks/IOBluetooth.framework/Versions/A/IOBluetooth
0x0000000000b50000 	/System/Library/PrivateFrameworks/CoreWiFi.framework/Versions/A/CoreWiFi
0x0000000000b50000 	/System/Library/Frameworks/CoreBluetooth.framework/Versions/A/CoreBluetooth
0x0000000000b50000 	/System/Library/PrivateFrameworks/DebugSymbols.framework/Versions/A/DebugSymbols
0x0000000000b50000 	/System/Library/PrivateFrameworks/CoreSymbolication.framework/Versions/A/CoreSymbolication
0x0000000000b50000 	/System/Library/PrivateFrameworks/Symbolication.framework/Versions/A/Symbolication
0x0000000000b50000 	/System/Library/PrivateFrameworks/SpeechRecognitionCore.framework/Versions/A/SpeechRecognitionCore
0x0000000106ff1000 	/Library/Java/JavaVirtualMachines/jdk1.8.0_25.jdk/Contents/Home/jre/lib/server/libjvm.dylib
0x0000000000b50000 	/usr/lib/libstdc++.6.dylib
0x0000000107f24000 	/Library/Java/JavaVirtualMachines/jdk1.8.0_25.jdk/Contents/Home/jre/lib/libverify.dylib
0x0000000107f32000 	/Library/Java/JavaVirtualMachines/jdk1.8.0_25.jdk/Contents/Home/jre/lib/libjava.dylib
0x0000000107f70000 	/Library/Java/JavaVirtualMachines/jdk1.8.0_25.jdk/Contents/Home/jre/lib/libzip.dylib
0x000000011c392000 	/System/Library/Frameworks/JavaVM.framework/Frameworks/JavaRuntimeSupport.framework/JavaRuntimeSupport
0x000000011c3ad000 	/System/Library/Frameworks/JavaVM.framework/Versions/A/Frameworks/JavaNativeFoundation.framework/Versions/A/JavaNativeFoundation
0x000000011c3c2000 	/System/Library/Frameworks/JavaVM.framework/Versions/A/JavaVM
0x0000000000b50000 	/System/Library/Frameworks/Carbon.framework/Versions/A/Carbon
0x000000011c3cf000 	/System/Library/PrivateFrameworks/JavaLaunching.framework/Versions/A/JavaLaunching
0x0000000000b50000 	/System/Library/Frameworks/Carbon.framework/Versions/A/Frameworks/CommonPanels.framework/Versions/A/CommonPanels
0x0000000000b50000 	/System/Library/Frameworks/Carbon.framework/Versions/A/Frameworks/Help.framework/Versions/A/Help
0x0000000000b50000 	/System/Library/Frameworks/Carbon.framework/Versions/A/Frameworks/ImageCapture.framework/Versions/A/ImageCapture
0x0000000000b50000 	/System/Library/Frameworks/Carbon.framework/Versions/A/Frameworks/OpenScripting.framework/Versions/A/OpenScripting
0x0000000000b50000 	/System/Library/Frameworks/Carbon.framework/Versions/A/Frameworks/Print.framework/Versions/A/Print
0x0000000000b50000 	/System/Library/Frameworks/Carbon.framework/Versions/A/Frameworks/SecurityHI.framework/Versions/A/SecurityHI
0x000000011e3af000 	/Library/Java/JavaVirtualMachines/jdk1.8.0_25.jdk/Contents/Home/jre/lib/libprism_es2.dylib
0x0000000000b50000 	/System/Library/Frameworks/OpenGL.framework/Versions/A/Resources/GLEngine.bundle/GLEngine
0x0000000000b50000 	/System/Library/Frameworks/OpenGL.framework/Versions/A/Libraries/libGLProgrammability.dylib
0x0000000000000000 	/System/Library/Extensions/AppleIntelHD5000GraphicsGLDriver.bundle/Contents/MacOS/AppleIntelHD5000GraphicsGLDriver
0x0000000000b50000 	/System/Library/PrivateFrameworks/IOAccelerator.framework/Versions/A/IOAccelerator
0x0000000000b50000 	/System/Library/PrivateFrameworks/GPUSupport.framework/Versions/A/Libraries/libGPUSupportMercury.dylib
0x0000000000b50000 	/System/Library/Frameworks/OpenGL.framework/Versions/A/Resources/GLRendererFloat.bundle/GLRendererFloat
0x0000000000b50000 	/System/Library/Frameworks/OpenCL.framework/Versions/A/Libraries/libcldcpuengine.dylib
0x0000000000b50000 	/System/Library/PrivateFrameworks/DiskImages.framework/Versions/A/DiskImages
0x0000000000b50000 	/System/Library/Frameworks/DiscRecording.framework/Versions/A/DiscRecording
0x0000000000b50000 	/usr/lib/libcsfde.dylib
0x0000000000b50000 	/usr/lib/libcurl.4.dylib
0x0000000000b50000 	/System/Library/PrivateFrameworks/MediaKit.framework/Versions/A/MediaKit
0x0000000000b50000 	/System/Library/PrivateFrameworks/ProtectedCloudStorage.framework/Versions/A/ProtectedCloudStorage
0x0000000000b50000 	/usr/lib/libCoreStorage.dylib
0x0000000000b50000 	/System/Library/PrivateFrameworks/EFILogin.framework/Versions/A/EFILogin
0x0000000000b50000 	/usr/lib/libutil.dylib
0x0000000000b50000 	/System/Library/PrivateFrameworks/FindMyDevice.framework/Versions/A/FindMyDevice
0x0000000000b50000 	/System/Library/Frameworks/LDAP.framework/Versions/A/LDAP
0x0000000000b50000 	/usr/lib/libsasl2.2.dylib
0x0000000000b50000 	/System/Library/PrivateFrameworks/CoreDaemon.framework/Versions/B/CoreDaemon
0x0000000000b50000 	/usr/lib/libcrypto.0.9.8.dylib
0x0000000000b50000 	/System/Library/PrivateFrameworks/AppleSRP.framework/Versions/A/AppleSRP
0x0000000000b50000 	/System/Library/PrivateFrameworks/TrustEvaluationAgent.framework/Versions/A/TrustEvaluationAgent
0x000000011e85c000 	/Library/Java/JavaVirtualMachines/jdk1.8.0_25.jdk/Contents/Home/jre/lib/libglass.dylib
0x0000000000b50000 	/System/Library/PrivateFrameworks/CoreServicesInternal.framework/Versions/A/CoreServicesInternal
0x0000000000b50000 	/System/Library/PrivateFrameworks/CloudDocs.framework/Versions/A/CloudDocs
0x0000000000b50000 	/System/Library/PrivateFrameworks/CoreDuet.framework/Versions/A/CoreDuet
0x0000000000b50000 	/System/Library/Frameworks/CloudKit.framework/Versions/A/CloudKit
0x0000000000b50000 	/System/Library/PrivateFrameworks/ProtocolBuffer.framework/Versions/A/ProtocolBuffer
0x0000000000b50000 	/System/Library/PrivateFrameworks/CoreDuetDaemonProtocol.framework/Versions/A/CoreDuetDaemonProtocol
0x0000000000b50000 	/System/Library/PrivateFrameworks/CoreDuetDebugLogging.framework/Versions/A/CoreDuetDebugLogging
0x0000000000b50000 	/System/Library/Frameworks/CoreLocation.framework/Versions/A/CoreLocation
0x0000000000b50000 	/System/Library/Frameworks/Accounts.framework/Versions/A/Accounts
0x0000000000b50000 	/System/Library/PrivateFrameworks/ApplePushService.framework/Versions/A/ApplePushService
0x0000000000b50000 	/System/Library/PrivateFrameworks/GeoServices.framework/Versions/A/GeoServices
0x0000000000b50000 	/System/Library/PrivateFrameworks/OAuth.framework/Versions/A/OAuth
0x0000000000b50000 	/System/Library/Frameworks/CoreGraphics.framework/Versions/A/Resources/libCGCMS.A.dylib
0x0000000000b50000 	/System/Library/CoreServices/RawCamera.bundle/Contents/MacOS/RawCamera
0x0000000000b50000 	/System/Library/Frameworks/CoreGraphics.framework/Versions/A/Resources/libRIP.A.dylib
0x0000000000b50000 	/System/Library/PrivateFrameworks/FamilyControls.framework/Versions/A/FamilyControls
0x0000000000b50000 	/System/Library/PrivateFrameworks/CommerceKit.framework/Versions/A/Frameworks/CommerceCore.framework/Versions/A/CommerceCore
0x0000000000b50000 	/System/Library/PrivateFrameworks/SystemAdministration.framework/Versions/A/SystemAdministration
0x0000000000b50000 	/System/Library/PrivateFrameworks/AppContainer.framework/Versions/A/AppContainer
0x0000000000b50000 	/System/Library/PrivateFrameworks/SecCodeWrapper.framework/Versions/A/SecCodeWrapper
0x0000000000b50000 	/System/Library/Frameworks/DirectoryService.framework/Versions/A/DirectoryService
0x0000000000b50000 	/System/Library/PrivateFrameworks/LoginUIKit.framework/Versions/A/Frameworks/LoginUICore.framework/Versions/A/LoginUICore
0x0000000000b50000 	/usr/lib/libodfde.dylib
0x0000000000b50000 	/System/Library/Frameworks/CoreGraphics.framework/Versions/A/Resources/libCGXType.A.dylib
0x000000012314a000 	cl_kernels
0x000000012314c000 	/System/Library/Frameworks/OpenCL.framework/Versions/A/Libraries/ImageFormats/unorm8_bgra.dylib
0x000000012313b000 	cl_kernels
0x0000000123399000 	/Library/Java/JavaVirtualMachines/jdk1.8.0_25.jdk/Contents/Home/jre/lib/libjavafx_font.dylib
0x000000011ff8f000 	/Library/Java/JavaVirtualMachines/jdk1.8.0_25.jdk/Contents/Home/jre/lib/libprism_common.dylib

VM Arguments:
jvm_args: -Dfile.encoding=UTF-8 
java_command: Main
java_class_path (initial): /Users/vcheng/Documents/workspace/slogo_team08/bin
Launcher Type: SUN_STANDARD

Environment Variables:
PATH=/usr/bin:/bin:/usr/sbin:/sbin
SHELL=/bin/bash
DISPLAY=/private/tmp/com.apple.launchd.SaKMpEszIb/org.macosforge.xquartz:0

Signal Handlers:
SIGSEGV: [libjvm.dylib+0x579dc7], sa_mask[0]=11111111011111110111111111111111, sa_flags=SA_ONSTACK|SA_RESTART|SA_SIGINFO
SIGBUS: [libjvm.dylib+0x579dc7], sa_mask[0]=11111111011111110111111111111111, sa_flags=SA_RESTART|SA_SIGINFO
SIGFPE: [libjvm.dylib+0x45b030], sa_mask[0]=11111111011111110111111111111111, sa_flags=SA_RESTART|SA_SIGINFO
SIGPIPE: [libjvm.dylib+0x45b030], sa_mask[0]=11111111011111110111111111111111, sa_flags=SA_RESTART|SA_SIGINFO
SIGXFSZ: [libjvm.dylib+0x45b030], sa_mask[0]=11111111011111110111111111111111, sa_flags=SA_RESTART|SA_SIGINFO
SIGILL: [libjvm.dylib+0x45b030], sa_mask[0]=11111111011111110111111111111111, sa_flags=SA_RESTART|SA_SIGINFO
SIGUSR1: SIG_DFL, sa_mask[0]=00000000000000000000000000000000, sa_flags=none
SIGUSR2: [libjvm.dylib+0x45ab4e], sa_mask[0]=00100000000000000000000000000000, sa_flags=SA_RESTART|SA_SIGINFO
SIGHUP: [libjvm.dylib+0x459121], sa_mask[0]=11111111011111110111111111111111, sa_flags=SA_RESTART|SA_SIGINFO
SIGINT: [libjvm.dylib+0x459121], sa_mask[0]=11111111011111110111111111111111, sa_flags=SA_RESTART|SA_SIGINFO
SIGTERM: [libjvm.dylib+0x459121], sa_mask[0]=11111111011111110111111111111111, sa_flags=SA_RESTART|SA_SIGINFO
SIGQUIT: [libjvm.dylib+0x459121], sa_mask[0]=11111111011111110111111111111111, sa_flags=SA_RESTART|SA_SIGINFO


---------------  S Y S T E M  ---------------

OS:Bsduname:Darwin 14.1.0 Darwin Kernel Version 14.1.0: Mon Dec 22 23:10:38 PST 2014; root:xnu-2782.10.72~2/RELEASE_X86_64 x86_64
rlimit: STACK 8192k, CORE 0k, NPROC 709, NOFILE 10240, AS infinity
load average:5.40 3.63 2.82

CPU:total 4 (2 cores per cpu, 2 threads per core) family 6 model 69 stepping 1, cmov, cx8, fxsr, mmx, sse, sse2, sse3, ssse3, sse4.1, sse4.2, popcnt, avx, avx2, aes, clmul, erms, lzcnt, ht, tsc, tscinvbit, bmi1, bmi2

Memory: 4k page, physical 4194304k(257120k free)

/proc/meminfo:


vm_info: Java HotSpot(TM) 64-Bit Server VM (25.25-b02) for bsd-amd64 JRE (1.8.0_25-b17), built on Sep 17 2014 16:56:50 by "java_re" with gcc 4.2.1 (Based on Apple Inc. build 5658) (LLVM build 2336.11.00)

time: Mon Mar  7 21:51:44 2016
elapsed time: 284 seconds (0d 0h 4m 44s)

