#
# A fatal error has been detected by the Java Runtime Environment:
#
#  SIGSEGV (0xb) at pc=0x000000012104a3fd, pid=3163, tid=1811
#
# JRE version: Java(TM) SE Runtime Environment (8.0_25-b17) (build 1.8.0_25-b17)
# Java VM: Java HotSpot(TM) 64-Bit Server VM (25.25-b02 mixed mode bsd-amd64 compressed oops)
# Problematic frame:
# C  [libglass.dylib+0x163fd]  GlassScreenDidChangeScreenParameters+0x9d
#
# Failed to write core dump. Core dumps have been disabled. To enable core dumping, try "ulimit -c unlimited" before starting Java again
#
# If you would like to submit a bug report, please visit:
#   http://bugreport.sun.com/bugreport/crash.jsp
#

---------------  T H R E A D  ---------------

Current thread is native thread

siginfo: si_signo: 11 (SIGSEGV), si_code: 1 (SEGV_MAPERR), si_addr: 0x0000000000000000

Registers:
RAX=0x000000012107ce40, RBX=0x0000000000000000, RCX=0xa400c6e0f47ee2c0, RDX=0x00007fd3e349bd90
RSP=0x00007fff56532120, RBP=0x00007fff56532130, RSI=0x00007fd3e340abb8, RDI=0x0000000000000000
R8 =0x00007fff56531fd0, R9 =0x00007fff7c6ea300, R10=0x0000000000000000, R11=0x0000000000000246
R12=0x00007fd3e340e310, R13=0x00000000000f4268, R14=0x00007fd3e34920b0, R15=0x00007fff56532270
RIP=0x000000012104a3fd, EFLAGS=0x0000000000010206, ERR=0x0000000000000004
  TRAPNO=0x000000000000000e

Top of Stack: (sp=0x00007fff56532120)
0x00007fff56532120:   00007fff56532300 00007fd3e34920b0
0x00007fff56532130:   00007fff56532140 00007fff92f25cdc
0x00007fff56532140:   00007fff565324a0 00007fff92e17244
0x00007fff56532150:   00007fff565321a0 0000000000000000
0x00007fff56532160:   00007fff7cdd3cf0 00007fd3ef0615c0
0x00007fff56532170:   0000000000001000 0000000000000900
0x00007fff56532180:   00007fd3ef0615c0 00007fd3e34920b0
0x00007fff56532190:   0000000000000000 00007fff56532270
0x00007fff565321a0:   0000000000000000 00007fd3e3492070
0x00007fff565321b0:   00007fff565322f0 0000000000000060
0x00007fff565321c0:   00000000000f4326 00007fd3e5b4dc10
0x00007fff565321d0:   00007fd3e3469d50 00007fd3e340e310
0x00007fff565321e0:   0000000000000001 00000000000f4268
0x00007fff565321f0:   00007fd3e340e300 00007fff99437acb
0x00007fff56532200:   0000000000000001 0000000000000001
0x00007fff56532210:   0000000000000030 0000000000000001
0x00007fff56532220:   00007fff56532240 00007fff9943d231
0x00007fff56532230:   00007fff7cdd1dd0 0000000000000000
0x00007fff56532240:   00007fff56532260 000000000000001c
0x00007fff56532250:   00040403e4194000 00007fd3e340e334
0x00007fff56532260:   0000000000000000 00007fff92e0cd1f
0x00007fff56532270:   00007fd3e34920b0 00007fff7cdd1dd0
0x00007fff56532280:   00007fff56532300 00007fff92e1584f
0x00007fff56532290:   00007fff5653230c 00007fff56532310
0x00007fff565322a0:   00000001096e8a00 0000000000000002
0x00007fff565322b0:   00000001096e5000 00007fd3e5b4b962
0x00007fff565322c0:   0000000000000003 00000001096e8a00
0x00007fff565322d0:   00007fff565323c0 00007fff994362a2
0x00007fff565322e0:   00007fd3e34682a0 00007fff565324a8
0x00007fff565322f0:   0000000000000017 0000000000000000
0x00007fff56532300:   00000000000f4268 00007fff92e0d013
0x00007fff56532310:   00007fff00000000 00007fd3e346e6c0 

Instructions: (pc=0x000000012104a3fd)
0x000000012104a3dd:   89 df 4c 89 f1 41 ff 90 68 04 00 00 48 8d 05 58
0x000000012104a3ed:   29 03 00 48 8b 30 48 8d 05 46 2a 03 00 48 8b 10
0x000000012104a3fd:   48 8b 0b 30 c0 48 89 df ff 91 68 04 00 00 48 8b
0x000000012104a40d:   03 48 89 df ff 50 78 48 85 c0 74 36 49 89 c6 48 

Register to memory mapping:

RAX=0x000000012107ce40: jScreenNotifySettingsChanged+0 in /Library/Java/JavaVirtualMachines/jdk1.8.0_25.jdk/Contents/Home/jre/lib/libglass.dylib at 0x0000000121034000
RBX=0x0000000000000000 is an unknown value
RCX=0xa400c6e0f47ee2c0 is an unknown value
RDX=0x00007fd3e349bd90 is an unknown value
RSP=0x00007fff56532120 is an unknown value
RBP=0x00007fff56532130 is an unknown value
RSI=0x00007fd3e340abb8 is a global jni handle
RDI=0x0000000000000000 is an unknown value
R8 =0x00007fff56531fd0 is an unknown value
R9 =0x00007fff7c6ea300: _thread+0 in /usr/lib/system/libsystem_pthread.dylib at 0x00007fff90748000
R10=0x0000000000000000 is an unknown value
R11=0x0000000000000246 is an unknown value
R12=0x00007fd3e340e310 is an unknown value
R13=0x00000000000f4268 is an unknown value
R14=0x00007fd3e34920b0 is an unknown value
R15=0x00007fff56532270 is an unknown value


Stack: [0x00007fff55d35000,0x00007fff56535000],  sp=0x00007fff56532120,  free space=8180k
Native frames: (J=compiled Java code, j=interpreted, Vv=VM code, C=native code)
C  [libglass.dylib+0x163fd]  GlassScreenDidChangeScreenParameters+0x9d
C  [CoreFoundation+0x11ecdc]  __CFNOTIFICATIONCENTER_IS_CALLING_OUT_TO_AN_OBSERVER__+0xc
C  [CoreFoundation+0x10244]  _CFXNotificationPost+0xc44
C  [Foundation+0x2c31]  -[NSNotificationCenter postNotificationName:object:userInfo:]+0x42
C  [AppKit+0x36305e]  -[NSApplication _reactToScreenInvalidationImmediately:]+0x17b
C  [AppKit+0x362e9d]  __44-[NSApplication _reactToScreenInvalidation:]_block_invoke+0x4b
C  [CoreFoundation+0x8056c]  __CFRUNLOOP_IS_CALLING_OUT_TO_A_BLOCK__+0xc
C  [CoreFoundation+0x72675]  __CFRunLoopDoBlocks+0x155
C  [CoreFoundation+0x721b6]  __CFRunLoopRun+0x716
C  [CoreFoundation+0x71858]  CFRunLoopRunSpecific+0x128
C  [java+0x56cc]  CreateExecutionEnvironment+0x367
C  [java+0x165c]  JLI_Launch+0x7a0
C  [java+0x768a]  main+0x65
C  [java+0xeb4]  start+0x34


---------------  P R O C E S S  ---------------

VM state:not at safepoint (normal execution)

VM Mutex/Monitor currently owned by a thread: None

Heap:
 PSYoungGen      total 18944K, used 12602K [0x00000007aab00000, 0x00000007ac000000, 0x00000007c0000000)
  eden space 16384K, 61% used [0x00000007aab00000,0x00000007ab4d6ac0,0x00000007abb00000)
  from space 2560K, 98% used [0x00000007abd80000,0x00000007abff8020,0x00000007ac000000)
  to   space 2560K, 0% used [0x00000007abb00000,0x00000007abb00000,0x00000007abd80000)
 ParOldGen       total 44032K, used 8138K [0x0000000780000000, 0x0000000782b00000, 0x00000007aab00000)
  object space 44032K, 18% used [0x0000000780000000,0x00000007807f2bd0,0x0000000782b00000)
 Metaspace       used 18921K, capacity 20358K, committed 20608K, reserved 1067008K
  class space    used 2844K, capacity 3078K, committed 3200K, reserved 1048576K

Card table byte_map: [0x000000011a41c000,0x000000011a61d000] byte_map_base: 0x000000011681c000

Marking Bits: (ParMarkBitMap*) 0x000000010a89d390
 Begin Bits: [0x000000011ab7f000, 0x000000011bb7f000)
 End Bits:   [0x000000011bb7f000, 0x000000011cb7f000)

Polling page: 0x00000001097ee000

CodeCache: size=245760Kb used=10049Kb max_used=10091Kb free=235711Kb
 bounds [0x000000010b05c000, 0x000000010ba4c000, 0x000000011a05c000]
 total_blobs=3859 nmethods=3206 adapters=566
 compilation: enabled

Compilation events (10 events):
Event: 72.417 Thread 0x00007fd3e5023800 3225       4       com.sun.glass.ui.mac.MacGestureSupport::notifyEndTouchEvent (8 bytes)
Event: 72.427 Thread 0x00007fd3e5023800 nmethod 3225 0x000000010ba35cd0 code [0x000000010ba35e80, 0x000000010ba36308]
Event: 90.660 Thread 0x00007fd3e483e000 3226       4       com.sun.javafx.tk.quantum.QuantumToolkit$$Lambda$43/184968912::run (8 bytes)
Event: 90.667 Thread 0x00007fd3e483e000 nmethod 3226 0x000000010ba37f10 code [0x000000010ba380c0, 0x000000010ba383f8]
Event: 598.994 Thread 0x00007fd3e5024800 3227       3       java.lang.invoke.LambdaForm::getPreparedForm (70 bytes)
Event: 598.997 Thread 0x00007fd3e5024800 nmethod 3227 0x000000010ba339d0 code [0x000000010ba33ba0, 0x000000010ba34528]
Event: 599.000 Thread 0x00007fd3e5024800 3228       3       java.lang.invoke.LambdaForm::interpretWithArguments (95 bytes)
Event: 599.002 Thread 0x00007fd3e5024800 nmethod 3228 0x000000010b199350 code [0x000000010b199520, 0x000000010b199ba8]
Event: 599.005 Thread 0x00007fd3e5024800 3229       3       java.lang.invoke.LambdaForm::checkInvocationCounter (42 bytes)
Event: 599.005 Thread 0x00007fd3e5024800 nmethod 3229 0x000000010ba33550 code [0x000000010ba336c0, 0x000000010ba33948]

GC Heap History (8 events):
Event: 1.384 GC heap before
{Heap before GC invocations=1 (full 0):
 PSYoungGen      total 18944K, used 16384K [0x00000007aab00000, 0x00000007ac000000, 0x00000007c0000000)
  eden space 16384K, 100% used [0x00000007aab00000,0x00000007abb00000,0x00000007abb00000)
  from space 2560K, 0% used [0x00000007abd80000,0x00000007abd80000,0x00000007ac000000)
  to   space 2560K, 0% used [0x00000007abb00000,0x00000007abb00000,0x00000007abd80000)
 ParOldGen       total 44032K, used 0K [0x0000000780000000, 0x0000000782b00000, 0x00000007aab00000)
  object space 44032K, 0% used [0x0000000780000000,0x0000000780000000,0x0000000782b00000)
 Metaspace       used 8929K, capacity 9488K, committed 9600K, reserved 1056768K
  class space    used 1203K, capacity 1338K, committed 1408K, reserved 1048576K
Event: 1.389 GC heap after
Heap after GC invocations=1 (full 0):
 PSYoungGen      total 18944K, used 2528K [0x00000007aab00000, 0x00000007ac000000, 0x00000007c0000000)
  eden space 16384K, 0% used [0x00000007aab00000,0x00000007aab00000,0x00000007abb00000)
  from space 2560K, 98% used [0x00000007abb00000,0x00000007abd78020,0x00000007abd80000)
  to   space 2560K, 0% used [0x00000007abd80000,0x00000007abd80000,0x00000007ac000000)
 ParOldGen       total 44032K, used 16K [0x0000000780000000, 0x0000000782b00000, 0x00000007aab00000)
  object space 44032K, 0% used [0x0000000780000000,0x0000000780004000,0x0000000782b00000)
 Metaspace       used 8929K, capacity 9488K, committed 9600K, reserved 1056768K
  class space    used 1203K, capacity 1338K, committed 1408K, reserved 1048576K
}
Event: 2.481 GC heap before
{Heap before GC invocations=2 (full 0):
 PSYoungGen      total 18944K, used 18912K [0x00000007aab00000, 0x00000007ac000000, 0x00000007c0000000)
  eden space 16384K, 100% used [0x00000007aab00000,0x00000007abb00000,0x00000007abb00000)
  from space 2560K, 98% used [0x00000007abb00000,0x00000007abd78020,0x00000007abd80000)
  to   space 2560K, 0% used [0x00000007abd80000,0x00000007abd80000,0x00000007ac000000)
 ParOldGen       total 44032K, used 16K [0x0000000780000000, 0x0000000782b00000, 0x00000007aab00000)
  object space 44032K, 0% used [0x0000000780000000,0x0000000780004000,0x0000000782b00000)
 Metaspace       used 14747K, capacity 15620K, committed 15872K, reserved 1062912K
  class space    used 2343K, capacity 2516K, committed 2560K, reserved 1048576K
Event: 2.494 GC heap after
Heap after GC invocations=2 (full 0):
 PSYoungGen      total 18944K, used 2528K [0x00000007aab00000, 0x00000007ac000000, 0x00000007c0000000)
  eden space 16384K, 0% used [0x00000007aab00000,0x00000007aab00000,0x00000007abb00000)
  from space 2560K, 98% used [0x00000007abd80000,0x00000007abff8020,0x00000007ac000000)
  to   space 2560K, 0% used [0x00000007abb00000,0x00000007abb00000,0x00000007abd80000)
 ParOldGen       total 44032K, used 1756K [0x0000000780000000, 0x0000000782b00000, 0x00000007aab00000)
  object space 44032K, 3% used [0x0000000780000000,0x00000007801b70d0,0x0000000782b00000)
 Metaspace       used 14747K, capacity 15620K, committed 15872K, reserved 1062912K
  class space    used 2343K, capacity 2516K, committed 2560K, reserved 1048576K
}
Event: 3.752 GC heap before
{Heap before GC invocations=3 (full 0):
 PSYoungGen      total 18944K, used 17521K [0x00000007aab00000, 0x00000007ac000000, 0x00000007c0000000)
  eden space 16384K, 91% used [0x00000007aab00000,0x00000007ab9a4630,0x00000007abb00000)
  from space 2560K, 98% used [0x00000007abd80000,0x00000007abff8020,0x00000007ac000000)
  to   space 2560K, 0% used [0x00000007abb00000,0x00000007abb00000,0x00000007abd80000)
 ParOldGen       total 44032K, used 1756K [0x0000000780000000, 0x0000000782b00000, 0x00000007aab00000)
  object space 44032K, 3% used [0x0000000780000000,0x00000007801b70d0,0x0000000782b00000)
 Metaspace       used 17421K, capacity 18812K, committed 18944K, reserved 1064960K
  class space    used 2744K, capacity 3023K, committed 3072K, reserved 1048576K
Event: 3.768 GC heap after
Heap after GC invocations=3 (full 0):
 PSYoungGen      total 18944K, used 2528K [0x00000007aab00000, 0x00000007ac000000, 0x00000007c0000000)
  eden space 16384K, 0% used [0x00000007aab00000,0x00000007aab00000,0x00000007abb00000)
  from space 2560K, 98% used [0x00000007abb00000,0x00000007abd78020,0x00000007abd80000)
  to   space 2560K, 0% used [0x00000007abd80000,0x00000007abd80000,0x00000007ac000000)
 ParOldGen       total 44032K, used 5114K [0x0000000780000000, 0x0000000782b00000, 0x00000007aab00000)
  object space 44032K, 11% used [0x0000000780000000,0x00000007804febb0,0x0000000782b00000)
 Metaspace       used 17421K, capacity 18812K, committed 18944K, reserved 1064960K
  class space    used 2744K, capacity 3023K, committed 3072K, reserved 1048576K
}
Event: 141.361 GC heap before
{Heap before GC invocations=4 (full 0):
 PSYoungGen      total 18944K, used 18912K [0x00000007aab00000, 0x00000007ac000000, 0x00000007c0000000)
  eden space 16384K, 100% used [0x00000007aab00000,0x00000007abb00000,0x00000007abb00000)
  from space 2560K, 98% used [0x00000007abb00000,0x00000007abd78020,0x00000007abd80000)
  to   space 2560K, 0% used [0x00000007abd80000,0x00000007abd80000,0x00000007ac000000)
 ParOldGen       total 44032K, used 5114K [0x0000000780000000, 0x0000000782b00000, 0x00000007aab00000)
  object space 44032K, 11% used [0x0000000780000000,0x00000007804febb0,0x0000000782b00000)
 Metaspace       used 18894K, capacity 20322K, committed 20480K, reserved 1067008K
  class space    used 2837K, capacity 3070K, committed 3072K, reserved 1048576K
Event: 141.385 GC heap after
Heap after GC invocations=4 (full 0):
 PSYoungGen      total 18944K, used 2528K [0x00000007aab00000, 0x00000007ac000000, 0x00000007c0000000)
  eden space 16384K, 0% used [0x00000007aab00000,0x00000007aab00000,0x00000007abb00000)
  from space 2560K, 98% used [0x00000007abd80000,0x00000007abff8020,0x00000007ac000000)
  to   space 2560K, 0% used [0x00000007abb00000,0x00000007abb00000,0x00000007abd80000)
 ParOldGen       total 44032K, used 8138K [0x0000000780000000, 0x0000000782b00000, 0x00000007aab00000)
  object space 44032K, 18% used [0x0000000780000000,0x00000007807f2bd0,0x0000000782b00000)
 Metaspace       used 18894K, capacity 20322K, committed 20480K, reserved 1067008K
  class space    used 2837K, capacity 3070K, committed 3072K, reserved 1048576K
}

Deoptimization events (10 events):
Event: 3.920 Thread 0x00007fd3e3808000 Uncommon trap: reason=bimorphic action=maybe_recompile pc=0x000000010b556f08 method=java.util.WeakHashMap.eq(Ljava/lang/Object;Ljava/lang/Object;)Z @ 7
Event: 3.920 Thread 0x00007fd3e3808000 Uncommon trap: reason=bimorphic action=maybe_recompile pc=0x000000010b556f08 method=java.util.WeakHashMap.eq(Ljava/lang/Object;Ljava/lang/Object;)Z @ 7
Event: 11.569 Thread 0x00007fd3e511e000 Uncommon trap: reason=unreached action=reinterpret pc=0x000000010b7cb93c method=javafx.scene.Node.getProperties()Ljavafx/collections/ObservableMap; @ 4
Event: 11.599 Thread 0x00007fd3e511e000 Uncommon trap: reason=class_check action=maybe_recompile pc=0x000000010b7c98c4 method=javafx.scene.Node.updateLocalToParentTransform()V @ 11
Event: 11.599 Thread 0x00007fd3e511e000 Uncommon trap: reason=class_check action=maybe_recompile pc=0x000000010b7c98c4 method=javafx.scene.Node.updateLocalToParentTransform()V @ 11
Event: 11.599 Thread 0x00007fd3e511e000 Uncommon trap: reason=class_check action=maybe_recompile pc=0x000000010b7c98c4 method=javafx.scene.Node.updateLocalToParentTransform()V @ 11
Event: 11.607 Thread 0x00007fd3e3808000 Uncommon trap: reason=range_check action=make_not_entrant pc=0x000000010b2b160c method=java.util.ArrayList.elementData(I)Ljava/lang/Object; @ 5
Event: 15.581 Thread 0x00007fd3e511e000 Uncommon trap: reason=class_check action=maybe_recompile pc=0x000000010b7c98c4 method=javafx.scene.Node.updateLocalToParentTransform()V @ 11
Event: 15.581 Thread 0x00007fd3e511e000 Uncommon trap: reason=null_check action=make_not_entrant pc=0x000000010b747e50 method=javafx.scene.Node$MiscProperties.getClip()Ljavafx/scene/Node; @ 20
Event: 15.581 Thread 0x00007fd3e511e000 Uncommon trap: reason=null_check action=make_not_entrant pc=0x000000010b87df70 method=javafx.scene.Node$MiscProperties.getClip()Ljavafx/scene/Node; @ 20

Internal exceptions (10 events):
Event: 15.569 Thread 0x00007fd3e511e000 Exception <a 'java/security/PrivilegedActionException'> (0x00000007ab3eb488) thrown at [/HUDSON3/workspace/8-2-build-macosx-x86_64/jdk8u25/1514/hotspot/src/share/vm/prims/jvm.cpp, line 1312]
Event: 15.570 Thread 0x00007fd3e511e000 Exception <a 'java/security/PrivilegedActionException'> (0x00000007ab3ee000) thrown at [/HUDSON3/workspace/8-2-build-macosx-x86_64/jdk8u25/1514/hotspot/src/share/vm/prims/jvm.cpp, line 1312]
Event: 15.570 Thread 0x00007fd3e511e000 Exception <a 'java/security/PrivilegedActionException'> (0x00000007ab3f0c50) thrown at [/HUDSON3/workspace/8-2-build-macosx-x86_64/jdk8u25/1514/hotspot/src/share/vm/prims/jvm.cpp, line 1312]
Event: 15.581 Thread 0x00007fd3e511e000 Implicit null exception at 0x000000010b747a6a to 0x000000010b747e45
Event: 15.581 Thread 0x00007fd3e511e000 Implicit null exception at 0x000000010b87df0e to 0x000000010b87df65
Event: 21.425 Thread 0x00007fd3e511e000 Exception <a 'java/security/PrivilegedActionException'> (0x00000007ab542378) thrown at [/HUDSON3/workspace/8-2-build-macosx-x86_64/jdk8u25/1514/hotspot/src/share/vm/prims/jvm.cpp, line 1312]
Event: 21.435 Thread 0x00007fd3e511e000 Exception <a 'java/security/PrivilegedActionException'> (0x00000007ab561d58) thrown at [/HUDSON3/workspace/8-2-build-macosx-x86_64/jdk8u25/1514/hotspot/src/share/vm/prims/jvm.cpp, line 1312]
Event: 21.435 Thread 0x00007fd3e511e000 Exception <a 'java/security/PrivilegedActionException'> (0x00000007ab563028) thrown at [/HUDSON3/workspace/8-2-build-macosx-x86_64/jdk8u25/1514/hotspot/src/share/vm/prims/jvm.cpp, line 1312]
Event: 21.435 Thread 0x00007fd3e511e000 Exception <a 'java/lang/NoClassDefFoundError': javafx/scene/control/Alert> (0x00000007ab5633d0) thrown at [/HUDSON3/workspace/8-2-build-macosx-x86_64/jdk8u25/1514/hotspot/src/share/vm/classfile/systemDictionary.cpp, line 191]
Event: 21.435 Thread 0x00007fd3e511e000 Exception <a 'java/lang/NoClassDefFoundError'> (0x00000007ab5633d0) thrown at [/HUDSON3/workspace/8-2-build-macosx-x86_64/jdk8u25/1514/hotspot/src/share/vm/prims/jvm.cpp, line 1316]

Events (10 events):
Event: 598.998 Thread 0x00007fd3e3808000 Thread exited: 0x00007fd3e3808000
Event: 598.998 Thread 0x00007fd3e5024800 flushing nmethod 0x000000010b19f910
Event: 598.999 Thread 0x00007fd3e40f6800 Thread exited: 0x00007fd3e40f6800
Event: 599.000 Thread 0x00007fd3e4802800 Thread exited: 0x00007fd3e4802800
Event: 599.001 Thread 0x00007fd3e4802800 Thread added: 0x00007fd3e4802800
Event: 599.002 Thread 0x00007fd3e5024800 flushing nmethod 0x000000010b1d68d0
Event: 599.003 Thread 0x00007fd3e5024800 flushing nmethod 0x000000010b1ef7d0
Event: 599.669 Thread 0x00007fd3e511e000 Thread exited: 0x00007fd3e511e000
Event: 599.669 loading class java/util/IdentityHashMap$KeyIterator
Event: 599.669 loading class java/util/IdentityHashMap$IdentityHashMapIterator


Dynamic libraries:
0x000000000bb32000 	/System/Library/Frameworks/Cocoa.framework/Versions/A/Cocoa
0x000000000bb32000 	/System/Library/Frameworks/Security.framework/Versions/A/Security
0x000000000bb32000 	/System/Library/Frameworks/ApplicationServices.framework/Versions/A/ApplicationServices
0x000000000bb32000 	/usr/lib/libz.1.dylib
0x000000000bb32000 	/usr/lib/libSystem.B.dylib
0x000000000bb32000 	/usr/lib/libobjc.A.dylib
0x000000000bb32000 	/System/Library/Frameworks/CoreFoundation.framework/Versions/A/CoreFoundation
0x000000000bb32000 	/System/Library/Frameworks/Foundation.framework/Versions/C/Foundation
0x000000000bb32000 	/System/Library/Frameworks/AppKit.framework/Versions/C/AppKit
0x000000000bb32000 	/System/Library/Frameworks/CoreData.framework/Versions/A/CoreData
0x000000000bb32000 	/System/Library/PrivateFrameworks/RemoteViewServices.framework/Versions/A/RemoteViewServices
0x000000000bb32000 	/System/Library/PrivateFrameworks/UIFoundation.framework/Versions/A/UIFoundation
0x000000000bb32000 	/System/Library/Frameworks/IOSurface.framework/Versions/A/IOSurface
0x000000000bb32000 	/System/Library/Frameworks/AudioToolbox.framework/Versions/A/AudioToolbox
0x000000000bb32000 	/System/Library/Frameworks/AudioUnit.framework/Versions/A/AudioUnit
0x000000000bb32000 	/System/Library/PrivateFrameworks/DataDetectorsCore.framework/Versions/A/DataDetectorsCore
0x000000000bb32000 	/System/Library/PrivateFrameworks/DesktopServicesPriv.framework/Versions/A/DesktopServicesPriv
0x000000000bb32000 	/System/Library/Frameworks/Carbon.framework/Versions/A/Frameworks/HIToolbox.framework/Versions/A/HIToolbox
0x000000000bb32000 	/System/Library/Frameworks/QuartzCore.framework/Versions/A/QuartzCore
0x000000000bb32000 	/System/Library/Frameworks/Carbon.framework/Versions/A/Frameworks/SpeechRecognition.framework/Versions/A/SpeechRecognition
0x000000000bb32000 	/usr/lib/libauto.dylib
0x000000000bb32000 	/usr/lib/libicucore.A.dylib
0x000000000bb32000 	/usr/lib/libxml2.2.dylib
0x000000000bb32000 	/System/Library/PrivateFrameworks/CoreUI.framework/Versions/A/CoreUI
0x000000000bb32000 	/System/Library/Frameworks/CoreAudio.framework/Versions/A/CoreAudio
0x000000000bb32000 	/System/Library/Frameworks/DiskArbitration.framework/Versions/A/DiskArbitration
0x000000000bb32000 	/usr/lib/liblangid.dylib
0x000000000bb32000 	/System/Library/PrivateFrameworks/MultitouchSupport.framework/Versions/A/MultitouchSupport
0x000000000bb32000 	/System/Library/Frameworks/IOKit.framework/Versions/A/IOKit
0x000000000bb32000 	/usr/lib/libDiagnosticMessagesClient.dylib
0x000000000bb32000 	/System/Library/Frameworks/CoreServices.framework/Versions/A/CoreServices
0x000000000bb32000 	/System/Library/PrivateFrameworks/PerformanceAnalysis.framework/Versions/A/PerformanceAnalysis
0x000000000bb32000 	/System/Library/PrivateFrameworks/GenerationalStorage.framework/Versions/A/GenerationalStorage
0x000000000bb32000 	/System/Library/Frameworks/OpenGL.framework/Versions/A/OpenGL
0x000000000bb32000 	/System/Library/PrivateFrameworks/Sharing.framework/Versions/A/Sharing
0x000000000bb32000 	/System/Library/Frameworks/CoreGraphics.framework/Versions/A/CoreGraphics
0x000000000bb32000 	/System/Library/Frameworks/CoreText.framework/Versions/A/CoreText
0x000000000bb32000 	/System/Library/Frameworks/ImageIO.framework/Versions/A/ImageIO
0x000000000bb32000 	/usr/lib/libextension.dylib
0x000000000bb32000 	/System/Library/PrivateFrameworks/Backup.framework/Versions/A/Backup
0x000000000bb32000 	/usr/lib/libarchive.2.dylib
0x000000000bb32000 	/System/Library/Frameworks/CFNetwork.framework/Versions/A/CFNetwork
0x000000000bb32000 	/System/Library/Frameworks/SystemConfiguration.framework/Versions/A/SystemConfiguration
0x000000000bb32000 	/usr/lib/libCRFSuite.dylib
0x000000000bb32000 	/usr/lib/libc++.1.dylib
0x000000000bb32000 	/usr/lib/libc++abi.dylib
0x000000000bb32000 	/usr/lib/system/libcache.dylib
0x000000000bb32000 	/usr/lib/system/libcommonCrypto.dylib
0x000000000bb32000 	/usr/lib/system/libcompiler_rt.dylib
0x000000000bb32000 	/usr/lib/system/libcopyfile.dylib
0x000000000bb32000 	/usr/lib/system/libcorecrypto.dylib
0x000000000bb32000 	/usr/lib/system/libdispatch.dylib
0x000000000bb32000 	/usr/lib/system/libdyld.dylib
0x000000000bb32000 	/usr/lib/system/libkeymgr.dylib
0x000000000bb32000 	/usr/lib/system/liblaunch.dylib
0x000000000bb32000 	/usr/lib/system/libmacho.dylib
0x000000000bb32000 	/usr/lib/system/libquarantine.dylib
0x000000000bb32000 	/usr/lib/system/libremovefile.dylib
0x000000000bb32000 	/usr/lib/system/libsystem_asl.dylib
0x000000000bb32000 	/usr/lib/system/libsystem_blocks.dylib
0x000000000bb32000 	/usr/lib/system/libsystem_c.dylib
0x000000000bb32000 	/usr/lib/system/libsystem_configuration.dylib
0x000000000bb32000 	/usr/lib/system/libsystem_coreservices.dylib
0x000000000bb32000 	/usr/lib/system/libsystem_coretls.dylib
0x000000000bb32000 	/usr/lib/system/libsystem_dnssd.dylib
0x000000000bb32000 	/usr/lib/system/libsystem_info.dylib
0x000000000bb32000 	/usr/lib/system/libsystem_kernel.dylib
0x000000000bb32000 	/usr/lib/system/libsystem_m.dylib
0x000000000bb32000 	/usr/lib/system/libsystem_malloc.dylib
0x000000000bb32000 	/usr/lib/system/libsystem_network.dylib
0x000000000bb32000 	/usr/lib/system/libsystem_networkextension.dylib
0x000000000bb32000 	/usr/lib/system/libsystem_notify.dylib
0x000000000bb32000 	/usr/lib/system/libsystem_platform.dylib
0x000000000bb32000 	/usr/lib/system/libsystem_pthread.dylib
0x000000000bb32000 	/usr/lib/system/libsystem_sandbox.dylib
0x000000000bb32000 	/usr/lib/system/libsystem_secinit.dylib
0x000000000bb32000 	/usr/lib/system/libsystem_stats.dylib
0x000000000bb32000 	/usr/lib/system/libsystem_trace.dylib
0x000000000bb32000 	/usr/lib/system/libunc.dylib
0x000000000bb32000 	/usr/lib/system/libunwind.dylib
0x000000000bb32000 	/usr/lib/system/libxpc.dylib
0x000000000bb32000 	/usr/lib/libbz2.1.0.dylib
0x000000000bb32000 	/usr/lib/liblzma.5.dylib
0x000000000bb32000 	/usr/lib/libbsm.0.dylib
0x000000000bb32000 	/usr/lib/libsqlite3.dylib
0x000000000bb32000 	/usr/lib/system/libkxld.dylib
0x000000000bb32000 	/usr/lib/libxar.1.dylib
0x000000000bb32000 	/usr/lib/libpam.2.dylib
0x000000000bb32000 	/usr/lib/libOpenScriptingUtil.dylib
0x000000000bb32000 	/System/Library/Frameworks/CoreServices.framework/Versions/A/Frameworks/FSEvents.framework/Versions/A/FSEvents
0x000000000bb32000 	/System/Library/Frameworks/CoreServices.framework/Versions/A/Frameworks/CarbonCore.framework/Versions/A/CarbonCore
0x000000000bb32000 	/System/Library/Frameworks/CoreServices.framework/Versions/A/Frameworks/Metadata.framework/Versions/A/Metadata
0x000000000bb32000 	/System/Library/Frameworks/CoreServices.framework/Versions/A/Frameworks/OSServices.framework/Versions/A/OSServices
0x000000000bb32000 	/System/Library/Frameworks/CoreServices.framework/Versions/A/Frameworks/SearchKit.framework/Versions/A/SearchKit
0x000000000bb32000 	/System/Library/Frameworks/CoreServices.framework/Versions/A/Frameworks/AE.framework/Versions/A/AE
0x000000000bb32000 	/System/Library/Frameworks/CoreServices.framework/Versions/A/Frameworks/LaunchServices.framework/Versions/A/LaunchServices
0x000000000bb32000 	/System/Library/Frameworks/CoreServices.framework/Versions/A/Frameworks/DictionaryServices.framework/Versions/A/DictionaryServices
0x000000000bb32000 	/System/Library/Frameworks/NetFS.framework/Versions/A/NetFS
0x000000000bb32000 	/System/Library/PrivateFrameworks/NetAuth.framework/Versions/A/NetAuth
0x000000000bb32000 	/System/Library/PrivateFrameworks/login.framework/Versions/A/Frameworks/loginsupport.framework/Versions/A/loginsupport
0x000000000bb32000 	/System/Library/PrivateFrameworks/TCC.framework/Versions/A/TCC
0x000000000bb32000 	/usr/lib/libmecabra.dylib
0x000000000bb32000 	/System/Library/Frameworks/ApplicationServices.framework/Versions/A/Frameworks/ATS.framework/Versions/A/ATS
0x000000000bb32000 	/System/Library/Frameworks/ApplicationServices.framework/Versions/A/Frameworks/ColorSync.framework/Versions/A/ColorSync
0x000000000bb32000 	/System/Library/Frameworks/ApplicationServices.framework/Versions/A/Frameworks/HIServices.framework/Versions/A/HIServices
0x000000000bb32000 	/System/Library/Frameworks/ApplicationServices.framework/Versions/A/Frameworks/LangAnalysis.framework/Versions/A/LangAnalysis
0x000000000bb32000 	/System/Library/Frameworks/ApplicationServices.framework/Versions/A/Frameworks/PrintCore.framework/Versions/A/PrintCore
0x000000000bb32000 	/System/Library/Frameworks/ApplicationServices.framework/Versions/A/Frameworks/QD.framework/Versions/A/QD
0x000000000bb32000 	/System/Library/Frameworks/ApplicationServices.framework/Versions/A/Frameworks/SpeechSynthesis.framework/Versions/A/SpeechSynthesis
0x000000000bb32000 	/System/Library/Frameworks/Accelerate.framework/Versions/A/Accelerate
0x000000000bb32000 	/System/Library/Frameworks/Accelerate.framework/Versions/A/Frameworks/vImage.framework/Versions/A/vImage
0x000000000bb32000 	/System/Library/Frameworks/Accelerate.framework/Versions/A/Frameworks/vecLib.framework/Versions/A/vecLib
0x000000000bb32000 	/System/Library/Frameworks/Accelerate.framework/Versions/A/Frameworks/vecLib.framework/Versions/A/libvDSP.dylib
0x000000000bb32000 	/System/Library/Frameworks/Accelerate.framework/Versions/A/Frameworks/vecLib.framework/Versions/A/libvMisc.dylib
0x000000000bb32000 	/System/Library/Frameworks/Accelerate.framework/Versions/A/Frameworks/vecLib.framework/Versions/A/libLAPACK.dylib
0x000000000bb32000 	/System/Library/Frameworks/Accelerate.framework/Versions/A/Frameworks/vecLib.framework/Versions/A/libBLAS.dylib
0x000000000bb32000 	/System/Library/Frameworks/Accelerate.framework/Versions/A/Frameworks/vecLib.framework/Versions/A/libLinearAlgebra.dylib
0x000000000bb32000 	/System/Library/Frameworks/ApplicationServices.framework/Versions/A/Frameworks/ATS.framework/Versions/A/Resources/libFontParser.dylib
0x000000000bb32000 	/System/Library/Frameworks/ApplicationServices.framework/Versions/A/Frameworks/ATS.framework/Versions/A/Resources/libFontRegistry.dylib
0x000000000bb32000 	/System/Library/PrivateFrameworks/AppleVPA.framework/Versions/A/AppleVPA
0x000000000bb32000 	/System/Library/PrivateFrameworks/AppleJPEG.framework/Versions/A/AppleJPEG
0x000000000bb32000 	/System/Library/Frameworks/ImageIO.framework/Versions/A/Resources/libJPEG.dylib
0x000000000bb32000 	/System/Library/Frameworks/ImageIO.framework/Versions/A/Resources/libTIFF.dylib
0x000000000bb32000 	/System/Library/Frameworks/ImageIO.framework/Versions/A/Resources/libPng.dylib
0x000000000bb32000 	/System/Library/Frameworks/ImageIO.framework/Versions/A/Resources/libGIF.dylib
0x000000000bb32000 	/System/Library/Frameworks/ImageIO.framework/Versions/A/Resources/libJP2.dylib
0x000000000bb32000 	/System/Library/Frameworks/ImageIO.framework/Versions/A/Resources/libRadiance.dylib
0x000000000bb32000 	/System/Library/Frameworks/CoreVideo.framework/Versions/A/CoreVideo
0x000000000bb32000 	/System/Library/Frameworks/OpenGL.framework/Versions/A/Libraries/libGLU.dylib
0x000000000bb32000 	/System/Library/Frameworks/OpenGL.framework/Versions/A/Libraries/libGFXShared.dylib
0x000000000bb32000 	/System/Library/Frameworks/OpenGL.framework/Versions/A/Libraries/libGL.dylib
0x000000000bb32000 	/System/Library/Frameworks/OpenGL.framework/Versions/A/Libraries/libGLImage.dylib
0x000000000bb32000 	/System/Library/Frameworks/OpenGL.framework/Versions/A/Libraries/libCVMSPluginSupport.dylib
0x000000000bb32000 	/System/Library/Frameworks/OpenGL.framework/Versions/A/Libraries/libCoreVMClient.dylib
0x000000000bb32000 	/usr/lib/libcups.2.dylib
0x000000000bb32000 	/System/Library/Frameworks/Kerberos.framework/Versions/A/Kerberos
0x000000000bb32000 	/System/Library/Frameworks/GSS.framework/Versions/A/GSS
0x000000000bb32000 	/usr/lib/libresolv.9.dylib
0x000000000bb32000 	/usr/lib/libiconv.2.dylib
0x000000000bb32000 	/System/Library/PrivateFrameworks/Heimdal.framework/Versions/A/Heimdal
0x000000000bb32000 	/usr/lib/libheimdal-asn1.dylib
0x000000000bb32000 	/System/Library/Frameworks/OpenDirectory.framework/Versions/A/OpenDirectory
0x000000000bb32000 	/System/Library/PrivateFrameworks/CommonAuth.framework/Versions/A/CommonAuth
0x000000000bb32000 	/System/Library/Frameworks/OpenDirectory.framework/Versions/A/Frameworks/CFOpenDirectory.framework/Versions/A/CFOpenDirectory
0x000000000bb32000 	/System/Library/Frameworks/SecurityFoundation.framework/Versions/A/SecurityFoundation
0x000000000bb32000 	/System/Library/PrivateFrameworks/LanguageModeling.framework/Versions/A/LanguageModeling
0x000000000bb32000 	/usr/lib/libcmph.dylib
0x000000000bb32000 	/System/Library/Frameworks/ServiceManagement.framework/Versions/A/ServiceManagement
0x000000000bb32000 	/usr/lib/libxslt.1.dylib
0x000000000bb32000 	/System/Library/Frameworks/Carbon.framework/Versions/A/Frameworks/Ink.framework/Versions/A/Ink
0x000000000bb32000 	/System/Library/Frameworks/QuartzCore.framework/Versions/A/Frameworks/CoreImage.framework/Versions/A/CoreImage
0x000000000bb32000 	/System/Library/PrivateFrameworks/CrashReporterSupport.framework/Versions/A/CrashReporterSupport
0x000000000bb32000 	/System/Library/Frameworks/OpenCL.framework/Versions/A/OpenCL
0x000000000bb32000 	/System/Library/PrivateFrameworks/FaceCore.framework/Versions/A/FaceCore
0x000000000bb32000 	/System/Library/PrivateFrameworks/Ubiquity.framework/Versions/A/Ubiquity
0x000000000bb32000 	/System/Library/PrivateFrameworks/IconServices.framework/Versions/A/IconServices
0x000000000bb32000 	/System/Library/PrivateFrameworks/ChunkingLibrary.framework/Versions/A/ChunkingLibrary
0x000000000bb32000 	/System/Library/PrivateFrameworks/Apple80211.framework/Versions/A/Apple80211
0x000000000bb32000 	/System/Library/Frameworks/CoreWLAN.framework/Versions/A/CoreWLAN
0x000000000bb32000 	/System/Library/Frameworks/IOBluetooth.framework/Versions/A/IOBluetooth
0x000000000bb32000 	/System/Library/PrivateFrameworks/CoreWiFi.framework/Versions/A/CoreWiFi
0x000000000bb32000 	/System/Library/Frameworks/CoreBluetooth.framework/Versions/A/CoreBluetooth
0x000000000bb32000 	/System/Library/PrivateFrameworks/DebugSymbols.framework/Versions/A/DebugSymbols
0x000000000bb32000 	/System/Library/PrivateFrameworks/CoreSymbolication.framework/Versions/A/CoreSymbolication
0x000000000bb32000 	/System/Library/PrivateFrameworks/Symbolication.framework/Versions/A/Symbolication
0x000000000bb32000 	/System/Library/PrivateFrameworks/SpeechRecognitionCore.framework/Versions/A/SpeechRecognitionCore
0x000000010a000000 	/Library/Java/JavaVirtualMachines/jdk1.8.0_25.jdk/Contents/Home/jre/lib/server/libjvm.dylib
0x000000000bb32000 	/usr/lib/libstdc++.6.dylib
0x00000001097e0000 	/Library/Java/JavaVirtualMachines/jdk1.8.0_25.jdk/Contents/Home/jre/lib/libverify.dylib
0x000000010b01f000 	/Library/Java/JavaVirtualMachines/jdk1.8.0_25.jdk/Contents/Home/jre/lib/libjava.dylib
0x000000010b053000 	/Library/Java/JavaVirtualMachines/jdk1.8.0_25.jdk/Contents/Home/jre/lib/libzip.dylib
0x000000011eb67000 	/System/Library/Frameworks/JavaVM.framework/Frameworks/JavaRuntimeSupport.framework/JavaRuntimeSupport
0x000000011eb82000 	/System/Library/Frameworks/JavaVM.framework/Versions/A/Frameworks/JavaNativeFoundation.framework/Versions/A/JavaNativeFoundation
0x000000011eb97000 	/System/Library/Frameworks/JavaVM.framework/Versions/A/JavaVM
0x000000000bb32000 	/System/Library/Frameworks/Carbon.framework/Versions/A/Carbon
0x000000011eba4000 	/System/Library/PrivateFrameworks/JavaLaunching.framework/Versions/A/JavaLaunching
0x000000000bb32000 	/System/Library/Frameworks/Carbon.framework/Versions/A/Frameworks/CommonPanels.framework/Versions/A/CommonPanels
0x000000000bb32000 	/System/Library/Frameworks/Carbon.framework/Versions/A/Frameworks/Help.framework/Versions/A/Help
0x000000000bb32000 	/System/Library/Frameworks/Carbon.framework/Versions/A/Frameworks/ImageCapture.framework/Versions/A/ImageCapture
0x000000000bb32000 	/System/Library/Frameworks/Carbon.framework/Versions/A/Frameworks/OpenScripting.framework/Versions/A/OpenScripting
0x000000000bb32000 	/System/Library/Frameworks/Carbon.framework/Versions/A/Frameworks/Print.framework/Versions/A/Print
0x000000000bb32000 	/System/Library/Frameworks/Carbon.framework/Versions/A/Frameworks/SecurityHI.framework/Versions/A/SecurityHI
0x0000000120b87000 	/Library/Java/JavaVirtualMachines/jdk1.8.0_25.jdk/Contents/Home/jre/lib/libprism_es2.dylib
0x000000000bb32000 	/System/Library/Frameworks/OpenGL.framework/Versions/A/Resources/GLEngine.bundle/GLEngine
0x000000000bb32000 	/System/Library/Frameworks/OpenGL.framework/Versions/A/Libraries/libGLProgrammability.dylib
0x0000000000000000 	/System/Library/Extensions/AppleIntelHD5000GraphicsGLDriver.bundle/Contents/MacOS/AppleIntelHD5000GraphicsGLDriver
0x000000000bb32000 	/System/Library/PrivateFrameworks/IOAccelerator.framework/Versions/A/IOAccelerator
0x000000000bb32000 	/System/Library/PrivateFrameworks/GPUSupport.framework/Versions/A/Libraries/libGPUSupportMercury.dylib
0x000000000bb32000 	/System/Library/Frameworks/OpenGL.framework/Versions/A/Resources/GLRendererFloat.bundle/GLRendererFloat
0x000000000bb32000 	/System/Library/Frameworks/OpenCL.framework/Versions/A/Libraries/libcldcpuengine.dylib
0x000000000bb32000 	/System/Library/PrivateFrameworks/DiskImages.framework/Versions/A/DiskImages
0x000000000bb32000 	/System/Library/Frameworks/DiscRecording.framework/Versions/A/DiscRecording
0x000000000bb32000 	/usr/lib/libcsfde.dylib
0x000000000bb32000 	/usr/lib/libcurl.4.dylib
0x000000000bb32000 	/System/Library/PrivateFrameworks/MediaKit.framework/Versions/A/MediaKit
0x000000000bb32000 	/System/Library/PrivateFrameworks/ProtectedCloudStorage.framework/Versions/A/ProtectedCloudStorage
0x000000000bb32000 	/usr/lib/libCoreStorage.dylib
0x000000000bb32000 	/System/Library/PrivateFrameworks/EFILogin.framework/Versions/A/EFILogin
0x000000000bb32000 	/usr/lib/libutil.dylib
0x000000000bb32000 	/System/Library/PrivateFrameworks/FindMyDevice.framework/Versions/A/FindMyDevice
0x000000000bb32000 	/System/Library/Frameworks/LDAP.framework/Versions/A/LDAP
0x000000000bb32000 	/usr/lib/libsasl2.2.dylib
0x000000000bb32000 	/System/Library/PrivateFrameworks/CoreDaemon.framework/Versions/B/CoreDaemon
0x000000000bb32000 	/usr/lib/libcrypto.0.9.8.dylib
0x000000000bb32000 	/System/Library/PrivateFrameworks/AppleSRP.framework/Versions/A/AppleSRP
0x000000000bb32000 	/System/Library/PrivateFrameworks/TrustEvaluationAgent.framework/Versions/A/TrustEvaluationAgent
0x0000000121034000 	/Library/Java/JavaVirtualMachines/jdk1.8.0_25.jdk/Contents/Home/jre/lib/libglass.dylib
0x000000000bb32000 	/System/Library/PrivateFrameworks/CoreServicesInternal.framework/Versions/A/CoreServicesInternal
0x000000000bb32000 	/System/Library/PrivateFrameworks/CloudDocs.framework/Versions/A/CloudDocs
0x000000000bb32000 	/System/Library/PrivateFrameworks/CoreDuet.framework/Versions/A/CoreDuet
0x000000000bb32000 	/System/Library/Frameworks/CloudKit.framework/Versions/A/CloudKit
0x000000000bb32000 	/System/Library/PrivateFrameworks/ProtocolBuffer.framework/Versions/A/ProtocolBuffer
0x000000000bb32000 	/System/Library/PrivateFrameworks/CoreDuetDaemonProtocol.framework/Versions/A/CoreDuetDaemonProtocol
0x000000000bb32000 	/System/Library/PrivateFrameworks/CoreDuetDebugLogging.framework/Versions/A/CoreDuetDebugLogging
0x000000000bb32000 	/System/Library/Frameworks/CoreLocation.framework/Versions/A/CoreLocation
0x000000000bb32000 	/System/Library/Frameworks/Accounts.framework/Versions/A/Accounts
0x000000000bb32000 	/System/Library/PrivateFrameworks/ApplePushService.framework/Versions/A/ApplePushService
0x000000000bb32000 	/System/Library/PrivateFrameworks/GeoServices.framework/Versions/A/GeoServices
0x000000000bb32000 	/System/Library/PrivateFrameworks/OAuth.framework/Versions/A/OAuth
0x000000000bb32000 	/System/Library/Frameworks/CoreGraphics.framework/Versions/A/Resources/libCGCMS.A.dylib
0x000000000bb32000 	/System/Library/CoreServices/RawCamera.bundle/Contents/MacOS/RawCamera
0x000000000bb32000 	/System/Library/Frameworks/CoreGraphics.framework/Versions/A/Resources/libRIP.A.dylib
0x000000000bb32000 	/System/Library/PrivateFrameworks/FamilyControls.framework/Versions/A/FamilyControls
0x000000000bb32000 	/System/Library/PrivateFrameworks/CommerceKit.framework/Versions/A/Frameworks/CommerceCore.framework/Versions/A/CommerceCore
0x000000000bb32000 	/System/Library/PrivateFrameworks/SystemAdministration.framework/Versions/A/SystemAdministration
0x000000000bb32000 	/System/Library/PrivateFrameworks/AppContainer.framework/Versions/A/AppContainer
0x000000000bb32000 	/System/Library/PrivateFrameworks/SecCodeWrapper.framework/Versions/A/SecCodeWrapper
0x000000000bb32000 	/System/Library/Frameworks/DirectoryService.framework/Versions/A/DirectoryService
0x000000000bb32000 	/System/Library/PrivateFrameworks/LoginUIKit.framework/Versions/A/Frameworks/LoginUICore.framework/Versions/A/LoginUICore
0x000000000bb32000 	/usr/lib/libodfde.dylib
0x000000012458f000 	/Library/Java/JavaVirtualMachines/jdk1.8.0_25.jdk/Contents/Home/jre/lib/libjavafx_font.dylib
0x000000000bb32000 	/System/Library/Frameworks/CoreGraphics.framework/Versions/A/Resources/libCGXType.A.dylib
0x00000001245f7000 	cl_kernels
0x00000001271eb000 	/System/Library/Frameworks/OpenCL.framework/Versions/A/Libraries/ImageFormats/unorm8_bgra.dylib
0x00000001245e8000 	cl_kernels
0x000000012486a000 	/Library/Java/JavaVirtualMachines/jdk1.8.0_25.jdk/Contents/Home/jre/lib/libprism_common.dylib

VM Arguments:
jvm_args: -Dfile.encoding=UTF-8 
java_command: Main
java_class_path (initial): /Users/vcheng/Documents/workspace/slogo_team08/bin
Launcher Type: SUN_STANDARD

Environment Variables:
PATH=/usr/bin:/bin:/usr/sbin:/sbin
SHELL=/bin/bash
DISPLAY=/private/tmp/com.apple.launchd.hGCU15iGTG/org.macosforge.xquartz:0

Signal Handlers:
SIGSEGV: [libjvm.dylib+0x579dc7], sa_mask[0]=11111111011111110111111111111111, sa_flags=SA_ONSTACK|SA_RESTART|SA_SIGINFO
SIGBUS: [libjvm.dylib+0x579dc7], sa_mask[0]=11111111011111110111111111111111, sa_flags=SA_RESTART|SA_SIGINFO
SIGFPE: [libjvm.dylib+0x45b030], sa_mask[0]=11111111011111110111111111111111, sa_flags=SA_RESTART|SA_SIGINFO
SIGPIPE: [libjvm.dylib+0x45b030], sa_mask[0]=11111111011111110111111111111111, sa_flags=SA_RESTART|SA_SIGINFO
SIGXFSZ: [libjvm.dylib+0x45b030], sa_mask[0]=11111111011111110111111111111111, sa_flags=SA_RESTART|SA_SIGINFO
SIGILL: [libjvm.dylib+0x45b030], sa_mask[0]=11111111011111110111111111111111, sa_flags=SA_RESTART|SA_SIGINFO
SIGUSR1: SIG_DFL, sa_mask[0]=00000000000000000000000000000000, sa_flags=none
SIGUSR2: [libjvm.dylib+0x45ab4e], sa_mask[0]=00100000000000000000000000000000, sa_flags=SA_RESTART|SA_SIGINFO
SIGHUP: [libjvm.dylib+0x459121], sa_mask[0]=11111111011111110111111111111111, sa_flags=SA_RESTART|SA_SIGINFO
SIGINT: [libjvm.dylib+0x459121], sa_mask[0]=11111111011111110111111111111111, sa_flags=SA_RESTART|SA_SIGINFO
SIGTERM: [libjvm.dylib+0x459121], sa_mask[0]=11111111011111110111111111111111, sa_flags=SA_RESTART|SA_SIGINFO
SIGQUIT: [libjvm.dylib+0x459121], sa_mask[0]=11111111011111110111111111111111, sa_flags=SA_RESTART|SA_SIGINFO


---------------  S Y S T E M  ---------------

OS:Bsduname:Darwin 14.1.0 Darwin Kernel Version 14.1.0: Mon Dec 22 23:10:38 PST 2014; root:xnu-2782.10.72~2/RELEASE_X86_64 x86_64
rlimit: STACK 8192k, CORE 0k, NPROC 709, NOFILE 10240, AS infinity
load average:3.02 3.09 2.59

CPU:total 4 (2 cores per cpu, 2 threads per core) family 6 model 69 stepping 1, cmov, cx8, fxsr, mmx, sse, sse2, sse3, ssse3, sse4.1, sse4.2, popcnt, avx, avx2, aes, clmul, erms, lzcnt, ht, tsc, tscinvbit, bmi1, bmi2

Memory: 4k page, physical 4194304k(472604k free)

/proc/meminfo:


vm_info: Java HotSpot(TM) 64-Bit Server VM (25.25-b02) for bsd-amd64 JRE (1.8.0_25-b17), built on Sep 17 2014 16:56:50 by "java_re" with gcc 4.2.1 (Based on Apple Inc. build 5658) (LLVM build 2336.11.00)

time: Fri Mar 11 22:39:07 2016
elapsed time: 599 seconds (0d 0h 9m 59s)

