#
# A fatal error has been detected by the Java Runtime Environment:
#
#  SIGSEGV (0xb) at pc=0x000000019926c3fd, pid=1669, tid=1811
#
# JRE version: Java(TM) SE Runtime Environment (8.0_25-b17) (build 1.8.0_25-b17)
# Java VM: Java HotSpot(TM) 64-Bit Server VM (25.25-b02 mixed mode bsd-amd64 compressed oops)
# Problematic frame:
# C  [libglass.dylib+0x163fd]  GlassScreenDidChangeScreenParameters+0x9d
#
# Failed to write core dump. Core dumps have been disabled. To enable core dumping, try "ulimit -c unlimited" before starting Java again
#
# If you would like to submit a bug report, please visit:
#   http://bugreport.sun.com/bugreport/crash.jsp
#

---------------  T H R E A D  ---------------

Current thread is native thread

siginfo: si_signo: 11 (SIGSEGV), si_code: 1 (SEGV_MAPERR), si_addr: 0x0000000000000000

Registers:
RAX=0x000000019929ee40, RBX=0x0000000000000000, RCX=0xba0006f3ab3aca83, RDX=0x00007f82cae21470
RSP=0x00007fff5e510120, RBP=0x00007fff5e510130, RSI=0x00007f82caf05248, RDI=0x0000000000000000
R8 =0x00007fff5e50ffd0, R9 =0x00007fff7c6ea300, R10=0x0000000000000000, R11=0x0000000000000246
R12=0x00007f82caf0dd10, R13=0x00000000000f4268, R14=0x00007f82cafabbd0, R15=0x00007fff5e510270
RIP=0x000000019926c3fd, EFLAGS=0x0000000000010202, ERR=0x0000000000000004
  TRAPNO=0x000000000000000e

Top of Stack: (sp=0x00007fff5e510120)
0x00007fff5e510120:   00007fff5e510300 00007f82cafabbd0
0x00007fff5e510130:   00007fff5e510140 00007fff92f25cdc
0x00007fff5e510140:   00007fff5e5104a0 00007fff92e17244
0x00007fff5e510150:   00007fff5e5101a0 0000000000001e00
0x00007fff5e510160:   00007fff7cdd3cf0 00007f82da912580
0x00007fff5e510170:   0000000000001003 0000000000000900
0x00007fff5e510180:   00007f82da912580 00007f82cafabbd0
0x00007fff5e510190:   0000000000000000 00007fff5e510270
0x00007fff5e5101a0:   0000000000000000 00007f82cafabb90
0x00007fff5e5101b0:   00007fff5e5102f0 0000000000000060
0x00007fff5e5101c0:   00000000000f432e 00007f82daa3bca0
0x00007fff5e5101d0:   00007f82caf6c6d0 00007f82caf0dd10
0x00007fff5e5101e0:   0000000000000001 00000000000f4268
0x00007fff5e5101f0:   00007f82caf0dd00 00007fff99437acb
0x00007fff5e510200:   0000000000000001 0000000000000001
0x00007fff5e510210:   0000000000000030 0000000000000001
0x00007fff5e510220:   00007fff5e510240 00007fff9943d231
0x00007fff5e510230:   00007fff7cdd1dd0 0000000000000000
0x00007fff5e510240:   00007fff5e510260 0000000000000006
0x00007fff5e510250:   0004a5039943753e 00007f82caf0dd34
0x00007fff5e510260:   0000000000000000 00007fff92e0cd1f
0x00007fff5e510270:   00007f82cafabbd0 00007fff7cdd1dd0
0x00007fff5e510280:   00007fff5e510300 0000000000000001
0x00007fff5e510290:   00007fff5e5102d0 00007fff9943753e
0x00007fff5e5102a0:   000000010170aa00 0000000000000002
0x00007fff5e5102b0:   0000000101707000 00007f82daa3cc32
0x00007fff5e5102c0:   0000000000000003 000000010170c800
0x00007fff5e5102d0:   00007fff5e5103c0 00007fff994362a2
0x00007fff5e5102e0:   00007f82caf6c2e0 00007fff5e5104a8
0x00007fff5e5102f0:   0000000000000017 0000000000000000
0x00007fff5e510300:   00000000000f4268 00007fff92e0d013
0x00007fff5e510310:   00007fff00000000 00007f82caf723c0 

Instructions: (pc=0x000000019926c3fd)
0x000000019926c3dd:   89 df 4c 89 f1 41 ff 90 68 04 00 00 48 8d 05 58
0x000000019926c3ed:   29 03 00 48 8b 30 48 8d 05 46 2a 03 00 48 8b 10
0x000000019926c3fd:   48 8b 0b 30 c0 48 89 df ff 91 68 04 00 00 48 8b
0x000000019926c40d:   03 48 89 df ff 50 78 48 85 c0 74 36 49 89 c6 48 

Register to memory mapping:

RAX=0x000000019929ee40: jScreenNotifySettingsChanged+0 in /Library/Java/JavaVirtualMachines/jdk1.8.0_25.jdk/Contents/Home/jre/lib/libglass.dylib at 0x0000000199256000
RBX=0x0000000000000000 is an unknown value
RCX=0xba0006f3ab3aca83 is an unknown value
RDX=0x00007f82cae21470 is an unknown value
RSP=0x00007fff5e510120 is an unknown value
RBP=0x00007fff5e510130 is an unknown value
RSI=0x00007f82caf05248 is a global jni handle
RDI=0x0000000000000000 is an unknown value
R8 =0x00007fff5e50ffd0 is an unknown value
R9 =0x00007fff7c6ea300: _thread+0 in /usr/lib/system/libsystem_pthread.dylib at 0x00007fff90748000
R10=0x0000000000000000 is an unknown value
R11=0x0000000000000246 is an unknown value
R12=0x00007f82caf0dd10 is an unknown value
R13=0x00000000000f4268 is an unknown value
R14=0x00007f82cafabbd0 is an unknown value
R15=0x00007fff5e510270 is an unknown value


Stack: [0x00007fff5dd13000,0x00007fff5e513000],  sp=0x00007fff5e510120,  free space=8180k
Native frames: (J=compiled Java code, j=interpreted, Vv=VM code, C=native code)
C  [libglass.dylib+0x163fd]  GlassScreenDidChangeScreenParameters+0x9d
C  [CoreFoundation+0x11ecdc]  __CFNOTIFICATIONCENTER_IS_CALLING_OUT_TO_AN_OBSERVER__+0xc
C  [CoreFoundation+0x10244]  _CFXNotificationPost+0xc44
C  [Foundation+0x2c31]  -[NSNotificationCenter postNotificationName:object:userInfo:]+0x42
C  [AppKit+0x36305e]  -[NSApplication _reactToScreenInvalidationImmediately:]+0x17b
C  [AppKit+0x362e9d]  __44-[NSApplication _reactToScreenInvalidation:]_block_invoke+0x4b
C  [CoreFoundation+0x8056c]  __CFRUNLOOP_IS_CALLING_OUT_TO_A_BLOCK__+0xc
C  [CoreFoundation+0x72675]  __CFRunLoopDoBlocks+0x155
C  [CoreFoundation+0x721b6]  __CFRunLoopRun+0x716
C  [CoreFoundation+0x71858]  CFRunLoopRunSpecific+0x128
C  [java+0x56cc]  CreateExecutionEnvironment+0x367
C  [java+0x165c]  JLI_Launch+0x7a0
C  [java+0x768a]  main+0x65
C  [java+0xeb4]  start+0x34


---------------  P R O C E S S  ---------------

VM state:not at safepoint (normal execution)

VM Mutex/Monitor currently owned by a thread: None

Heap:
 PSYoungGen      total 18944K, used 5365K [0x000000013d300000, 0x000000013f300000, 0x0000000152800000)
  eden space 16384K, 17% used [0x000000013d300000,0x000000013d5c5448,0x000000013e300000)
  from space 2560K, 98% used [0x000000013e300000,0x000000013e578030,0x000000013e580000)
  to   space 8192K, 0% used [0x000000013eb00000,0x000000013eb00000,0x000000013f300000)
 ParOldGen       total 44032K, used 8071K [0x0000000112800000, 0x0000000115300000, 0x000000013d300000)
  object space 44032K, 18% used [0x0000000112800000,0x0000000112fe1e10,0x0000000115300000)
 Metaspace       used 19013K, capacity 20426K, committed 20608K, reserved 1067008K
  class space    used 2849K, capacity 3078K, committed 3200K, reserved 1048576K

Card table byte_map: [0x0000000152800000,0x0000000152a01000] byte_map_base: 0x0000000151f6c000

Marking Bits: (ParMarkBitMap*) 0x00000001028a1390
 Begin Bits: [0x0000000152e0d000, 0x0000000153e0d000)
 End Bits:   [0x0000000153e0d000, 0x0000000154e0d000)

Polling page: 0x00000001017fe000

CodeCache: size=245760Kb used=10409Kb max_used=10412Kb free=235350Kb
 bounds [0x0000000103076000, 0x0000000103ab6000, 0x0000000112076000]
 total_blobs=4004 nmethods=3351 adapters=566
 compilation: enabled

Compilation events (10 events):
Event: 1357.209 Thread 0x00007f82cc84f800 3348       1       com.sun.javafx.tk.quantum.ViewScene::getPlatformView (5 bytes)
Event: 1357.210 Thread 0x00007f82cc84f800 nmethod 3348 0x0000000103a9bed0 code [0x0000000103a9c020, 0x0000000103a9c130]
Event: 1357.212 Thread 0x00007f82cc84f800 3349       1       com.sun.javafx.tk.quantum.GlassScene::getCamera (5 bytes)
Event: 1357.212 Thread 0x00007f82cc84f800 nmethod 3349 0x0000000103a9dad0 code [0x0000000103a9dc20, 0x0000000103a9dd30]
Event: 1357.221 Thread 0x00007f82cc84f800 3351       3       java.lang.invoke.LambdaForm::interpretWithArguments (95 bytes)
Event: 1357.223 Thread 0x00007f82cc84f800 nmethod 3351 0x0000000103a9cf90 code [0x0000000103a9d160, 0x0000000103a9d7e8]
Event: 1357.223 Thread 0x00007f82cc84f800 3350       3       java.lang.invoke.LambdaForm::getPreparedForm (70 bytes)
Event: 1357.224 Thread 0x00007f82cc84f800 nmethod 3350 0x0000000103a9fd50 code [0x0000000103a9ff20, 0x0000000103aa08a8]
Event: 1357.224 Thread 0x00007f82cc84f800 3352       3       java.util.concurrent.ThreadPoolExecutor::workerCountOf (5 bytes)
Event: 1357.224 Thread 0x00007f82cc84f800 nmethod 3352 0x0000000103a9cc90 code [0x0000000103a9cde0, 0x0000000103a9cf10]

GC Heap History (10 events):
Event: 1.403 GC heap before
{Heap before GC invocations=1 (full 0):
 PSYoungGen      total 18944K, used 16384K [0x000000013d300000, 0x000000013e800000, 0x0000000152800000)
  eden space 16384K, 100% used [0x000000013d300000,0x000000013e300000,0x000000013e300000)
  from space 2560K, 0% used [0x000000013e580000,0x000000013e580000,0x000000013e800000)
  to   space 2560K, 0% used [0x000000013e300000,0x000000013e300000,0x000000013e580000)
 ParOldGen       total 44032K, used 0K [0x0000000112800000, 0x0000000115300000, 0x000000013d300000)
  object space 44032K, 0% used [0x0000000112800000,0x0000000112800000,0x0000000115300000)
 Metaspace       used 8938K, capacity 9488K, committed 9600K, reserved 1056768K
  class space    used 1204K, capacity 1338K, committed 1408K, reserved 1048576K
Event: 1.407 GC heap after
Heap after GC invocations=1 (full 0):
 PSYoungGen      total 18944K, used 2512K [0x000000013d300000, 0x000000013e800000, 0x0000000152800000)
  eden space 16384K, 0% used [0x000000013d300000,0x000000013d300000,0x000000013e300000)
  from space 2560K, 98% used [0x000000013e300000,0x000000013e574030,0x000000013e580000)
  to   space 2560K, 0% used [0x000000013e580000,0x000000013e580000,0x000000013e800000)
 ParOldGen       total 44032K, used 8K [0x0000000112800000, 0x0000000115300000, 0x000000013d300000)
  object space 44032K, 0% used [0x0000000112800000,0x0000000112802000,0x0000000115300000)
 Metaspace       used 8938K, capacity 9488K, committed 9600K, reserved 1056768K
  class space    used 1204K, capacity 1338K, committed 1408K, reserved 1048576K
}
Event: 2.417 GC heap before
{Heap before GC invocations=2 (full 0):
 PSYoungGen      total 18944K, used 18896K [0x000000013d300000, 0x000000013e800000, 0x0000000152800000)
  eden space 16384K, 100% used [0x000000013d300000,0x000000013e300000,0x000000013e300000)
  from space 2560K, 98% used [0x000000013e300000,0x000000013e574030,0x000000013e580000)
  to   space 2560K, 0% used [0x000000013e580000,0x000000013e580000,0x000000013e800000)
 ParOldGen       total 44032K, used 8K [0x0000000112800000, 0x0000000115300000, 0x000000013d300000)
  object space 44032K, 0% used [0x0000000112800000,0x0000000112802000,0x0000000115300000)
 Metaspace       used 14753K, capacity 15614K, committed 15872K, reserved 1062912K
  class space    used 2347K, capacity 2515K, committed 2560K, reserved 1048576K
Event: 2.424 GC heap after
Heap after GC invocations=2 (full 0):
 PSYoungGen      total 18944K, used 2544K [0x000000013d300000, 0x000000013e800000, 0x0000000152800000)
  eden space 16384K, 0% used [0x000000013d300000,0x000000013d300000,0x000000013e300000)
  from space 2560K, 99% used [0x000000013e580000,0x000000013e7fc020,0x000000013e800000)
  to   space 2560K, 0% used [0x000000013e300000,0x000000013e300000,0x000000013e580000)
 ParOldGen       total 44032K, used 1720K [0x0000000112800000, 0x0000000115300000, 0x000000013d300000)
  object space 44032K, 3% used [0x0000000112800000,0x00000001129ae020,0x0000000115300000)
 Metaspace       used 14753K, capacity 15614K, committed 15872K, reserved 1062912K
  class space    used 2347K, capacity 2515K, committed 2560K, reserved 1048576K
}
Event: 3.569 GC heap before
{Heap before GC invocations=3 (full 0):
 PSYoungGen      total 18944K, used 18928K [0x000000013d300000, 0x000000013e800000, 0x0000000152800000)
  eden space 16384K, 100% used [0x000000013d300000,0x000000013e300000,0x000000013e300000)
  from space 2560K, 99% used [0x000000013e580000,0x000000013e7fc020,0x000000013e800000)
  to   space 2560K, 0% used [0x000000013e300000,0x000000013e300000,0x000000013e580000)
 ParOldGen       total 44032K, used 1720K [0x0000000112800000, 0x0000000115300000, 0x000000013d300000)
  object space 44032K, 3% used [0x0000000112800000,0x00000001129ae020,0x0000000115300000)
 Metaspace       used 17545K, capacity 18908K, committed 19200K, reserved 1064960K
  class space    used 2762K, capacity 3015K, committed 3072K, reserved 1048576K
Event: 3.580 GC heap after
Heap after GC invocations=3 (full 0):
 PSYoungGen      total 18944K, used 2528K [0x000000013d300000, 0x000000013e800000, 0x0000000152800000)
  eden space 16384K, 0% used [0x000000013d300000,0x000000013d300000,0x000000013e300000)
  from space 2560K, 98% used [0x000000013e300000,0x000000013e578010,0x000000013e580000)
  to   space 2560K, 0% used [0x000000013e580000,0x000000013e580000,0x000000013e800000)
 ParOldGen       total 44032K, used 6823K [0x0000000112800000, 0x0000000115300000, 0x000000013d300000)
  object space 44032K, 15% used [0x0000000112800000,0x0000000112ea9e00,0x0000000115300000)
 Metaspace       used 17545K, capacity 18908K, committed 19200K, reserved 1064960K
  class space    used 2762K, capacity 3015K, committed 3072K, reserved 1048576K
}
Event: 312.552 GC heap before
{Heap before GC invocations=4 (full 0):
 PSYoungGen      total 18944K, used 18912K [0x000000013d300000, 0x000000013e800000, 0x0000000152800000)
  eden space 16384K, 100% used [0x000000013d300000,0x000000013e300000,0x000000013e300000)
  from space 2560K, 98% used [0x000000013e300000,0x000000013e578010,0x000000013e580000)
  to   space 2560K, 0% used [0x000000013e580000,0x000000013e580000,0x000000013e800000)
 ParOldGen       total 44032K, used 6823K [0x0000000112800000, 0x0000000115300000, 0x000000013d300000)
  object space 44032K, 15% used [0x0000000112800000,0x0000000112ea9e00,0x0000000115300000)
 Metaspace       used 18986K, capacity 20390K, committed 20480K, reserved 1067008K
  class space    used 2842K, capacity 3070K, committed 3072K, reserved 1048576K
Event: 312.568 GC heap after
Heap after GC invocations=4 (full 0):
 PSYoungGen      total 18944K, used 2528K [0x000000013d300000, 0x000000013e800000, 0x0000000152800000)
  eden space 16384K, 0% used [0x000000013d300000,0x000000013d300000,0x000000013e300000)
  from space 2560K, 98% used [0x000000013e580000,0x000000013e7f8010,0x000000013e800000)
  to   space 2560K, 0% used [0x000000013e300000,0x000000013e300000,0x000000013e580000)
 ParOldGen       total 44032K, used 8055K [0x0000000112800000, 0x0000000115300000, 0x000000013d300000)
  object space 44032K, 18% used [0x0000000112800000,0x0000000112fdde10,0x0000000115300000)
 Metaspace       used 18986K, capacity 20390K, committed 20480K, reserved 1067008K
  class space    used 2842K, capacity 3070K, committed 3072K, reserved 1048576K
}
Event: 1289.175 GC heap before
{Heap before GC invocations=5 (full 0):
 PSYoungGen      total 18944K, used 18912K [0x000000013d300000, 0x000000013e800000, 0x0000000152800000)
  eden space 16384K, 100% used [0x000000013d300000,0x000000013e300000,0x000000013e300000)
  from space 2560K, 98% used [0x000000013e580000,0x000000013e7f8010,0x000000013e800000)
  to   space 2560K, 0% used [0x000000013e300000,0x000000013e300000,0x000000013e580000)
 ParOldGen       total 44032K, used 8055K [0x0000000112800000, 0x0000000115300000, 0x000000013d300000)
  object space 44032K, 18% used [0x0000000112800000,0x0000000112fdde10,0x0000000115300000)
 Metaspace       used 18986K, capacity 20390K, committed 20480K, reserved 1067008K
  class space    used 2842K, capacity 3070K, committed 3072K, reserved 1048576K
Event: 1289.195 GC heap after
Heap after GC invocations=5 (full 0):
 PSYoungGen      total 18944K, used 2528K [0x000000013d300000, 0x000000013f300000, 0x0000000152800000)
  eden space 16384K, 0% used [0x000000013d300000,0x000000013d300000,0x000000013e300000)
  from space 2560K, 98% used [0x000000013e300000,0x000000013e578030,0x000000013e580000)
  to   space 8192K, 0% used [0x000000013eb00000,0x000000013eb00000,0x000000013f300000)
 ParOldGen       total 44032K, used 8071K [0x0000000112800000, 0x0000000115300000, 0x000000013d300000)
  object space 44032K, 18% used [0x0000000112800000,0x0000000112fe1e10,0x0000000115300000)
 Metaspace       used 18986K, capacity 20390K, committed 20480K, reserved 1067008K
  class space    used 2842K, capacity 3070K, committed 3072K, reserved 1048576K
}

Deoptimization events (10 events):
Event: 3.567 Thread 0x00007f82cc9ac800 Uncommon trap: reason=bimorphic action=maybe_recompile pc=0x000000010360e7cc method=javafx.scene.Node.transformedBoundsChanged()V @ 28
Event: 10.405 Thread 0x00007f82cc9ac800 Uncommon trap: reason=unreached action=reinterpret pc=0x0000000103818a3c method=javafx.scene.Node.getProperties()Ljavafx/collections/ObservableMap; @ 4
Event: 10.406 Thread 0x00007f82cc9ac800 Uncommon trap: reason=unreached action=reinterpret pc=0x0000000103722018 method=javafx.scene.CssStyleHelper.transitionToState(Ljavafx/scene/Node;)V @ 145
Event: 10.440 Thread 0x00007f82cc9ac800 Uncommon trap: reason=class_check action=maybe_recompile pc=0x00000001037c6904 method=javafx.scene.Node.updateLocalToParentTransform()V @ 11
Event: 10.440 Thread 0x00007f82cc9ac800 Uncommon trap: reason=class_check action=maybe_recompile pc=0x00000001037c6904 method=javafx.scene.Node.updateLocalToParentTransform()V @ 11
Event: 10.440 Thread 0x00007f82cc9ac800 Uncommon trap: reason=class_check action=maybe_recompile pc=0x00000001037c6904 method=javafx.scene.Node.updateLocalToParentTransform()V @ 11
Event: 10.452 Thread 0x00007f82cc97a800 Uncommon trap: reason=range_check action=make_not_entrant pc=0x00000001032cfdcc method=java.util.ArrayList.elementData(I)Ljava/lang/Object; @ 5
Event: 16.017 Thread 0x00007f82cc9ac800 Uncommon trap: reason=class_check action=maybe_recompile pc=0x00000001037c6904 method=javafx.scene.Node.updateLocalToParentTransform()V @ 11
Event: 16.017 Thread 0x00007f82cc9ac800 Uncommon trap: reason=null_check action=make_not_entrant pc=0x0000000103773210 method=javafx.scene.Node$MiscProperties.getClip()Ljavafx/scene/Node; @ 20
Event: 16.017 Thread 0x00007f82cc9ac800 Uncommon trap: reason=null_check action=make_not_entrant pc=0x000000010388e6f0 method=javafx.scene.Node$MiscProperties.getClip()Ljavafx/scene/Node; @ 20

Internal exceptions (10 events):
Event: 16.004 Thread 0x00007f82cc9ac800 Exception <a 'java/security/PrivilegedActionException'> (0x000000013dab7868) thrown at [/HUDSON3/workspace/8-2-build-macosx-x86_64/jdk8u25/1514/hotspot/src/share/vm/prims/jvm.cpp, line 1312]
Event: 16.004 Thread 0x00007f82cc9ac800 Exception <a 'java/security/PrivilegedActionException'> (0x000000013daba5b8) thrown at [/HUDSON3/workspace/8-2-build-macosx-x86_64/jdk8u25/1514/hotspot/src/share/vm/prims/jvm.cpp, line 1312]
Event: 16.005 Thread 0x00007f82cc9ac800 Exception <a 'java/security/PrivilegedActionException'> (0x000000013dabd388) thrown at [/HUDSON3/workspace/8-2-build-macosx-x86_64/jdk8u25/1514/hotspot/src/share/vm/prims/jvm.cpp, line 1312]
Event: 16.005 Thread 0x00007f82cc9ac800 Exception <a 'java/security/PrivilegedActionException'> (0x000000013dac00a8) thrown at [/HUDSON3/workspace/8-2-build-macosx-x86_64/jdk8u25/1514/hotspot/src/share/vm/prims/jvm.cpp, line 1312]
Event: 16.006 Thread 0x00007f82cc9ac800 Exception <a 'java/security/PrivilegedActionException'> (0x000000013dac2c20) thrown at [/HUDSON3/workspace/8-2-build-macosx-x86_64/jdk8u25/1514/hotspot/src/share/vm/prims/jvm.cpp, line 1312]
Event: 16.006 Thread 0x00007f82cc9ac800 Exception <a 'java/security/PrivilegedActionException'> (0x000000013dac5870) thrown at [/HUDSON3/workspace/8-2-build-macosx-x86_64/jdk8u25/1514/hotspot/src/share/vm/prims/jvm.cpp, line 1312]
Event: 16.017 Thread 0x00007f82cc9ac800 Implicit null exception at 0x0000000103772e27 to 0x0000000103773205
Event: 16.017 Thread 0x00007f82cc9ac800 Implicit null exception at 0x000000010388e68e to 0x000000010388e6e5
Event: 25.184 Thread 0x00007f82cc9ac800 Exception <a 'java/lang/NoClassDefFoundError': javafx/scene/control/Alert> (0x000000013dc6e8e0) thrown at [/HUDSON3/workspace/8-2-build-macosx-x86_64/jdk8u25/1514/hotspot/src/share/vm/oops/constantPool.cpp, line 235]
Event: 25.185 Thread 0x00007f82cc9ac800 Exception <a 'java/lang/NoClassDefFoundError'> (0x000000013dc6e8e0) thrown at [/HUDSON3/workspace/8-2-build-macosx-x86_64/jdk8u25/1514/hotspot/src/share/vm/prims/jvm.cpp, line 1316]

Events (10 events):
Event: 1357.223 loading class com/sun/javafx/tk/quantum/QuantumRenderer done
Event: 1357.224 loading class com/sun/javafx/tk/quantum/QuantumToolkit
Event: 1357.224 loading class com/sun/javafx/tk/quantum/QuantumToolkit done
Event: 1357.224 Thread 0x00007f82cc97a800 Thread exited: 0x00007f82cc97a800
Event: 1357.224 Thread 0x00007f82cca45000 Thread exited: 0x00007f82cca45000
Event: 1357.225 Thread 0x00007f82cb005000 Thread exited: 0x00007f82cb005000
Event: 1357.225 Thread 0x00007f82cb945800 Thread added: 0x00007f82cb945800
Event: 1358.225 Thread 0x00007f82cc9ac800 Thread exited: 0x00007f82cc9ac800
Event: 1358.225 loading class java/util/IdentityHashMap$KeyIterator
Event: 1358.226 loading class java/util/IdentityHashMap$IdentityHashMapIterator


Dynamic libraries:
0x000000000bb32000 	/System/Library/Frameworks/Cocoa.framework/Versions/A/Cocoa
0x000000000bb32000 	/System/Library/Frameworks/Security.framework/Versions/A/Security
0x000000000bb32000 	/System/Library/Frameworks/ApplicationServices.framework/Versions/A/ApplicationServices
0x000000000bb32000 	/usr/lib/libz.1.dylib
0x000000000bb32000 	/usr/lib/libSystem.B.dylib
0x000000000bb32000 	/usr/lib/libobjc.A.dylib
0x000000000bb32000 	/System/Library/Frameworks/CoreFoundation.framework/Versions/A/CoreFoundation
0x000000000bb32000 	/System/Library/Frameworks/Foundation.framework/Versions/C/Foundation
0x000000000bb32000 	/System/Library/Frameworks/AppKit.framework/Versions/C/AppKit
0x000000000bb32000 	/System/Library/Frameworks/CoreData.framework/Versions/A/CoreData
0x000000000bb32000 	/System/Library/PrivateFrameworks/RemoteViewServices.framework/Versions/A/RemoteViewServices
0x000000000bb32000 	/System/Library/PrivateFrameworks/UIFoundation.framework/Versions/A/UIFoundation
0x000000000bb32000 	/System/Library/Frameworks/IOSurface.framework/Versions/A/IOSurface
0x000000000bb32000 	/System/Library/Frameworks/AudioToolbox.framework/Versions/A/AudioToolbox
0x000000000bb32000 	/System/Library/Frameworks/AudioUnit.framework/Versions/A/AudioUnit
0x000000000bb32000 	/System/Library/PrivateFrameworks/DataDetectorsCore.framework/Versions/A/DataDetectorsCore
0x000000000bb32000 	/System/Library/PrivateFrameworks/DesktopServicesPriv.framework/Versions/A/DesktopServicesPriv
0x000000000bb32000 	/System/Library/Frameworks/Carbon.framework/Versions/A/Frameworks/HIToolbox.framework/Versions/A/HIToolbox
0x000000000bb32000 	/System/Library/Frameworks/QuartzCore.framework/Versions/A/QuartzCore
0x000000000bb32000 	/System/Library/Frameworks/Carbon.framework/Versions/A/Frameworks/SpeechRecognition.framework/Versions/A/SpeechRecognition
0x000000000bb32000 	/usr/lib/libauto.dylib
0x000000000bb32000 	/usr/lib/libicucore.A.dylib
0x000000000bb32000 	/usr/lib/libxml2.2.dylib
0x000000000bb32000 	/System/Library/PrivateFrameworks/CoreUI.framework/Versions/A/CoreUI
0x000000000bb32000 	/System/Library/Frameworks/CoreAudio.framework/Versions/A/CoreAudio
0x000000000bb32000 	/System/Library/Frameworks/DiskArbitration.framework/Versions/A/DiskArbitration
0x000000000bb32000 	/usr/lib/liblangid.dylib
0x000000000bb32000 	/System/Library/PrivateFrameworks/MultitouchSupport.framework/Versions/A/MultitouchSupport
0x000000000bb32000 	/System/Library/Frameworks/IOKit.framework/Versions/A/IOKit
0x000000000bb32000 	/usr/lib/libDiagnosticMessagesClient.dylib
0x000000000bb32000 	/System/Library/Frameworks/CoreServices.framework/Versions/A/CoreServices
0x000000000bb32000 	/System/Library/PrivateFrameworks/PerformanceAnalysis.framework/Versions/A/PerformanceAnalysis
0x000000000bb32000 	/System/Library/PrivateFrameworks/GenerationalStorage.framework/Versions/A/GenerationalStorage
0x000000000bb32000 	/System/Library/Frameworks/OpenGL.framework/Versions/A/OpenGL
0x000000000bb32000 	/System/Library/PrivateFrameworks/Sharing.framework/Versions/A/Sharing
0x000000000bb32000 	/System/Library/Frameworks/CoreGraphics.framework/Versions/A/CoreGraphics
0x000000000bb32000 	/System/Library/Frameworks/CoreText.framework/Versions/A/CoreText
0x000000000bb32000 	/System/Library/Frameworks/ImageIO.framework/Versions/A/ImageIO
0x000000000bb32000 	/usr/lib/libextension.dylib
0x000000000bb32000 	/System/Library/PrivateFrameworks/Backup.framework/Versions/A/Backup
0x000000000bb32000 	/usr/lib/libarchive.2.dylib
0x000000000bb32000 	/System/Library/Frameworks/CFNetwork.framework/Versions/A/CFNetwork
0x000000000bb32000 	/System/Library/Frameworks/SystemConfiguration.framework/Versions/A/SystemConfiguration
0x000000000bb32000 	/usr/lib/libCRFSuite.dylib
0x000000000bb32000 	/usr/lib/libc++.1.dylib
0x000000000bb32000 	/usr/lib/libc++abi.dylib
0x000000000bb32000 	/usr/lib/system/libcache.dylib
0x000000000bb32000 	/usr/lib/system/libcommonCrypto.dylib
0x000000000bb32000 	/usr/lib/system/libcompiler_rt.dylib
0x000000000bb32000 	/usr/lib/system/libcopyfile.dylib
0x000000000bb32000 	/usr/lib/system/libcorecrypto.dylib
0x000000000bb32000 	/usr/lib/system/libdispatch.dylib
0x000000000bb32000 	/usr/lib/system/libdyld.dylib
0x000000000bb32000 	/usr/lib/system/libkeymgr.dylib
0x000000000bb32000 	/usr/lib/system/liblaunch.dylib
0x000000000bb32000 	/usr/lib/system/libmacho.dylib
0x000000000bb32000 	/usr/lib/system/libquarantine.dylib
0x000000000bb32000 	/usr/lib/system/libremovefile.dylib
0x000000000bb32000 	/usr/lib/system/libsystem_asl.dylib
0x000000000bb32000 	/usr/lib/system/libsystem_blocks.dylib
0x000000000bb32000 	/usr/lib/system/libsystem_c.dylib
0x000000000bb32000 	/usr/lib/system/libsystem_configuration.dylib
0x000000000bb32000 	/usr/lib/system/libsystem_coreservices.dylib
0x000000000bb32000 	/usr/lib/system/libsystem_coretls.dylib
0x000000000bb32000 	/usr/lib/system/libsystem_dnssd.dylib
0x000000000bb32000 	/usr/lib/system/libsystem_info.dylib
0x000000000bb32000 	/usr/lib/system/libsystem_kernel.dylib
0x000000000bb32000 	/usr/lib/system/libsystem_m.dylib
0x000000000bb32000 	/usr/lib/system/libsystem_malloc.dylib
0x000000000bb32000 	/usr/lib/system/libsystem_network.dylib
0x000000000bb32000 	/usr/lib/system/libsystem_networkextension.dylib
0x000000000bb32000 	/usr/lib/system/libsystem_notify.dylib
0x000000000bb32000 	/usr/lib/system/libsystem_platform.dylib
0x000000000bb32000 	/usr/lib/system/libsystem_pthread.dylib
0x000000000bb32000 	/usr/lib/system/libsystem_sandbox.dylib
0x000000000bb32000 	/usr/lib/system/libsystem_secinit.dylib
0x000000000bb32000 	/usr/lib/system/libsystem_stats.dylib
0x000000000bb32000 	/usr/lib/system/libsystem_trace.dylib
0x000000000bb32000 	/usr/lib/system/libunc.dylib
0x000000000bb32000 	/usr/lib/system/libunwind.dylib
0x000000000bb32000 	/usr/lib/system/libxpc.dylib
0x000000000bb32000 	/usr/lib/libbz2.1.0.dylib
0x000000000bb32000 	/usr/lib/liblzma.5.dylib
0x000000000bb32000 	/usr/lib/libbsm.0.dylib
0x000000000bb32000 	/usr/lib/libsqlite3.dylib
0x000000000bb32000 	/usr/lib/system/libkxld.dylib
0x000000000bb32000 	/usr/lib/libxar.1.dylib
0x000000000bb32000 	/usr/lib/libpam.2.dylib
0x000000000bb32000 	/usr/lib/libOpenScriptingUtil.dylib
0x000000000bb32000 	/System/Library/Frameworks/CoreServices.framework/Versions/A/Frameworks/FSEvents.framework/Versions/A/FSEvents
0x000000000bb32000 	/System/Library/Frameworks/CoreServices.framework/Versions/A/Frameworks/CarbonCore.framework/Versions/A/CarbonCore
0x000000000bb32000 	/System/Library/Frameworks/CoreServices.framework/Versions/A/Frameworks/Metadata.framework/Versions/A/Metadata
0x000000000bb32000 	/System/Library/Frameworks/CoreServices.framework/Versions/A/Frameworks/OSServices.framework/Versions/A/OSServices
0x000000000bb32000 	/System/Library/Frameworks/CoreServices.framework/Versions/A/Frameworks/SearchKit.framework/Versions/A/SearchKit
0x000000000bb32000 	/System/Library/Frameworks/CoreServices.framework/Versions/A/Frameworks/AE.framework/Versions/A/AE
0x000000000bb32000 	/System/Library/Frameworks/CoreServices.framework/Versions/A/Frameworks/LaunchServices.framework/Versions/A/LaunchServices
0x000000000bb32000 	/System/Library/Frameworks/CoreServices.framework/Versions/A/Frameworks/DictionaryServices.framework/Versions/A/DictionaryServices
0x000000000bb32000 	/System/Library/Frameworks/NetFS.framework/Versions/A/NetFS
0x000000000bb32000 	/System/Library/PrivateFrameworks/NetAuth.framework/Versions/A/NetAuth
0x000000000bb32000 	/System/Library/PrivateFrameworks/login.framework/Versions/A/Frameworks/loginsupport.framework/Versions/A/loginsupport
0x000000000bb32000 	/System/Library/PrivateFrameworks/TCC.framework/Versions/A/TCC
0x000000000bb32000 	/usr/lib/libmecabra.dylib
0x000000000bb32000 	/System/Library/Frameworks/ApplicationServices.framework/Versions/A/Frameworks/ATS.framework/Versions/A/ATS
0x000000000bb32000 	/System/Library/Frameworks/ApplicationServices.framework/Versions/A/Frameworks/ColorSync.framework/Versions/A/ColorSync
0x000000000bb32000 	/System/Library/Frameworks/ApplicationServices.framework/Versions/A/Frameworks/HIServices.framework/Versions/A/HIServices
0x000000000bb32000 	/System/Library/Frameworks/ApplicationServices.framework/Versions/A/Frameworks/LangAnalysis.framework/Versions/A/LangAnalysis
0x000000000bb32000 	/System/Library/Frameworks/ApplicationServices.framework/Versions/A/Frameworks/PrintCore.framework/Versions/A/PrintCore
0x000000000bb32000 	/System/Library/Frameworks/ApplicationServices.framework/Versions/A/Frameworks/QD.framework/Versions/A/QD
0x000000000bb32000 	/System/Library/Frameworks/ApplicationServices.framework/Versions/A/Frameworks/SpeechSynthesis.framework/Versions/A/SpeechSynthesis
0x000000000bb32000 	/System/Library/Frameworks/Accelerate.framework/Versions/A/Accelerate
0x000000000bb32000 	/System/Library/Frameworks/Accelerate.framework/Versions/A/Frameworks/vImage.framework/Versions/A/vImage
0x000000000bb32000 	/System/Library/Frameworks/Accelerate.framework/Versions/A/Frameworks/vecLib.framework/Versions/A/vecLib
0x000000000bb32000 	/System/Library/Frameworks/Accelerate.framework/Versions/A/Frameworks/vecLib.framework/Versions/A/libvDSP.dylib
0x000000000bb32000 	/System/Library/Frameworks/Accelerate.framework/Versions/A/Frameworks/vecLib.framework/Versions/A/libvMisc.dylib
0x000000000bb32000 	/System/Library/Frameworks/Accelerate.framework/Versions/A/Frameworks/vecLib.framework/Versions/A/libLAPACK.dylib
0x000000000bb32000 	/System/Library/Frameworks/Accelerate.framework/Versions/A/Frameworks/vecLib.framework/Versions/A/libBLAS.dylib
0x000000000bb32000 	/System/Library/Frameworks/Accelerate.framework/Versions/A/Frameworks/vecLib.framework/Versions/A/libLinearAlgebra.dylib
0x000000000bb32000 	/System/Library/Frameworks/ApplicationServices.framework/Versions/A/Frameworks/ATS.framework/Versions/A/Resources/libFontParser.dylib
0x000000000bb32000 	/System/Library/Frameworks/ApplicationServices.framework/Versions/A/Frameworks/ATS.framework/Versions/A/Resources/libFontRegistry.dylib
0x000000000bb32000 	/System/Library/PrivateFrameworks/AppleVPA.framework/Versions/A/AppleVPA
0x000000000bb32000 	/System/Library/PrivateFrameworks/AppleJPEG.framework/Versions/A/AppleJPEG
0x000000000bb32000 	/System/Library/Frameworks/ImageIO.framework/Versions/A/Resources/libJPEG.dylib
0x000000000bb32000 	/System/Library/Frameworks/ImageIO.framework/Versions/A/Resources/libTIFF.dylib
0x000000000bb32000 	/System/Library/Frameworks/ImageIO.framework/Versions/A/Resources/libPng.dylib
0x000000000bb32000 	/System/Library/Frameworks/ImageIO.framework/Versions/A/Resources/libGIF.dylib
0x000000000bb32000 	/System/Library/Frameworks/ImageIO.framework/Versions/A/Resources/libJP2.dylib
0x000000000bb32000 	/System/Library/Frameworks/ImageIO.framework/Versions/A/Resources/libRadiance.dylib
0x000000000bb32000 	/System/Library/Frameworks/CoreVideo.framework/Versions/A/CoreVideo
0x000000000bb32000 	/System/Library/Frameworks/OpenGL.framework/Versions/A/Libraries/libGLU.dylib
0x000000000bb32000 	/System/Library/Frameworks/OpenGL.framework/Versions/A/Libraries/libGFXShared.dylib
0x000000000bb32000 	/System/Library/Frameworks/OpenGL.framework/Versions/A/Libraries/libGL.dylib
0x000000000bb32000 	/System/Library/Frameworks/OpenGL.framework/Versions/A/Libraries/libGLImage.dylib
0x000000000bb32000 	/System/Library/Frameworks/OpenGL.framework/Versions/A/Libraries/libCVMSPluginSupport.dylib
0x000000000bb32000 	/System/Library/Frameworks/OpenGL.framework/Versions/A/Libraries/libCoreVMClient.dylib
0x000000000bb32000 	/usr/lib/libcups.2.dylib
0x000000000bb32000 	/System/Library/Frameworks/Kerberos.framework/Versions/A/Kerberos
0x000000000bb32000 	/System/Library/Frameworks/GSS.framework/Versions/A/GSS
0x000000000bb32000 	/usr/lib/libresolv.9.dylib
0x000000000bb32000 	/usr/lib/libiconv.2.dylib
0x000000000bb32000 	/System/Library/PrivateFrameworks/Heimdal.framework/Versions/A/Heimdal
0x000000000bb32000 	/usr/lib/libheimdal-asn1.dylib
0x000000000bb32000 	/System/Library/Frameworks/OpenDirectory.framework/Versions/A/OpenDirectory
0x000000000bb32000 	/System/Library/PrivateFrameworks/CommonAuth.framework/Versions/A/CommonAuth
0x000000000bb32000 	/System/Library/Frameworks/OpenDirectory.framework/Versions/A/Frameworks/CFOpenDirectory.framework/Versions/A/CFOpenDirectory
0x000000000bb32000 	/System/Library/Frameworks/SecurityFoundation.framework/Versions/A/SecurityFoundation
0x000000000bb32000 	/System/Library/PrivateFrameworks/LanguageModeling.framework/Versions/A/LanguageModeling
0x000000000bb32000 	/usr/lib/libcmph.dylib
0x000000000bb32000 	/System/Library/Frameworks/ServiceManagement.framework/Versions/A/ServiceManagement
0x000000000bb32000 	/usr/lib/libxslt.1.dylib
0x000000000bb32000 	/System/Library/Frameworks/Carbon.framework/Versions/A/Frameworks/Ink.framework/Versions/A/Ink
0x000000000bb32000 	/System/Library/Frameworks/QuartzCore.framework/Versions/A/Frameworks/CoreImage.framework/Versions/A/CoreImage
0x000000000bb32000 	/System/Library/PrivateFrameworks/CrashReporterSupport.framework/Versions/A/CrashReporterSupport
0x000000000bb32000 	/System/Library/Frameworks/OpenCL.framework/Versions/A/OpenCL
0x000000000bb32000 	/System/Library/PrivateFrameworks/FaceCore.framework/Versions/A/FaceCore
0x000000000bb32000 	/System/Library/PrivateFrameworks/Ubiquity.framework/Versions/A/Ubiquity
0x000000000bb32000 	/System/Library/PrivateFrameworks/IconServices.framework/Versions/A/IconServices
0x000000000bb32000 	/System/Library/PrivateFrameworks/ChunkingLibrary.framework/Versions/A/ChunkingLibrary
0x000000000bb32000 	/System/Library/PrivateFrameworks/Apple80211.framework/Versions/A/Apple80211
0x000000000bb32000 	/System/Library/Frameworks/CoreWLAN.framework/Versions/A/CoreWLAN
0x000000000bb32000 	/System/Library/Frameworks/IOBluetooth.framework/Versions/A/IOBluetooth
0x000000000bb32000 	/System/Library/PrivateFrameworks/CoreWiFi.framework/Versions/A/CoreWiFi
0x000000000bb32000 	/System/Library/Frameworks/CoreBluetooth.framework/Versions/A/CoreBluetooth
0x000000000bb32000 	/System/Library/PrivateFrameworks/DebugSymbols.framework/Versions/A/DebugSymbols
0x000000000bb32000 	/System/Library/PrivateFrameworks/CoreSymbolication.framework/Versions/A/CoreSymbolication
0x000000000bb32000 	/System/Library/PrivateFrameworks/Symbolication.framework/Versions/A/Symbolication
0x000000000bb32000 	/System/Library/PrivateFrameworks/SpeechRecognitionCore.framework/Versions/A/SpeechRecognitionCore
0x0000000102004000 	/Library/Java/JavaVirtualMachines/jdk1.8.0_25.jdk/Contents/Home/jre/lib/server/libjvm.dylib
0x000000000bb32000 	/usr/lib/libstdc++.6.dylib
0x0000000103023000 	/Library/Java/JavaVirtualMachines/jdk1.8.0_25.jdk/Contents/Home/jre/lib/libverify.dylib
0x0000000103031000 	/Library/Java/JavaVirtualMachines/jdk1.8.0_25.jdk/Contents/Home/jre/lib/libjava.dylib
0x000000010306d000 	/Library/Java/JavaVirtualMachines/jdk1.8.0_25.jdk/Contents/Home/jre/lib/libzip.dylib
0x0000000196d99000 	/System/Library/Frameworks/JavaVM.framework/Frameworks/JavaRuntimeSupport.framework/JavaRuntimeSupport
0x00000001125e9000 	/System/Library/Frameworks/JavaVM.framework/Versions/A/Frameworks/JavaNativeFoundation.framework/Versions/A/JavaNativeFoundation
0x0000000196db4000 	/System/Library/Frameworks/JavaVM.framework/Versions/A/JavaVM
0x000000000bb32000 	/System/Library/Frameworks/Carbon.framework/Versions/A/Carbon
0x0000000196dc1000 	/System/Library/PrivateFrameworks/JavaLaunching.framework/Versions/A/JavaLaunching
0x000000000bb32000 	/System/Library/Frameworks/Carbon.framework/Versions/A/Frameworks/CommonPanels.framework/Versions/A/CommonPanels
0x000000000bb32000 	/System/Library/Frameworks/Carbon.framework/Versions/A/Frameworks/Help.framework/Versions/A/Help
0x000000000bb32000 	/System/Library/Frameworks/Carbon.framework/Versions/A/Frameworks/ImageCapture.framework/Versions/A/ImageCapture
0x000000000bb32000 	/System/Library/Frameworks/Carbon.framework/Versions/A/Frameworks/OpenScripting.framework/Versions/A/OpenScripting
0x000000000bb32000 	/System/Library/Frameworks/Carbon.framework/Versions/A/Frameworks/Print.framework/Versions/A/Print
0x000000000bb32000 	/System/Library/Frameworks/Carbon.framework/Versions/A/Frameworks/SecurityHI.framework/Versions/A/SecurityHI
0x0000000198da9000 	/Library/Java/JavaVirtualMachines/jdk1.8.0_25.jdk/Contents/Home/jre/lib/libprism_es2.dylib
0x000000000bb32000 	/System/Library/Frameworks/OpenGL.framework/Versions/A/Resources/GLEngine.bundle/GLEngine
0x000000000bb32000 	/System/Library/Frameworks/OpenGL.framework/Versions/A/Libraries/libGLProgrammability.dylib
0x0000000000000000 	/System/Library/Extensions/AppleIntelHD5000GraphicsGLDriver.bundle/Contents/MacOS/AppleIntelHD5000GraphicsGLDriver
0x000000000bb32000 	/System/Library/PrivateFrameworks/IOAccelerator.framework/Versions/A/IOAccelerator
0x000000000bb32000 	/System/Library/PrivateFrameworks/GPUSupport.framework/Versions/A/Libraries/libGPUSupportMercury.dylib
0x000000000bb32000 	/System/Library/Frameworks/OpenGL.framework/Versions/A/Resources/GLRendererFloat.bundle/GLRendererFloat
0x000000000bb32000 	/System/Library/Frameworks/OpenCL.framework/Versions/A/Libraries/libcldcpuengine.dylib
0x000000000bb32000 	/System/Library/PrivateFrameworks/DiskImages.framework/Versions/A/DiskImages
0x000000000bb32000 	/System/Library/Frameworks/DiscRecording.framework/Versions/A/DiscRecording
0x000000000bb32000 	/usr/lib/libcsfde.dylib
0x000000000bb32000 	/usr/lib/libcurl.4.dylib
0x000000000bb32000 	/System/Library/PrivateFrameworks/MediaKit.framework/Versions/A/MediaKit
0x000000000bb32000 	/System/Library/PrivateFrameworks/ProtectedCloudStorage.framework/Versions/A/ProtectedCloudStorage
0x000000000bb32000 	/usr/lib/libCoreStorage.dylib
0x000000000bb32000 	/System/Library/PrivateFrameworks/EFILogin.framework/Versions/A/EFILogin
0x000000000bb32000 	/usr/lib/libutil.dylib
0x000000000bb32000 	/System/Library/PrivateFrameworks/FindMyDevice.framework/Versions/A/FindMyDevice
0x000000000bb32000 	/System/Library/Frameworks/LDAP.framework/Versions/A/LDAP
0x000000000bb32000 	/usr/lib/libsasl2.2.dylib
0x000000000bb32000 	/System/Library/PrivateFrameworks/CoreDaemon.framework/Versions/B/CoreDaemon
0x000000000bb32000 	/usr/lib/libcrypto.0.9.8.dylib
0x000000000bb32000 	/System/Library/PrivateFrameworks/AppleSRP.framework/Versions/A/AppleSRP
0x000000000bb32000 	/System/Library/PrivateFrameworks/TrustEvaluationAgent.framework/Versions/A/TrustEvaluationAgent
0x0000000199256000 	/Library/Java/JavaVirtualMachines/jdk1.8.0_25.jdk/Contents/Home/jre/lib/libglass.dylib
0x000000000bb32000 	/System/Library/PrivateFrameworks/CoreServicesInternal.framework/Versions/A/CoreServicesInternal
0x000000000bb32000 	/System/Library/PrivateFrameworks/CloudDocs.framework/Versions/A/CloudDocs
0x000000000bb32000 	/System/Library/PrivateFrameworks/CoreDuet.framework/Versions/A/CoreDuet
0x000000000bb32000 	/System/Library/Frameworks/CloudKit.framework/Versions/A/CloudKit
0x000000000bb32000 	/System/Library/PrivateFrameworks/ProtocolBuffer.framework/Versions/A/ProtocolBuffer
0x000000000bb32000 	/System/Library/PrivateFrameworks/CoreDuetDaemonProtocol.framework/Versions/A/CoreDuetDaemonProtocol
0x000000000bb32000 	/System/Library/PrivateFrameworks/CoreDuetDebugLogging.framework/Versions/A/CoreDuetDebugLogging
0x000000000bb32000 	/System/Library/Frameworks/CoreLocation.framework/Versions/A/CoreLocation
0x000000000bb32000 	/System/Library/Frameworks/Accounts.framework/Versions/A/Accounts
0x000000000bb32000 	/System/Library/PrivateFrameworks/ApplePushService.framework/Versions/A/ApplePushService
0x000000000bb32000 	/System/Library/PrivateFrameworks/GeoServices.framework/Versions/A/GeoServices
0x000000000bb32000 	/System/Library/PrivateFrameworks/OAuth.framework/Versions/A/OAuth
0x000000000bb32000 	/System/Library/Frameworks/CoreGraphics.framework/Versions/A/Resources/libCGCMS.A.dylib
0x000000000bb32000 	/System/Library/CoreServices/RawCamera.bundle/Contents/MacOS/RawCamera
0x000000000bb32000 	/System/Library/Frameworks/CoreGraphics.framework/Versions/A/Resources/libRIP.A.dylib
0x000000000bb32000 	/System/Library/PrivateFrameworks/FamilyControls.framework/Versions/A/FamilyControls
0x000000000bb32000 	/System/Library/PrivateFrameworks/CommerceKit.framework/Versions/A/Frameworks/CommerceCore.framework/Versions/A/CommerceCore
0x000000000bb32000 	/System/Library/PrivateFrameworks/SystemAdministration.framework/Versions/A/SystemAdministration
0x000000000bb32000 	/System/Library/PrivateFrameworks/AppContainer.framework/Versions/A/AppContainer
0x000000000bb32000 	/System/Library/PrivateFrameworks/SecCodeWrapper.framework/Versions/A/SecCodeWrapper
0x000000000bb32000 	/System/Library/Frameworks/DirectoryService.framework/Versions/A/DirectoryService
0x000000000bb32000 	/System/Library/PrivateFrameworks/LoginUIKit.framework/Versions/A/Frameworks/LoginUICore.framework/Versions/A/LoginUICore
0x000000000bb32000 	/usr/lib/libodfde.dylib
0x000000019c834000 	/Library/Java/JavaVirtualMachines/jdk1.8.0_25.jdk/Contents/Home/jre/lib/libjavafx_font.dylib
0x000000000bb32000 	/System/Library/Frameworks/CoreGraphics.framework/Versions/A/Resources/libCGXType.A.dylib
0x000000019c896000 	/Library/Java/JavaVirtualMachines/jdk1.8.0_25.jdk/Contents/Home/jre/lib/libprism_common.dylib
0x000000019cb37000 	cl_kernels
0x00000001a071f000 	/System/Library/Frameworks/OpenCL.framework/Versions/A/Libraries/ImageFormats/unorm8_bgra.dylib
0x000000019cb3b000 	cl_kernels

VM Arguments:
jvm_args: -Dfile.encoding=UTF-8 
java_command: Main
java_class_path (initial): /Users/vcheng/Documents/workspace/slogo_team08/bin
Launcher Type: SUN_STANDARD

Environment Variables:
PATH=/usr/bin:/bin:/usr/sbin:/sbin
SHELL=/bin/bash
DISPLAY=/private/tmp/com.apple.launchd.hGCU15iGTG/org.macosforge.xquartz:0

Signal Handlers:
SIGSEGV: [libjvm.dylib+0x579dc7], sa_mask[0]=11111111011111110111111111111111, sa_flags=SA_ONSTACK|SA_RESTART|SA_SIGINFO
SIGBUS: [libjvm.dylib+0x579dc7], sa_mask[0]=11111111011111110111111111111111, sa_flags=SA_RESTART|SA_SIGINFO
SIGFPE: [libjvm.dylib+0x45b030], sa_mask[0]=11111111011111110111111111111111, sa_flags=SA_RESTART|SA_SIGINFO
SIGPIPE: [libjvm.dylib+0x45b030], sa_mask[0]=11111111011111110111111111111111, sa_flags=SA_RESTART|SA_SIGINFO
SIGXFSZ: [libjvm.dylib+0x45b030], sa_mask[0]=11111111011111110111111111111111, sa_flags=SA_RESTART|SA_SIGINFO
SIGILL: [libjvm.dylib+0x45b030], sa_mask[0]=11111111011111110111111111111111, sa_flags=SA_RESTART|SA_SIGINFO
SIGUSR1: SIG_DFL, sa_mask[0]=00000000000000000000000000000000, sa_flags=none
SIGUSR2: [libjvm.dylib+0x45ab4e], sa_mask[0]=00100000000000000000000000000000, sa_flags=SA_RESTART|SA_SIGINFO
SIGHUP: [libjvm.dylib+0x459121], sa_mask[0]=11111111011111110111111111111111, sa_flags=SA_RESTART|SA_SIGINFO
SIGINT: [libjvm.dylib+0x459121], sa_mask[0]=11111111011111110111111111111111, sa_flags=SA_RESTART|SA_SIGINFO
SIGTERM: [libjvm.dylib+0x459121], sa_mask[0]=11111111011111110111111111111111, sa_flags=SA_RESTART|SA_SIGINFO
SIGQUIT: [libjvm.dylib+0x459121], sa_mask[0]=11111111011111110111111111111111, sa_flags=SA_RESTART|SA_SIGINFO


---------------  S Y S T E M  ---------------

OS:Bsduname:Darwin 14.1.0 Darwin Kernel Version 14.1.0: Mon Dec 22 23:10:38 PST 2014; root:xnu-2782.10.72~2/RELEASE_X86_64 x86_64
rlimit: STACK 8192k, CORE 0k, NPROC 709, NOFILE 10240, AS infinity
load average:3.32 2.88 2.47

CPU:total 4 (2 cores per cpu, 2 threads per core) family 6 model 69 stepping 1, cmov, cx8, fxsr, mmx, sse, sse2, sse3, ssse3, sse4.1, sse4.2, popcnt, avx, avx2, aes, clmul, erms, lzcnt, ht, tsc, tscinvbit, bmi1, bmi2

Memory: 4k page, physical 4194304k(427344k free)

/proc/meminfo:


vm_info: Java HotSpot(TM) 64-Bit Server VM (25.25-b02) for bsd-amd64 JRE (1.8.0_25-b17), built on Sep 17 2014 16:56:50 by "java_re" with gcc 4.2.1 (Based on Apple Inc. build 5658) (LLVM build 2336.11.00)

time: Fri Mar 11 15:57:05 2016
elapsed time: 1358 seconds (0d 0h 22m 38s)

