#
# A fatal error has been detected by the Java Runtime Environment:
#
#  SIGSEGV (0xb) at pc=0x00000001250f93fd, pid=55485, tid=1811
#
# JRE version: Java(TM) SE Runtime Environment (8.0_25-b17) (build 1.8.0_25-b17)
# Java VM: Java HotSpot(TM) 64-Bit Server VM (25.25-b02 mixed mode bsd-amd64 compressed oops)
# Problematic frame:
# C  [libglass.dylib+0x163fd]  GlassScreenDidChangeScreenParameters+0x9d
#
# Failed to write core dump. Core dumps have been disabled. To enable core dumping, try "ulimit -c unlimited" before starting Java again
#
# If you would like to submit a bug report, please visit:
#   http://bugreport.sun.com/bugreport/crash.jsp
#

---------------  T H R E A D  ---------------

Current thread is native thread

siginfo: si_signo: 11 (SIGSEGV), si_code: 1 (SEGV_MAPERR), si_addr: 0x0000000000000000

Registers:
RAX=0x000000012512be40, RBX=0x0000000000000000, RCX=0xd800c9d711b587f5, RDX=0x00007fb5e1e7dd50
RSP=0x00007fff52483120, RBP=0x00007fff52483130, RSI=0x00007fb5e1c04f18, RDI=0x0000000000000000
R8 =0x00007fff52482fd0, R9 =0x00007fff788e5300, R10=0x0000000000000000, R11=0x0000000000000246
R12=0x00007fb5e1f20840, R13=0x00000000000f4268, R14=0x00007fb5e1d64de0, R15=0x00007fff52483270
RIP=0x00000001250f93fd, EFLAGS=0x0000000000010206, ERR=0x0000000000000004
  TRAPNO=0x000000000000000e

Top of Stack: (sp=0x00007fff52483120)
0x00007fff52483120:   00007fff52483300 00007fb5e1d64de0
0x00007fff52483130:   00007fff52483140 00007fff8f120cdc
0x00007fff52483140:   00007fff524834a0 00007fff8f012244
0x00007fff52483150:   00007fff524831a0 0000000000000000
0x00007fff52483160:   00007fff78fcecf0 00007fb5eba1e2c0
0x00007fff52483170:   0000000000001000 0000000000000900
0x00007fff52483180:   00007fb5eba1e2c0 00007fb5e1d64de0
0x00007fff52483190:   0000000000000000 00007fff52483270
0x00007fff524831a0:   0000000000000000 00007fb5e1d64d50
0x00007fff524831b0:   00007fff524832f0 0000000000000060
0x00007fff524831c0:   00000000000f4326 00007fb5e1e773d0
0x00007fff524831d0:   00007fb5e1e53710 00007fb5e1f20840
0x00007fff524831e0:   0000000000000001 00000000000f4268
0x00007fff524831f0:   00007fb5e1f20830 00007fff95632acb
0x00007fff52483200:   0000000000000001 0000000000000001
0x00007fff52483210:   0000000000000030 0000000000000001
0x00007fff52483220:   00007fff52483240 00007fff95638231
0x00007fff52483230:   00007fff78fccdd0 0000000000000000
0x00007fff52483240:   00007fff52483260 0000000000000026
0x00007fff52483250:   0002ef03e2322400 00007fb5e1f20864
0x00007fff52483260:   0000000000000000 00007fff8f007d1f
0x00007fff52483270:   00007fb5e1d64de0 00007fff78fccdd0
0x00007fff52483280:   00007fff52483300 00007fff8f01084f
0x00007fff52483290:   00007fff5248330c 00007fff52483310
0x00007fff524832a0:   000000010d797a00 0000000000000002
0x00007fff524832b0:   000000010d794000 00007fb5e1eee992
0x00007fff524832c0:   0000000000000003 000000010d797a00
0x00007fff524832d0:   00007fff524833c0 00007fff956312a2
0x00007fff524832e0:   00007fb5e1d4d290 00007fff524834a8
0x00007fff524832f0:   0000000000000017 0000000000000000
0x00007fff52483300:   00000000000f4268 00007fff8f008013
0x00007fff52483310:   00007fff00000000 00007fb5e1e58710 

Instructions: (pc=0x00000001250f93fd)
0x00000001250f93dd:   89 df 4c 89 f1 41 ff 90 68 04 00 00 48 8d 05 58
0x00000001250f93ed:   29 03 00 48 8b 30 48 8d 05 46 2a 03 00 48 8b 10
0x00000001250f93fd:   48 8b 0b 30 c0 48 89 df ff 91 68 04 00 00 48 8b
0x00000001250f940d:   03 48 89 df ff 50 78 48 85 c0 74 36 49 89 c6 48 

Register to memory mapping:

RAX=0x000000012512be40: jScreenNotifySettingsChanged+0 in /Library/Java/JavaVirtualMachines/jdk1.8.0_25.jdk/Contents/Home/jre/lib/libglass.dylib at 0x00000001250e3000
RBX=0x0000000000000000 is an unknown value
RCX=0xd800c9d711b587f5 is an unknown value
RDX=0x00007fb5e1e7dd50 is an unknown value
RSP=0x00007fff52483120 is an unknown value
RBP=0x00007fff52483130 is an unknown value
RSI=0x00007fb5e1c04f18 is a global jni handle
RDI=0x0000000000000000 is an unknown value
R8 =0x00007fff52482fd0 is an unknown value
R9 =0x00007fff788e5300: _thread+0 in /usr/lib/system/libsystem_pthread.dylib at 0x00007fff8c943000
R10=0x0000000000000000 is an unknown value
R11=0x0000000000000246 is an unknown value
R12=0x00007fb5e1f20840 is an unknown value
R13=0x00000000000f4268 is an unknown value
R14=0x00007fb5e1d64de0 is an unknown value
R15=0x00007fff52483270 is an unknown value


Stack: [0x00007fff51c86000,0x00007fff52486000],  sp=0x00007fff52483120,  free space=8180k
Native frames: (J=compiled Java code, j=interpreted, Vv=VM code, C=native code)
C  [libglass.dylib+0x163fd]  GlassScreenDidChangeScreenParameters+0x9d
C  [CoreFoundation+0x11ecdc]  __CFNOTIFICATIONCENTER_IS_CALLING_OUT_TO_AN_OBSERVER__+0xc
C  [CoreFoundation+0x10244]  _CFXNotificationPost+0xc44
C  [Foundation+0x2c31]  -[NSNotificationCenter postNotificationName:object:userInfo:]+0x42
C  [AppKit+0x36305e]  -[NSApplication _reactToScreenInvalidationImmediately:]+0x17b
C  [AppKit+0x362e9d]  __44-[NSApplication _reactToScreenInvalidation:]_block_invoke+0x4b
C  [CoreFoundation+0x8056c]  __CFRUNLOOP_IS_CALLING_OUT_TO_A_BLOCK__+0xc
C  [CoreFoundation+0x72675]  __CFRunLoopDoBlocks+0x155
C  [CoreFoundation+0x721b6]  __CFRunLoopRun+0x716
C  [CoreFoundation+0x71858]  CFRunLoopRunSpecific+0x128
C  [java+0x56cc]  CreateExecutionEnvironment+0x367
C  [java+0x165c]  JLI_Launch+0x7a0
C  [java+0x768a]  main+0x65
C  [java+0xeb4]  start+0x34


---------------  P R O C E S S  ---------------

VM state:not at safepoint (normal execution)

VM Mutex/Monitor currently owned by a thread: None

Heap:
 PSYoungGen      total 18944K, used 12705K [0x00000007aab00000, 0x00000007ac000000, 0x00000007c0000000)
  eden space 16384K, 62% used [0x00000007aab00000,0x00000007ab4f0510,0x00000007abb00000)
  from space 2560K, 98% used [0x00000007abb00000,0x00000007abd78010,0x00000007abd80000)
  to   space 2560K, 0% used [0x00000007abd80000,0x00000007abd80000,0x00000007ac000000)
 ParOldGen       total 44032K, used 6323K [0x0000000780000000, 0x0000000782b00000, 0x00000007aab00000)
  object space 44032K, 14% used [0x0000000780000000,0x000000078062cdc0,0x0000000782b00000)
 Metaspace       used 17517K, capacity 18866K, committed 19072K, reserved 1064960K
  class space    used 2662K, capacity 2918K, committed 2944K, reserved 1048576K

Card table byte_map: [0x000000011e4dc000,0x000000011e6dd000] byte_map_base: 0x000000011a8dc000

Marking Bits: (ParMarkBitMap*) 0x000000010ea9d390
 Begin Bits: [0x000000011ec3f000, 0x000000011fc3f000)
 End Bits:   [0x000000011fc3f000, 0x0000000120c3f000)

Polling page: 0x000000010d9d4000

CodeCache: size=245760Kb used=7081Kb max_used=7092Kb free=238678Kb
 bounds [0x000000010f11c000, 0x000000010f81c000, 0x000000011e11c000]
 total_blobs=2944 nmethods=2298 adapters=560
 compilation: enabled

Compilation events (10 events):
Event: 62.903 Thread 0x00007fb5e2024000 2295       4       com.sun.glass.ui.mac.MacGestureSupport::notifyNextTouchEvent (38 bytes)
Event: 62.937 Thread 0x00007fb5e2024000 nmethod 2295 0x000000010f806010 code [0x000000010f806300, 0x000000010f8075e0]
Event: 65.324 Thread 0x00007fb5e3835000 2296       4       java.util.ArrayList$Itr::<init> (6 bytes)
Event: 65.325 Thread 0x00007fb5e3835000 nmethod 2296 0x000000010f804610 code [0x000000010f804760, 0x000000010f8047f8]
Event: 74.916 Thread 0x00007fb5e2024000 2298   !   4       com.sun.glass.ui.mac.MacTouchInputSupport::notifyEndTouchEvent (120 bytes)
Event: 74.916 Thread 0x00007fb5e3835000 2297       4       com.sun.glass.ui.mac.MacGestureSupport::notifyEndTouchEvent (8 bytes)
Event: 74.937 Thread 0x00007fb5e3835000 nmethod 2297 0x000000010f80b190 code [0x000000010f80b3c0, 0x000000010f80bff0]
Event: 74.938 Thread 0x00007fb5e2024000 nmethod 2298 0x000000010f80ced0 code [0x000000010f80d0e0, 0x000000010f80dc90]
Event: 90.355 Thread 0x00007fb5e2024000 2299       4       com.sun.javafx.tk.quantum.QuantumToolkit$$Lambda$43/184968912::run (8 bytes)
Event: 90.362 Thread 0x00007fb5e2024000 nmethod 2299 0x000000010f808f50 code [0x000000010f8090e0, 0x000000010f809398]

GC Heap History (6 events):
Event: 0.854 GC heap before
{Heap before GC invocations=1 (full 0):
 PSYoungGen      total 18944K, used 16384K [0x00000007aab00000, 0x00000007ac000000, 0x00000007c0000000)
  eden space 16384K, 100% used [0x00000007aab00000,0x00000007abb00000,0x00000007abb00000)
  from space 2560K, 0% used [0x00000007abd80000,0x00000007abd80000,0x00000007ac000000)
  to   space 2560K, 0% used [0x00000007abb00000,0x00000007abb00000,0x00000007abd80000)
 ParOldGen       total 44032K, used 0K [0x0000000780000000, 0x0000000782b00000, 0x00000007aab00000)
  object space 44032K, 0% used [0x0000000780000000,0x0000000780000000,0x0000000782b00000)
 Metaspace       used 8843K, capacity 9392K, committed 9600K, reserved 1056768K
  class space    used 1199K, capacity 1305K, committed 1408K, reserved 1048576K
Event: 0.860 GC heap after
Heap after GC invocations=1 (full 0):
 PSYoungGen      total 18944K, used 2528K [0x00000007aab00000, 0x00000007ac000000, 0x00000007c0000000)
  eden space 16384K, 0% used [0x00000007aab00000,0x00000007aab00000,0x00000007abb00000)
  from space 2560K, 98% used [0x00000007abb00000,0x00000007abd78020,0x00000007abd80000)
  to   space 2560K, 0% used [0x00000007abd80000,0x00000007abd80000,0x00000007ac000000)
 ParOldGen       total 44032K, used 32K [0x0000000780000000, 0x0000000782b00000, 0x00000007aab00000)
  object space 44032K, 0% used [0x0000000780000000,0x0000000780008000,0x0000000782b00000)
 Metaspace       used 8843K, capacity 9392K, committed 9600K, reserved 1056768K
  class space    used 1199K, capacity 1305K, committed 1408K, reserved 1048576K
}
Event: 1.689 GC heap before
{Heap before GC invocations=2 (full 0):
 PSYoungGen      total 18944K, used 18912K [0x00000007aab00000, 0x00000007ac000000, 0x00000007c0000000)
  eden space 16384K, 100% used [0x00000007aab00000,0x00000007abb00000,0x00000007abb00000)
  from space 2560K, 98% used [0x00000007abb00000,0x00000007abd78020,0x00000007abd80000)
  to   space 2560K, 0% used [0x00000007abd80000,0x00000007abd80000,0x00000007ac000000)
 ParOldGen       total 44032K, used 32K [0x0000000780000000, 0x0000000782b00000, 0x00000007aab00000)
  object space 44032K, 0% used [0x0000000780000000,0x0000000780008000,0x0000000782b00000)
 Metaspace       used 14718K, capacity 15584K, committed 15616K, reserved 1062912K
  class space    used 2331K, capacity 2534K, committed 2560K, reserved 1048576K
Event: 1.696 GC heap after
Heap after GC invocations=2 (full 0):
 PSYoungGen      total 18944K, used 2544K [0x00000007aab00000, 0x00000007ac000000, 0x00000007c0000000)
  eden space 16384K, 0% used [0x00000007aab00000,0x00000007aab00000,0x00000007abb00000)
  from space 2560K, 99% used [0x00000007abd80000,0x00000007abffc020,0x00000007ac000000)
  to   space 2560K, 0% used [0x00000007abb00000,0x00000007abb00000,0x00000007abd80000)
 ParOldGen       total 44032K, used 1790K [0x0000000780000000, 0x0000000782b00000, 0x00000007aab00000)
  object space 44032K, 4% used [0x0000000780000000,0x00000007801bf8b0,0x0000000782b00000)
 Metaspace       used 14718K, capacity 15584K, committed 15616K, reserved 1062912K
  class space    used 2331K, capacity 2534K, committed 2560K, reserved 1048576K
}
Event: 73.024 GC heap before
{Heap before GC invocations=3 (full 0):
 PSYoungGen      total 18944K, used 18928K [0x00000007aab00000, 0x00000007ac000000, 0x00000007c0000000)
  eden space 16384K, 100% used [0x00000007aab00000,0x00000007abb00000,0x00000007abb00000)
  from space 2560K, 99% used [0x00000007abd80000,0x00000007abffc020,0x00000007ac000000)
  to   space 2560K, 0% used [0x00000007abb00000,0x00000007abb00000,0x00000007abd80000)
 ParOldGen       total 44032K, used 1790K [0x0000000780000000, 0x0000000782b00000, 0x00000007aab00000)
  object space 44032K, 4% used [0x0000000780000000,0x00000007801bf8b0,0x0000000782b00000)
 Metaspace       used 17483K, capacity 18766K, committed 18816K, reserved 1064960K
  class space    used 2654K, capacity 2910K, committed 2944K, reserved 1048576K
Event: 73.043 GC heap after
Heap after GC invocations=3 (full 0):
 PSYoungGen      total 18944K, used 2528K [0x00000007aab00000, 0x00000007ac000000, 0x00000007c0000000)
  eden space 16384K, 0% used [0x00000007aab00000,0x00000007aab00000,0x00000007abb00000)
  from space 2560K, 98% used [0x00000007abb00000,0x00000007abd78010,0x00000007abd80000)
  to   space 2560K, 0% used [0x00000007abd80000,0x00000007abd80000,0x00000007ac000000)
 ParOldGen       total 44032K, used 6323K [0x0000000780000000, 0x0000000782b00000, 0x00000007aab00000)
  object space 44032K, 14% used [0x0000000780000000,0x000000078062cdc0,0x0000000782b00000)
 Metaspace       used 17483K, capacity 18766K, committed 18816K, reserved 1064960K
  class space    used 2654K, capacity 2910K, committed 2944K, reserved 1048576K
}

Deoptimization events (10 events):
Event: 1.185 Thread 0x00007fb5e20db800 Uncommon trap: reason=speculate_class_check action=maybe_recompile pc=0x000000010f420c40 method=com.sun.javafx.css.BitSet.containsAll(Ljava/util/Collection;)Z @ 18
Event: 1.410 Thread 0x00007fb5e20db800 Uncommon trap: reason=unloaded action=reinterpret pc=0x000000010f337718 method=java.lang.CharacterData.of(I)Ljava/lang/CharacterData; @ 96
Event: 1.558 Thread 0x00007fb5e20db800 Uncommon trap: reason=unreached action=reinterpret pc=0x000000010f447904 method=java.util.HashMap.putVal(ILjava/lang/Object;Ljava/lang/Object;ZZ)Ljava/lang/Object; @ 193
Event: 1.795 Thread 0x00007fb5e20db800 Uncommon trap: reason=array_check action=maybe_recompile pc=0x000000010f553678 method=com.sun.javafx.css.SimpleSelector.applies(Ljavafx/css/Styleable;[Ljava/util/Set;I)Z @ 37
Event: 1.796 Thread 0x00007fb5e20db800 Uncommon trap: reason=array_check action=maybe_recompile pc=0x000000010f553678 method=com.sun.javafx.css.SimpleSelector.applies(Ljavafx/css/Styleable;[Ljava/util/Set;I)Z @ 37
Event: 1.796 Thread 0x00007fb5e20db800 Uncommon trap: reason=array_check action=maybe_recompile pc=0x000000010f553678 method=com.sun.javafx.css.SimpleSelector.applies(Ljavafx/css/Styleable;[Ljava/util/Set;I)Z @ 37
Event: 1.796 Thread 0x00007fb5e20db800 Uncommon trap: reason=array_check action=maybe_recompile pc=0x000000010f553678 method=com.sun.javafx.css.SimpleSelector.applies(Ljavafx/css/Styleable;[Ljava/util/Set;I)Z @ 37
Event: 1.822 Thread 0x00007fb5e20db800 Uncommon trap: reason=unreached action=reinterpret pc=0x000000010f4a90f0 method=sun.misc.URLClassPath$JarLoader.ensureOpen()V @ 4
Event: 1.915 Thread 0x00007fb5e20db800 Uncommon trap: reason=unreached action=reinterpret pc=0x000000010f5a7934 method=com.sun.javafx.css.SimpleSelector.stateMatches(Ljavafx/css/Styleable;Ljava/util/Set;)Z @ 1
Event: 1.925 Thread 0x00007fb5e20db800 Uncommon trap: reason=unreached action=reinterpret pc=0x000000010f551464 method=com.sun.javafx.css.BitSet.addAll(Ljava/util/Collection;)Z @ 1

Internal exceptions (10 events):
Event: 1.493 Thread 0x00007fb5e20db800 Exception <a 'java/security/PrivilegedActionException'> (0x00000007ab679688) thrown at [/HUDSON3/workspace/8-2-build-macosx-x86_64/jdk8u25/1514/hotspot/src/share/vm/prims/jvm.cpp, line 1312]
Event: 1.495 Thread 0x00007fb5e20db800 Exception <a 'java/security/PrivilegedActionException'> (0x00000007ab696750) thrown at [/HUDSON3/workspace/8-2-build-macosx-x86_64/jdk8u25/1514/hotspot/src/share/vm/prims/jvm.cpp, line 1312]
Event: 1.822 Thread 0x00007fb5e20db800 Implicit null exception at 0x000000010f4a76b2 to 0x000000010f4a90e1
Event: 1.915 Thread 0x00007fb5e20db800 Implicit null exception at 0x000000010f5a7179 to 0x000000010f5a790d
Event: 1.925 Thread 0x00007fb5e20db800 Implicit null exception at 0x000000010f550ed0 to 0x000000010f551451
Event: 3.488 Thread 0x00007fb5e20db800 Exception <a 'java/security/PrivilegedActionException'> (0x00000007ab64b9c0) thrown at [/HUDSON3/workspace/8-2-build-macosx-x86_64/jdk8u25/1514/hotspot/src/share/vm/prims/jvm.cpp, line 1312]
Event: 3.488 Thread 0x00007fb5e20db800 Exception <a 'java/security/PrivilegedActionException'> (0x00000007ab64cdf0) thrown at [/HUDSON3/workspace/8-2-build-macosx-x86_64/jdk8u25/1514/hotspot/src/share/vm/prims/jvm.cpp, line 1312]
Event: 3.488 Thread 0x00007fb5e20db800 Exception <a 'java/security/PrivilegedActionException'> (0x00000007ab651bf0) thrown at [/HUDSON3/workspace/8-2-build-macosx-x86_64/jdk8u25/1514/hotspot/src/share/vm/prims/jvm.cpp, line 1312]
Event: 3.488 Thread 0x00007fb5e20db800 Exception <a 'java/security/PrivilegedActionException'> (0x00000007ab653070) thrown at [/HUDSON3/workspace/8-2-build-macosx-x86_64/jdk8u25/1514/hotspot/src/share/vm/prims/jvm.cpp, line 1312]
Event: 6.956 Thread 0x00007fb5e20db800 Exception <a 'java/security/PrivilegedActionException'> (0x00000007ab6cc5f0) thrown at [/HUDSON3/workspace/8-2-build-macosx-x86_64/jdk8u25/1514/hotspot/src/share/vm/prims/jvm.cpp, line 1312]

Events (10 events):
Event: 498.748 loading class com/sun/javafx/tk/quantum/QuantumRenderer
Event: 498.748 loading class com/sun/javafx/tk/quantum/QuantumRenderer done
Event: 498.749 loading class com/sun/javafx/tk/quantum/QuantumToolkit
Event: 498.749 loading class com/sun/javafx/tk/quantum/QuantumToolkit done
Event: 498.749 Thread 0x00007fb5e38f3800 Thread exited: 0x00007fb5e38f3800
Event: 498.749 Thread 0x00007fb5e28e2800 Thread exited: 0x00007fb5e28e2800
Event: 498.750 Thread 0x00007fb5e3800800 Thread exited: 0x00007fb5e3800800
Event: 498.750 Thread 0x00007fb5e20a6000 Thread added: 0x00007fb5e20a6000
Event: 499.271 Thread 0x00007fb5e20db800 Thread exited: 0x00007fb5e20db800
Event: 499.272 loading class java/util/IdentityHashMap$KeySet


Dynamic libraries:
0x0000000007d2d000 	/System/Library/Frameworks/Cocoa.framework/Versions/A/Cocoa
0x0000000007d2d000 	/System/Library/Frameworks/Security.framework/Versions/A/Security
0x0000000007d2d000 	/System/Library/Frameworks/ApplicationServices.framework/Versions/A/ApplicationServices
0x0000000007d2d000 	/usr/lib/libz.1.dylib
0x0000000007d2d000 	/usr/lib/libSystem.B.dylib
0x0000000007d2d000 	/usr/lib/libobjc.A.dylib
0x0000000007d2d000 	/System/Library/Frameworks/CoreFoundation.framework/Versions/A/CoreFoundation
0x0000000007d2d000 	/System/Library/Frameworks/Foundation.framework/Versions/C/Foundation
0x0000000007d2d000 	/System/Library/Frameworks/AppKit.framework/Versions/C/AppKit
0x0000000007d2d000 	/System/Library/Frameworks/CoreData.framework/Versions/A/CoreData
0x0000000007d2d000 	/System/Library/PrivateFrameworks/RemoteViewServices.framework/Versions/A/RemoteViewServices
0x0000000007d2d000 	/System/Library/PrivateFrameworks/UIFoundation.framework/Versions/A/UIFoundation
0x0000000007d2d000 	/System/Library/Frameworks/IOSurface.framework/Versions/A/IOSurface
0x0000000007d2d000 	/System/Library/Frameworks/AudioToolbox.framework/Versions/A/AudioToolbox
0x0000000007d2d000 	/System/Library/Frameworks/AudioUnit.framework/Versions/A/AudioUnit
0x0000000007d2d000 	/System/Library/PrivateFrameworks/DataDetectorsCore.framework/Versions/A/DataDetectorsCore
0x0000000007d2d000 	/System/Library/PrivateFrameworks/DesktopServicesPriv.framework/Versions/A/DesktopServicesPriv
0x0000000007d2d000 	/System/Library/Frameworks/Carbon.framework/Versions/A/Frameworks/HIToolbox.framework/Versions/A/HIToolbox
0x0000000007d2d000 	/System/Library/Frameworks/QuartzCore.framework/Versions/A/QuartzCore
0x0000000007d2d000 	/System/Library/Frameworks/Carbon.framework/Versions/A/Frameworks/SpeechRecognition.framework/Versions/A/SpeechRecognition
0x0000000007d2d000 	/usr/lib/libauto.dylib
0x0000000007d2d000 	/usr/lib/libicucore.A.dylib
0x0000000007d2d000 	/usr/lib/libxml2.2.dylib
0x0000000007d2d000 	/System/Library/PrivateFrameworks/CoreUI.framework/Versions/A/CoreUI
0x0000000007d2d000 	/System/Library/Frameworks/CoreAudio.framework/Versions/A/CoreAudio
0x0000000007d2d000 	/System/Library/Frameworks/DiskArbitration.framework/Versions/A/DiskArbitration
0x0000000007d2d000 	/usr/lib/liblangid.dylib
0x0000000007d2d000 	/System/Library/PrivateFrameworks/MultitouchSupport.framework/Versions/A/MultitouchSupport
0x0000000007d2d000 	/System/Library/Frameworks/IOKit.framework/Versions/A/IOKit
0x0000000007d2d000 	/usr/lib/libDiagnosticMessagesClient.dylib
0x0000000007d2d000 	/System/Library/Frameworks/CoreServices.framework/Versions/A/CoreServices
0x0000000007d2d000 	/System/Library/PrivateFrameworks/PerformanceAnalysis.framework/Versions/A/PerformanceAnalysis
0x0000000007d2d000 	/System/Library/PrivateFrameworks/GenerationalStorage.framework/Versions/A/GenerationalStorage
0x0000000007d2d000 	/System/Library/Frameworks/OpenGL.framework/Versions/A/OpenGL
0x0000000007d2d000 	/System/Library/PrivateFrameworks/Sharing.framework/Versions/A/Sharing
0x0000000007d2d000 	/System/Library/Frameworks/CoreGraphics.framework/Versions/A/CoreGraphics
0x0000000007d2d000 	/System/Library/Frameworks/CoreText.framework/Versions/A/CoreText
0x0000000007d2d000 	/System/Library/Frameworks/ImageIO.framework/Versions/A/ImageIO
0x0000000007d2d000 	/usr/lib/libextension.dylib
0x0000000007d2d000 	/System/Library/PrivateFrameworks/Backup.framework/Versions/A/Backup
0x0000000007d2d000 	/usr/lib/libarchive.2.dylib
0x0000000007d2d000 	/System/Library/Frameworks/CFNetwork.framework/Versions/A/CFNetwork
0x0000000007d2d000 	/System/Library/Frameworks/SystemConfiguration.framework/Versions/A/SystemConfiguration
0x0000000007d2d000 	/usr/lib/libCRFSuite.dylib
0x0000000007d2d000 	/usr/lib/libc++.1.dylib
0x0000000007d2d000 	/usr/lib/libc++abi.dylib
0x0000000007d2d000 	/usr/lib/system/libcache.dylib
0x0000000007d2d000 	/usr/lib/system/libcommonCrypto.dylib
0x0000000007d2d000 	/usr/lib/system/libcompiler_rt.dylib
0x0000000007d2d000 	/usr/lib/system/libcopyfile.dylib
0x0000000007d2d000 	/usr/lib/system/libcorecrypto.dylib
0x0000000007d2d000 	/usr/lib/system/libdispatch.dylib
0x0000000007d2d000 	/usr/lib/system/libdyld.dylib
0x0000000007d2d000 	/usr/lib/system/libkeymgr.dylib
0x0000000007d2d000 	/usr/lib/system/liblaunch.dylib
0x0000000007d2d000 	/usr/lib/system/libmacho.dylib
0x0000000007d2d000 	/usr/lib/system/libquarantine.dylib
0x0000000007d2d000 	/usr/lib/system/libremovefile.dylib
0x0000000007d2d000 	/usr/lib/system/libsystem_asl.dylib
0x0000000007d2d000 	/usr/lib/system/libsystem_blocks.dylib
0x0000000007d2d000 	/usr/lib/system/libsystem_c.dylib
0x0000000007d2d000 	/usr/lib/system/libsystem_configuration.dylib
0x0000000007d2d000 	/usr/lib/system/libsystem_coreservices.dylib
0x0000000007d2d000 	/usr/lib/system/libsystem_coretls.dylib
0x0000000007d2d000 	/usr/lib/system/libsystem_dnssd.dylib
0x0000000007d2d000 	/usr/lib/system/libsystem_info.dylib
0x0000000007d2d000 	/usr/lib/system/libsystem_kernel.dylib
0x0000000007d2d000 	/usr/lib/system/libsystem_m.dylib
0x0000000007d2d000 	/usr/lib/system/libsystem_malloc.dylib
0x0000000007d2d000 	/usr/lib/system/libsystem_network.dylib
0x0000000007d2d000 	/usr/lib/system/libsystem_networkextension.dylib
0x0000000007d2d000 	/usr/lib/system/libsystem_notify.dylib
0x0000000007d2d000 	/usr/lib/system/libsystem_platform.dylib
0x0000000007d2d000 	/usr/lib/system/libsystem_pthread.dylib
0x0000000007d2d000 	/usr/lib/system/libsystem_sandbox.dylib
0x0000000007d2d000 	/usr/lib/system/libsystem_secinit.dylib
0x0000000007d2d000 	/usr/lib/system/libsystem_stats.dylib
0x0000000007d2d000 	/usr/lib/system/libsystem_trace.dylib
0x0000000007d2d000 	/usr/lib/system/libunc.dylib
0x0000000007d2d000 	/usr/lib/system/libunwind.dylib
0x0000000007d2d000 	/usr/lib/system/libxpc.dylib
0x0000000007d2d000 	/usr/lib/libbz2.1.0.dylib
0x0000000007d2d000 	/usr/lib/liblzma.5.dylib
0x0000000007d2d000 	/usr/lib/libbsm.0.dylib
0x0000000007d2d000 	/usr/lib/libsqlite3.dylib
0x0000000007d2d000 	/usr/lib/system/libkxld.dylib
0x0000000007d2d000 	/usr/lib/libxar.1.dylib
0x0000000007d2d000 	/usr/lib/libpam.2.dylib
0x0000000007d2d000 	/usr/lib/libOpenScriptingUtil.dylib
0x0000000007d2d000 	/System/Library/Frameworks/CoreServices.framework/Versions/A/Frameworks/FSEvents.framework/Versions/A/FSEvents
0x0000000007d2d000 	/System/Library/Frameworks/CoreServices.framework/Versions/A/Frameworks/CarbonCore.framework/Versions/A/CarbonCore
0x0000000007d2d000 	/System/Library/Frameworks/CoreServices.framework/Versions/A/Frameworks/Metadata.framework/Versions/A/Metadata
0x0000000007d2d000 	/System/Library/Frameworks/CoreServices.framework/Versions/A/Frameworks/OSServices.framework/Versions/A/OSServices
0x0000000007d2d000 	/System/Library/Frameworks/CoreServices.framework/Versions/A/Frameworks/SearchKit.framework/Versions/A/SearchKit
0x0000000007d2d000 	/System/Library/Frameworks/CoreServices.framework/Versions/A/Frameworks/AE.framework/Versions/A/AE
0x0000000007d2d000 	/System/Library/Frameworks/CoreServices.framework/Versions/A/Frameworks/LaunchServices.framework/Versions/A/LaunchServices
0x0000000007d2d000 	/System/Library/Frameworks/CoreServices.framework/Versions/A/Frameworks/DictionaryServices.framework/Versions/A/DictionaryServices
0x0000000007d2d000 	/System/Library/Frameworks/NetFS.framework/Versions/A/NetFS
0x0000000007d2d000 	/System/Library/PrivateFrameworks/NetAuth.framework/Versions/A/NetAuth
0x0000000007d2d000 	/System/Library/PrivateFrameworks/login.framework/Versions/A/Frameworks/loginsupport.framework/Versions/A/loginsupport
0x0000000007d2d000 	/System/Library/PrivateFrameworks/TCC.framework/Versions/A/TCC
0x0000000007d2d000 	/usr/lib/libmecabra.dylib
0x0000000007d2d000 	/System/Library/Frameworks/ApplicationServices.framework/Versions/A/Frameworks/ATS.framework/Versions/A/ATS
0x0000000007d2d000 	/System/Library/Frameworks/ApplicationServices.framework/Versions/A/Frameworks/ColorSync.framework/Versions/A/ColorSync
0x0000000007d2d000 	/System/Library/Frameworks/ApplicationServices.framework/Versions/A/Frameworks/HIServices.framework/Versions/A/HIServices
0x0000000007d2d000 	/System/Library/Frameworks/ApplicationServices.framework/Versions/A/Frameworks/LangAnalysis.framework/Versions/A/LangAnalysis
0x0000000007d2d000 	/System/Library/Frameworks/ApplicationServices.framework/Versions/A/Frameworks/PrintCore.framework/Versions/A/PrintCore
0x0000000007d2d000 	/System/Library/Frameworks/ApplicationServices.framework/Versions/A/Frameworks/QD.framework/Versions/A/QD
0x0000000007d2d000 	/System/Library/Frameworks/ApplicationServices.framework/Versions/A/Frameworks/SpeechSynthesis.framework/Versions/A/SpeechSynthesis
0x0000000007d2d000 	/System/Library/Frameworks/Accelerate.framework/Versions/A/Accelerate
0x0000000007d2d000 	/System/Library/Frameworks/Accelerate.framework/Versions/A/Frameworks/vImage.framework/Versions/A/vImage
0x0000000007d2d000 	/System/Library/Frameworks/Accelerate.framework/Versions/A/Frameworks/vecLib.framework/Versions/A/vecLib
0x0000000007d2d000 	/System/Library/Frameworks/Accelerate.framework/Versions/A/Frameworks/vecLib.framework/Versions/A/libvDSP.dylib
0x0000000007d2d000 	/System/Library/Frameworks/Accelerate.framework/Versions/A/Frameworks/vecLib.framework/Versions/A/libvMisc.dylib
0x0000000007d2d000 	/System/Library/Frameworks/Accelerate.framework/Versions/A/Frameworks/vecLib.framework/Versions/A/libLAPACK.dylib
0x0000000007d2d000 	/System/Library/Frameworks/Accelerate.framework/Versions/A/Frameworks/vecLib.framework/Versions/A/libBLAS.dylib
0x0000000007d2d000 	/System/Library/Frameworks/Accelerate.framework/Versions/A/Frameworks/vecLib.framework/Versions/A/libLinearAlgebra.dylib
0x0000000007d2d000 	/System/Library/Frameworks/ApplicationServices.framework/Versions/A/Frameworks/ATS.framework/Versions/A/Resources/libFontParser.dylib
0x0000000007d2d000 	/System/Library/Frameworks/ApplicationServices.framework/Versions/A/Frameworks/ATS.framework/Versions/A/Resources/libFontRegistry.dylib
0x0000000007d2d000 	/System/Library/PrivateFrameworks/AppleVPA.framework/Versions/A/AppleVPA
0x0000000007d2d000 	/System/Library/PrivateFrameworks/AppleJPEG.framework/Versions/A/AppleJPEG
0x0000000007d2d000 	/System/Library/Frameworks/ImageIO.framework/Versions/A/Resources/libJPEG.dylib
0x0000000007d2d000 	/System/Library/Frameworks/ImageIO.framework/Versions/A/Resources/libTIFF.dylib
0x0000000007d2d000 	/System/Library/Frameworks/ImageIO.framework/Versions/A/Resources/libPng.dylib
0x0000000007d2d000 	/System/Library/Frameworks/ImageIO.framework/Versions/A/Resources/libGIF.dylib
0x0000000007d2d000 	/System/Library/Frameworks/ImageIO.framework/Versions/A/Resources/libJP2.dylib
0x0000000007d2d000 	/System/Library/Frameworks/ImageIO.framework/Versions/A/Resources/libRadiance.dylib
0x0000000007d2d000 	/System/Library/Frameworks/CoreVideo.framework/Versions/A/CoreVideo
0x0000000007d2d000 	/System/Library/Frameworks/OpenGL.framework/Versions/A/Libraries/libGLU.dylib
0x0000000007d2d000 	/System/Library/Frameworks/OpenGL.framework/Versions/A/Libraries/libGFXShared.dylib
0x0000000007d2d000 	/System/Library/Frameworks/OpenGL.framework/Versions/A/Libraries/libGL.dylib
0x0000000007d2d000 	/System/Library/Frameworks/OpenGL.framework/Versions/A/Libraries/libGLImage.dylib
0x0000000007d2d000 	/System/Library/Frameworks/OpenGL.framework/Versions/A/Libraries/libCVMSPluginSupport.dylib
0x0000000007d2d000 	/System/Library/Frameworks/OpenGL.framework/Versions/A/Libraries/libCoreVMClient.dylib
0x0000000007d2d000 	/usr/lib/libcups.2.dylib
0x0000000007d2d000 	/System/Library/Frameworks/Kerberos.framework/Versions/A/Kerberos
0x0000000007d2d000 	/System/Library/Frameworks/GSS.framework/Versions/A/GSS
0x0000000007d2d000 	/usr/lib/libresolv.9.dylib
0x0000000007d2d000 	/usr/lib/libiconv.2.dylib
0x0000000007d2d000 	/System/Library/PrivateFrameworks/Heimdal.framework/Versions/A/Heimdal
0x0000000007d2d000 	/usr/lib/libheimdal-asn1.dylib
0x0000000007d2d000 	/System/Library/Frameworks/OpenDirectory.framework/Versions/A/OpenDirectory
0x0000000007d2d000 	/System/Library/PrivateFrameworks/CommonAuth.framework/Versions/A/CommonAuth
0x0000000007d2d000 	/System/Library/Frameworks/OpenDirectory.framework/Versions/A/Frameworks/CFOpenDirectory.framework/Versions/A/CFOpenDirectory
0x0000000007d2d000 	/System/Library/Frameworks/SecurityFoundation.framework/Versions/A/SecurityFoundation
0x0000000007d2d000 	/System/Library/PrivateFrameworks/LanguageModeling.framework/Versions/A/LanguageModeling
0x0000000007d2d000 	/usr/lib/libcmph.dylib
0x0000000007d2d000 	/System/Library/Frameworks/ServiceManagement.framework/Versions/A/ServiceManagement
0x0000000007d2d000 	/usr/lib/libxslt.1.dylib
0x0000000007d2d000 	/System/Library/Frameworks/Carbon.framework/Versions/A/Frameworks/Ink.framework/Versions/A/Ink
0x0000000007d2d000 	/System/Library/Frameworks/QuartzCore.framework/Versions/A/Frameworks/CoreImage.framework/Versions/A/CoreImage
0x0000000007d2d000 	/System/Library/PrivateFrameworks/CrashReporterSupport.framework/Versions/A/CrashReporterSupport
0x0000000007d2d000 	/System/Library/Frameworks/OpenCL.framework/Versions/A/OpenCL
0x0000000007d2d000 	/System/Library/PrivateFrameworks/FaceCore.framework/Versions/A/FaceCore
0x0000000007d2d000 	/System/Library/PrivateFrameworks/Ubiquity.framework/Versions/A/Ubiquity
0x0000000007d2d000 	/System/Library/PrivateFrameworks/IconServices.framework/Versions/A/IconServices
0x0000000007d2d000 	/System/Library/PrivateFrameworks/ChunkingLibrary.framework/Versions/A/ChunkingLibrary
0x0000000007d2d000 	/System/Library/PrivateFrameworks/Apple80211.framework/Versions/A/Apple80211
0x0000000007d2d000 	/System/Library/Frameworks/CoreWLAN.framework/Versions/A/CoreWLAN
0x0000000007d2d000 	/System/Library/Frameworks/IOBluetooth.framework/Versions/A/IOBluetooth
0x0000000007d2d000 	/System/Library/PrivateFrameworks/CoreWiFi.framework/Versions/A/CoreWiFi
0x0000000007d2d000 	/System/Library/Frameworks/CoreBluetooth.framework/Versions/A/CoreBluetooth
0x0000000007d2d000 	/System/Library/PrivateFrameworks/DebugSymbols.framework/Versions/A/DebugSymbols
0x0000000007d2d000 	/System/Library/PrivateFrameworks/CoreSymbolication.framework/Versions/A/CoreSymbolication
0x0000000007d2d000 	/System/Library/PrivateFrameworks/Symbolication.framework/Versions/A/Symbolication
0x0000000007d2d000 	/System/Library/PrivateFrameworks/SpeechRecognitionCore.framework/Versions/A/SpeechRecognitionCore
0x000000010e200000 	/Library/Java/JavaVirtualMachines/jdk1.8.0_25.jdk/Contents/Home/jre/lib/server/libjvm.dylib
0x0000000007d2d000 	/usr/lib/libstdc++.6.dylib
0x000000010d992000 	/Library/Java/JavaVirtualMachines/jdk1.8.0_25.jdk/Contents/Home/jre/lib/libverify.dylib
0x000000010d9a0000 	/Library/Java/JavaVirtualMachines/jdk1.8.0_25.jdk/Contents/Home/jre/lib/libjava.dylib
0x000000010d9de000 	/Library/Java/JavaVirtualMachines/jdk1.8.0_25.jdk/Contents/Home/jre/lib/libzip.dylib
0x0000000122c13000 	/System/Library/Frameworks/JavaVM.framework/Frameworks/JavaRuntimeSupport.framework/JavaRuntimeSupport
0x0000000122c2e000 	/System/Library/Frameworks/JavaVM.framework/Versions/A/Frameworks/JavaNativeFoundation.framework/Versions/A/JavaNativeFoundation
0x0000000122c43000 	/System/Library/Frameworks/JavaVM.framework/Versions/A/JavaVM
0x0000000007d2d000 	/System/Library/Frameworks/Carbon.framework/Versions/A/Carbon
0x0000000122c50000 	/System/Library/PrivateFrameworks/JavaLaunching.framework/Versions/A/JavaLaunching
0x0000000007d2d000 	/System/Library/Frameworks/Carbon.framework/Versions/A/Frameworks/CommonPanels.framework/Versions/A/CommonPanels
0x0000000007d2d000 	/System/Library/Frameworks/Carbon.framework/Versions/A/Frameworks/Help.framework/Versions/A/Help
0x0000000007d2d000 	/System/Library/Frameworks/Carbon.framework/Versions/A/Frameworks/ImageCapture.framework/Versions/A/ImageCapture
0x0000000007d2d000 	/System/Library/Frameworks/Carbon.framework/Versions/A/Frameworks/OpenScripting.framework/Versions/A/OpenScripting
0x0000000007d2d000 	/System/Library/Frameworks/Carbon.framework/Versions/A/Frameworks/Print.framework/Versions/A/Print
0x0000000007d2d000 	/System/Library/Frameworks/Carbon.framework/Versions/A/Frameworks/SecurityHI.framework/Versions/A/SecurityHI
0x0000000124c36000 	/Library/Java/JavaVirtualMachines/jdk1.8.0_25.jdk/Contents/Home/jre/lib/libprism_es2.dylib
0x0000000007d2d000 	/System/Library/Frameworks/OpenGL.framework/Versions/A/Resources/GLEngine.bundle/GLEngine
0x0000000007d2d000 	/System/Library/Frameworks/OpenGL.framework/Versions/A/Libraries/libGLProgrammability.dylib
0x0000000000000000 	/System/Library/Extensions/AppleIntelHD5000GraphicsGLDriver.bundle/Contents/MacOS/AppleIntelHD5000GraphicsGLDriver
0x0000000007d2d000 	/System/Library/PrivateFrameworks/IOAccelerator.framework/Versions/A/IOAccelerator
0x0000000007d2d000 	/System/Library/PrivateFrameworks/GPUSupport.framework/Versions/A/Libraries/libGPUSupportMercury.dylib
0x0000000007d2d000 	/System/Library/Frameworks/OpenGL.framework/Versions/A/Resources/GLRendererFloat.bundle/GLRendererFloat
0x0000000007d2d000 	/System/Library/Frameworks/OpenCL.framework/Versions/A/Libraries/libcldcpuengine.dylib
0x0000000007d2d000 	/System/Library/PrivateFrameworks/DiskImages.framework/Versions/A/DiskImages
0x0000000007d2d000 	/System/Library/Frameworks/DiscRecording.framework/Versions/A/DiscRecording
0x0000000007d2d000 	/usr/lib/libcsfde.dylib
0x0000000007d2d000 	/usr/lib/libcurl.4.dylib
0x0000000007d2d000 	/System/Library/PrivateFrameworks/MediaKit.framework/Versions/A/MediaKit
0x0000000007d2d000 	/System/Library/PrivateFrameworks/ProtectedCloudStorage.framework/Versions/A/ProtectedCloudStorage
0x0000000007d2d000 	/usr/lib/libCoreStorage.dylib
0x0000000007d2d000 	/System/Library/PrivateFrameworks/EFILogin.framework/Versions/A/EFILogin
0x0000000007d2d000 	/usr/lib/libutil.dylib
0x0000000007d2d000 	/System/Library/PrivateFrameworks/FindMyDevice.framework/Versions/A/FindMyDevice
0x0000000007d2d000 	/System/Library/Frameworks/LDAP.framework/Versions/A/LDAP
0x0000000007d2d000 	/usr/lib/libsasl2.2.dylib
0x0000000007d2d000 	/System/Library/PrivateFrameworks/CoreDaemon.framework/Versions/B/CoreDaemon
0x0000000007d2d000 	/usr/lib/libcrypto.0.9.8.dylib
0x0000000007d2d000 	/System/Library/PrivateFrameworks/AppleSRP.framework/Versions/A/AppleSRP
0x0000000007d2d000 	/System/Library/PrivateFrameworks/TrustEvaluationAgent.framework/Versions/A/TrustEvaluationAgent
0x00000001250e3000 	/Library/Java/JavaVirtualMachines/jdk1.8.0_25.jdk/Contents/Home/jre/lib/libglass.dylib
0x0000000007d2d000 	/System/Library/PrivateFrameworks/CoreServicesInternal.framework/Versions/A/CoreServicesInternal
0x0000000007d2d000 	/System/Library/PrivateFrameworks/CloudDocs.framework/Versions/A/CloudDocs
0x0000000007d2d000 	/System/Library/PrivateFrameworks/CoreDuet.framework/Versions/A/CoreDuet
0x0000000007d2d000 	/System/Library/Frameworks/CloudKit.framework/Versions/A/CloudKit
0x0000000007d2d000 	/System/Library/PrivateFrameworks/ProtocolBuffer.framework/Versions/A/ProtocolBuffer
0x0000000007d2d000 	/System/Library/PrivateFrameworks/CoreDuetDaemonProtocol.framework/Versions/A/CoreDuetDaemonProtocol
0x0000000007d2d000 	/System/Library/PrivateFrameworks/CoreDuetDebugLogging.framework/Versions/A/CoreDuetDebugLogging
0x0000000007d2d000 	/System/Library/Frameworks/CoreLocation.framework/Versions/A/CoreLocation
0x0000000007d2d000 	/System/Library/Frameworks/Accounts.framework/Versions/A/Accounts
0x0000000007d2d000 	/System/Library/PrivateFrameworks/ApplePushService.framework/Versions/A/ApplePushService
0x0000000007d2d000 	/System/Library/PrivateFrameworks/GeoServices.framework/Versions/A/GeoServices
0x0000000007d2d000 	/System/Library/PrivateFrameworks/OAuth.framework/Versions/A/OAuth
0x0000000007d2d000 	/System/Library/Frameworks/CoreGraphics.framework/Versions/A/Resources/libCGCMS.A.dylib
0x0000000007d2d000 	/System/Library/CoreServices/RawCamera.bundle/Contents/MacOS/RawCamera
0x0000000007d2d000 	/System/Library/Frameworks/CoreGraphics.framework/Versions/A/Resources/libRIP.A.dylib
0x0000000007d2d000 	/System/Library/PrivateFrameworks/FamilyControls.framework/Versions/A/FamilyControls
0x0000000007d2d000 	/System/Library/PrivateFrameworks/CommerceKit.framework/Versions/A/Frameworks/CommerceCore.framework/Versions/A/CommerceCore
0x0000000007d2d000 	/System/Library/PrivateFrameworks/SystemAdministration.framework/Versions/A/SystemAdministration
0x0000000007d2d000 	/System/Library/PrivateFrameworks/AppContainer.framework/Versions/A/AppContainer
0x0000000007d2d000 	/System/Library/PrivateFrameworks/SecCodeWrapper.framework/Versions/A/SecCodeWrapper
0x0000000007d2d000 	/System/Library/Frameworks/DirectoryService.framework/Versions/A/DirectoryService
0x0000000007d2d000 	/System/Library/PrivateFrameworks/LoginUIKit.framework/Versions/A/Frameworks/LoginUICore.framework/Versions/A/LoginUICore
0x0000000007d2d000 	/usr/lib/libodfde.dylib
0x00000001286c1000 	/Library/Java/JavaVirtualMachines/jdk1.8.0_25.jdk/Contents/Home/jre/lib/libjavafx_font.dylib
0x0000000007d2d000 	/System/Library/Frameworks/CoreGraphics.framework/Versions/A/Resources/libCGXType.A.dylib
0x0000000129549000 	cl_kernels
0x000000012b7f3000 	/System/Library/Frameworks/OpenCL.framework/Versions/A/Libraries/ImageFormats/unorm8_bgra.dylib
0x000000012956d000 	cl_kernels
0x000000012b041000 	/Library/Java/JavaVirtualMachines/jdk1.8.0_25.jdk/Contents/Home/jre/lib/libprism_common.dylib

VM Arguments:
jvm_args: -Dfile.encoding=UTF-8 
java_command: Main
java_class_path (initial): /Users/vcheng/Documents/workspace/slogo_team08/bin
Launcher Type: SUN_STANDARD

Environment Variables:
PATH=/usr/bin:/bin:/usr/sbin:/sbin
SHELL=/bin/bash
DISPLAY=/private/tmp/com.apple.launchd.bZtNfXlYfK/org.macosforge.xquartz:0

Signal Handlers:
SIGSEGV: [libjvm.dylib+0x579dc7], sa_mask[0]=11111111011111110111111111111111, sa_flags=SA_ONSTACK|SA_RESTART|SA_SIGINFO
SIGBUS: [libjvm.dylib+0x579dc7], sa_mask[0]=11111111011111110111111111111111, sa_flags=SA_RESTART|SA_SIGINFO
SIGFPE: [libjvm.dylib+0x45b030], sa_mask[0]=11111111011111110111111111111111, sa_flags=SA_RESTART|SA_SIGINFO
SIGPIPE: [libjvm.dylib+0x45b030], sa_mask[0]=11111111011111110111111111111111, sa_flags=SA_RESTART|SA_SIGINFO
SIGXFSZ: [libjvm.dylib+0x45b030], sa_mask[0]=11111111011111110111111111111111, sa_flags=SA_RESTART|SA_SIGINFO
SIGILL: [libjvm.dylib+0x45b030], sa_mask[0]=11111111011111110111111111111111, sa_flags=SA_RESTART|SA_SIGINFO
SIGUSR1: SIG_DFL, sa_mask[0]=00000000000000000000000000000000, sa_flags=none
SIGUSR2: [libjvm.dylib+0x45ab4e], sa_mask[0]=00100000000000000000000000000000, sa_flags=SA_RESTART|SA_SIGINFO
SIGHUP: [libjvm.dylib+0x459121], sa_mask[0]=11111111011111110111111111111111, sa_flags=SA_RESTART|SA_SIGINFO
SIGINT: [libjvm.dylib+0x459121], sa_mask[0]=11111111011111110111111111111111, sa_flags=SA_RESTART|SA_SIGINFO
SIGTERM: [libjvm.dylib+0x459121], sa_mask[0]=11111111011111110111111111111111, sa_flags=SA_RESTART|SA_SIGINFO
SIGQUIT: [libjvm.dylib+0x459121], sa_mask[0]=11111111011111110111111111111111, sa_flags=SA_RESTART|SA_SIGINFO


---------------  S Y S T E M  ---------------

OS:Bsduname:Darwin 14.1.0 Darwin Kernel Version 14.1.0: Mon Dec 22 23:10:38 PST 2014; root:xnu-2782.10.72~2/RELEASE_X86_64 x86_64
rlimit: STACK 8192k, CORE 0k, NPROC 709, NOFILE 10240, AS infinity
load average:4.42 3.29 2.45

CPU:total 4 (2 cores per cpu, 2 threads per core) family 6 model 69 stepping 1, cmov, cx8, fxsr, mmx, sse, sse2, sse3, ssse3, sse4.1, sse4.2, popcnt, avx, avx2, aes, clmul, erms, lzcnt, ht, tsc, tscinvbit, bmi1, bmi2

Memory: 4k page, physical 4194304k(41632k free)

/proc/meminfo:


vm_info: Java HotSpot(TM) 64-Bit Server VM (25.25-b02) for bsd-amd64 JRE (1.8.0_25-b17), built on Sep 17 2014 16:56:50 by "java_re" with gcc 4.2.1 (Based on Apple Inc. build 5658) (LLVM build 2336.11.00)

time: Mon Feb 29 21:59:44 2016
elapsed time: 499 seconds (0d 0h 8m 19s)

