#
# A fatal error has been detected by the Java Runtime Environment:
#
#  SIGSEGV (0xb) at pc=0x0000000117a723fd, pid=3228, tid=1811
#
# JRE version: Java(TM) SE Runtime Environment (8.0_25-b17) (build 1.8.0_25-b17)
# Java VM: Java HotSpot(TM) 64-Bit Server VM (25.25-b02 mixed mode bsd-amd64 compressed oops)
# Problematic frame:
# C  [libglass.dylib+0x163fd]  GlassScreenDidChangeScreenParameters+0x9d
#
# Failed to write core dump. Core dumps have been disabled. To enable core dumping, try "ulimit -c unlimited" before starting Java again
#
# If you would like to submit a bug report, please visit:
#   http://bugreport.sun.com/bugreport/crash.jsp
#

---------------  T H R E A D  ---------------

Current thread is native thread

siginfo: si_signo: 11 (SIGSEGV), si_code: 1 (SEGV_MAPERR), si_addr: 0x0000000000000000

Registers:
RAX=0x0000000117aa4e40, RBX=0x0000000000000000, RCX=0x810063a2c9c8cb84, RDX=0x00007ff6c94b23c0
RSP=0x00007fff5fb0a120, RBP=0x00007fff5fb0a130, RSI=0x00007ff6c9420428, RDI=0x0000000000000000
R8 =0x00007fff5fb09fd0, R9 =0x00007fff7c6ea300, R10=0x0000000000000000, R11=0x0000000000000246
R12=0x00007ff6c9512b10, R13=0x00000000000f4268, R14=0x00007ff6c956da80, R15=0x00007fff5fb0a270
RIP=0x0000000117a723fd, EFLAGS=0x0000000000010206, ERR=0x0000000000000004
  TRAPNO=0x000000000000000e

Top of Stack: (sp=0x00007fff5fb0a120)
0x00007fff5fb0a120:   00007fff5fb0a300 00007ff6c956da80
0x00007fff5fb0a130:   00007fff5fb0a140 00007fff92f25cdc
0x00007fff5fb0a140:   00007fff5fb0a4a0 00007fff92e17244
0x00007fff5fb0a150:   00007fff5fb0a1a0 0000000000000000
0x00007fff5fb0a160:   00007fff7cdd3cf0 00007ff6d0c27480
0x00007fff5fb0a170:   0000000000001000 0000000000000900
0x00007fff5fb0a180:   00007ff6d0c27480 00007ff6c956da80
0x00007fff5fb0a190:   0000000000000000 00007fff5fb0a270
0x00007fff5fb0a1a0:   0000000000000000 00007ff6c956da40
0x00007fff5fb0a1b0:   00007fff5fb0a2f0 0000000000000060
0x00007fff5fb0a1c0:   00000000000f433b 00007ff6c9567fb0
0x00007fff5fb0a1d0:   00007ff6c947de40 00007ff6c9512b10
0x00007fff5fb0a1e0:   0000000000000001 00000000000f4268
0x00007fff5fb0a1f0:   00007ff6c9512b00 00007fff99437acb
0x00007fff5fb0a200:   0000000000000001 0000000000000001
0x00007fff5fb0a210:   0000000000000030 0000000000000001
0x00007fff5fb0a220:   00007fff5fb0a240 00007fff9943d231
0x00007fff5fb0a230:   00007fff7cdd1dd0 0000000000000000
0x00007fff5fb0a240:   00007fff5fb0a260 0000000000000001
0x00007fff5fb0a250:   00032e0300000800 00007ff6c9512b34
0x00007fff5fb0a260:   0000000000000000 00007fff92e0cd1f
0x00007fff5fb0a270:   00007ff6c956da80 00007fff7cdd1dd0
0x00007fff5fb0a280:   00007fff5fb0a300 00007fff92e1584f
0x00007fff5fb0a290:   ffffffffffffffff 0000206000000040
0x00007fff5fb0a2a0:   0000000100110a00 0000000000000002
0x00007fff5fb0a2b0:   000000010010d000 00007ff6d0d1f922
0x00007fff5fb0a2c0:   0000000000000003 0000000100110a00
0x00007fff5fb0a2d0:   00007fff5fb0a3c0 00007fff994362a2
0x00007fff5fb0a2e0:   00007ff6c947dbb0 00007fff5fb0a4a8
0x00007fff5fb0a2f0:   0000000000000017 0000000000000000
0x00007fff5fb0a300:   00000000000f4268 00007fff92e0d013
0x00007fff5fb0a310:   00007fff00000000 00007ff6c9484df0 

Instructions: (pc=0x0000000117a723fd)
0x0000000117a723dd:   89 df 4c 89 f1 41 ff 90 68 04 00 00 48 8d 05 58
0x0000000117a723ed:   29 03 00 48 8b 30 48 8d 05 46 2a 03 00 48 8b 10
0x0000000117a723fd:   48 8b 0b 30 c0 48 89 df ff 91 68 04 00 00 48 8b
0x0000000117a7240d:   03 48 89 df ff 50 78 48 85 c0 74 36 49 89 c6 48 

Register to memory mapping:

RAX=0x0000000117aa4e40: jScreenNotifySettingsChanged+0 in /Library/Java/JavaVirtualMachines/jdk1.8.0_25.jdk/Contents/Home/jre/lib/libglass.dylib at 0x0000000117a5c000
RBX=0x0000000000000000 is an unknown value
RCX=0x810063a2c9c8cb84 is an unknown value
RDX=0x00007ff6c94b23c0 is an unknown value
RSP=0x00007fff5fb0a120 is an unknown value
RBP=0x00007fff5fb0a130 is an unknown value
RSI=0x00007ff6c9420428 is a global jni handle
RDI=0x0000000000000000 is an unknown value
R8 =0x00007fff5fb09fd0 is an unknown value
R9 =0x00007fff7c6ea300: _thread+0 in /usr/lib/system/libsystem_pthread.dylib at 0x00007fff90748000
R10=0x0000000000000000 is an unknown value
R11=0x0000000000000246 is an unknown value
R12=0x00007ff6c9512b10 is an unknown value
R13=0x00000000000f4268 is an unknown value
R14=0x00007ff6c956da80 is an unknown value
R15=0x00007fff5fb0a270 is an unknown value


Stack: [0x00007fff5f30d000,0x00007fff5fb0d000],  sp=0x00007fff5fb0a120,  free space=8180k
Native frames: (J=compiled Java code, j=interpreted, Vv=VM code, C=native code)
C  [libglass.dylib+0x163fd]  GlassScreenDidChangeScreenParameters+0x9d
C  [CoreFoundation+0x11ecdc]  __CFNOTIFICATIONCENTER_IS_CALLING_OUT_TO_AN_OBSERVER__+0xc
C  [CoreFoundation+0x10244]  _CFXNotificationPost+0xc44
C  [Foundation+0x2c31]  -[NSNotificationCenter postNotificationName:object:userInfo:]+0x42
C  [AppKit+0x36305e]  -[NSApplication _reactToScreenInvalidationImmediately:]+0x17b
C  [AppKit+0x362e9d]  __44-[NSApplication _reactToScreenInvalidation:]_block_invoke+0x4b
C  [CoreFoundation+0x8056c]  __CFRUNLOOP_IS_CALLING_OUT_TO_A_BLOCK__+0xc
C  [CoreFoundation+0x72675]  __CFRunLoopDoBlocks+0x155
C  [CoreFoundation+0x721b6]  __CFRunLoopRun+0x716
C  [CoreFoundation+0x71858]  CFRunLoopRunSpecific+0x128
C  [java+0x56cc]  CreateExecutionEnvironment+0x367
C  [java+0x165c]  JLI_Launch+0x7a0
C  [java+0x768a]  main+0x65
C  [java+0xeb4]  start+0x34


---------------  P R O C E S S  ---------------

VM state:not at safepoint (normal execution)

VM Mutex/Monitor currently owned by a thread: None

Heap:
 PSYoungGen      total 18944K, used 17838K [0x00000007aab00000, 0x00000007ad000000, 0x00000007c0000000)
  eden space 16384K, 93% used [0x00000007aab00000,0x00000007ab9f39c0,0x00000007abb00000)
  from space 2560K, 98% used [0x00000007abb00000,0x00000007abd78020,0x00000007abd80000)
  to   space 2560K, 0% used [0x00000007acd80000,0x00000007acd80000,0x00000007ad000000)
 ParOldGen       total 44032K, used 7003K [0x0000000780000000, 0x0000000782b00000, 0x00000007aab00000)
  object space 44032K, 15% used [0x0000000780000000,0x00000007806d6de0,0x0000000782b00000)
 Metaspace       used 18759K, capacity 20180K, committed 20352K, reserved 1067008K
  class space    used 2845K, capacity 3083K, committed 3200K, reserved 1048576K

Card table byte_map: [0x0000000110e3d000,0x000000011103e000] byte_map_base: 0x000000010d23d000

Marking Bits: (ParMarkBitMap*) 0x00000001012b0390
 Begin Bits: [0x00000001115a0000, 0x00000001125a0000)
 End Bits:   [0x00000001125a0000, 0x00000001135a0000)

Polling page: 0x00000001001f5000

CodeCache: size=245760Kb used=8890Kb max_used=8891Kb free=236869Kb
 bounds [0x0000000101a7d000, 0x000000010233d000, 0x0000000110a7d000]
 total_blobs=3560 nmethods=2906 adapters=567
 compilation: enabled

Compilation events (10 events):
Event: 187.529 Thread 0x00007ff6ca036800 2911       3       javafx.collections.WeakListChangeListener::onChanged (36 bytes)
Event: 187.533 Thread 0x00007ff6ca036800 nmethod 2911 0x000000010232a210 code [0x000000010232a3a0, 0x000000010232a918]
Event: 329.439 Thread 0x00007ff6ca036800 2912       3       sun.reflect.ReflectionFactory::inflationThreshold (4 bytes)
Event: 329.439 Thread 0x00007ff6ca036800 nmethod 2912 0x000000010232c190 code [0x000000010232c2e0, 0x000000010232c410]
Event: 329.439 Thread 0x00007ff6ca036800 2913       3       java.lang.invoke.LambdaForm::interpretWithArguments (95 bytes)
Event: 329.440 Thread 0x00007ff6ca036800 nmethod 2913 0x0000000102328950 code [0x0000000102328b20, 0x00000001023291a8]
Event: 329.440 Thread 0x00007ff6ca036800 2914       3       java.lang.invoke.LambdaForm::checkInvocationCounter (42 bytes)
Event: 329.441 Thread 0x00007ff6ca036800 nmethod 2914 0x000000010232bd10 code [0x000000010232be80, 0x000000010232c108]
Event: 329.441 Thread 0x00007ff6ca036800 2915  s    3       java.util.Vector::elementAt (48 bytes)
Event: 329.441 Thread 0x00007ff6ca036800 nmethod 2915 0x0000000102330510 code [0x0000000102330720, 0x00000001023312a8]

GC Heap History (6 events):
Event: 1.076 GC heap before
{Heap before GC invocations=1 (full 0):
 PSYoungGen      total 18944K, used 16384K [0x00000007aab00000, 0x00000007ac000000, 0x00000007c0000000)
  eden space 16384K, 100% used [0x00000007aab00000,0x00000007abb00000,0x00000007abb00000)
  from space 2560K, 0% used [0x00000007abd80000,0x00000007abd80000,0x00000007ac000000)
  to   space 2560K, 0% used [0x00000007abb00000,0x00000007abb00000,0x00000007abd80000)
 ParOldGen       total 44032K, used 0K [0x0000000780000000, 0x0000000782b00000, 0x00000007aab00000)
  object space 44032K, 0% used [0x0000000780000000,0x0000000780000000,0x0000000782b00000)
 Metaspace       used 8934K, capacity 9488K, committed 9600K, reserved 1056768K
  class space    used 1204K, capacity 1338K, committed 1408K, reserved 1048576K
Event: 1.081 GC heap after
Heap after GC invocations=1 (full 0):
 PSYoungGen      total 18944K, used 2544K [0x00000007aab00000, 0x00000007ac000000, 0x00000007c0000000)
  eden space 16384K, 0% used [0x00000007aab00000,0x00000007aab00000,0x00000007abb00000)
  from space 2560K, 99% used [0x00000007abb00000,0x00000007abd7c030,0x00000007abd80000)
  to   space 2560K, 0% used [0x00000007abd80000,0x00000007abd80000,0x00000007ac000000)
 ParOldGen       total 44032K, used 8K [0x0000000780000000, 0x0000000782b00000, 0x00000007aab00000)
  object space 44032K, 0% used [0x0000000780000000,0x0000000780002000,0x0000000782b00000)
 Metaspace       used 8934K, capacity 9488K, committed 9600K, reserved 1056768K
  class space    used 1204K, capacity 1338K, committed 1408K, reserved 1048576K
}
Event: 2.150 GC heap before
{Heap before GC invocations=2 (full 0):
 PSYoungGen      total 18944K, used 18928K [0x00000007aab00000, 0x00000007ac000000, 0x00000007c0000000)
  eden space 16384K, 100% used [0x00000007aab00000,0x00000007abb00000,0x00000007abb00000)
  from space 2560K, 99% used [0x00000007abb00000,0x00000007abd7c030,0x00000007abd80000)
  to   space 2560K, 0% used [0x00000007abd80000,0x00000007abd80000,0x00000007ac000000)
 ParOldGen       total 44032K, used 8K [0x0000000780000000, 0x0000000782b00000, 0x00000007aab00000)
  object space 44032K, 0% used [0x0000000780000000,0x0000000780002000,0x0000000782b00000)
 Metaspace       used 14740K, capacity 15614K, committed 15872K, reserved 1062912K
  class space    used 2348K, capacity 2515K, committed 2560K, reserved 1048576K
Event: 2.162 GC heap after
Heap after GC invocations=2 (full 0):
 PSYoungGen      total 18944K, used 2528K [0x00000007aab00000, 0x00000007ac000000, 0x00000007c0000000)
  eden space 16384K, 0% used [0x00000007aab00000,0x00000007aab00000,0x00000007abb00000)
  from space 2560K, 98% used [0x00000007abd80000,0x00000007abff8040,0x00000007ac000000)
  to   space 2560K, 0% used [0x00000007abb00000,0x00000007abb00000,0x00000007abd80000)
 ParOldGen       total 44032K, used 1704K [0x0000000780000000, 0x0000000782b00000, 0x00000007aab00000)
  object space 44032K, 3% used [0x0000000780000000,0x00000007801aa010,0x0000000782b00000)
 Metaspace       used 14740K, capacity 15614K, committed 15872K, reserved 1062912K
  class space    used 2348K, capacity 2515K, committed 2560K, reserved 1048576K
}
Event: 2.941 GC heap before
{Heap before GC invocations=3 (full 0):
 PSYoungGen      total 18944K, used 18912K [0x00000007aab00000, 0x00000007ac000000, 0x00000007c0000000)
  eden space 16384K, 100% used [0x00000007aab00000,0x00000007abb00000,0x00000007abb00000)
  from space 2560K, 98% used [0x00000007abd80000,0x00000007abff8040,0x00000007ac000000)
  to   space 2560K, 0% used [0x00000007abb00000,0x00000007abb00000,0x00000007abd80000)
 ParOldGen       total 44032K, used 1704K [0x0000000780000000, 0x0000000782b00000, 0x00000007aab00000)
  object space 44032K, 3% used [0x0000000780000000,0x00000007801aa010,0x0000000782b00000)
 Metaspace       used 17336K, capacity 18766K, committed 18944K, reserved 1064960K
  class space    used 2732K, capacity 3010K, committed 3072K, reserved 1048576K
Event: 2.964 GC heap after
Heap after GC invocations=3 (full 0):
 PSYoungGen      total 18944K, used 2528K [0x00000007aab00000, 0x00000007ad000000, 0x00000007c0000000)
  eden space 16384K, 0% used [0x00000007aab00000,0x00000007aab00000,0x00000007abb00000)
  from space 2560K, 98% used [0x00000007abb00000,0x00000007abd78020,0x00000007abd80000)
  to   space 2560K, 0% used [0x00000007acd80000,0x00000007acd80000,0x00000007ad000000)
 ParOldGen       total 44032K, used 7003K [0x0000000780000000, 0x0000000782b00000, 0x00000007aab00000)
  object space 44032K, 15% used [0x0000000780000000,0x00000007806d6de0,0x0000000782b00000)
 Metaspace       used 17336K, capacity 18766K, committed 18944K, reserved 1064960K
  class space    used 2732K, capacity 3010K, committed 3072K, reserved 1048576K
}

Deoptimization events (10 events):
Event: 3.071 Thread 0x00007ff6c9956800 Uncommon trap: reason=bimorphic action=maybe_recompile pc=0x0000000101f7e004 method=java.util.WeakHashMap.eq(Ljava/lang/Object;Ljava/lang/Object;)Z @ 7
Event: 9.314 Thread 0x00007ff6c9972800 Uncommon trap: reason=unreached action=reinterpret pc=0x0000000102170efc method=javafx.scene.Node.getProperties()Ljavafx/collections/ObservableMap; @ 4
Event: 9.340 Thread 0x00007ff6c9972800 Uncommon trap: reason=array_check action=maybe_recompile pc=0x000000010225fe74 method=com.sun.javafx.css.CompoundSelector.applies(Ljavafx/css/Styleable;[Ljava/util/Set;I)Z @ 128
Event: 9.340 Thread 0x00007ff6c9972800 Uncommon trap: reason=array_check action=maybe_recompile pc=0x000000010225fe74 method=com.sun.javafx.css.CompoundSelector.applies(Ljavafx/css/Styleable;[Ljava/util/Set;I)Z @ 128
Event: 9.340 Thread 0x00007ff6c9972800 Uncommon trap: reason=array_check action=maybe_recompile pc=0x000000010225fe74 method=com.sun.javafx.css.CompoundSelector.applies(Ljavafx/css/Styleable;[Ljava/util/Set;I)Z @ 128
Event: 9.340 Thread 0x00007ff6c9972800 Uncommon trap: reason=array_check action=maybe_recompile pc=0x000000010225fe74 method=com.sun.javafx.css.CompoundSelector.applies(Ljavafx/css/Styleable;[Ljava/util/Set;I)Z @ 128
Event: 9.353 Thread 0x00007ff6c9972800 Uncommon trap: reason=class_check action=maybe_recompile pc=0x000000010213bb04 method=javafx.scene.Node.updateLocalToParentTransform()V @ 11
Event: 9.353 Thread 0x00007ff6c9972800 Uncommon trap: reason=class_check action=maybe_recompile pc=0x000000010213bb04 method=javafx.scene.Node.updateLocalToParentTransform()V @ 11
Event: 9.353 Thread 0x00007ff6c9972800 Uncommon trap: reason=class_check action=maybe_recompile pc=0x000000010213bb04 method=javafx.scene.Node.updateLocalToParentTransform()V @ 11
Event: 9.366 Thread 0x00007ff6c9956800 Uncommon trap: reason=range_check action=make_not_entrant pc=0x0000000101cd75cc method=java.util.ArrayList.elementData(I)Ljava/lang/Object; @ 5

Internal exceptions (10 events):
Event: 3.639 Thread 0x00007ff6c9972800 Exception <a 'java/security/PrivilegedActionException'> (0x00000007aad10108) thrown at [/HUDSON3/workspace/8-2-build-macosx-x86_64/jdk8u25/1514/hotspot/src/share/vm/prims/jvm.cpp, line 1312]
Event: 3.639 Thread 0x00007ff6c9972800 Exception <a 'java/security/PrivilegedActionException'> (0x00000007aad11588) thrown at [/HUDSON3/workspace/8-2-build-macosx-x86_64/jdk8u25/1514/hotspot/src/share/vm/prims/jvm.cpp, line 1312]
Event: 9.300 Thread 0x00007ff6c9972800 Exception <a 'java/security/PrivilegedActionException'> (0x00000007aaef5ff8) thrown at [/HUDSON3/workspace/8-2-build-macosx-x86_64/jdk8u25/1514/hotspot/src/share/vm/prims/jvm.cpp, line 1312]
Event: 9.303 Thread 0x00007ff6c9972800 Exception <a 'java/security/PrivilegedActionException'> (0x00000007aaf404f8) thrown at [/HUDSON3/workspace/8-2-build-macosx-x86_64/jdk8u25/1514/hotspot/src/share/vm/prims/jvm.cpp, line 1312]
Event: 9.304 Thread 0x00007ff6c9972800 Exception <a 'java/security/PrivilegedActionException'> (0x00000007aaf43ae8) thrown at [/HUDSON3/workspace/8-2-build-macosx-x86_64/jdk8u25/1514/hotspot/src/share/vm/prims/jvm.cpp, line 1312]
Event: 9.366 Thread 0x00007ff6c9956800 Exception <a 'java/lang/ArrayIndexOutOfBoundsException': -1> (0x00000007aae28610) thrown at [/HUDSON3/workspace/8-2-build-macosx-x86_64/jdk8u25/1514/hotspot/src/share/vm/interpreter/interpreterRuntime.cpp, line 366]
Event: 9.367 Thread 0x00007ff6c9956800 Exception <a 'java/lang/ArrayIndexOutOfBoundsException'> (0x00000007aae28980) thrown at [/HUDSON3/workspace/8-2-build-macosx-x86_64/jdk8u25/1514/hotspot/src/share/vm/runtime/sharedRuntime.cpp, line 604]
Event: 9.367 Thread 0x00007ff6c9956800 Exception <a 'java/lang/ArrayIndexOutOfBoundsException'> (0x00000007aae28cf0) thrown at [/HUDSON3/workspace/8-2-build-macosx-x86_64/jdk8u25/1514/hotspot/src/share/vm/runtime/sharedRuntime.cpp, line 604]
Event: 9.367 Thread 0x00007ff6c9956800 Exception <a 'java/lang/ArrayIndexOutOfBoundsException'> (0x00000007aae29460) thrown at [/HUDSON3/workspace/8-2-build-macosx-x86_64/jdk8u25/1514/hotspot/src/share/vm/runtime/sharedRuntime.cpp, line 604]
Event: 11.417 Thread 0x00007ff6c9972800 Exception <a 'java/lang/StringIndexOutOfBoundsException'> (0x00000007ab188168) thrown at [/HUDSON3/workspace/8-2-build-macosx-x86_64/jdk8u25/1514/hotspot/src/share/vm/prims/jvm.cpp, line 1316]

Events (10 events):
Event: 329.444 loading class com/sun/javafx/tk/quantum/QuantumToolkit done
Event: 329.444 Thread 0x00007ff6c9956800 Thread exited: 0x00007ff6c9956800
Event: 329.444 Thread 0x00007ff6c99cd800 Thread exited: 0x00007ff6c99cd800
Event: 329.445 Thread 0x00007ff6cb001000 Thread exited: 0x00007ff6cb001000
Event: 329.445 Thread 0x00007ff6ca23d800 Thread added: 0x00007ff6ca23d800
Event: 329.705 Thread 0x00007ff6c9972800 Thread exited: 0x00007ff6c9972800
Event: 329.705 loading class java/util/IdentityHashMap$KeyIterator
Event: 329.705 loading class java/util/IdentityHashMap$IdentityHashMapIterator
Event: 329.706 loading class java/util/IdentityHashMap$IdentityHashMapIterator done
Event: 329.706 loading class java/util/IdentityHashMap$KeyIterator done


Dynamic libraries:
0x000000000bb32000 	/System/Library/Frameworks/Cocoa.framework/Versions/A/Cocoa
0x000000000bb32000 	/System/Library/Frameworks/Security.framework/Versions/A/Security
0x000000000bb32000 	/System/Library/Frameworks/ApplicationServices.framework/Versions/A/ApplicationServices
0x000000000bb32000 	/usr/lib/libz.1.dylib
0x000000000bb32000 	/usr/lib/libSystem.B.dylib
0x000000000bb32000 	/usr/lib/libobjc.A.dylib
0x000000000bb32000 	/System/Library/Frameworks/CoreFoundation.framework/Versions/A/CoreFoundation
0x000000000bb32000 	/System/Library/Frameworks/Foundation.framework/Versions/C/Foundation
0x000000000bb32000 	/System/Library/Frameworks/AppKit.framework/Versions/C/AppKit
0x000000000bb32000 	/System/Library/Frameworks/CoreData.framework/Versions/A/CoreData
0x000000000bb32000 	/System/Library/PrivateFrameworks/RemoteViewServices.framework/Versions/A/RemoteViewServices
0x000000000bb32000 	/System/Library/PrivateFrameworks/UIFoundation.framework/Versions/A/UIFoundation
0x000000000bb32000 	/System/Library/Frameworks/IOSurface.framework/Versions/A/IOSurface
0x000000000bb32000 	/System/Library/Frameworks/AudioToolbox.framework/Versions/A/AudioToolbox
0x000000000bb32000 	/System/Library/Frameworks/AudioUnit.framework/Versions/A/AudioUnit
0x000000000bb32000 	/System/Library/PrivateFrameworks/DataDetectorsCore.framework/Versions/A/DataDetectorsCore
0x000000000bb32000 	/System/Library/PrivateFrameworks/DesktopServicesPriv.framework/Versions/A/DesktopServicesPriv
0x000000000bb32000 	/System/Library/Frameworks/Carbon.framework/Versions/A/Frameworks/HIToolbox.framework/Versions/A/HIToolbox
0x000000000bb32000 	/System/Library/Frameworks/QuartzCore.framework/Versions/A/QuartzCore
0x000000000bb32000 	/System/Library/Frameworks/Carbon.framework/Versions/A/Frameworks/SpeechRecognition.framework/Versions/A/SpeechRecognition
0x000000000bb32000 	/usr/lib/libauto.dylib
0x000000000bb32000 	/usr/lib/libicucore.A.dylib
0x000000000bb32000 	/usr/lib/libxml2.2.dylib
0x000000000bb32000 	/System/Library/PrivateFrameworks/CoreUI.framework/Versions/A/CoreUI
0x000000000bb32000 	/System/Library/Frameworks/CoreAudio.framework/Versions/A/CoreAudio
0x000000000bb32000 	/System/Library/Frameworks/DiskArbitration.framework/Versions/A/DiskArbitration
0x000000000bb32000 	/usr/lib/liblangid.dylib
0x000000000bb32000 	/System/Library/PrivateFrameworks/MultitouchSupport.framework/Versions/A/MultitouchSupport
0x000000000bb32000 	/System/Library/Frameworks/IOKit.framework/Versions/A/IOKit
0x000000000bb32000 	/usr/lib/libDiagnosticMessagesClient.dylib
0x000000000bb32000 	/System/Library/Frameworks/CoreServices.framework/Versions/A/CoreServices
0x000000000bb32000 	/System/Library/PrivateFrameworks/PerformanceAnalysis.framework/Versions/A/PerformanceAnalysis
0x000000000bb32000 	/System/Library/PrivateFrameworks/GenerationalStorage.framework/Versions/A/GenerationalStorage
0x000000000bb32000 	/System/Library/Frameworks/OpenGL.framework/Versions/A/OpenGL
0x000000000bb32000 	/System/Library/PrivateFrameworks/Sharing.framework/Versions/A/Sharing
0x000000000bb32000 	/System/Library/Frameworks/CoreGraphics.framework/Versions/A/CoreGraphics
0x000000000bb32000 	/System/Library/Frameworks/CoreText.framework/Versions/A/CoreText
0x000000000bb32000 	/System/Library/Frameworks/ImageIO.framework/Versions/A/ImageIO
0x000000000bb32000 	/usr/lib/libextension.dylib
0x000000000bb32000 	/System/Library/PrivateFrameworks/Backup.framework/Versions/A/Backup
0x000000000bb32000 	/usr/lib/libarchive.2.dylib
0x000000000bb32000 	/System/Library/Frameworks/CFNetwork.framework/Versions/A/CFNetwork
0x000000000bb32000 	/System/Library/Frameworks/SystemConfiguration.framework/Versions/A/SystemConfiguration
0x000000000bb32000 	/usr/lib/libCRFSuite.dylib
0x000000000bb32000 	/usr/lib/libc++.1.dylib
0x000000000bb32000 	/usr/lib/libc++abi.dylib
0x000000000bb32000 	/usr/lib/system/libcache.dylib
0x000000000bb32000 	/usr/lib/system/libcommonCrypto.dylib
0x000000000bb32000 	/usr/lib/system/libcompiler_rt.dylib
0x000000000bb32000 	/usr/lib/system/libcopyfile.dylib
0x000000000bb32000 	/usr/lib/system/libcorecrypto.dylib
0x000000000bb32000 	/usr/lib/system/libdispatch.dylib
0x000000000bb32000 	/usr/lib/system/libdyld.dylib
0x000000000bb32000 	/usr/lib/system/libkeymgr.dylib
0x000000000bb32000 	/usr/lib/system/liblaunch.dylib
0x000000000bb32000 	/usr/lib/system/libmacho.dylib
0x000000000bb32000 	/usr/lib/system/libquarantine.dylib
0x000000000bb32000 	/usr/lib/system/libremovefile.dylib
0x000000000bb32000 	/usr/lib/system/libsystem_asl.dylib
0x000000000bb32000 	/usr/lib/system/libsystem_blocks.dylib
0x000000000bb32000 	/usr/lib/system/libsystem_c.dylib
0x000000000bb32000 	/usr/lib/system/libsystem_configuration.dylib
0x000000000bb32000 	/usr/lib/system/libsystem_coreservices.dylib
0x000000000bb32000 	/usr/lib/system/libsystem_coretls.dylib
0x000000000bb32000 	/usr/lib/system/libsystem_dnssd.dylib
0x000000000bb32000 	/usr/lib/system/libsystem_info.dylib
0x000000000bb32000 	/usr/lib/system/libsystem_kernel.dylib
0x000000000bb32000 	/usr/lib/system/libsystem_m.dylib
0x000000000bb32000 	/usr/lib/system/libsystem_malloc.dylib
0x000000000bb32000 	/usr/lib/system/libsystem_network.dylib
0x000000000bb32000 	/usr/lib/system/libsystem_networkextension.dylib
0x000000000bb32000 	/usr/lib/system/libsystem_notify.dylib
0x000000000bb32000 	/usr/lib/system/libsystem_platform.dylib
0x000000000bb32000 	/usr/lib/system/libsystem_pthread.dylib
0x000000000bb32000 	/usr/lib/system/libsystem_sandbox.dylib
0x000000000bb32000 	/usr/lib/system/libsystem_secinit.dylib
0x000000000bb32000 	/usr/lib/system/libsystem_stats.dylib
0x000000000bb32000 	/usr/lib/system/libsystem_trace.dylib
0x000000000bb32000 	/usr/lib/system/libunc.dylib
0x000000000bb32000 	/usr/lib/system/libunwind.dylib
0x000000000bb32000 	/usr/lib/system/libxpc.dylib
0x000000000bb32000 	/usr/lib/libbz2.1.0.dylib
0x000000000bb32000 	/usr/lib/liblzma.5.dylib
0x000000000bb32000 	/usr/lib/libbsm.0.dylib
0x000000000bb32000 	/usr/lib/libsqlite3.dylib
0x000000000bb32000 	/usr/lib/system/libkxld.dylib
0x000000000bb32000 	/usr/lib/libxar.1.dylib
0x000000000bb32000 	/usr/lib/libpam.2.dylib
0x000000000bb32000 	/usr/lib/libOpenScriptingUtil.dylib
0x000000000bb32000 	/System/Library/Frameworks/CoreServices.framework/Versions/A/Frameworks/FSEvents.framework/Versions/A/FSEvents
0x000000000bb32000 	/System/Library/Frameworks/CoreServices.framework/Versions/A/Frameworks/CarbonCore.framework/Versions/A/CarbonCore
0x000000000bb32000 	/System/Library/Frameworks/CoreServices.framework/Versions/A/Frameworks/Metadata.framework/Versions/A/Metadata
0x000000000bb32000 	/System/Library/Frameworks/CoreServices.framework/Versions/A/Frameworks/OSServices.framework/Versions/A/OSServices
0x000000000bb32000 	/System/Library/Frameworks/CoreServices.framework/Versions/A/Frameworks/SearchKit.framework/Versions/A/SearchKit
0x000000000bb32000 	/System/Library/Frameworks/CoreServices.framework/Versions/A/Frameworks/AE.framework/Versions/A/AE
0x000000000bb32000 	/System/Library/Frameworks/CoreServices.framework/Versions/A/Frameworks/LaunchServices.framework/Versions/A/LaunchServices
0x000000000bb32000 	/System/Library/Frameworks/CoreServices.framework/Versions/A/Frameworks/DictionaryServices.framework/Versions/A/DictionaryServices
0x000000000bb32000 	/System/Library/Frameworks/NetFS.framework/Versions/A/NetFS
0x000000000bb32000 	/System/Library/PrivateFrameworks/NetAuth.framework/Versions/A/NetAuth
0x000000000bb32000 	/System/Library/PrivateFrameworks/login.framework/Versions/A/Frameworks/loginsupport.framework/Versions/A/loginsupport
0x000000000bb32000 	/System/Library/PrivateFrameworks/TCC.framework/Versions/A/TCC
0x000000000bb32000 	/usr/lib/libmecabra.dylib
0x000000000bb32000 	/System/Library/Frameworks/ApplicationServices.framework/Versions/A/Frameworks/ATS.framework/Versions/A/ATS
0x000000000bb32000 	/System/Library/Frameworks/ApplicationServices.framework/Versions/A/Frameworks/ColorSync.framework/Versions/A/ColorSync
0x000000000bb32000 	/System/Library/Frameworks/ApplicationServices.framework/Versions/A/Frameworks/HIServices.framework/Versions/A/HIServices
0x000000000bb32000 	/System/Library/Frameworks/ApplicationServices.framework/Versions/A/Frameworks/LangAnalysis.framework/Versions/A/LangAnalysis
0x000000000bb32000 	/System/Library/Frameworks/ApplicationServices.framework/Versions/A/Frameworks/PrintCore.framework/Versions/A/PrintCore
0x000000000bb32000 	/System/Library/Frameworks/ApplicationServices.framework/Versions/A/Frameworks/QD.framework/Versions/A/QD
0x000000000bb32000 	/System/Library/Frameworks/ApplicationServices.framework/Versions/A/Frameworks/SpeechSynthesis.framework/Versions/A/SpeechSynthesis
0x000000000bb32000 	/System/Library/Frameworks/Accelerate.framework/Versions/A/Accelerate
0x000000000bb32000 	/System/Library/Frameworks/Accelerate.framework/Versions/A/Frameworks/vImage.framework/Versions/A/vImage
0x000000000bb32000 	/System/Library/Frameworks/Accelerate.framework/Versions/A/Frameworks/vecLib.framework/Versions/A/vecLib
0x000000000bb32000 	/System/Library/Frameworks/Accelerate.framework/Versions/A/Frameworks/vecLib.framework/Versions/A/libvDSP.dylib
0x000000000bb32000 	/System/Library/Frameworks/Accelerate.framework/Versions/A/Frameworks/vecLib.framework/Versions/A/libvMisc.dylib
0x000000000bb32000 	/System/Library/Frameworks/Accelerate.framework/Versions/A/Frameworks/vecLib.framework/Versions/A/libLAPACK.dylib
0x000000000bb32000 	/System/Library/Frameworks/Accelerate.framework/Versions/A/Frameworks/vecLib.framework/Versions/A/libBLAS.dylib
0x000000000bb32000 	/System/Library/Frameworks/Accelerate.framework/Versions/A/Frameworks/vecLib.framework/Versions/A/libLinearAlgebra.dylib
0x000000000bb32000 	/System/Library/Frameworks/ApplicationServices.framework/Versions/A/Frameworks/ATS.framework/Versions/A/Resources/libFontParser.dylib
0x000000000bb32000 	/System/Library/Frameworks/ApplicationServices.framework/Versions/A/Frameworks/ATS.framework/Versions/A/Resources/libFontRegistry.dylib
0x000000000bb32000 	/System/Library/PrivateFrameworks/AppleVPA.framework/Versions/A/AppleVPA
0x000000000bb32000 	/System/Library/PrivateFrameworks/AppleJPEG.framework/Versions/A/AppleJPEG
0x000000000bb32000 	/System/Library/Frameworks/ImageIO.framework/Versions/A/Resources/libJPEG.dylib
0x000000000bb32000 	/System/Library/Frameworks/ImageIO.framework/Versions/A/Resources/libTIFF.dylib
0x000000000bb32000 	/System/Library/Frameworks/ImageIO.framework/Versions/A/Resources/libPng.dylib
0x000000000bb32000 	/System/Library/Frameworks/ImageIO.framework/Versions/A/Resources/libGIF.dylib
0x000000000bb32000 	/System/Library/Frameworks/ImageIO.framework/Versions/A/Resources/libJP2.dylib
0x000000000bb32000 	/System/Library/Frameworks/ImageIO.framework/Versions/A/Resources/libRadiance.dylib
0x000000000bb32000 	/System/Library/Frameworks/CoreVideo.framework/Versions/A/CoreVideo
0x000000000bb32000 	/System/Library/Frameworks/OpenGL.framework/Versions/A/Libraries/libGLU.dylib
0x000000000bb32000 	/System/Library/Frameworks/OpenGL.framework/Versions/A/Libraries/libGFXShared.dylib
0x000000000bb32000 	/System/Library/Frameworks/OpenGL.framework/Versions/A/Libraries/libGL.dylib
0x000000000bb32000 	/System/Library/Frameworks/OpenGL.framework/Versions/A/Libraries/libGLImage.dylib
0x000000000bb32000 	/System/Library/Frameworks/OpenGL.framework/Versions/A/Libraries/libCVMSPluginSupport.dylib
0x000000000bb32000 	/System/Library/Frameworks/OpenGL.framework/Versions/A/Libraries/libCoreVMClient.dylib
0x000000000bb32000 	/usr/lib/libcups.2.dylib
0x000000000bb32000 	/System/Library/Frameworks/Kerberos.framework/Versions/A/Kerberos
0x000000000bb32000 	/System/Library/Frameworks/GSS.framework/Versions/A/GSS
0x000000000bb32000 	/usr/lib/libresolv.9.dylib
0x000000000bb32000 	/usr/lib/libiconv.2.dylib
0x000000000bb32000 	/System/Library/PrivateFrameworks/Heimdal.framework/Versions/A/Heimdal
0x000000000bb32000 	/usr/lib/libheimdal-asn1.dylib
0x000000000bb32000 	/System/Library/Frameworks/OpenDirectory.framework/Versions/A/OpenDirectory
0x000000000bb32000 	/System/Library/PrivateFrameworks/CommonAuth.framework/Versions/A/CommonAuth
0x000000000bb32000 	/System/Library/Frameworks/OpenDirectory.framework/Versions/A/Frameworks/CFOpenDirectory.framework/Versions/A/CFOpenDirectory
0x000000000bb32000 	/System/Library/Frameworks/SecurityFoundation.framework/Versions/A/SecurityFoundation
0x000000000bb32000 	/System/Library/PrivateFrameworks/LanguageModeling.framework/Versions/A/LanguageModeling
0x000000000bb32000 	/usr/lib/libcmph.dylib
0x000000000bb32000 	/System/Library/Frameworks/ServiceManagement.framework/Versions/A/ServiceManagement
0x000000000bb32000 	/usr/lib/libxslt.1.dylib
0x000000000bb32000 	/System/Library/Frameworks/Carbon.framework/Versions/A/Frameworks/Ink.framework/Versions/A/Ink
0x000000000bb32000 	/System/Library/Frameworks/QuartzCore.framework/Versions/A/Frameworks/CoreImage.framework/Versions/A/CoreImage
0x000000000bb32000 	/System/Library/PrivateFrameworks/CrashReporterSupport.framework/Versions/A/CrashReporterSupport
0x000000000bb32000 	/System/Library/Frameworks/OpenCL.framework/Versions/A/OpenCL
0x000000000bb32000 	/System/Library/PrivateFrameworks/FaceCore.framework/Versions/A/FaceCore
0x000000000bb32000 	/System/Library/PrivateFrameworks/Ubiquity.framework/Versions/A/Ubiquity
0x000000000bb32000 	/System/Library/PrivateFrameworks/IconServices.framework/Versions/A/IconServices
0x000000000bb32000 	/System/Library/PrivateFrameworks/ChunkingLibrary.framework/Versions/A/ChunkingLibrary
0x000000000bb32000 	/System/Library/PrivateFrameworks/Apple80211.framework/Versions/A/Apple80211
0x000000000bb32000 	/System/Library/Frameworks/CoreWLAN.framework/Versions/A/CoreWLAN
0x000000000bb32000 	/System/Library/Frameworks/IOBluetooth.framework/Versions/A/IOBluetooth
0x000000000bb32000 	/System/Library/PrivateFrameworks/CoreWiFi.framework/Versions/A/CoreWiFi
0x000000000bb32000 	/System/Library/Frameworks/CoreBluetooth.framework/Versions/A/CoreBluetooth
0x000000000bb32000 	/System/Library/PrivateFrameworks/DebugSymbols.framework/Versions/A/DebugSymbols
0x000000000bb32000 	/System/Library/PrivateFrameworks/CoreSymbolication.framework/Versions/A/CoreSymbolication
0x000000000bb32000 	/System/Library/PrivateFrameworks/Symbolication.framework/Versions/A/Symbolication
0x000000000bb32000 	/System/Library/PrivateFrameworks/SpeechRecognitionCore.framework/Versions/A/SpeechRecognitionCore
0x0000000100a13000 	/Library/Java/JavaVirtualMachines/jdk1.8.0_25.jdk/Contents/Home/jre/lib/server/libjvm.dylib
0x000000000bb32000 	/usr/lib/libstdc++.6.dylib
0x0000000101a32000 	/Library/Java/JavaVirtualMachines/jdk1.8.0_25.jdk/Contents/Home/jre/lib/libverify.dylib
0x0000000101a40000 	/Library/Java/JavaVirtualMachines/jdk1.8.0_25.jdk/Contents/Home/jre/lib/libjava.dylib
0x0000000101a74000 	/Library/Java/JavaVirtualMachines/jdk1.8.0_25.jdk/Contents/Home/jre/lib/libzip.dylib
0x0000000115588000 	/System/Library/Frameworks/JavaVM.framework/Frameworks/JavaRuntimeSupport.framework/JavaRuntimeSupport
0x00000001155a3000 	/System/Library/Frameworks/JavaVM.framework/Versions/A/Frameworks/JavaNativeFoundation.framework/Versions/A/JavaNativeFoundation
0x00000001155b8000 	/System/Library/Frameworks/JavaVM.framework/Versions/A/JavaVM
0x000000000bb32000 	/System/Library/Frameworks/Carbon.framework/Versions/A/Carbon
0x00000001155c5000 	/System/Library/PrivateFrameworks/JavaLaunching.framework/Versions/A/JavaLaunching
0x000000000bb32000 	/System/Library/Frameworks/Carbon.framework/Versions/A/Frameworks/CommonPanels.framework/Versions/A/CommonPanels
0x000000000bb32000 	/System/Library/Frameworks/Carbon.framework/Versions/A/Frameworks/Help.framework/Versions/A/Help
0x000000000bb32000 	/System/Library/Frameworks/Carbon.framework/Versions/A/Frameworks/ImageCapture.framework/Versions/A/ImageCapture
0x000000000bb32000 	/System/Library/Frameworks/Carbon.framework/Versions/A/Frameworks/OpenScripting.framework/Versions/A/OpenScripting
0x000000000bb32000 	/System/Library/Frameworks/Carbon.framework/Versions/A/Frameworks/Print.framework/Versions/A/Print
0x000000000bb32000 	/System/Library/Frameworks/Carbon.framework/Versions/A/Frameworks/SecurityHI.framework/Versions/A/SecurityHI
0x000000011752c000 	/Library/Java/JavaVirtualMachines/jdk1.8.0_25.jdk/Contents/Home/jre/lib/libprism_es2.dylib
0x000000000bb32000 	/System/Library/Frameworks/OpenGL.framework/Versions/A/Resources/GLEngine.bundle/GLEngine
0x000000000bb32000 	/System/Library/Frameworks/OpenGL.framework/Versions/A/Libraries/libGLProgrammability.dylib
0x0000000000000000 	/System/Library/Extensions/AppleIntelHD5000GraphicsGLDriver.bundle/Contents/MacOS/AppleIntelHD5000GraphicsGLDriver
0x000000000bb32000 	/System/Library/PrivateFrameworks/IOAccelerator.framework/Versions/A/IOAccelerator
0x000000000bb32000 	/System/Library/PrivateFrameworks/GPUSupport.framework/Versions/A/Libraries/libGPUSupportMercury.dylib
0x000000000bb32000 	/System/Library/Frameworks/OpenGL.framework/Versions/A/Resources/GLRendererFloat.bundle/GLRendererFloat
0x000000000bb32000 	/System/Library/Frameworks/OpenCL.framework/Versions/A/Libraries/libcldcpuengine.dylib
0x000000000bb32000 	/System/Library/PrivateFrameworks/DiskImages.framework/Versions/A/DiskImages
0x000000000bb32000 	/System/Library/Frameworks/DiscRecording.framework/Versions/A/DiscRecording
0x000000000bb32000 	/usr/lib/libcsfde.dylib
0x000000000bb32000 	/usr/lib/libcurl.4.dylib
0x000000000bb32000 	/System/Library/PrivateFrameworks/MediaKit.framework/Versions/A/MediaKit
0x000000000bb32000 	/System/Library/PrivateFrameworks/ProtectedCloudStorage.framework/Versions/A/ProtectedCloudStorage
0x000000000bb32000 	/usr/lib/libCoreStorage.dylib
0x000000000bb32000 	/System/Library/PrivateFrameworks/EFILogin.framework/Versions/A/EFILogin
0x000000000bb32000 	/usr/lib/libutil.dylib
0x000000000bb32000 	/System/Library/PrivateFrameworks/FindMyDevice.framework/Versions/A/FindMyDevice
0x000000000bb32000 	/System/Library/Frameworks/LDAP.framework/Versions/A/LDAP
0x000000000bb32000 	/usr/lib/libsasl2.2.dylib
0x000000000bb32000 	/System/Library/PrivateFrameworks/CoreDaemon.framework/Versions/B/CoreDaemon
0x000000000bb32000 	/usr/lib/libcrypto.0.9.8.dylib
0x000000000bb32000 	/System/Library/PrivateFrameworks/AppleSRP.framework/Versions/A/AppleSRP
0x000000000bb32000 	/System/Library/PrivateFrameworks/TrustEvaluationAgent.framework/Versions/A/TrustEvaluationAgent
0x0000000117a5c000 	/Library/Java/JavaVirtualMachines/jdk1.8.0_25.jdk/Contents/Home/jre/lib/libglass.dylib
0x000000000bb32000 	/System/Library/PrivateFrameworks/CoreServicesInternal.framework/Versions/A/CoreServicesInternal
0x000000000bb32000 	/System/Library/PrivateFrameworks/CloudDocs.framework/Versions/A/CloudDocs
0x000000000bb32000 	/System/Library/PrivateFrameworks/CoreDuet.framework/Versions/A/CoreDuet
0x000000000bb32000 	/System/Library/Frameworks/CloudKit.framework/Versions/A/CloudKit
0x000000000bb32000 	/System/Library/PrivateFrameworks/ProtocolBuffer.framework/Versions/A/ProtocolBuffer
0x000000000bb32000 	/System/Library/PrivateFrameworks/CoreDuetDaemonProtocol.framework/Versions/A/CoreDuetDaemonProtocol
0x000000000bb32000 	/System/Library/PrivateFrameworks/CoreDuetDebugLogging.framework/Versions/A/CoreDuetDebugLogging
0x000000000bb32000 	/System/Library/Frameworks/CoreLocation.framework/Versions/A/CoreLocation
0x000000000bb32000 	/System/Library/Frameworks/Accounts.framework/Versions/A/Accounts
0x000000000bb32000 	/System/Library/PrivateFrameworks/ApplePushService.framework/Versions/A/ApplePushService
0x000000000bb32000 	/System/Library/PrivateFrameworks/GeoServices.framework/Versions/A/GeoServices
0x000000000bb32000 	/System/Library/PrivateFrameworks/OAuth.framework/Versions/A/OAuth
0x000000000bb32000 	/System/Library/Frameworks/CoreGraphics.framework/Versions/A/Resources/libCGCMS.A.dylib
0x000000000bb32000 	/System/Library/CoreServices/RawCamera.bundle/Contents/MacOS/RawCamera
0x000000000bb32000 	/System/Library/Frameworks/CoreGraphics.framework/Versions/A/Resources/libRIP.A.dylib
0x000000000bb32000 	/System/Library/PrivateFrameworks/FamilyControls.framework/Versions/A/FamilyControls
0x000000000bb32000 	/System/Library/PrivateFrameworks/CommerceKit.framework/Versions/A/Frameworks/CommerceCore.framework/Versions/A/CommerceCore
0x000000000bb32000 	/System/Library/PrivateFrameworks/SystemAdministration.framework/Versions/A/SystemAdministration
0x000000000bb32000 	/System/Library/PrivateFrameworks/AppContainer.framework/Versions/A/AppContainer
0x000000000bb32000 	/System/Library/PrivateFrameworks/SecCodeWrapper.framework/Versions/A/SecCodeWrapper
0x000000000bb32000 	/System/Library/Frameworks/DirectoryService.framework/Versions/A/DirectoryService
0x000000000bb32000 	/System/Library/PrivateFrameworks/LoginUIKit.framework/Versions/A/Frameworks/LoginUICore.framework/Versions/A/LoginUICore
0x000000000bb32000 	/usr/lib/libodfde.dylib
0x000000011b03a000 	/Library/Java/JavaVirtualMachines/jdk1.8.0_25.jdk/Contents/Home/jre/lib/libjavafx_font.dylib
0x000000000bb32000 	/System/Library/Frameworks/CoreGraphics.framework/Versions/A/Resources/libCGXType.A.dylib
0x000000011b343000 	cl_kernels
0x000000011de63000 	/System/Library/Frameworks/OpenCL.framework/Versions/A/Libraries/ImageFormats/unorm8_bgra.dylib
0x000000011b67f000 	cl_kernels
0x000000011c861000 	/Library/Java/JavaVirtualMachines/jdk1.8.0_25.jdk/Contents/Home/jre/lib/libprism_common.dylib

VM Arguments:
jvm_args: -Dfile.encoding=UTF-8 
java_command: Main
java_class_path (initial): /Users/vcheng/Documents/workspace/slogo_team08/bin
Launcher Type: SUN_STANDARD

Environment Variables:
PATH=/usr/bin:/bin:/usr/sbin:/sbin
SHELL=/bin/bash
DISPLAY=/private/tmp/com.apple.launchd.hGCU15iGTG/org.macosforge.xquartz:0

Signal Handlers:
SIGSEGV: [libjvm.dylib+0x579dc7], sa_mask[0]=11111111011111110111111111111111, sa_flags=SA_ONSTACK|SA_RESTART|SA_SIGINFO
SIGBUS: [libjvm.dylib+0x579dc7], sa_mask[0]=11111111011111110111111111111111, sa_flags=SA_RESTART|SA_SIGINFO
SIGFPE: [libjvm.dylib+0x45b030], sa_mask[0]=11111111011111110111111111111111, sa_flags=SA_RESTART|SA_SIGINFO
SIGPIPE: [libjvm.dylib+0x45b030], sa_mask[0]=11111111011111110111111111111111, sa_flags=SA_RESTART|SA_SIGINFO
SIGXFSZ: [libjvm.dylib+0x45b030], sa_mask[0]=11111111011111110111111111111111, sa_flags=SA_RESTART|SA_SIGINFO
SIGILL: [libjvm.dylib+0x45b030], sa_mask[0]=11111111011111110111111111111111, sa_flags=SA_RESTART|SA_SIGINFO
SIGUSR1: SIG_DFL, sa_mask[0]=00000000000000000000000000000000, sa_flags=none
SIGUSR2: [libjvm.dylib+0x45ab4e], sa_mask[0]=00100000000000000000000000000000, sa_flags=SA_RESTART|SA_SIGINFO
SIGHUP: [libjvm.dylib+0x459121], sa_mask[0]=11111111011111110111111111111111, sa_flags=SA_RESTART|SA_SIGINFO
SIGINT: [libjvm.dylib+0x459121], sa_mask[0]=11111111011111110111111111111111, sa_flags=SA_RESTART|SA_SIGINFO
SIGTERM: [libjvm.dylib+0x459121], sa_mask[0]=11111111011111110111111111111111, sa_flags=SA_RESTART|SA_SIGINFO
SIGQUIT: [libjvm.dylib+0x459121], sa_mask[0]=11111111011111110111111111111111, sa_flags=SA_RESTART|SA_SIGINFO


---------------  S Y S T E M  ---------------

OS:Bsduname:Darwin 14.1.0 Darwin Kernel Version 14.1.0: Mon Dec 22 23:10:38 PST 2014; root:xnu-2782.10.72~2/RELEASE_X86_64 x86_64
rlimit: STACK 8192k, CORE 0k, NPROC 709, NOFILE 10240, AS infinity
load average:2.53 2.55 2.31

CPU:total 4 (2 cores per cpu, 2 threads per core) family 6 model 69 stepping 1, cmov, cx8, fxsr, mmx, sse, sse2, sse3, ssse3, sse4.1, sse4.2, popcnt, avx, avx2, aes, clmul, erms, lzcnt, ht, tsc, tscinvbit, bmi1, bmi2

Memory: 4k page, physical 4194304k(1030024k free)

/proc/meminfo:


vm_info: Java HotSpot(TM) 64-Bit Server VM (25.25-b02) for bsd-amd64 JRE (1.8.0_25-b17), built on Sep 17 2014 16:56:50 by "java_re" with gcc 4.2.1 (Based on Apple Inc. build 5658) (LLVM build 2336.11.00)

time: Fri Mar 11 23:04:15 2016
elapsed time: 329 seconds (0d 0h 5m 29s)

