#
# A fatal error has been detected by the Java Runtime Environment:
#
#  SIGSEGV (0xb) at pc=0x0000000117f2e3fd, pid=3959, tid=1811
#
# JRE version: Java(TM) SE Runtime Environment (8.0_25-b17) (build 1.8.0_25-b17)
# Java VM: Java HotSpot(TM) 64-Bit Server VM (25.25-b02 mixed mode bsd-amd64 compressed oops)
# Problematic frame:
# C  [libglass.dylib+0x163fd]  GlassScreenDidChangeScreenParameters+0x9d
#
# Failed to write core dump. Core dumps have been disabled. To enable core dumping, try "ulimit -c unlimited" before starting Java again
#
# If you would like to submit a bug report, please visit:
#   http://bugreport.sun.com/bugreport/crash.jsp
#

---------------  T H R E A D  ---------------

Current thread is native thread

siginfo: si_signo: 11 (SIGSEGV), si_code: 1 (SEGV_MAPERR), si_addr: 0x0000000000000000

Registers:
RAX=0x0000000117f60e40, RBX=0x0000000000000000, RCX=0x0100e5c5157cffd0, RDX=0x00007faa29d67cb0
RSP=0x00007fff5f64e120, RBP=0x00007fff5f64e130, RSI=0x00007faa29d10648, RDI=0x0000000000000000
R8 =0x00007fff5f64dfd0, R9 =0x00007fff7ae3f300, R10=0x0000000000000000, R11=0x0000000000000246
R12=0x00007faa29c109d0, R13=0x00000000000f4268, R14=0x00007faa29e428b0, R15=0x00007fff5f64e270
RIP=0x0000000117f2e3fd, EFLAGS=0x0000000000010202, ERR=0x0000000000000004
  TRAPNO=0x000000000000000e

Top of Stack: (sp=0x00007fff5f64e120)
0x00007fff5f64e120:   00007fff5f64e300 00007faa29e428b0
0x00007fff5f64e130:   00007fff5f64e140 00007fff9167acdc
0x00007fff5f64e140:   00007fff5f64e4a0 00007fff9156c244
0x00007fff5f64e150:   00007fff5f64e1a0 0000000000001e00
0x00007fff5f64e160:   00007fff7b528cf0 00007faa315bc340
0x00007fff5f64e170:   0000000000001003 0000000000000900
0x00007fff5f64e180:   00007faa315bc340 00007faa29e428b0
0x00007fff5f64e190:   0000000000000000 00007fff5f64e270
0x00007fff5f64e1a0:   0000000000000000 00007faa29e42870
0x00007fff5f64e1b0:   00007fff5f64e2f0 0000000000000060
0x00007fff5f64e1c0:   00000000000f432e 00007faa29e7ff40
0x00007fff5f64e1d0:   00007faa29c563d0 00007faa29c109d0
0x00007fff5f64e1e0:   0000000000000001 00000000000f4268
0x00007fff5f64e1f0:   00007faa29c109c0 00007fff97b8cacb
0x00007fff5f64e200:   0000000000000001 0000000000000001
0x00007fff5f64e210:   0000000000000030 0000000000000001
0x00007fff5f64e220:   00007fff5f64e240 00007fff97b92231
0x00007fff5f64e230:   00007fff7b526dd0 0000000000000000
0x00007fff5f64e240:   00007fff5f64e260 0000000000000004
0x00007fff5f64e250:   00023903000000f5 00007faa29c109f4
0x00007fff5f64e260:   0000000000000000 00007fff91561d1f
0x00007fff5f64e270:   00007faa29e428b0 00007fff7b526dd0
0x00007fff5f64e280:   00007fff5f64e300 00007fff9156a84f
0x00007fff5f64e290:   00000001005cca00 00007faa29f4e010
0x00007fff5f64e2a0:   00000001005cca00 0000000000000002
0x00007fff5f64e2b0:   00000001005c9000 00007faa29eaa022
0x00007fff5f64e2c0:   0000000000000003 00000001005ce800
0x00007fff5f64e2d0:   00007fff5f64e3c0 00007fff97b8b2a2
0x00007fff5f64e2e0:   00007faa29d52780 00007fff5f64e4a8
0x00007fff5f64e2f0:   0000000000000017 0000000000000000
0x00007fff5f64e300:   00000000000f4268 00007fff91562013
0x00007fff5f64e310:   00007fff00000000 00007faa29d57880 

Instructions: (pc=0x0000000117f2e3fd)
0x0000000117f2e3dd:   89 df 4c 89 f1 41 ff 90 68 04 00 00 48 8d 05 58
0x0000000117f2e3ed:   29 03 00 48 8b 30 48 8d 05 46 2a 03 00 48 8b 10
0x0000000117f2e3fd:   48 8b 0b 30 c0 48 89 df ff 91 68 04 00 00 48 8b
0x0000000117f2e40d:   03 48 89 df ff 50 78 48 85 c0 74 36 49 89 c6 48 

Register to memory mapping:

RAX=0x0000000117f60e40: jScreenNotifySettingsChanged+0 in /Library/Java/JavaVirtualMachines/jdk1.8.0_25.jdk/Contents/Home/jre/lib/libglass.dylib at 0x0000000117f18000
RBX=0x0000000000000000 is an unknown value
RCX=0x0100e5c5157cffd0 is an unknown value
RDX=0x00007faa29d67cb0 is an unknown value
RSP=0x00007fff5f64e120 is an unknown value
RBP=0x00007fff5f64e130 is an unknown value
RSI=0x00007faa29d10648 is a global jni handle
RDI=0x0000000000000000 is an unknown value
R8 =0x00007fff5f64dfd0 is an unknown value
R9 =0x00007fff7ae3f300: _thread+0 in /usr/lib/system/libsystem_pthread.dylib at 0x00007fff8ee9d000
R10=0x0000000000000000 is an unknown value
R11=0x0000000000000246 is an unknown value
R12=0x00007faa29c109d0 is an unknown value
R13=0x00000000000f4268 is an unknown value
R14=0x00007faa29e428b0 is an unknown value
R15=0x00007fff5f64e270 is an unknown value


Stack: [0x00007fff5ee51000,0x00007fff5f651000],  sp=0x00007fff5f64e120,  free space=8180k
Native frames: (J=compiled Java code, j=interpreted, Vv=VM code, C=native code)
C  [libglass.dylib+0x163fd]  GlassScreenDidChangeScreenParameters+0x9d
C  [CoreFoundation+0x11ecdc]  __CFNOTIFICATIONCENTER_IS_CALLING_OUT_TO_AN_OBSERVER__+0xc
C  [CoreFoundation+0x10244]  _CFXNotificationPost+0xc44
C  [Foundation+0x2c31]  -[NSNotificationCenter postNotificationName:object:userInfo:]+0x42
C  [AppKit+0x36305e]  -[NSApplication _reactToScreenInvalidationImmediately:]+0x17b
C  [AppKit+0x362e9d]  __44-[NSApplication _reactToScreenInvalidation:]_block_invoke+0x4b
C  [CoreFoundation+0x8056c]  __CFRUNLOOP_IS_CALLING_OUT_TO_A_BLOCK__+0xc
C  [CoreFoundation+0x72675]  __CFRunLoopDoBlocks+0x155
C  [CoreFoundation+0x721b6]  __CFRunLoopRun+0x716
C  [CoreFoundation+0x71858]  CFRunLoopRunSpecific+0x128
C  [java+0x56cc]  CreateExecutionEnvironment+0x367
C  [java+0x165c]  JLI_Launch+0x7a0
C  [java+0x768a]  main+0x65
C  [java+0xeb4]  start+0x34


---------------  P R O C E S S  ---------------

VM state:at safepoint (normal execution)

VM Mutex/Monitor currently owned by a thread:  ([mutex/lock_event])
[0x00007faa29d0da40] Threads_lock - owner thread: 0x00007faa2b006000
[0x00007faa29d0df40] Heap_lock - owner thread: 0x00007faa2b965800

Heap:
 PSYoungGen      total 35328K, used 23246K [0x00000007aab00000, 0x00000007ad000000, 0x00000007c0000000)
  eden space 32768K, 63% used [0x00000007aab00000,0x00000007abf37838,0x00000007acb00000)
  from space 2560K, 99% used [0x00000007acd80000,0x00000007acffc030,0x00000007ad000000)
  to   space 2560K, 0% used [0x00000007acb00000,0x00000007acb00000,0x00000007acd80000)
 ParOldGen       total 44032K, used 1816K [0x0000000780000000, 0x0000000782b00000, 0x00000007aab00000)
  object space 44032K, 4% used [0x0000000780000000,0x00000007801c60b0,0x0000000782b00000)
 Metaspace       used 17149K, capacity 18514K, committed 18816K, reserved 1064960K
  class space    used 2640K, capacity 2888K, committed 2944K, reserved 1048576K

Card table byte_map: [0x0000000111310000,0x0000000111511000] byte_map_base: 0x000000010d710000

Marking Bits: (ParMarkBitMap*) 0x000000010189d390
 Begin Bits: [0x0000000111a73000, 0x0000000112a73000)
 End Bits:   [0x0000000112a73000, 0x0000000113a73000)

Polling page: 0x00000001007d5000

CodeCache: size=245760Kb used=6151Kb max_used=6154Kb free=239608Kb
 bounds [0x0000000101f50000, 0x0000000102560000, 0x0000000110f50000]
 total_blobs=2661 nmethods=2014 adapters=561
 compilation: enabled

Compilation events (10 events):
Event: 51.712 Thread 0x00007faa2a05e800 2010       4       com.sun.glass.ui.mac.MacGestureSupport::notifyEndTouchEvent (8 bytes)
Event: 51.723 Thread 0x00007faa2a05e800 nmethod 2010 0x000000010254efd0 code [0x000000010254f160, 0x000000010254f5a8]
Event: 90.294 Thread 0x00007faa2a05b800 2011       4       com.sun.javafx.tk.quantum.QuantumToolkit$$Lambda$43/87203537::run (8 bytes)
Event: 90.299 Thread 0x00007faa2a05b800 nmethod 2011 0x000000010254e8d0 code [0x000000010254ea60, 0x000000010254ec98]
Event: 201.290 Thread 0x00007faa2a05f800 2012       3       javafx.collections.WeakListChangeListener::onChanged (36 bytes)
Event: 201.295 Thread 0x00007faa2a05f800 nmethod 2012 0x000000010254d690 code [0x000000010254d820, 0x000000010254dd98]
Event: 259.153 Thread 0x00007faa2a05f800 2014       3       java.util.concurrent.locks.AbstractQueuedSynchronizer$Node::predecessor (19 bytes)
Event: 259.153 Thread 0x00007faa2a05f800 nmethod 2014 0x000000010254d250 code [0x000000010254d3c0, 0x000000010254d5e8]
Event: 259.154 Thread 0x00007faa2a05f800 2015   !   3       java.util.concurrent.locks.AbstractQueuedSynchronizer::acquireQueued (93 bytes)
Event: 259.158 Thread 0x00007faa2a05f800 nmethod 2015 0x0000000102550610 code [0x0000000102550840, 0x0000000102551338]

GC Heap History (4 events):
Event: 0.774 GC heap before
{Heap before GC invocations=1 (full 0):
 PSYoungGen      total 18944K, used 16384K [0x00000007aab00000, 0x00000007ac000000, 0x00000007c0000000)
  eden space 16384K, 100% used [0x00000007aab00000,0x00000007abb00000,0x00000007abb00000)
  from space 2560K, 0% used [0x00000007abd80000,0x00000007abd80000,0x00000007ac000000)
  to   space 2560K, 0% used [0x00000007abb00000,0x00000007abb00000,0x00000007abd80000)
 ParOldGen       total 44032K, used 0K [0x0000000780000000, 0x0000000782b00000, 0x00000007aab00000)
  object space 44032K, 0% used [0x0000000780000000,0x0000000780000000,0x0000000782b00000)
 Metaspace       used 8992K, capacity 9384K, committed 9600K, reserved 1056768K
  class space    used 1222K, capacity 1303K, committed 1408K, reserved 1048576K
Event: 0.783 GC heap after
Heap after GC invocations=1 (full 0):
 PSYoungGen      total 18944K, used 2528K [0x00000007aab00000, 0x00000007ad000000, 0x00000007c0000000)
  eden space 16384K, 0% used [0x00000007aab00000,0x00000007aab00000,0x00000007abb00000)
  from space 2560K, 98% used [0x00000007abb00000,0x00000007abd78020,0x00000007abd80000)
  to   space 2560K, 0% used [0x00000007acd80000,0x00000007acd80000,0x00000007ad000000)
 ParOldGen       total 44032K, used 64K [0x0000000780000000, 0x0000000782b00000, 0x00000007aab00000)
  object space 44032K, 0% used [0x0000000780000000,0x0000000780010000,0x0000000782b00000)
 Metaspace       used 8992K, capacity 9384K, committed 9600K, reserved 1056768K
  class space    used 1222K, capacity 1303K, committed 1408K, reserved 1048576K
}
Event: 1.688 GC heap before
{Heap before GC invocations=2 (full 0):
 PSYoungGen      total 18944K, used 18912K [0x00000007aab00000, 0x00000007ad000000, 0x00000007c0000000)
  eden space 16384K, 100% used [0x00000007aab00000,0x00000007abb00000,0x00000007abb00000)
  from space 2560K, 98% used [0x00000007abb00000,0x00000007abd78020,0x00000007abd80000)
  to   space 2560K, 0% used [0x00000007acd80000,0x00000007acd80000,0x00000007ad000000)
 ParOldGen       total 44032K, used 64K [0x0000000780000000, 0x0000000782b00000, 0x00000007aab00000)
  object space 44032K, 0% used [0x0000000780000000,0x0000000780010000,0x0000000782b00000)
 Metaspace       used 14731K, capacity 15672K, committed 15872K, reserved 1062912K
  class space    used 2329K, capacity 2526K, committed 2560K, reserved 1048576K
Event: 1.704 GC heap after
Heap after GC invocations=2 (full 0):
 PSYoungGen      total 35328K, used 2544K [0x00000007aab00000, 0x00000007ad000000, 0x00000007c0000000)
  eden space 32768K, 0% used [0x00000007aab00000,0x00000007aab00000,0x00000007acb00000)
  from space 2560K, 99% used [0x00000007acd80000,0x00000007acffc030,0x00000007ad000000)
  to   space 2560K, 0% used [0x00000007acb00000,0x00000007acb00000,0x00000007acd80000)
 ParOldGen       total 44032K, used 1816K [0x0000000780000000, 0x0000000782b00000, 0x00000007aab00000)
  object space 44032K, 4% used [0x0000000780000000,0x00000007801c60b0,0x0000000782b00000)
 Metaspace       used 14731K, capacity 15672K, committed 15872K, reserved 1062912K
  class space    used 2329K, capacity 2526K, committed 2560K, reserved 1048576K
}

Deoptimization events (10 events):
Event: 1.433 Thread 0x00007faa2a953800 Uncommon trap: reason=unloaded action=reinterpret pc=0x0000000102168758 method=java.lang.CharacterData.of(I)Ljava/lang/CharacterData; @ 96
Event: 1.560 Thread 0x00007faa2a953800 Uncommon trap: reason=unreached action=reinterpret pc=0x000000010227eb18 method=java.util.HashMap.putVal(ILjava/lang/Object;Ljava/lang/Object;ZZ)Ljava/lang/Object; @ 193
Event: 1.798 Thread 0x00007faa2a953800 Uncommon trap: reason=array_check action=maybe_recompile pc=0x000000010238abf0 method=com.sun.javafx.css.SimpleSelector.applies(Ljavafx/css/Styleable;[Ljava/util/Set;I)Z @ 37
Event: 1.799 Thread 0x00007faa2a953800 Uncommon trap: reason=array_check action=maybe_recompile pc=0x000000010238abf0 method=com.sun.javafx.css.SimpleSelector.applies(Ljavafx/css/Styleable;[Ljava/util/Set;I)Z @ 37
Event: 1.799 Thread 0x00007faa2a953800 Uncommon trap: reason=array_check action=maybe_recompile pc=0x000000010238abf0 method=com.sun.javafx.css.SimpleSelector.applies(Ljavafx/css/Styleable;[Ljava/util/Set;I)Z @ 37
Event: 1.799 Thread 0x00007faa2a953800 Uncommon trap: reason=array_check action=maybe_recompile pc=0x000000010238abf0 method=com.sun.javafx.css.SimpleSelector.applies(Ljavafx/css/Styleable;[Ljava/util/Set;I)Z @ 37
Event: 1.820 Thread 0x00007faa2a953800 Uncommon trap: reason=unreached action=reinterpret pc=0x00000001022f16c4 method=sun.misc.URLClassPath$JarLoader.ensureOpen()V @ 4
Event: 1.913 Thread 0x00007faa2a953800 Uncommon trap: reason=unreached action=reinterpret pc=0x000000010239c260 method=com.sun.javafx.css.SimpleSelector.stateMatches(Ljavafx/css/Styleable;Ljava/util/Set;)Z @ 1
Event: 1.924 Thread 0x00007faa2a953800 Uncommon trap: reason=unreached action=reinterpret pc=0x00000001023a02e4 method=com.sun.javafx.css.BitSet.addAll(Ljava/util/Collection;)Z @ 1
Event: 2.656 Thread 0x00007faa2a953800 Uncommon trap: reason=unreached action=reinterpret pc=0x0000000102403168 method=javafx.scene.CssStyleHelper.lookup(Ljavafx/css/Styleable;Ljavafx/css/CssMetaData;Lcom/sun/javafx/css/StyleMap;Ljava/util/Set;Ljavafx/css/Styleable;Lcom/sun/javafx/css/Calculat

Internal exceptions (10 events):
Event: 1.003 Thread 0x00007faa2a953800 Exception <a 'java/security/PrivilegedActionException'> (0x00000007ab1089a0) thrown at [/HUDSON3/workspace/8-2-build-macosx-x86_64/jdk8u25/1514/hotspot/src/share/vm/prims/jvm.cpp, line 1312]
Event: 1.102 Thread 0x00007faa2a953800 Exception <a 'java/security/PrivilegedActionException'> (0x00000007ab3017e8) thrown at [/HUDSON3/workspace/8-2-build-macosx-x86_64/jdk8u25/1514/hotspot/src/share/vm/prims/jvm.cpp, line 1312]
Event: 1.104 Thread 0x00007faa2a953800 Exception <a 'java/security/PrivilegedActionException'> (0x00000007ab317b20) thrown at [/HUDSON3/workspace/8-2-build-macosx-x86_64/jdk8u25/1514/hotspot/src/share/vm/prims/jvm.cpp, line 1312]
Event: 1.107 Thread 0x00007faa2a953800 Exception <a 'java/security/PrivilegedActionException'> (0x00000007ab339ba8) thrown at [/HUDSON3/workspace/8-2-build-macosx-x86_64/jdk8u25/1514/hotspot/src/share/vm/prims/jvm.cpp, line 1312]
Event: 1.501 Thread 0x00007faa2a953800 Exception <a 'java/security/PrivilegedActionException'> (0x00000007ab6ac2b0) thrown at [/HUDSON3/workspace/8-2-build-macosx-x86_64/jdk8u25/1514/hotspot/src/share/vm/prims/jvm.cpp, line 1312]
Event: 1.502 Thread 0x00007faa2a953800 Exception <a 'java/security/PrivilegedActionException'> (0x00000007ab6c3930) thrown at [/HUDSON3/workspace/8-2-build-macosx-x86_64/jdk8u25/1514/hotspot/src/share/vm/prims/jvm.cpp, line 1312]
Event: 1.505 Thread 0x00007faa2a953800 Exception <a 'java/security/PrivilegedActionException'> (0x00000007ab6e09c8) thrown at [/HUDSON3/workspace/8-2-build-macosx-x86_64/jdk8u25/1514/hotspot/src/share/vm/prims/jvm.cpp, line 1312]
Event: 1.820 Thread 0x00007faa2a953800 Implicit null exception at 0x00000001022efcaa to 0x00000001022f16ad
Event: 1.913 Thread 0x00007faa2a953800 Implicit null exception at 0x000000010239bb2f to 0x000000010239c235
Event: 1.924 Thread 0x00007faa2a953800 Implicit null exception at 0x000000010239fd50 to 0x00000001023a02d1

Events (10 events):
Event: 259.159 Thread 0x00007faa2a808000 Thread exited: 0x00007faa2a808000
Event: 259.159 Thread 0x00007faa2b965800 Thread added: 0x00007faa2b965800
Event: 259.478 Thread 0x00007faa2a953800 Thread exited: 0x00007faa2a953800
Event: 259.478 loading class java/util/IdentityHashMap$KeySet
Event: 259.478 loading class java/util/IdentityHashMap$KeySet done
Event: 259.479 loading class java/util/IdentityHashMap$KeyIterator
Event: 259.479 loading class java/util/IdentityHashMap$IdentityHashMapIterator
Event: 259.479 loading class java/util/IdentityHashMap$IdentityHashMapIterator done
Event: 259.479 loading class java/util/IdentityHashMap$KeyIterator done
Event: 259.479 Thread 0x00007faa2b965800 Thread exited: 0x00007faa2b965800


Dynamic libraries:
0x000000000a287000 	/System/Library/Frameworks/Cocoa.framework/Versions/A/Cocoa
0x000000000a287000 	/System/Library/Frameworks/Security.framework/Versions/A/Security
0x000000000a287000 	/System/Library/Frameworks/ApplicationServices.framework/Versions/A/ApplicationServices
0x000000000a287000 	/usr/lib/libz.1.dylib
0x000000000a287000 	/usr/lib/libSystem.B.dylib
0x000000000a287000 	/usr/lib/libobjc.A.dylib
0x000000000a287000 	/System/Library/Frameworks/CoreFoundation.framework/Versions/A/CoreFoundation
0x000000000a287000 	/System/Library/Frameworks/Foundation.framework/Versions/C/Foundation
0x000000000a287000 	/System/Library/Frameworks/AppKit.framework/Versions/C/AppKit
0x000000000a287000 	/System/Library/Frameworks/CoreData.framework/Versions/A/CoreData
0x000000000a287000 	/System/Library/PrivateFrameworks/RemoteViewServices.framework/Versions/A/RemoteViewServices
0x000000000a287000 	/System/Library/PrivateFrameworks/UIFoundation.framework/Versions/A/UIFoundation
0x000000000a287000 	/System/Library/Frameworks/IOSurface.framework/Versions/A/IOSurface
0x000000000a287000 	/System/Library/Frameworks/AudioToolbox.framework/Versions/A/AudioToolbox
0x000000000a287000 	/System/Library/Frameworks/AudioUnit.framework/Versions/A/AudioUnit
0x000000000a287000 	/System/Library/PrivateFrameworks/DataDetectorsCore.framework/Versions/A/DataDetectorsCore
0x000000000a287000 	/System/Library/PrivateFrameworks/DesktopServicesPriv.framework/Versions/A/DesktopServicesPriv
0x000000000a287000 	/System/Library/Frameworks/Carbon.framework/Versions/A/Frameworks/HIToolbox.framework/Versions/A/HIToolbox
0x000000000a287000 	/System/Library/Frameworks/QuartzCore.framework/Versions/A/QuartzCore
0x000000000a287000 	/System/Library/Frameworks/Carbon.framework/Versions/A/Frameworks/SpeechRecognition.framework/Versions/A/SpeechRecognition
0x000000000a287000 	/usr/lib/libauto.dylib
0x000000000a287000 	/usr/lib/libicucore.A.dylib
0x000000000a287000 	/usr/lib/libxml2.2.dylib
0x000000000a287000 	/System/Library/PrivateFrameworks/CoreUI.framework/Versions/A/CoreUI
0x000000000a287000 	/System/Library/Frameworks/CoreAudio.framework/Versions/A/CoreAudio
0x000000000a287000 	/System/Library/Frameworks/DiskArbitration.framework/Versions/A/DiskArbitration
0x000000000a287000 	/usr/lib/liblangid.dylib
0x000000000a287000 	/System/Library/PrivateFrameworks/MultitouchSupport.framework/Versions/A/MultitouchSupport
0x000000000a287000 	/System/Library/Frameworks/IOKit.framework/Versions/A/IOKit
0x000000000a287000 	/usr/lib/libDiagnosticMessagesClient.dylib
0x000000000a287000 	/System/Library/Frameworks/CoreServices.framework/Versions/A/CoreServices
0x000000000a287000 	/System/Library/PrivateFrameworks/PerformanceAnalysis.framework/Versions/A/PerformanceAnalysis
0x000000000a287000 	/System/Library/PrivateFrameworks/GenerationalStorage.framework/Versions/A/GenerationalStorage
0x000000000a287000 	/System/Library/Frameworks/OpenGL.framework/Versions/A/OpenGL
0x000000000a287000 	/System/Library/PrivateFrameworks/Sharing.framework/Versions/A/Sharing
0x000000000a287000 	/System/Library/Frameworks/CoreGraphics.framework/Versions/A/CoreGraphics
0x000000000a287000 	/System/Library/Frameworks/CoreText.framework/Versions/A/CoreText
0x000000000a287000 	/System/Library/Frameworks/ImageIO.framework/Versions/A/ImageIO
0x000000000a287000 	/usr/lib/libextension.dylib
0x000000000a287000 	/System/Library/PrivateFrameworks/Backup.framework/Versions/A/Backup
0x000000000a287000 	/usr/lib/libarchive.2.dylib
0x000000000a287000 	/System/Library/Frameworks/CFNetwork.framework/Versions/A/CFNetwork
0x000000000a287000 	/System/Library/Frameworks/SystemConfiguration.framework/Versions/A/SystemConfiguration
0x000000000a287000 	/usr/lib/libCRFSuite.dylib
0x000000000a287000 	/usr/lib/libc++.1.dylib
0x000000000a287000 	/usr/lib/libc++abi.dylib
0x000000000a287000 	/usr/lib/system/libcache.dylib
0x000000000a287000 	/usr/lib/system/libcommonCrypto.dylib
0x000000000a287000 	/usr/lib/system/libcompiler_rt.dylib
0x000000000a287000 	/usr/lib/system/libcopyfile.dylib
0x000000000a287000 	/usr/lib/system/libcorecrypto.dylib
0x000000000a287000 	/usr/lib/system/libdispatch.dylib
0x000000000a287000 	/usr/lib/system/libdyld.dylib
0x000000000a287000 	/usr/lib/system/libkeymgr.dylib
0x000000000a287000 	/usr/lib/system/liblaunch.dylib
0x000000000a287000 	/usr/lib/system/libmacho.dylib
0x000000000a287000 	/usr/lib/system/libquarantine.dylib
0x000000000a287000 	/usr/lib/system/libremovefile.dylib
0x000000000a287000 	/usr/lib/system/libsystem_asl.dylib
0x000000000a287000 	/usr/lib/system/libsystem_blocks.dylib
0x000000000a287000 	/usr/lib/system/libsystem_c.dylib
0x000000000a287000 	/usr/lib/system/libsystem_configuration.dylib
0x000000000a287000 	/usr/lib/system/libsystem_coreservices.dylib
0x000000000a287000 	/usr/lib/system/libsystem_coretls.dylib
0x000000000a287000 	/usr/lib/system/libsystem_dnssd.dylib
0x000000000a287000 	/usr/lib/system/libsystem_info.dylib
0x000000000a287000 	/usr/lib/system/libsystem_kernel.dylib
0x000000000a287000 	/usr/lib/system/libsystem_m.dylib
0x000000000a287000 	/usr/lib/system/libsystem_malloc.dylib
0x000000000a287000 	/usr/lib/system/libsystem_network.dylib
0x000000000a287000 	/usr/lib/system/libsystem_networkextension.dylib
0x000000000a287000 	/usr/lib/system/libsystem_notify.dylib
0x000000000a287000 	/usr/lib/system/libsystem_platform.dylib
0x000000000a287000 	/usr/lib/system/libsystem_pthread.dylib
0x000000000a287000 	/usr/lib/system/libsystem_sandbox.dylib
0x000000000a287000 	/usr/lib/system/libsystem_secinit.dylib
0x000000000a287000 	/usr/lib/system/libsystem_stats.dylib
0x000000000a287000 	/usr/lib/system/libsystem_trace.dylib
0x000000000a287000 	/usr/lib/system/libunc.dylib
0x000000000a287000 	/usr/lib/system/libunwind.dylib
0x000000000a287000 	/usr/lib/system/libxpc.dylib
0x000000000a287000 	/usr/lib/libbz2.1.0.dylib
0x000000000a287000 	/usr/lib/liblzma.5.dylib
0x000000000a287000 	/usr/lib/libbsm.0.dylib
0x000000000a287000 	/usr/lib/libsqlite3.dylib
0x000000000a287000 	/usr/lib/system/libkxld.dylib
0x000000000a287000 	/usr/lib/libxar.1.dylib
0x000000000a287000 	/usr/lib/libpam.2.dylib
0x000000000a287000 	/usr/lib/libOpenScriptingUtil.dylib
0x000000000a287000 	/System/Library/Frameworks/CoreServices.framework/Versions/A/Frameworks/FSEvents.framework/Versions/A/FSEvents
0x000000000a287000 	/System/Library/Frameworks/CoreServices.framework/Versions/A/Frameworks/CarbonCore.framework/Versions/A/CarbonCore
0x000000000a287000 	/System/Library/Frameworks/CoreServices.framework/Versions/A/Frameworks/Metadata.framework/Versions/A/Metadata
0x000000000a287000 	/System/Library/Frameworks/CoreServices.framework/Versions/A/Frameworks/OSServices.framework/Versions/A/OSServices
0x000000000a287000 	/System/Library/Frameworks/CoreServices.framework/Versions/A/Frameworks/SearchKit.framework/Versions/A/SearchKit
0x000000000a287000 	/System/Library/Frameworks/CoreServices.framework/Versions/A/Frameworks/AE.framework/Versions/A/AE
0x000000000a287000 	/System/Library/Frameworks/CoreServices.framework/Versions/A/Frameworks/LaunchServices.framework/Versions/A/LaunchServices
0x000000000a287000 	/System/Library/Frameworks/CoreServices.framework/Versions/A/Frameworks/DictionaryServices.framework/Versions/A/DictionaryServices
0x000000000a287000 	/System/Library/Frameworks/NetFS.framework/Versions/A/NetFS
0x000000000a287000 	/System/Library/PrivateFrameworks/NetAuth.framework/Versions/A/NetAuth
0x000000000a287000 	/System/Library/PrivateFrameworks/login.framework/Versions/A/Frameworks/loginsupport.framework/Versions/A/loginsupport
0x000000000a287000 	/System/Library/PrivateFrameworks/TCC.framework/Versions/A/TCC
0x000000000a287000 	/usr/lib/libmecabra.dylib
0x000000000a287000 	/System/Library/Frameworks/ApplicationServices.framework/Versions/A/Frameworks/ATS.framework/Versions/A/ATS
0x000000000a287000 	/System/Library/Frameworks/ApplicationServices.framework/Versions/A/Frameworks/ColorSync.framework/Versions/A/ColorSync
0x000000000a287000 	/System/Library/Frameworks/ApplicationServices.framework/Versions/A/Frameworks/HIServices.framework/Versions/A/HIServices
0x000000000a287000 	/System/Library/Frameworks/ApplicationServices.framework/Versions/A/Frameworks/LangAnalysis.framework/Versions/A/LangAnalysis
0x000000000a287000 	/System/Library/Frameworks/ApplicationServices.framework/Versions/A/Frameworks/PrintCore.framework/Versions/A/PrintCore
0x000000000a287000 	/System/Library/Frameworks/ApplicationServices.framework/Versions/A/Frameworks/QD.framework/Versions/A/QD
0x000000000a287000 	/System/Library/Frameworks/ApplicationServices.framework/Versions/A/Frameworks/SpeechSynthesis.framework/Versions/A/SpeechSynthesis
0x000000000a287000 	/System/Library/Frameworks/Accelerate.framework/Versions/A/Accelerate
0x000000000a287000 	/System/Library/Frameworks/Accelerate.framework/Versions/A/Frameworks/vImage.framework/Versions/A/vImage
0x000000000a287000 	/System/Library/Frameworks/Accelerate.framework/Versions/A/Frameworks/vecLib.framework/Versions/A/vecLib
0x000000000a287000 	/System/Library/Frameworks/Accelerate.framework/Versions/A/Frameworks/vecLib.framework/Versions/A/libvDSP.dylib
0x000000000a287000 	/System/Library/Frameworks/Accelerate.framework/Versions/A/Frameworks/vecLib.framework/Versions/A/libvMisc.dylib
0x000000000a287000 	/System/Library/Frameworks/Accelerate.framework/Versions/A/Frameworks/vecLib.framework/Versions/A/libLAPACK.dylib
0x000000000a287000 	/System/Library/Frameworks/Accelerate.framework/Versions/A/Frameworks/vecLib.framework/Versions/A/libBLAS.dylib
0x000000000a287000 	/System/Library/Frameworks/Accelerate.framework/Versions/A/Frameworks/vecLib.framework/Versions/A/libLinearAlgebra.dylib
0x000000000a287000 	/System/Library/Frameworks/ApplicationServices.framework/Versions/A/Frameworks/ATS.framework/Versions/A/Resources/libFontParser.dylib
0x000000000a287000 	/System/Library/Frameworks/ApplicationServices.framework/Versions/A/Frameworks/ATS.framework/Versions/A/Resources/libFontRegistry.dylib
0x000000000a287000 	/System/Library/PrivateFrameworks/AppleVPA.framework/Versions/A/AppleVPA
0x000000000a287000 	/System/Library/PrivateFrameworks/AppleJPEG.framework/Versions/A/AppleJPEG
0x000000000a287000 	/System/Library/Frameworks/ImageIO.framework/Versions/A/Resources/libJPEG.dylib
0x000000000a287000 	/System/Library/Frameworks/ImageIO.framework/Versions/A/Resources/libTIFF.dylib
0x000000000a287000 	/System/Library/Frameworks/ImageIO.framework/Versions/A/Resources/libPng.dylib
0x000000000a287000 	/System/Library/Frameworks/ImageIO.framework/Versions/A/Resources/libGIF.dylib
0x000000000a287000 	/System/Library/Frameworks/ImageIO.framework/Versions/A/Resources/libJP2.dylib
0x000000000a287000 	/System/Library/Frameworks/ImageIO.framework/Versions/A/Resources/libRadiance.dylib
0x000000000a287000 	/System/Library/Frameworks/CoreVideo.framework/Versions/A/CoreVideo
0x000000000a287000 	/System/Library/Frameworks/OpenGL.framework/Versions/A/Libraries/libGLU.dylib
0x000000000a287000 	/System/Library/Frameworks/OpenGL.framework/Versions/A/Libraries/libGFXShared.dylib
0x000000000a287000 	/System/Library/Frameworks/OpenGL.framework/Versions/A/Libraries/libGL.dylib
0x000000000a287000 	/System/Library/Frameworks/OpenGL.framework/Versions/A/Libraries/libGLImage.dylib
0x000000000a287000 	/System/Library/Frameworks/OpenGL.framework/Versions/A/Libraries/libCVMSPluginSupport.dylib
0x000000000a287000 	/System/Library/Frameworks/OpenGL.framework/Versions/A/Libraries/libCoreVMClient.dylib
0x000000000a287000 	/usr/lib/libcups.2.dylib
0x000000000a287000 	/System/Library/Frameworks/Kerberos.framework/Versions/A/Kerberos
0x000000000a287000 	/System/Library/Frameworks/GSS.framework/Versions/A/GSS
0x000000000a287000 	/usr/lib/libresolv.9.dylib
0x000000000a287000 	/usr/lib/libiconv.2.dylib
0x000000000a287000 	/System/Library/PrivateFrameworks/Heimdal.framework/Versions/A/Heimdal
0x000000000a287000 	/usr/lib/libheimdal-asn1.dylib
0x000000000a287000 	/System/Library/Frameworks/OpenDirectory.framework/Versions/A/OpenDirectory
0x000000000a287000 	/System/Library/PrivateFrameworks/CommonAuth.framework/Versions/A/CommonAuth
0x000000000a287000 	/System/Library/Frameworks/OpenDirectory.framework/Versions/A/Frameworks/CFOpenDirectory.framework/Versions/A/CFOpenDirectory
0x000000000a287000 	/System/Library/Frameworks/SecurityFoundation.framework/Versions/A/SecurityFoundation
0x000000000a287000 	/System/Library/PrivateFrameworks/LanguageModeling.framework/Versions/A/LanguageModeling
0x000000000a287000 	/usr/lib/libcmph.dylib
0x000000000a287000 	/System/Library/Frameworks/ServiceManagement.framework/Versions/A/ServiceManagement
0x000000000a287000 	/usr/lib/libxslt.1.dylib
0x000000000a287000 	/System/Library/Frameworks/Carbon.framework/Versions/A/Frameworks/Ink.framework/Versions/A/Ink
0x000000000a287000 	/System/Library/Frameworks/QuartzCore.framework/Versions/A/Frameworks/CoreImage.framework/Versions/A/CoreImage
0x000000000a287000 	/System/Library/PrivateFrameworks/CrashReporterSupport.framework/Versions/A/CrashReporterSupport
0x000000000a287000 	/System/Library/Frameworks/OpenCL.framework/Versions/A/OpenCL
0x000000000a287000 	/System/Library/PrivateFrameworks/FaceCore.framework/Versions/A/FaceCore
0x000000000a287000 	/System/Library/PrivateFrameworks/Ubiquity.framework/Versions/A/Ubiquity
0x000000000a287000 	/System/Library/PrivateFrameworks/IconServices.framework/Versions/A/IconServices
0x000000000a287000 	/System/Library/PrivateFrameworks/ChunkingLibrary.framework/Versions/A/ChunkingLibrary
0x000000000a287000 	/System/Library/PrivateFrameworks/Apple80211.framework/Versions/A/Apple80211
0x000000000a287000 	/System/Library/Frameworks/CoreWLAN.framework/Versions/A/CoreWLAN
0x000000000a287000 	/System/Library/Frameworks/IOBluetooth.framework/Versions/A/IOBluetooth
0x000000000a287000 	/System/Library/PrivateFrameworks/CoreWiFi.framework/Versions/A/CoreWiFi
0x000000000a287000 	/System/Library/Frameworks/CoreBluetooth.framework/Versions/A/CoreBluetooth
0x000000000a287000 	/System/Library/PrivateFrameworks/DebugSymbols.framework/Versions/A/DebugSymbols
0x000000000a287000 	/System/Library/PrivateFrameworks/CoreSymbolication.framework/Versions/A/CoreSymbolication
0x000000000a287000 	/System/Library/PrivateFrameworks/Symbolication.framework/Versions/A/Symbolication
0x000000000a287000 	/System/Library/PrivateFrameworks/SpeechRecognitionCore.framework/Versions/A/SpeechRecognitionCore
0x0000000101000000 	/Library/Java/JavaVirtualMachines/jdk1.8.0_25.jdk/Contents/Home/jre/lib/server/libjvm.dylib
0x000000000a287000 	/usr/lib/libstdc++.6.dylib
0x00000001007c7000 	/Library/Java/JavaVirtualMachines/jdk1.8.0_25.jdk/Contents/Home/jre/lib/libverify.dylib
0x0000000101f1c000 	/Library/Java/JavaVirtualMachines/jdk1.8.0_25.jdk/Contents/Home/jre/lib/libjava.dylib
0x00000001007df000 	/Library/Java/JavaVirtualMachines/jdk1.8.0_25.jdk/Contents/Home/jre/lib/libzip.dylib
0x0000000115a47000 	/System/Library/Frameworks/JavaVM.framework/Frameworks/JavaRuntimeSupport.framework/JavaRuntimeSupport
0x0000000115a62000 	/System/Library/Frameworks/JavaVM.framework/Versions/A/Frameworks/JavaNativeFoundation.framework/Versions/A/JavaNativeFoundation
0x0000000115a77000 	/System/Library/Frameworks/JavaVM.framework/Versions/A/JavaVM
0x000000000a287000 	/System/Library/Frameworks/Carbon.framework/Versions/A/Carbon
0x0000000115a84000 	/System/Library/PrivateFrameworks/JavaLaunching.framework/Versions/A/JavaLaunching
0x000000000a287000 	/System/Library/Frameworks/Carbon.framework/Versions/A/Frameworks/CommonPanels.framework/Versions/A/CommonPanels
0x000000000a287000 	/System/Library/Frameworks/Carbon.framework/Versions/A/Frameworks/Help.framework/Versions/A/Help
0x000000000a287000 	/System/Library/Frameworks/Carbon.framework/Versions/A/Frameworks/ImageCapture.framework/Versions/A/ImageCapture
0x000000000a287000 	/System/Library/Frameworks/Carbon.framework/Versions/A/Frameworks/OpenScripting.framework/Versions/A/OpenScripting
0x000000000a287000 	/System/Library/Frameworks/Carbon.framework/Versions/A/Frameworks/Print.framework/Versions/A/Print
0x000000000a287000 	/System/Library/Frameworks/Carbon.framework/Versions/A/Frameworks/SecurityHI.framework/Versions/A/SecurityHI
0x0000000117a6b000 	/Library/Java/JavaVirtualMachines/jdk1.8.0_25.jdk/Contents/Home/jre/lib/libprism_es2.dylib
0x000000000a287000 	/System/Library/Frameworks/OpenGL.framework/Versions/A/Resources/GLEngine.bundle/GLEngine
0x000000000a287000 	/System/Library/Frameworks/OpenGL.framework/Versions/A/Libraries/libGLProgrammability.dylib
0x0000000000000000 	/System/Library/Extensions/AppleIntelHD5000GraphicsGLDriver.bundle/Contents/MacOS/AppleIntelHD5000GraphicsGLDriver
0x000000000a287000 	/System/Library/PrivateFrameworks/IOAccelerator.framework/Versions/A/IOAccelerator
0x000000000a287000 	/System/Library/PrivateFrameworks/GPUSupport.framework/Versions/A/Libraries/libGPUSupportMercury.dylib
0x000000000a287000 	/System/Library/Frameworks/OpenGL.framework/Versions/A/Resources/GLRendererFloat.bundle/GLRendererFloat
0x000000000a287000 	/System/Library/Frameworks/OpenCL.framework/Versions/A/Libraries/libcldcpuengine.dylib
0x000000000a287000 	/System/Library/PrivateFrameworks/DiskImages.framework/Versions/A/DiskImages
0x000000000a287000 	/System/Library/Frameworks/DiscRecording.framework/Versions/A/DiscRecording
0x000000000a287000 	/usr/lib/libcsfde.dylib
0x000000000a287000 	/usr/lib/libcurl.4.dylib
0x000000000a287000 	/System/Library/PrivateFrameworks/MediaKit.framework/Versions/A/MediaKit
0x000000000a287000 	/System/Library/PrivateFrameworks/ProtectedCloudStorage.framework/Versions/A/ProtectedCloudStorage
0x000000000a287000 	/usr/lib/libCoreStorage.dylib
0x000000000a287000 	/System/Library/PrivateFrameworks/EFILogin.framework/Versions/A/EFILogin
0x000000000a287000 	/usr/lib/libutil.dylib
0x000000000a287000 	/System/Library/PrivateFrameworks/FindMyDevice.framework/Versions/A/FindMyDevice
0x000000000a287000 	/System/Library/Frameworks/LDAP.framework/Versions/A/LDAP
0x000000000a287000 	/usr/lib/libsasl2.2.dylib
0x000000000a287000 	/System/Library/PrivateFrameworks/CoreDaemon.framework/Versions/B/CoreDaemon
0x000000000a287000 	/usr/lib/libcrypto.0.9.8.dylib
0x000000000a287000 	/System/Library/PrivateFrameworks/AppleSRP.framework/Versions/A/AppleSRP
0x000000000a287000 	/System/Library/PrivateFrameworks/TrustEvaluationAgent.framework/Versions/A/TrustEvaluationAgent
0x0000000117f18000 	/Library/Java/JavaVirtualMachines/jdk1.8.0_25.jdk/Contents/Home/jre/lib/libglass.dylib
0x000000000a287000 	/System/Library/PrivateFrameworks/CoreServicesInternal.framework/Versions/A/CoreServicesInternal
0x000000000a287000 	/System/Library/PrivateFrameworks/CloudDocs.framework/Versions/A/CloudDocs
0x000000000a287000 	/System/Library/PrivateFrameworks/CoreDuet.framework/Versions/A/CoreDuet
0x000000000a287000 	/System/Library/Frameworks/CloudKit.framework/Versions/A/CloudKit
0x000000000a287000 	/System/Library/PrivateFrameworks/ProtocolBuffer.framework/Versions/A/ProtocolBuffer
0x000000000a287000 	/System/Library/PrivateFrameworks/CoreDuetDaemonProtocol.framework/Versions/A/CoreDuetDaemonProtocol
0x000000000a287000 	/System/Library/PrivateFrameworks/CoreDuetDebugLogging.framework/Versions/A/CoreDuetDebugLogging
0x000000000a287000 	/System/Library/Frameworks/CoreLocation.framework/Versions/A/CoreLocation
0x000000000a287000 	/System/Library/Frameworks/Accounts.framework/Versions/A/Accounts
0x000000000a287000 	/System/Library/PrivateFrameworks/ApplePushService.framework/Versions/A/ApplePushService
0x000000000a287000 	/System/Library/PrivateFrameworks/GeoServices.framework/Versions/A/GeoServices
0x000000000a287000 	/System/Library/PrivateFrameworks/OAuth.framework/Versions/A/OAuth
0x000000000a287000 	/System/Library/Frameworks/CoreGraphics.framework/Versions/A/Resources/libCGCMS.A.dylib
0x000000000a287000 	/System/Library/CoreServices/RawCamera.bundle/Contents/MacOS/RawCamera
0x000000000a287000 	/System/Library/Frameworks/CoreGraphics.framework/Versions/A/Resources/libRIP.A.dylib
0x000000000a287000 	/System/Library/PrivateFrameworks/FamilyControls.framework/Versions/A/FamilyControls
0x000000000a287000 	/System/Library/PrivateFrameworks/CommerceKit.framework/Versions/A/Frameworks/CommerceCore.framework/Versions/A/CommerceCore
0x000000000a287000 	/System/Library/PrivateFrameworks/SystemAdministration.framework/Versions/A/SystemAdministration
0x000000000a287000 	/System/Library/PrivateFrameworks/AppContainer.framework/Versions/A/AppContainer
0x000000000a287000 	/System/Library/PrivateFrameworks/SecCodeWrapper.framework/Versions/A/SecCodeWrapper
0x000000000a287000 	/System/Library/Frameworks/DirectoryService.framework/Versions/A/DirectoryService
0x000000000a287000 	/System/Library/PrivateFrameworks/LoginUIKit.framework/Versions/A/Frameworks/LoginUICore.framework/Versions/A/LoginUICore
0x000000000a287000 	/usr/lib/libodfde.dylib
0x000000011b473000 	/Library/Java/JavaVirtualMachines/jdk1.8.0_25.jdk/Contents/Home/jre/lib/libjavafx_font.dylib
0x000000000a287000 	/System/Library/Frameworks/CoreGraphics.framework/Versions/A/Resources/libCGXType.A.dylib
0x000000011de6e000 	/Library/Java/JavaVirtualMachines/jdk1.8.0_25.jdk/Contents/Home/jre/lib/libprism_common.dylib
0x000000011ec40000 	cl_kernels
0x000000011f3d5000 	/System/Library/Frameworks/OpenCL.framework/Versions/A/Libraries/ImageFormats/unorm8_bgra.dylib
0x000000011f510000 	cl_kernels

VM Arguments:
jvm_args: -Dfile.encoding=UTF-8 
java_command: Main
java_class_path (initial): /Users/vcheng/Documents/workspace/slogo_team08/bin
Launcher Type: SUN_STANDARD

Environment Variables:
PATH=/usr/bin:/bin:/usr/sbin:/sbin
SHELL=/bin/bash
DISPLAY=/private/tmp/com.apple.launchd.0fxOrwM1SD/org.macosforge.xquartz:0

Signal Handlers:
SIGSEGV: [libjvm.dylib+0x579dc7], sa_mask[0]=11111111011111110111111111111111, sa_flags=SA_ONSTACK|SA_RESTART|SA_SIGINFO
SIGBUS: [libjvm.dylib+0x579dc7], sa_mask[0]=11111111011111110111111111111111, sa_flags=SA_RESTART|SA_SIGINFO
SIGFPE: [libjvm.dylib+0x45b030], sa_mask[0]=11111111011111110111111111111111, sa_flags=SA_RESTART|SA_SIGINFO
SIGPIPE: [libjvm.dylib+0x45b030], sa_mask[0]=11111111011111110111111111111111, sa_flags=SA_RESTART|SA_SIGINFO
SIGXFSZ: [libjvm.dylib+0x45b030], sa_mask[0]=11111111011111110111111111111111, sa_flags=SA_RESTART|SA_SIGINFO
SIGILL: [libjvm.dylib+0x45b030], sa_mask[0]=11111111011111110111111111111111, sa_flags=SA_RESTART|SA_SIGINFO
SIGUSR1: SIG_DFL, sa_mask[0]=00000000000000000000000000000000, sa_flags=none
SIGUSR2: [libjvm.dylib+0x45ab4e], sa_mask[0]=00100000000000000000000000000000, sa_flags=SA_RESTART|SA_SIGINFO
SIGHUP: [libjvm.dylib+0x459121], sa_mask[0]=11111111011111110111111111111111, sa_flags=SA_RESTART|SA_SIGINFO
SIGINT: [libjvm.dylib+0x459121], sa_mask[0]=11111111011111110111111111111111, sa_flags=SA_RESTART|SA_SIGINFO
SIGTERM: [libjvm.dylib+0x459121], sa_mask[0]=11111111011111110111111111111111, sa_flags=SA_RESTART|SA_SIGINFO
SIGQUIT: [libjvm.dylib+0x459121], sa_mask[0]=11111111011111110111111111111111, sa_flags=SA_RESTART|SA_SIGINFO


---------------  S Y S T E M  ---------------

OS:Bsduname:Darwin 14.1.0 Darwin Kernel Version 14.1.0: Mon Dec 22 23:10:38 PST 2014; root:xnu-2782.10.72~2/RELEASE_X86_64 x86_64
rlimit: STACK 8192k, CORE 0k, NPROC 709, NOFILE 10240, AS infinity
load average:4.49 3.27 2.57

CPU:total 4 (2 cores per cpu, 2 threads per core) family 6 model 69 stepping 1, cmov, cx8, fxsr, mmx, sse, sse2, sse3, ssse3, sse4.1, sse4.2, popcnt, avx, avx2, aes, clmul, erms, lzcnt, ht, tsc, tscinvbit, bmi1, bmi2

Memory: 4k page, physical 4194304k(176788k free)

/proc/meminfo:


vm_info: Java HotSpot(TM) 64-Bit Server VM (25.25-b02) for bsd-amd64 JRE (1.8.0_25-b17), built on Sep 17 2014 16:56:50 by "java_re" with gcc 4.2.1 (Based on Apple Inc. build 5658) (LLVM build 2336.11.00)

time: Wed Mar  2 00:38:26 2016
elapsed time: 259 seconds (0d 0h 4m 19s)

