#
# A fatal error has been detected by the Java Runtime Environment:
#
#  SIGSEGV (0xb) at pc=0x0000000126fd33fd, pid=3964, tid=1811
#
# JRE version: Java(TM) SE Runtime Environment (8.0_25-b17) (build 1.8.0_25-b17)
# Java VM: Java HotSpot(TM) 64-Bit Server VM (25.25-b02 mixed mode bsd-amd64 compressed oops)
# Problematic frame:
# C  [libglass.dylib+0x163fd]  GlassScreenDidChangeScreenParameters+0x9d
#
# Failed to write core dump. Core dumps have been disabled. To enable core dumping, try "ulimit -c unlimited" before starting Java again
#
# If you would like to submit a bug report, please visit:
#   http://bugreport.sun.com/bugreport/crash.jsp
#

---------------  T H R E A D  ---------------

Current thread is native thread

siginfo: si_signo: 11 (SIGSEGV), si_code: 1 (SEGV_MAPERR), si_addr: 0x0000000000000000

Registers:
RAX=0x0000000127005e40, RBX=0x0000000000000000, RCX=0x4000a95797ba5866, RDX=0x00007fa3b3c9cf20
RSP=0x00007fff505a9120, RBP=0x00007fff505a9130, RSI=0x00007fa3b3c151e8, RDI=0x0000000000000000
R8 =0x00007fff505a8fd0, R9 =0x00007fff7ae3f300, R10=0x0000000000000000, R11=0x0000000000000246
R12=0x00007fa3b3c1ce90, R13=0x00000000000f4268, R14=0x00007fa3b3c919f0, R15=0x00007fff505a9270
RIP=0x0000000126fd33fd, EFLAGS=0x0000000000010202, ERR=0x0000000000000004
  TRAPNO=0x000000000000000e

Top of Stack: (sp=0x00007fff505a9120)
0x00007fff505a9120:   00007fff505a9300 00007fa3b3c919f0
0x00007fff505a9130:   00007fff505a9140 00007fff9167acdc
0x00007fff505a9140:   00007fff505a94a0 00007fff9156c244
0x00007fff505a9150:   00007fff505a91a0 0000000000000a00
0x00007fff505a9160:   00007fff7b528cf0 00007fa3b9730f60
0x00007fff505a9170:   0000000000001001 0000000000000900
0x00007fff505a9180:   00007fa3b9730f60 00007fa3b3c919f0
0x00007fff505a9190:   0000000000000000 00007fff505a9270
0x00007fff505a91a0:   0000000000000000 00007fa3b3c919b0
0x00007fff505a91b0:   00007fff505a92f0 0000000000000060
0x00007fff505a91c0:   00000000000f432e 00007fa3b3f80f60
0x00007fff505a91d0:   00007fa3b3c657c0 00007fa3b3c1ce90
0x00007fff505a91e0:   0000000000000001 00000000000f4268
0x00007fff505a91f0:   00007fa3b3c1ce80 00007fff97b8cacb
0x00007fff505a9200:   0000000000000001 0000000000000001
0x00007fff505a9210:   0000000000000030 0000000000000001
0x00007fff505a9220:   00007fff505a9240 00007fff97b92231
0x00007fff505a9230:   00007fff7b526dd0 0000000000000000
0x00007fff505a9240:   00007fff505a9260 000000000000001c
0x00007fff505a9250:   0002f003b4404e00 00007fa3b3c1ceb4
0x00007fff505a9260:   0000000000000000 00007fff91561d1f
0x00007fff505a9270:   00007fa3b3c919f0 00007fff7b526dd0
0x00007fff505a9280:   00007fff505a9300 00007fff9156a84f
0x00007fff505a9290:   0000000000000000 00007fa3b3e5f800
0x00007fff505a92a0:   000000010f671a00 0000000000000002
0x00007fff505a92b0:   000000010f66e000 00007fa3b3f86942
0x00007fff505a92c0:   0000000000000003 000000010f672400
0x00007fff505a92d0:   00007fff505a93c0 00007fff97b8b2a2
0x00007fff505a92e0:   00007fa3b3d242d0 00007fff505a94a8
0x00007fff505a92f0:   0000000000000017 0000000000000000
0x00007fff505a9300:   00000000000f4268 00007fff91562013
0x00007fff505a9310:   00007fff00000000 00007fa3b3e5c780 

Instructions: (pc=0x0000000126fd33fd)
0x0000000126fd33dd:   89 df 4c 89 f1 41 ff 90 68 04 00 00 48 8d 05 58
0x0000000126fd33ed:   29 03 00 48 8b 30 48 8d 05 46 2a 03 00 48 8b 10
0x0000000126fd33fd:   48 8b 0b 30 c0 48 89 df ff 91 68 04 00 00 48 8b
0x0000000126fd340d:   03 48 89 df ff 50 78 48 85 c0 74 36 49 89 c6 48 

Register to memory mapping:

RAX=0x0000000127005e40: jScreenNotifySettingsChanged+0 in /Library/Java/JavaVirtualMachines/jdk1.8.0_25.jdk/Contents/Home/jre/lib/libglass.dylib at 0x0000000126fbd000
RBX=0x0000000000000000 is an unknown value
RCX=0x4000a95797ba5866 is an unknown value
RDX=0x00007fa3b3c9cf20 is an unknown value
RSP=0x00007fff505a9120 is an unknown value
RBP=0x00007fff505a9130 is an unknown value
RSI=0x00007fa3b3c151e8 is a global jni handle
RDI=0x0000000000000000 is an unknown value
R8 =0x00007fff505a8fd0 is an unknown value
R9 =0x00007fff7ae3f300: _thread+0 in /usr/lib/system/libsystem_pthread.dylib at 0x00007fff8ee9d000
R10=0x0000000000000000 is an unknown value
R11=0x0000000000000246 is an unknown value
R12=0x00007fa3b3c1ce90 is an unknown value
R13=0x00000000000f4268 is an unknown value
R14=0x00007fa3b3c919f0 is an unknown value
R15=0x00007fff505a9270 is an unknown value


Stack: [0x00007fff4fdac000,0x00007fff505ac000],  sp=0x00007fff505a9120,  free space=8180k
Native frames: (J=compiled Java code, j=interpreted, Vv=VM code, C=native code)
C  [libglass.dylib+0x163fd]  GlassScreenDidChangeScreenParameters+0x9d
C  [CoreFoundation+0x11ecdc]  __CFNOTIFICATIONCENTER_IS_CALLING_OUT_TO_AN_OBSERVER__+0xc
C  [CoreFoundation+0x10244]  _CFXNotificationPost+0xc44
C  [Foundation+0x2c31]  -[NSNotificationCenter postNotificationName:object:userInfo:]+0x42
C  [AppKit+0x36305e]  -[NSApplication _reactToScreenInvalidationImmediately:]+0x17b
C  [AppKit+0x362e9d]  __44-[NSApplication _reactToScreenInvalidation:]_block_invoke+0x4b
C  [CoreFoundation+0x8056c]  __CFRUNLOOP_IS_CALLING_OUT_TO_A_BLOCK__+0xc
C  [CoreFoundation+0x72675]  __CFRunLoopDoBlocks+0x155
C  [CoreFoundation+0x721b6]  __CFRunLoopRun+0x716
C  [CoreFoundation+0x71858]  CFRunLoopRunSpecific+0x128
C  [java+0x56cc]  CreateExecutionEnvironment+0x367
C  [java+0x165c]  JLI_Launch+0x7a0
C  [java+0x768a]  main+0x65
C  [java+0xeb4]  start+0x34


---------------  P R O C E S S  ---------------

VM state:at safepoint (normal execution)

VM Mutex/Monitor currently owned by a thread:  ([mutex/lock_event])
[0x00007fa3b3e026f0] Threads_lock - owner thread: 0x00007fa3b4019000
[0x00007fa3b3e02bf0] Heap_lock - owner thread: 0x00007fa3b5802800

Heap:
 PSYoungGen      total 18944K, used 18453K [0x00000007aab00000, 0x00000007ac000000, 0x00000007c0000000)
  eden space 16384K, 97% used [0x00000007aab00000,0x00000007aba89640,0x00000007abb00000)
  from space 2560K, 99% used [0x00000007abd80000,0x00000007abffc020,0x00000007ac000000)
  to   space 2560K, 0% used [0x00000007abb00000,0x00000007abb00000,0x00000007abd80000)
 ParOldGen       total 44032K, used 1744K [0x0000000780000000, 0x0000000782b00000, 0x00000007aab00000)
  object space 44032K, 3% used [0x0000000780000000,0x00000007801b40d0,0x0000000782b00000)
 Metaspace       used 17283K, capacity 18660K, committed 18816K, reserved 1064960K
  class space    used 2649K, capacity 2893K, committed 2944K, reserved 1048576K

Card table byte_map: [0x00000001203df000,0x00000001205e0000] byte_map_base: 0x000000011c7df000

Marking Bits: (ParMarkBitMap*) 0x000000011089d390
 Begin Bits: [0x0000000120b42000, 0x0000000121b42000)
 End Bits:   [0x0000000121b42000, 0x0000000122b42000)

Polling page: 0x000000010f7ab000

CodeCache: size=245760Kb used=6708Kb max_used=6719Kb free=239051Kb
 bounds [0x000000011101f000, 0x00000001116bf000, 0x000000012001f000]
 total_blobs=2836 nmethods=2183 adapters=567
 compilation: enabled

Compilation events (10 events):
Event: 58.764 Thread 0x00007fa3b402d000 2180       4       com.sun.glass.ui.mac.MacGestureSupport::notifyNextTouchEvent (38 bytes)
Event: 58.802 Thread 0x00007fa3b402d000 nmethod 2180 0x00000001116ad710 code [0x00000001116ada00, 0x00000001116aece0]
Event: 83.041 Thread 0x00007fa3b5035800 2181       4       com.sun.glass.ui.TouchInputSupport::notifyBeginTouchEvent (209 bytes)
Event: 83.046 Thread 0x00007fa3b5035800 nmethod 2181 0x00000001116a9490 code [0x00000001116a9620, 0x00000001116a99f8]
Event: 83.161 Thread 0x00007fa3b402d000 2182       4       com.sun.glass.ui.mac.MacGestureSupport::notifyEndTouchEvent (8 bytes)
Event: 83.186 Thread 0x00007fa3b402d000 nmethod 2182 0x00000001116b0450 code [0x00000001116b0680, 0x00000001116b1290]
Event: 87.399 Thread 0x00007fa3b402e000 2183       3       javafx.collections.WeakListChangeListener::onChanged (36 bytes)
Event: 87.400 Thread 0x00007fa3b402e000 nmethod 2183 0x00000001116a8b90 code [0x00000001116a8d20, 0x00000001116a9298]
Event: 90.323 Thread 0x00007fa3b5035800 2184       4       com.sun.javafx.tk.quantum.QuantumToolkit$$Lambda$43/184968912::run (8 bytes)
Event: 90.330 Thread 0x00007fa3b5035800 nmethod 2184 0x00000001116ab4d0 code [0x00000001116ab660, 0x00000001116ab918]

GC Heap History (4 events):
Event: 0.883 GC heap before
{Heap before GC invocations=1 (full 0):
 PSYoungGen      total 18944K, used 16384K [0x00000007aab00000, 0x00000007ac000000, 0x00000007c0000000)
  eden space 16384K, 100% used [0x00000007aab00000,0x00000007abb00000,0x00000007abb00000)
  from space 2560K, 0% used [0x00000007abd80000,0x00000007abd80000,0x00000007ac000000)
  to   space 2560K, 0% used [0x00000007abb00000,0x00000007abb00000,0x00000007abd80000)
 ParOldGen       total 44032K, used 0K [0x0000000780000000, 0x0000000782b00000, 0x00000007aab00000)
  object space 44032K, 0% used [0x0000000780000000,0x0000000780000000,0x0000000782b00000)
 Metaspace       used 8994K, capacity 9384K, committed 9600K, reserved 1056768K
  class space    used 1223K, capacity 1303K, committed 1408K, reserved 1048576K
Event: 0.890 GC heap after
Heap after GC invocations=1 (full 0):
 PSYoungGen      total 18944K, used 2544K [0x00000007aab00000, 0x00000007ac000000, 0x00000007c0000000)
  eden space 16384K, 0% used [0x00000007aab00000,0x00000007aab00000,0x00000007abb00000)
  from space 2560K, 99% used [0x00000007abb00000,0x00000007abd7c030,0x00000007abd80000)
  to   space 2560K, 0% used [0x00000007abd80000,0x00000007abd80000,0x00000007ac000000)
 ParOldGen       total 44032K, used 8K [0x0000000780000000, 0x0000000782b00000, 0x00000007aab00000)
  object space 44032K, 0% used [0x0000000780000000,0x0000000780002000,0x0000000782b00000)
 Metaspace       used 8994K, capacity 9384K, committed 9600K, reserved 1056768K
  class space    used 1223K, capacity 1303K, committed 1408K, reserved 1048576K
}
Event: 1.702 GC heap before
{Heap before GC invocations=2 (full 0):
 PSYoungGen      total 18944K, used 18928K [0x00000007aab00000, 0x00000007ac000000, 0x00000007c0000000)
  eden space 16384K, 100% used [0x00000007aab00000,0x00000007abb00000,0x00000007abb00000)
  from space 2560K, 99% used [0x00000007abb00000,0x00000007abd7c030,0x00000007abd80000)
  to   space 2560K, 0% used [0x00000007abd80000,0x00000007abd80000,0x00000007ac000000)
 ParOldGen       total 44032K, used 8K [0x0000000780000000, 0x0000000782b00000, 0x00000007aab00000)
  object space 44032K, 0% used [0x0000000780000000,0x0000000780002000,0x0000000782b00000)
 Metaspace       used 14716K, capacity 15608K, committed 15872K, reserved 1062912K
  class space    used 2329K, capacity 2526K, committed 2560K, reserved 1048576K
Event: 1.710 GC heap after
Heap after GC invocations=2 (full 0):
 PSYoungGen      total 18944K, used 2544K [0x00000007aab00000, 0x00000007ac000000, 0x00000007c0000000)
  eden space 16384K, 0% used [0x00000007aab00000,0x00000007aab00000,0x00000007abb00000)
  from space 2560K, 99% used [0x00000007abd80000,0x00000007abffc020,0x00000007ac000000)
  to   space 2560K, 0% used [0x00000007abb00000,0x00000007abb00000,0x00000007abd80000)
 ParOldGen       total 44032K, used 1744K [0x0000000780000000, 0x0000000782b00000, 0x00000007aab00000)
  object space 44032K, 3% used [0x0000000780000000,0x00000007801b40d0,0x0000000782b00000)
 Metaspace       used 14716K, capacity 15608K, committed 15872K, reserved 1062912K
  class space    used 2329K, capacity 2526K, committed 2560K, reserved 1048576K
}

Deoptimization events (10 events):
Event: 1.426 Thread 0x00007fa3b4830800 Uncommon trap: reason=unloaded action=reinterpret pc=0x000000011123a358 method=java.lang.CharacterData.of(I)Ljava/lang/CharacterData; @ 96
Event: 1.570 Thread 0x00007fa3b4830800 Uncommon trap: reason=unreached action=reinterpret pc=0x000000011134fe8c method=java.util.HashMap.putVal(ILjava/lang/Object;Ljava/lang/Object;ZZ)Ljava/lang/Object; @ 193
Event: 1.829 Thread 0x00007fa3b4830800 Uncommon trap: reason=unreached action=reinterpret pc=0x00000001113adfc4 method=sun.misc.URLClassPath$JarLoader.ensureOpen()V @ 4
Event: 1.856 Thread 0x00007fa3b4830800 Uncommon trap: reason=array_check action=maybe_recompile pc=0x00000001114563b0 method=com.sun.javafx.css.SimpleSelector.applies(Ljavafx/css/Styleable;[Ljava/util/Set;I)Z @ 37
Event: 1.856 Thread 0x00007fa3b4830800 Uncommon trap: reason=array_check action=maybe_recompile pc=0x000000011144d164 method=com.sun.javafx.css.SimpleSelector.applies(Ljavafx/css/Styleable;[Ljava/util/Set;I)Z @ 37
Event: 1.856 Thread 0x00007fa3b4830800 Uncommon trap: reason=array_check action=maybe_recompile pc=0x00000001114563b0 method=com.sun.javafx.css.SimpleSelector.applies(Ljavafx/css/Styleable;[Ljava/util/Set;I)Z @ 37
Event: 1.856 Thread 0x00007fa3b4830800 Uncommon trap: reason=array_check action=maybe_recompile pc=0x00000001114563b0 method=com.sun.javafx.css.SimpleSelector.applies(Ljavafx/css/Styleable;[Ljava/util/Set;I)Z @ 37
Event: 1.857 Thread 0x00007fa3b4830800 Uncommon trap: reason=array_check action=maybe_recompile pc=0x000000011144d164 method=com.sun.javafx.css.SimpleSelector.applies(Ljavafx/css/Styleable;[Ljava/util/Set;I)Z @ 37
Event: 1.936 Thread 0x00007fa3b4830800 Uncommon trap: reason=unreached action=reinterpret pc=0x0000000111451214 method=com.sun.javafx.css.SimpleSelector.stateMatches(Ljavafx/css/Styleable;Ljava/util/Set;)Z @ 1
Event: 1.946 Thread 0x00007fa3b4830800 Uncommon trap: reason=unreached action=reinterpret pc=0x0000000111441764 method=com.sun.javafx.css.BitSet.addAll(Ljava/util/Collection;)Z @ 1

Internal exceptions (10 events):
Event: 1.064 Thread 0x00007fa3b4830800 Exception <a 'java/security/PrivilegedActionException'> (0x00000007ab107e10) thrown at [/HUDSON3/workspace/8-2-build-macosx-x86_64/jdk8u25/1514/hotspot/src/share/vm/prims/jvm.cpp, line 1312]
Event: 1.129 Thread 0x00007fa3b4830800 Exception <a 'java/security/PrivilegedActionException'> (0x00000007ab300b68) thrown at [/HUDSON3/workspace/8-2-build-macosx-x86_64/jdk8u25/1514/hotspot/src/share/vm/prims/jvm.cpp, line 1312]
Event: 1.130 Thread 0x00007fa3b4830800 Exception <a 'java/security/PrivilegedActionException'> (0x00000007ab316ea0) thrown at [/HUDSON3/workspace/8-2-build-macosx-x86_64/jdk8u25/1514/hotspot/src/share/vm/prims/jvm.cpp, line 1312]
Event: 1.131 Thread 0x00007fa3b4830800 Exception <a 'java/security/PrivilegedActionException'> (0x00000007ab338f28) thrown at [/HUDSON3/workspace/8-2-build-macosx-x86_64/jdk8u25/1514/hotspot/src/share/vm/prims/jvm.cpp, line 1312]
Event: 1.497 Thread 0x00007fa3b4830800 Exception <a 'java/security/PrivilegedActionException'> (0x00000007ab6abe08) thrown at [/HUDSON3/workspace/8-2-build-macosx-x86_64/jdk8u25/1514/hotspot/src/share/vm/prims/jvm.cpp, line 1312]
Event: 1.498 Thread 0x00007fa3b4830800 Exception <a 'java/security/PrivilegedActionException'> (0x00000007ab6c34d8) thrown at [/HUDSON3/workspace/8-2-build-macosx-x86_64/jdk8u25/1514/hotspot/src/share/vm/prims/jvm.cpp, line 1312]
Event: 1.501 Thread 0x00007fa3b4830800 Exception <a 'java/security/PrivilegedActionException'> (0x00000007ab6e0558) thrown at [/HUDSON3/workspace/8-2-build-macosx-x86_64/jdk8u25/1514/hotspot/src/share/vm/prims/jvm.cpp, line 1312]
Event: 1.829 Thread 0x00007fa3b4830800 Implicit null exception at 0x00000001113ac5ba to 0x00000001113adfad
Event: 1.936 Thread 0x00007fa3b4830800 Implicit null exception at 0x0000000111450aef to 0x00000001114511e9
Event: 1.946 Thread 0x00007fa3b4830800 Implicit null exception at 0x00000001114411d0 to 0x0000000111441751

Events (10 events):
Event: 94.183 Thread 0x00007fa3b5802800 Thread exited: 0x00007fa3b5802800
Event: 94.183 Thread 0x00007fa3b5802800 Thread added: 0x00007fa3b5802800
Event: 94.260 Thread 0x00007fa3b4830800 Thread exited: 0x00007fa3b4830800
Event: 94.260 loading class java/util/IdentityHashMap$KeySet
Event: 94.261 loading class java/util/IdentityHashMap$KeySet done
Event: 94.261 loading class java/util/IdentityHashMap$KeyIterator
Event: 94.261 loading class java/util/IdentityHashMap$IdentityHashMapIterator
Event: 94.261 loading class java/util/IdentityHashMap$IdentityHashMapIterator done
Event: 94.261 loading class java/util/IdentityHashMap$KeyIterator done
Event: 94.261 Thread 0x00007fa3b5802800 Thread exited: 0x00007fa3b5802800


Dynamic libraries:
0x000000000a287000 	/System/Library/Frameworks/Cocoa.framework/Versions/A/Cocoa
0x000000000a287000 	/System/Library/Frameworks/Security.framework/Versions/A/Security
0x000000000a287000 	/System/Library/Frameworks/ApplicationServices.framework/Versions/A/ApplicationServices
0x000000000a287000 	/usr/lib/libz.1.dylib
0x000000000a287000 	/usr/lib/libSystem.B.dylib
0x000000000a287000 	/usr/lib/libobjc.A.dylib
0x000000000a287000 	/System/Library/Frameworks/CoreFoundation.framework/Versions/A/CoreFoundation
0x000000000a287000 	/System/Library/Frameworks/Foundation.framework/Versions/C/Foundation
0x000000000a287000 	/System/Library/Frameworks/AppKit.framework/Versions/C/AppKit
0x000000000a287000 	/System/Library/Frameworks/CoreData.framework/Versions/A/CoreData
0x000000000a287000 	/System/Library/PrivateFrameworks/RemoteViewServices.framework/Versions/A/RemoteViewServices
0x000000000a287000 	/System/Library/PrivateFrameworks/UIFoundation.framework/Versions/A/UIFoundation
0x000000000a287000 	/System/Library/Frameworks/IOSurface.framework/Versions/A/IOSurface
0x000000000a287000 	/System/Library/Frameworks/AudioToolbox.framework/Versions/A/AudioToolbox
0x000000000a287000 	/System/Library/Frameworks/AudioUnit.framework/Versions/A/AudioUnit
0x000000000a287000 	/System/Library/PrivateFrameworks/DataDetectorsCore.framework/Versions/A/DataDetectorsCore
0x000000000a287000 	/System/Library/PrivateFrameworks/DesktopServicesPriv.framework/Versions/A/DesktopServicesPriv
0x000000000a287000 	/System/Library/Frameworks/Carbon.framework/Versions/A/Frameworks/HIToolbox.framework/Versions/A/HIToolbox
0x000000000a287000 	/System/Library/Frameworks/QuartzCore.framework/Versions/A/QuartzCore
0x000000000a287000 	/System/Library/Frameworks/Carbon.framework/Versions/A/Frameworks/SpeechRecognition.framework/Versions/A/SpeechRecognition
0x000000000a287000 	/usr/lib/libauto.dylib
0x000000000a287000 	/usr/lib/libicucore.A.dylib
0x000000000a287000 	/usr/lib/libxml2.2.dylib
0x000000000a287000 	/System/Library/PrivateFrameworks/CoreUI.framework/Versions/A/CoreUI
0x000000000a287000 	/System/Library/Frameworks/CoreAudio.framework/Versions/A/CoreAudio
0x000000000a287000 	/System/Library/Frameworks/DiskArbitration.framework/Versions/A/DiskArbitration
0x000000000a287000 	/usr/lib/liblangid.dylib
0x000000000a287000 	/System/Library/PrivateFrameworks/MultitouchSupport.framework/Versions/A/MultitouchSupport
0x000000000a287000 	/System/Library/Frameworks/IOKit.framework/Versions/A/IOKit
0x000000000a287000 	/usr/lib/libDiagnosticMessagesClient.dylib
0x000000000a287000 	/System/Library/Frameworks/CoreServices.framework/Versions/A/CoreServices
0x000000000a287000 	/System/Library/PrivateFrameworks/PerformanceAnalysis.framework/Versions/A/PerformanceAnalysis
0x000000000a287000 	/System/Library/PrivateFrameworks/GenerationalStorage.framework/Versions/A/GenerationalStorage
0x000000000a287000 	/System/Library/Frameworks/OpenGL.framework/Versions/A/OpenGL
0x000000000a287000 	/System/Library/PrivateFrameworks/Sharing.framework/Versions/A/Sharing
0x000000000a287000 	/System/Library/Frameworks/CoreGraphics.framework/Versions/A/CoreGraphics
0x000000000a287000 	/System/Library/Frameworks/CoreText.framework/Versions/A/CoreText
0x000000000a287000 	/System/Library/Frameworks/ImageIO.framework/Versions/A/ImageIO
0x000000000a287000 	/usr/lib/libextension.dylib
0x000000000a287000 	/System/Library/PrivateFrameworks/Backup.framework/Versions/A/Backup
0x000000000a287000 	/usr/lib/libarchive.2.dylib
0x000000000a287000 	/System/Library/Frameworks/CFNetwork.framework/Versions/A/CFNetwork
0x000000000a287000 	/System/Library/Frameworks/SystemConfiguration.framework/Versions/A/SystemConfiguration
0x000000000a287000 	/usr/lib/libCRFSuite.dylib
0x000000000a287000 	/usr/lib/libc++.1.dylib
0x000000000a287000 	/usr/lib/libc++abi.dylib
0x000000000a287000 	/usr/lib/system/libcache.dylib
0x000000000a287000 	/usr/lib/system/libcommonCrypto.dylib
0x000000000a287000 	/usr/lib/system/libcompiler_rt.dylib
0x000000000a287000 	/usr/lib/system/libcopyfile.dylib
0x000000000a287000 	/usr/lib/system/libcorecrypto.dylib
0x000000000a287000 	/usr/lib/system/libdispatch.dylib
0x000000000a287000 	/usr/lib/system/libdyld.dylib
0x000000000a287000 	/usr/lib/system/libkeymgr.dylib
0x000000000a287000 	/usr/lib/system/liblaunch.dylib
0x000000000a287000 	/usr/lib/system/libmacho.dylib
0x000000000a287000 	/usr/lib/system/libquarantine.dylib
0x000000000a287000 	/usr/lib/system/libremovefile.dylib
0x000000000a287000 	/usr/lib/system/libsystem_asl.dylib
0x000000000a287000 	/usr/lib/system/libsystem_blocks.dylib
0x000000000a287000 	/usr/lib/system/libsystem_c.dylib
0x000000000a287000 	/usr/lib/system/libsystem_configuration.dylib
0x000000000a287000 	/usr/lib/system/libsystem_coreservices.dylib
0x000000000a287000 	/usr/lib/system/libsystem_coretls.dylib
0x000000000a287000 	/usr/lib/system/libsystem_dnssd.dylib
0x000000000a287000 	/usr/lib/system/libsystem_info.dylib
0x000000000a287000 	/usr/lib/system/libsystem_kernel.dylib
0x000000000a287000 	/usr/lib/system/libsystem_m.dylib
0x000000000a287000 	/usr/lib/system/libsystem_malloc.dylib
0x000000000a287000 	/usr/lib/system/libsystem_network.dylib
0x000000000a287000 	/usr/lib/system/libsystem_networkextension.dylib
0x000000000a287000 	/usr/lib/system/libsystem_notify.dylib
0x000000000a287000 	/usr/lib/system/libsystem_platform.dylib
0x000000000a287000 	/usr/lib/system/libsystem_pthread.dylib
0x000000000a287000 	/usr/lib/system/libsystem_sandbox.dylib
0x000000000a287000 	/usr/lib/system/libsystem_secinit.dylib
0x000000000a287000 	/usr/lib/system/libsystem_stats.dylib
0x000000000a287000 	/usr/lib/system/libsystem_trace.dylib
0x000000000a287000 	/usr/lib/system/libunc.dylib
0x000000000a287000 	/usr/lib/system/libunwind.dylib
0x000000000a287000 	/usr/lib/system/libxpc.dylib
0x000000000a287000 	/usr/lib/libbz2.1.0.dylib
0x000000000a287000 	/usr/lib/liblzma.5.dylib
0x000000000a287000 	/usr/lib/libbsm.0.dylib
0x000000000a287000 	/usr/lib/libsqlite3.dylib
0x000000000a287000 	/usr/lib/system/libkxld.dylib
0x000000000a287000 	/usr/lib/libxar.1.dylib
0x000000000a287000 	/usr/lib/libpam.2.dylib
0x000000000a287000 	/usr/lib/libOpenScriptingUtil.dylib
0x000000000a287000 	/System/Library/Frameworks/CoreServices.framework/Versions/A/Frameworks/FSEvents.framework/Versions/A/FSEvents
0x000000000a287000 	/System/Library/Frameworks/CoreServices.framework/Versions/A/Frameworks/CarbonCore.framework/Versions/A/CarbonCore
0x000000000a287000 	/System/Library/Frameworks/CoreServices.framework/Versions/A/Frameworks/Metadata.framework/Versions/A/Metadata
0x000000000a287000 	/System/Library/Frameworks/CoreServices.framework/Versions/A/Frameworks/OSServices.framework/Versions/A/OSServices
0x000000000a287000 	/System/Library/Frameworks/CoreServices.framework/Versions/A/Frameworks/SearchKit.framework/Versions/A/SearchKit
0x000000000a287000 	/System/Library/Frameworks/CoreServices.framework/Versions/A/Frameworks/AE.framework/Versions/A/AE
0x000000000a287000 	/System/Library/Frameworks/CoreServices.framework/Versions/A/Frameworks/LaunchServices.framework/Versions/A/LaunchServices
0x000000000a287000 	/System/Library/Frameworks/CoreServices.framework/Versions/A/Frameworks/DictionaryServices.framework/Versions/A/DictionaryServices
0x000000000a287000 	/System/Library/Frameworks/NetFS.framework/Versions/A/NetFS
0x000000000a287000 	/System/Library/PrivateFrameworks/NetAuth.framework/Versions/A/NetAuth
0x000000000a287000 	/System/Library/PrivateFrameworks/login.framework/Versions/A/Frameworks/loginsupport.framework/Versions/A/loginsupport
0x000000000a287000 	/System/Library/PrivateFrameworks/TCC.framework/Versions/A/TCC
0x000000000a287000 	/usr/lib/libmecabra.dylib
0x000000000a287000 	/System/Library/Frameworks/ApplicationServices.framework/Versions/A/Frameworks/ATS.framework/Versions/A/ATS
0x000000000a287000 	/System/Library/Frameworks/ApplicationServices.framework/Versions/A/Frameworks/ColorSync.framework/Versions/A/ColorSync
0x000000000a287000 	/System/Library/Frameworks/ApplicationServices.framework/Versions/A/Frameworks/HIServices.framework/Versions/A/HIServices
0x000000000a287000 	/System/Library/Frameworks/ApplicationServices.framework/Versions/A/Frameworks/LangAnalysis.framework/Versions/A/LangAnalysis
0x000000000a287000 	/System/Library/Frameworks/ApplicationServices.framework/Versions/A/Frameworks/PrintCore.framework/Versions/A/PrintCore
0x000000000a287000 	/System/Library/Frameworks/ApplicationServices.framework/Versions/A/Frameworks/QD.framework/Versions/A/QD
0x000000000a287000 	/System/Library/Frameworks/ApplicationServices.framework/Versions/A/Frameworks/SpeechSynthesis.framework/Versions/A/SpeechSynthesis
0x000000000a287000 	/System/Library/Frameworks/Accelerate.framework/Versions/A/Accelerate
0x000000000a287000 	/System/Library/Frameworks/Accelerate.framework/Versions/A/Frameworks/vImage.framework/Versions/A/vImage
0x000000000a287000 	/System/Library/Frameworks/Accelerate.framework/Versions/A/Frameworks/vecLib.framework/Versions/A/vecLib
0x000000000a287000 	/System/Library/Frameworks/Accelerate.framework/Versions/A/Frameworks/vecLib.framework/Versions/A/libvDSP.dylib
0x000000000a287000 	/System/Library/Frameworks/Accelerate.framework/Versions/A/Frameworks/vecLib.framework/Versions/A/libvMisc.dylib
0x000000000a287000 	/System/Library/Frameworks/Accelerate.framework/Versions/A/Frameworks/vecLib.framework/Versions/A/libLAPACK.dylib
0x000000000a287000 	/System/Library/Frameworks/Accelerate.framework/Versions/A/Frameworks/vecLib.framework/Versions/A/libBLAS.dylib
0x000000000a287000 	/System/Library/Frameworks/Accelerate.framework/Versions/A/Frameworks/vecLib.framework/Versions/A/libLinearAlgebra.dylib
0x000000000a287000 	/System/Library/Frameworks/ApplicationServices.framework/Versions/A/Frameworks/ATS.framework/Versions/A/Resources/libFontParser.dylib
0x000000000a287000 	/System/Library/Frameworks/ApplicationServices.framework/Versions/A/Frameworks/ATS.framework/Versions/A/Resources/libFontRegistry.dylib
0x000000000a287000 	/System/Library/PrivateFrameworks/AppleVPA.framework/Versions/A/AppleVPA
0x000000000a287000 	/System/Library/PrivateFrameworks/AppleJPEG.framework/Versions/A/AppleJPEG
0x000000000a287000 	/System/Library/Frameworks/ImageIO.framework/Versions/A/Resources/libJPEG.dylib
0x000000000a287000 	/System/Library/Frameworks/ImageIO.framework/Versions/A/Resources/libTIFF.dylib
0x000000000a287000 	/System/Library/Frameworks/ImageIO.framework/Versions/A/Resources/libPng.dylib
0x000000000a287000 	/System/Library/Frameworks/ImageIO.framework/Versions/A/Resources/libGIF.dylib
0x000000000a287000 	/System/Library/Frameworks/ImageIO.framework/Versions/A/Resources/libJP2.dylib
0x000000000a287000 	/System/Library/Frameworks/ImageIO.framework/Versions/A/Resources/libRadiance.dylib
0x000000000a287000 	/System/Library/Frameworks/CoreVideo.framework/Versions/A/CoreVideo
0x000000000a287000 	/System/Library/Frameworks/OpenGL.framework/Versions/A/Libraries/libGLU.dylib
0x000000000a287000 	/System/Library/Frameworks/OpenGL.framework/Versions/A/Libraries/libGFXShared.dylib
0x000000000a287000 	/System/Library/Frameworks/OpenGL.framework/Versions/A/Libraries/libGL.dylib
0x000000000a287000 	/System/Library/Frameworks/OpenGL.framework/Versions/A/Libraries/libGLImage.dylib
0x000000000a287000 	/System/Library/Frameworks/OpenGL.framework/Versions/A/Libraries/libCVMSPluginSupport.dylib
0x000000000a287000 	/System/Library/Frameworks/OpenGL.framework/Versions/A/Libraries/libCoreVMClient.dylib
0x000000000a287000 	/usr/lib/libcups.2.dylib
0x000000000a287000 	/System/Library/Frameworks/Kerberos.framework/Versions/A/Kerberos
0x000000000a287000 	/System/Library/Frameworks/GSS.framework/Versions/A/GSS
0x000000000a287000 	/usr/lib/libresolv.9.dylib
0x000000000a287000 	/usr/lib/libiconv.2.dylib
0x000000000a287000 	/System/Library/PrivateFrameworks/Heimdal.framework/Versions/A/Heimdal
0x000000000a287000 	/usr/lib/libheimdal-asn1.dylib
0x000000000a287000 	/System/Library/Frameworks/OpenDirectory.framework/Versions/A/OpenDirectory
0x000000000a287000 	/System/Library/PrivateFrameworks/CommonAuth.framework/Versions/A/CommonAuth
0x000000000a287000 	/System/Library/Frameworks/OpenDirectory.framework/Versions/A/Frameworks/CFOpenDirectory.framework/Versions/A/CFOpenDirectory
0x000000000a287000 	/System/Library/Frameworks/SecurityFoundation.framework/Versions/A/SecurityFoundation
0x000000000a287000 	/System/Library/PrivateFrameworks/LanguageModeling.framework/Versions/A/LanguageModeling
0x000000000a287000 	/usr/lib/libcmph.dylib
0x000000000a287000 	/System/Library/Frameworks/ServiceManagement.framework/Versions/A/ServiceManagement
0x000000000a287000 	/usr/lib/libxslt.1.dylib
0x000000000a287000 	/System/Library/Frameworks/Carbon.framework/Versions/A/Frameworks/Ink.framework/Versions/A/Ink
0x000000000a287000 	/System/Library/Frameworks/QuartzCore.framework/Versions/A/Frameworks/CoreImage.framework/Versions/A/CoreImage
0x000000000a287000 	/System/Library/PrivateFrameworks/CrashReporterSupport.framework/Versions/A/CrashReporterSupport
0x000000000a287000 	/System/Library/Frameworks/OpenCL.framework/Versions/A/OpenCL
0x000000000a287000 	/System/Library/PrivateFrameworks/FaceCore.framework/Versions/A/FaceCore
0x000000000a287000 	/System/Library/PrivateFrameworks/Ubiquity.framework/Versions/A/Ubiquity
0x000000000a287000 	/System/Library/PrivateFrameworks/IconServices.framework/Versions/A/IconServices
0x000000000a287000 	/System/Library/PrivateFrameworks/ChunkingLibrary.framework/Versions/A/ChunkingLibrary
0x000000000a287000 	/System/Library/PrivateFrameworks/Apple80211.framework/Versions/A/Apple80211
0x000000000a287000 	/System/Library/Frameworks/CoreWLAN.framework/Versions/A/CoreWLAN
0x000000000a287000 	/System/Library/Frameworks/IOBluetooth.framework/Versions/A/IOBluetooth
0x000000000a287000 	/System/Library/PrivateFrameworks/CoreWiFi.framework/Versions/A/CoreWiFi
0x000000000a287000 	/System/Library/Frameworks/CoreBluetooth.framework/Versions/A/CoreBluetooth
0x000000000a287000 	/System/Library/PrivateFrameworks/DebugSymbols.framework/Versions/A/DebugSymbols
0x000000000a287000 	/System/Library/PrivateFrameworks/CoreSymbolication.framework/Versions/A/CoreSymbolication
0x000000000a287000 	/System/Library/PrivateFrameworks/Symbolication.framework/Versions/A/Symbolication
0x000000000a287000 	/System/Library/PrivateFrameworks/SpeechRecognitionCore.framework/Versions/A/SpeechRecognitionCore
0x0000000110000000 	/Library/Java/JavaVirtualMachines/jdk1.8.0_25.jdk/Contents/Home/jre/lib/server/libjvm.dylib
0x000000000a287000 	/usr/lib/libstdc++.6.dylib
0x000000010f769000 	/Library/Java/JavaVirtualMachines/jdk1.8.0_25.jdk/Contents/Home/jre/lib/libverify.dylib
0x000000010f777000 	/Library/Java/JavaVirtualMachines/jdk1.8.0_25.jdk/Contents/Home/jre/lib/libjava.dylib
0x000000010f7b5000 	/Library/Java/JavaVirtualMachines/jdk1.8.0_25.jdk/Contents/Home/jre/lib/libzip.dylib
0x0000000124aee000 	/System/Library/Frameworks/JavaVM.framework/Frameworks/JavaRuntimeSupport.framework/JavaRuntimeSupport
0x0000000124b09000 	/System/Library/Frameworks/JavaVM.framework/Versions/A/Frameworks/JavaNativeFoundation.framework/Versions/A/JavaNativeFoundation
0x0000000124b1e000 	/System/Library/Frameworks/JavaVM.framework/Versions/A/JavaVM
0x000000000a287000 	/System/Library/Frameworks/Carbon.framework/Versions/A/Carbon
0x0000000124b2b000 	/System/Library/PrivateFrameworks/JavaLaunching.framework/Versions/A/JavaLaunching
0x000000000a287000 	/System/Library/Frameworks/Carbon.framework/Versions/A/Frameworks/CommonPanels.framework/Versions/A/CommonPanels
0x000000000a287000 	/System/Library/Frameworks/Carbon.framework/Versions/A/Frameworks/Help.framework/Versions/A/Help
0x000000000a287000 	/System/Library/Frameworks/Carbon.framework/Versions/A/Frameworks/ImageCapture.framework/Versions/A/ImageCapture
0x000000000a287000 	/System/Library/Frameworks/Carbon.framework/Versions/A/Frameworks/OpenScripting.framework/Versions/A/OpenScripting
0x000000000a287000 	/System/Library/Frameworks/Carbon.framework/Versions/A/Frameworks/Print.framework/Versions/A/Print
0x000000000a287000 	/System/Library/Frameworks/Carbon.framework/Versions/A/Frameworks/SecurityHI.framework/Versions/A/SecurityHI
0x0000000126b10000 	/Library/Java/JavaVirtualMachines/jdk1.8.0_25.jdk/Contents/Home/jre/lib/libprism_es2.dylib
0x000000000a287000 	/System/Library/Frameworks/OpenGL.framework/Versions/A/Resources/GLEngine.bundle/GLEngine
0x000000000a287000 	/System/Library/Frameworks/OpenGL.framework/Versions/A/Libraries/libGLProgrammability.dylib
0x0000000000000000 	/System/Library/Extensions/AppleIntelHD5000GraphicsGLDriver.bundle/Contents/MacOS/AppleIntelHD5000GraphicsGLDriver
0x000000000a287000 	/System/Library/PrivateFrameworks/IOAccelerator.framework/Versions/A/IOAccelerator
0x000000000a287000 	/System/Library/PrivateFrameworks/GPUSupport.framework/Versions/A/Libraries/libGPUSupportMercury.dylib
0x000000000a287000 	/System/Library/Frameworks/OpenGL.framework/Versions/A/Resources/GLRendererFloat.bundle/GLRendererFloat
0x000000000a287000 	/System/Library/Frameworks/OpenCL.framework/Versions/A/Libraries/libcldcpuengine.dylib
0x000000000a287000 	/System/Library/PrivateFrameworks/DiskImages.framework/Versions/A/DiskImages
0x000000000a287000 	/System/Library/Frameworks/DiscRecording.framework/Versions/A/DiscRecording
0x000000000a287000 	/usr/lib/libcsfde.dylib
0x000000000a287000 	/usr/lib/libcurl.4.dylib
0x000000000a287000 	/System/Library/PrivateFrameworks/MediaKit.framework/Versions/A/MediaKit
0x000000000a287000 	/System/Library/PrivateFrameworks/ProtectedCloudStorage.framework/Versions/A/ProtectedCloudStorage
0x000000000a287000 	/usr/lib/libCoreStorage.dylib
0x000000000a287000 	/System/Library/PrivateFrameworks/EFILogin.framework/Versions/A/EFILogin
0x000000000a287000 	/usr/lib/libutil.dylib
0x000000000a287000 	/System/Library/PrivateFrameworks/FindMyDevice.framework/Versions/A/FindMyDevice
0x000000000a287000 	/System/Library/Frameworks/LDAP.framework/Versions/A/LDAP
0x000000000a287000 	/usr/lib/libsasl2.2.dylib
0x000000000a287000 	/System/Library/PrivateFrameworks/CoreDaemon.framework/Versions/B/CoreDaemon
0x000000000a287000 	/usr/lib/libcrypto.0.9.8.dylib
0x000000000a287000 	/System/Library/PrivateFrameworks/AppleSRP.framework/Versions/A/AppleSRP
0x000000000a287000 	/System/Library/PrivateFrameworks/TrustEvaluationAgent.framework/Versions/A/TrustEvaluationAgent
0x0000000126fbd000 	/Library/Java/JavaVirtualMachines/jdk1.8.0_25.jdk/Contents/Home/jre/lib/libglass.dylib
0x000000000a287000 	/System/Library/PrivateFrameworks/CoreServicesInternal.framework/Versions/A/CoreServicesInternal
0x000000000a287000 	/System/Library/PrivateFrameworks/CloudDocs.framework/Versions/A/CloudDocs
0x000000000a287000 	/System/Library/PrivateFrameworks/CoreDuet.framework/Versions/A/CoreDuet
0x000000000a287000 	/System/Library/Frameworks/CloudKit.framework/Versions/A/CloudKit
0x000000000a287000 	/System/Library/PrivateFrameworks/ProtocolBuffer.framework/Versions/A/ProtocolBuffer
0x000000000a287000 	/System/Library/PrivateFrameworks/CoreDuetDaemonProtocol.framework/Versions/A/CoreDuetDaemonProtocol
0x000000000a287000 	/System/Library/PrivateFrameworks/CoreDuetDebugLogging.framework/Versions/A/CoreDuetDebugLogging
0x000000000a287000 	/System/Library/Frameworks/CoreLocation.framework/Versions/A/CoreLocation
0x000000000a287000 	/System/Library/Frameworks/Accounts.framework/Versions/A/Accounts
0x000000000a287000 	/System/Library/PrivateFrameworks/ApplePushService.framework/Versions/A/ApplePushService
0x000000000a287000 	/System/Library/PrivateFrameworks/GeoServices.framework/Versions/A/GeoServices
0x000000000a287000 	/System/Library/PrivateFrameworks/OAuth.framework/Versions/A/OAuth
0x000000000a287000 	/System/Library/Frameworks/CoreGraphics.framework/Versions/A/Resources/libCGCMS.A.dylib
0x000000000a287000 	/System/Library/CoreServices/RawCamera.bundle/Contents/MacOS/RawCamera
0x000000000a287000 	/System/Library/Frameworks/CoreGraphics.framework/Versions/A/Resources/libRIP.A.dylib
0x000000000a287000 	/System/Library/PrivateFrameworks/FamilyControls.framework/Versions/A/FamilyControls
0x000000000a287000 	/System/Library/PrivateFrameworks/CommerceKit.framework/Versions/A/Frameworks/CommerceCore.framework/Versions/A/CommerceCore
0x000000000a287000 	/System/Library/PrivateFrameworks/SystemAdministration.framework/Versions/A/SystemAdministration
0x000000000a287000 	/System/Library/PrivateFrameworks/AppContainer.framework/Versions/A/AppContainer
0x000000000a287000 	/System/Library/PrivateFrameworks/SecCodeWrapper.framework/Versions/A/SecCodeWrapper
0x000000000a287000 	/System/Library/Frameworks/DirectoryService.framework/Versions/A/DirectoryService
0x000000000a287000 	/System/Library/PrivateFrameworks/LoginUIKit.framework/Versions/A/Frameworks/LoginUICore.framework/Versions/A/LoginUICore
0x000000000a287000 	/usr/lib/libodfde.dylib
0x000000012a59b000 	/Library/Java/JavaVirtualMachines/jdk1.8.0_25.jdk/Contents/Home/jre/lib/libjavafx_font.dylib
0x000000000a287000 	/System/Library/Frameworks/CoreGraphics.framework/Versions/A/Resources/libCGXType.A.dylib
0x000000012ddb7000 	/Library/Java/JavaVirtualMachines/jdk1.8.0_25.jdk/Contents/Home/jre/lib/libprism_common.dylib
0x000000012deba000 	cl_kernels
0x000000012debc000 	/System/Library/Frameworks/OpenCL.framework/Versions/A/Libraries/ImageFormats/unorm8_bgra.dylib
0x000000012e3e6000 	cl_kernels

VM Arguments:
jvm_args: -Dfile.encoding=UTF-8 
java_command: Main
java_class_path (initial): /Users/vcheng/Documents/workspace/slogo_team08/bin
Launcher Type: SUN_STANDARD

Environment Variables:
PATH=/usr/bin:/bin:/usr/sbin:/sbin
SHELL=/bin/bash
DISPLAY=/private/tmp/com.apple.launchd.0fxOrwM1SD/org.macosforge.xquartz:0

Signal Handlers:
SIGSEGV: [libjvm.dylib+0x579dc7], sa_mask[0]=11111111011111110111111111111111, sa_flags=SA_ONSTACK|SA_RESTART|SA_SIGINFO
SIGBUS: [libjvm.dylib+0x579dc7], sa_mask[0]=11111111011111110111111111111111, sa_flags=SA_RESTART|SA_SIGINFO
SIGFPE: [libjvm.dylib+0x45b030], sa_mask[0]=11111111011111110111111111111111, sa_flags=SA_RESTART|SA_SIGINFO
SIGPIPE: [libjvm.dylib+0x45b030], sa_mask[0]=11111111011111110111111111111111, sa_flags=SA_RESTART|SA_SIGINFO
SIGXFSZ: [libjvm.dylib+0x45b030], sa_mask[0]=11111111011111110111111111111111, sa_flags=SA_RESTART|SA_SIGINFO
SIGILL: [libjvm.dylib+0x45b030], sa_mask[0]=11111111011111110111111111111111, sa_flags=SA_RESTART|SA_SIGINFO
SIGUSR1: SIG_DFL, sa_mask[0]=00000000000000000000000000000000, sa_flags=none
SIGUSR2: [libjvm.dylib+0x45ab4e], sa_mask[0]=00100000000000000000000000000000, sa_flags=SA_RESTART|SA_SIGINFO
SIGHUP: [libjvm.dylib+0x459121], sa_mask[0]=11111111011111110111111111111111, sa_flags=SA_RESTART|SA_SIGINFO
SIGINT: [libjvm.dylib+0x459121], sa_mask[0]=11111111011111110111111111111111, sa_flags=SA_RESTART|SA_SIGINFO
SIGTERM: [libjvm.dylib+0x459121], sa_mask[0]=11111111011111110111111111111111, sa_flags=SA_RESTART|SA_SIGINFO
SIGQUIT: [libjvm.dylib+0x459121], sa_mask[0]=11111111011111110111111111111111, sa_flags=SA_RESTART|SA_SIGINFO


---------------  S Y S T E M  ---------------

OS:Bsduname:Darwin 14.1.0 Darwin Kernel Version 14.1.0: Mon Dec 22 23:10:38 PST 2014; root:xnu-2782.10.72~2/RELEASE_X86_64 x86_64
rlimit: STACK 8192k, CORE 0k, NPROC 709, NOFILE 10240, AS infinity
load average:4.49 3.27 2.57

CPU:total 4 (2 cores per cpu, 2 threads per core) family 6 model 69 stepping 1, cmov, cx8, fxsr, mmx, sse, sse2, sse3, ssse3, sse4.1, sse4.2, popcnt, avx, avx2, aes, clmul, erms, lzcnt, ht, tsc, tscinvbit, bmi1, bmi2

Memory: 4k page, physical 4194304k(378408k free)

/proc/meminfo:


vm_info: Java HotSpot(TM) 64-Bit Server VM (25.25-b02) for bsd-amd64 JRE (1.8.0_25-b17), built on Sep 17 2014 16:56:50 by "java_re" with gcc 4.2.1 (Based on Apple Inc. build 5658) (LLVM build 2336.11.00)

time: Wed Mar  2 00:38:28 2016
elapsed time: 94 seconds (0d 0h 1m 34s)

