#
# A fatal error has been detected by the Java Runtime Environment:
#
#  SIGSEGV (0xb) at pc=0x00000001233073fd, pid=2484, tid=1811
#
# JRE version: Java(TM) SE Runtime Environment (8.0_25-b17) (build 1.8.0_25-b17)
# Java VM: Java HotSpot(TM) 64-Bit Server VM (25.25-b02 mixed mode bsd-amd64 compressed oops)
# Problematic frame:
# C  [libglass.dylib+0x163fd]  GlassScreenDidChangeScreenParameters+0x9d
#
# Failed to write core dump. Core dumps have been disabled. To enable core dumping, try "ulimit -c unlimited" before starting Java again
#
# If you would like to submit a bug report, please visit:
#   http://bugreport.sun.com/bugreport/crash.jsp
#

---------------  T H R E A D  ---------------

Current thread is native thread

siginfo: si_signo: 11 (SIGSEGV), si_code: 1 (SEGV_MAPERR), si_addr: 0x0000000000000000

Registers:
RAX=0x0000000123339e40, RBX=0x0000000000000000, RCX=0x9600fae154c6c630, RDX=0x00007fb72a69f6a0
RSP=0x00007fff54275120, RBP=0x00007fff54275130, RSI=0x00007fb72a507298, RDI=0x0000000000000000
R8 =0x00007fff54274fd0, R9 =0x00007fff7ae3f300, R10=0x0000000000000000, R11=0x0000000000000246
R12=0x00007fb72a5077f0, R13=0x00000000000f4268, R14=0x00007fb72a6933f0, R15=0x00007fff54275270
RIP=0x00000001233073fd, EFLAGS=0x0000000000010206, ERR=0x0000000000000004
  TRAPNO=0x000000000000000e

Top of Stack: (sp=0x00007fff54275120)
0x00007fff54275120:   00007fff54275300 00007fb72a6933f0
0x00007fff54275130:   00007fff54275140 00007fff9167acdc
0x00007fff54275140:   00007fff542754a0 00007fff9156c244
0x00007fff54275150:   00007fff542751a0 0000000000001e00
0x00007fff54275160:   00007fff7b528cf0 00007fb7332f0ca0
0x00007fff54275170:   0000000000001003 0000000000000900
0x00007fff54275180:   00007fb7332f0ca0 00007fb72a6933f0
0x00007fff54275190:   0000000000000000 00007fff54275270
0x00007fff542751a0:   0000000000000000 00007fb72a693360
0x00007fff542751b0:   00007fff542752f0 0000000000000060
0x00007fff542751c0:   00000000000f4327 00007fb72a594e10
0x00007fff542751d0:   00007fb72a66c5d0 00007fb72a5077f0
0x00007fff542751e0:   0000000000000001 00000000000f4268
0x00007fff542751f0:   00007fb72a5077e0 00007fff97b8cacb
0x00007fff54275200:   0000000000000001 0000000000000001
0x00007fff54275210:   0000000000000030 0000000000000001
0x00007fff54275220:   00007fff54275240 00007fff97b92231
0x00007fff54275230:   00007fff7b526dd0 0000000000000000
0x00007fff54275240:   00007fff54275260 0000000000000019
0x00007fff54275250:   0002840397b8c53e 00007fb72a507814
0x00007fff54275260:   0000000000000000 00007fff91561d1f
0x00007fff54275270:   00007fb72a6933f0 00007fff7b526dd0
0x00007fff54275280:   00007fff54275300 0000000000000001
0x00007fff54275290:   00007fff542752d0 00007fff97b8c53e
0x00007fff542752a0:   000000010b9a5a00 0000000000000002
0x00007fff542752b0:   000000010b9a2000 00007fb72a51ef12
0x00007fff542752c0:   0000000000000003 000000010b9a7800
0x00007fff542752d0:   00007fff542753c0 00007fff97b8b2a2
0x00007fff542752e0:   00007fb72a66c1e0 00007fff542754a8
0x00007fff542752f0:   0000000000000017 0000000000000000
0x00007fff54275300:   00000000000f4268 00007fff91562013
0x00007fff54275310:   00007fff00000000 00007fb72a73fb60 

Instructions: (pc=0x00000001233073fd)
0x00000001233073dd:   89 df 4c 89 f1 41 ff 90 68 04 00 00 48 8d 05 58
0x00000001233073ed:   29 03 00 48 8b 30 48 8d 05 46 2a 03 00 48 8b 10
0x00000001233073fd:   48 8b 0b 30 c0 48 89 df ff 91 68 04 00 00 48 8b
0x000000012330740d:   03 48 89 df ff 50 78 48 85 c0 74 36 49 89 c6 48 

Register to memory mapping:

RAX=0x0000000123339e40: jScreenNotifySettingsChanged+0 in /Library/Java/JavaVirtualMachines/jdk1.8.0_25.jdk/Contents/Home/jre/lib/libglass.dylib at 0x00000001232f1000
RBX=0x0000000000000000 is an unknown value
RCX=0x9600fae154c6c630 is an unknown value
RDX=0x00007fb72a69f6a0 is an unknown value
RSP=0x00007fff54275120 is an unknown value
RBP=0x00007fff54275130 is an unknown value
RSI=0x00007fb72a507298 is a global jni handle
RDI=0x0000000000000000 is an unknown value
R8 =0x00007fff54274fd0 is an unknown value
R9 =0x00007fff7ae3f300: _thread+0 in /usr/lib/system/libsystem_pthread.dylib at 0x00007fff8ee9d000
R10=0x0000000000000000 is an unknown value
R11=0x0000000000000246 is an unknown value
R12=0x00007fb72a5077f0 is an unknown value
R13=0x00000000000f4268 is an unknown value
R14=0x00007fb72a6933f0 is an unknown value
R15=0x00007fff54275270 is an unknown value


Stack: [0x00007fff53a78000,0x00007fff54278000],  sp=0x00007fff54275120,  free space=8180k
Native frames: (J=compiled Java code, j=interpreted, Vv=VM code, C=native code)
C  [libglass.dylib+0x163fd]  GlassScreenDidChangeScreenParameters+0x9d
C  [CoreFoundation+0x11ecdc]  __CFNOTIFICATIONCENTER_IS_CALLING_OUT_TO_AN_OBSERVER__+0xc
C  [CoreFoundation+0x10244]  _CFXNotificationPost+0xc44
C  [Foundation+0x2c31]  -[NSNotificationCenter postNotificationName:object:userInfo:]+0x42
C  [AppKit+0x36305e]  -[NSApplication _reactToScreenInvalidationImmediately:]+0x17b
C  [AppKit+0x362e9d]  __44-[NSApplication _reactToScreenInvalidation:]_block_invoke+0x4b
C  [CoreFoundation+0x8056c]  __CFRUNLOOP_IS_CALLING_OUT_TO_A_BLOCK__+0xc
C  [CoreFoundation+0x72675]  __CFRunLoopDoBlocks+0x155
C  [CoreFoundation+0x721b6]  __CFRunLoopRun+0x716
C  [CoreFoundation+0x71858]  CFRunLoopRunSpecific+0x128
C  [java+0x56cc]  CreateExecutionEnvironment+0x367
C  [java+0x165c]  JLI_Launch+0x7a0
C  [java+0x768a]  main+0x65
C  [java+0xeb4]  start+0x34


---------------  P R O C E S S  ---------------

VM state:at safepoint (normal execution)

VM Mutex/Monitor currently owned by a thread:  ([mutex/lock_event])
[0x00007fb72a612ae0] Threads_lock - owner thread: 0x00007fb72b822800
[0x00007fb72a612fe0] Heap_lock - owner thread: 0x00007fb72ab0b000

Heap:
 PSYoungGen      total 35328K, used 28028K [0x00000007aab00000, 0x00000007ad000000, 0x00000007c0000000)
  eden space 32768K, 77% used [0x00000007aab00000,0x00000007ac3e3008,0x00000007acb00000)
  from space 2560K, 99% used [0x00000007acd80000,0x00000007acffc020,0x00000007ad000000)
  to   space 2560K, 0% used [0x00000007acb00000,0x00000007acb00000,0x00000007acd80000)
 ParOldGen       total 44032K, used 1824K [0x0000000780000000, 0x0000000782b00000, 0x00000007aab00000)
  object space 44032K, 4% used [0x0000000780000000,0x00000007801c80f0,0x0000000782b00000)
 Metaspace       used 17355K, capacity 18758K, committed 18816K, reserved 1064960K
  class space    used 2664K, capacity 2924K, committed 2944K, reserved 1048576K

Card table byte_map: [0x000000011c6d4000,0x000000011c8d5000] byte_map_base: 0x0000000118ad4000

Marking Bits: (ParMarkBitMap*) 0x000000010c323390
 Begin Bits: [0x000000011ce37000, 0x000000011de37000)
 End Bits:   [0x000000011de37000, 0x000000011ee37000)

Polling page: 0x000000010c9fb000

CodeCache: size=245760Kb used=6565Kb max_used=6565Kb free=239194Kb
 bounds [0x000000010d314000, 0x000000010d984000, 0x000000011c314000]
 total_blobs=2795 nmethods=2150 adapters=559
 compilation: enabled

Compilation events (10 events):
Event: 90.246 Thread 0x00007fb72b82f000 2146       4       com.sun.javafx.tk.quantum.QuantumToolkit$$Lambda$43/87203537::run (8 bytes)
Event: 90.252 Thread 0x00007fb72b82f000 nmethod 2146 0x000000010d97b550 code [0x000000010d97b6e0, 0x000000010d97b998]
Event: 314.623 Thread 0x00007fb72b840000 2147       3       javafx.collections.WeakListChangeListener::onChanged (36 bytes)
Event: 314.626 Thread 0x00007fb72b840000 nmethod 2147 0x000000010d97acd0 code [0x000000010d97ae60, 0x000000010d97b3d8]
Event: 438.110 Thread 0x00007fb72b840000 2148       3       java.lang.invoke.LambdaForm::basicTypeSignature (59 bytes)
Event: 438.115 Thread 0x00007fb72b840000 nmethod 2148 0x000000010d980750 code [0x000000010d9809a0, 0x000000010d981b98]
Event: 438.136 Thread 0x00007fb72b840000 2149       3       java.lang.Class::checkInitted (19 bytes)
Event: 438.137 Thread 0x00007fb72b840000 nmethod 2149 0x000000010d97a790 code [0x000000010d97a920, 0x000000010d97abe8]
Event: 438.138 Thread 0x00007fb72b840000 2150  s    3       java.util.Vector::elementAt (48 bytes)
Event: 438.139 Thread 0x00007fb72b840000 nmethod 2150 0x000000010d9772d0 code [0x000000010d9774e0, 0x000000010d978088]

GC Heap History (4 events):
Event: 0.717 GC heap before
{Heap before GC invocations=1 (full 0):
 PSYoungGen      total 18944K, used 16384K [0x00000007aab00000, 0x00000007ac000000, 0x00000007c0000000)
  eden space 16384K, 100% used [0x00000007aab00000,0x00000007abb00000,0x00000007abb00000)
  from space 2560K, 0% used [0x00000007abd80000,0x00000007abd80000,0x00000007ac000000)
  to   space 2560K, 0% used [0x00000007abb00000,0x00000007abb00000,0x00000007abd80000)
 ParOldGen       total 44032K, used 0K [0x0000000780000000, 0x0000000782b00000, 0x00000007aab00000)
  object space 44032K, 0% used [0x0000000780000000,0x0000000780000000,0x0000000782b00000)
 Metaspace       used 8979K, capacity 9384K, committed 9600K, reserved 1056768K
  class space    used 1223K, capacity 1303K, committed 1408K, reserved 1048576K
Event: 0.727 GC heap after
Heap after GC invocations=1 (full 0):
 PSYoungGen      total 18944K, used 2528K [0x00000007aab00000, 0x00000007ad000000, 0x00000007c0000000)
  eden space 16384K, 0% used [0x00000007aab00000,0x00000007aab00000,0x00000007abb00000)
  from space 2560K, 98% used [0x00000007abb00000,0x00000007abd78040,0x00000007abd80000)
  to   space 2560K, 0% used [0x00000007acd80000,0x00000007acd80000,0x00000007ad000000)
 ParOldGen       total 44032K, used 72K [0x0000000780000000, 0x0000000782b00000, 0x00000007aab00000)
  object space 44032K, 0% used [0x0000000780000000,0x0000000780012000,0x0000000782b00000)
 Metaspace       used 8979K, capacity 9384K, committed 9600K, reserved 1056768K
  class space    used 1223K, capacity 1303K, committed 1408K, reserved 1048576K
}
Event: 1.549 GC heap before
{Heap before GC invocations=2 (full 0):
 PSYoungGen      total 18944K, used 18912K [0x00000007aab00000, 0x00000007ad000000, 0x00000007c0000000)
  eden space 16384K, 100% used [0x00000007aab00000,0x00000007abb00000,0x00000007abb00000)
  from space 2560K, 98% used [0x00000007abb00000,0x00000007abd78040,0x00000007abd80000)
  to   space 2560K, 0% used [0x00000007acd80000,0x00000007acd80000,0x00000007ad000000)
 ParOldGen       total 44032K, used 72K [0x0000000780000000, 0x0000000782b00000, 0x00000007aab00000)
  object space 44032K, 0% used [0x0000000780000000,0x0000000780012000,0x0000000782b00000)
 Metaspace       used 14735K, capacity 15670K, committed 15872K, reserved 1062912K
  class space    used 2332K, capacity 2525K, committed 2560K, reserved 1048576K
Event: 1.560 GC heap after
Heap after GC invocations=2 (full 0):
 PSYoungGen      total 35328K, used 2544K [0x00000007aab00000, 0x00000007ad000000, 0x00000007c0000000)
  eden space 32768K, 0% used [0x00000007aab00000,0x00000007aab00000,0x00000007acb00000)
  from space 2560K, 99% used [0x00000007acd80000,0x00000007acffc020,0x00000007ad000000)
  to   space 2560K, 0% used [0x00000007acb00000,0x00000007acb00000,0x00000007acd80000)
 ParOldGen       total 44032K, used 1824K [0x0000000780000000, 0x0000000782b00000, 0x00000007aab00000)
  object space 44032K, 4% used [0x0000000780000000,0x00000007801c80f0,0x0000000782b00000)
 Metaspace       used 14735K, capacity 15670K, committed 15872K, reserved 1062912K
  class space    used 2332K, capacity 2525K, committed 2560K, reserved 1048576K
}

Deoptimization events (10 events):
Event: 1.427 Thread 0x00007fb72b8f1800 Uncommon trap: reason=unreached action=reinterpret pc=0x000000010d652384 method=java.util.HashMap.putVal(ILjava/lang/Object;Ljava/lang/Object;ZZ)Ljava/lang/Object; @ 193
Event: 1.509 Thread 0x00007fb72b8f1800 Uncommon trap: reason=uninitialized action=reinterpret pc=0x000000010d64ee20 method=java.lang.CharacterData.of(I)Ljava/lang/CharacterData; @ 96
Event: 1.657 Thread 0x00007fb72b8f1800 Uncommon trap: reason=array_check action=maybe_recompile pc=0x000000010d74d430 method=com.sun.javafx.css.SimpleSelector.applies(Ljavafx/css/Styleable;[Ljava/util/Set;I)Z @ 37
Event: 1.658 Thread 0x00007fb72b8f1800 Uncommon trap: reason=array_check action=maybe_recompile pc=0x000000010d74d430 method=com.sun.javafx.css.SimpleSelector.applies(Ljavafx/css/Styleable;[Ljava/util/Set;I)Z @ 37
Event: 1.658 Thread 0x00007fb72b8f1800 Uncommon trap: reason=array_check action=maybe_recompile pc=0x000000010d74d430 method=com.sun.javafx.css.SimpleSelector.applies(Ljavafx/css/Styleable;[Ljava/util/Set;I)Z @ 37
Event: 1.658 Thread 0x00007fb72b8f1800 Uncommon trap: reason=array_check action=maybe_recompile pc=0x000000010d74d430 method=com.sun.javafx.css.SimpleSelector.applies(Ljavafx/css/Styleable;[Ljava/util/Set;I)Z @ 37
Event: 1.691 Thread 0x00007fb72b8f1800 Uncommon trap: reason=unreached action=reinterpret pc=0x000000010d6b7084 method=sun.misc.URLClassPath$JarLoader.ensureOpen()V @ 4
Event: 1.784 Thread 0x00007fb72b8f1800 Uncommon trap: reason=unreached action=reinterpret pc=0x000000010d761ab4 method=com.sun.javafx.css.SimpleSelector.stateMatches(Ljavafx/css/Styleable;Ljava/util/Set;)Z @ 1
Event: 1.796 Thread 0x00007fb72b8f1800 Uncommon trap: reason=unreached action=reinterpret pc=0x000000010d75aea4 method=com.sun.javafx.css.BitSet.addAll(Ljava/util/Collection;)Z @ 1
Event: 2.101 Thread 0x00007fb72b061000 Uncommon trap: reason=unreached action=reinterpret pc=0x000000010d801664 method=java.util.WeakHashMap.eq(Ljava/lang/Object;Ljava/lang/Object;)Z @ 2

Internal exceptions (10 events):
Event: 1.373 Thread 0x00007fb72b8f1800 Exception <a 'java/security/PrivilegedActionException'> (0x00000007ab6ea258) thrown at [/HUDSON3/workspace/8-2-build-macosx-x86_64/jdk8u25/1514/hotspot/src/share/vm/prims/jvm.cpp, line 1312]
Event: 1.691 Thread 0x00007fb72b8f1800 Implicit null exception at 0x000000010d6b567a to 0x000000010d6b706d
Event: 1.784 Thread 0x00007fb72b8f1800 Implicit null exception at 0x000000010d7612f9 to 0x000000010d761a8d
Event: 1.796 Thread 0x00007fb72b8f1800 Implicit null exception at 0x000000010d75a910 to 0x000000010d75ae91
Event: 3.320 Thread 0x00007fb72b8f1800 Exception <a 'java/security/PrivilegedActionException'> (0x00000007ab6be928) thrown at [/HUDSON3/workspace/8-2-build-macosx-x86_64/jdk8u25/1514/hotspot/src/share/vm/prims/jvm.cpp, line 1312]
Event: 3.320 Thread 0x00007fb72b8f1800 Exception <a 'java/security/PrivilegedActionException'> (0x00000007ab6bfd58) thrown at [/HUDSON3/workspace/8-2-build-macosx-x86_64/jdk8u25/1514/hotspot/src/share/vm/prims/jvm.cpp, line 1312]
Event: 3.320 Thread 0x00007fb72b8f1800 Exception <a 'java/security/PrivilegedActionException'> (0x00000007ab6c4b58) thrown at [/HUDSON3/workspace/8-2-build-macosx-x86_64/jdk8u25/1514/hotspot/src/share/vm/prims/jvm.cpp, line 1312]
Event: 3.320 Thread 0x00007fb72b8f1800 Exception <a 'java/security/PrivilegedActionException'> (0x00000007ab6c5fd8) thrown at [/HUDSON3/workspace/8-2-build-macosx-x86_64/jdk8u25/1514/hotspot/src/share/vm/prims/jvm.cpp, line 1312]
Event: 5.221 Thread 0x00007fb72b8f1800 Exception <a 'java/security/PrivilegedActionException'> (0x00000007ab74fb90) thrown at [/HUDSON3/workspace/8-2-build-macosx-x86_64/jdk8u25/1514/hotspot/src/share/vm/prims/jvm.cpp, line 1312]
Event: 5.223 Thread 0x00007fb72b8f1800 Exception <a 'java/lang/NullPointerException'> (0x00000007ab757d60) thrown at [/HUDSON3/workspace/8-2-build-macosx-x86_64/jdk8u25/1514/hotspot/src/share/vm/prims/jvm.cpp, line 1316]

Events (10 events):
Event: 438.139 Thread 0x00007fb72b061000 Thread exited: 0x00007fb72b061000
Event: 438.140 Thread 0x00007fb72b936000 Thread exited: 0x00007fb72b936000
Event: 438.140 Thread 0x00007fb72c000800 Thread exited: 0x00007fb72c000800
Event: 438.140 Thread 0x00007fb72ab0b000 Thread added: 0x00007fb72ab0b000
Event: 438.595 Thread 0x00007fb72b8f1800 Thread exited: 0x00007fb72b8f1800
Event: 438.595 loading class java/util/IdentityHashMap$KeyIterator
Event: 438.595 loading class java/util/IdentityHashMap$IdentityHashMapIterator
Event: 438.596 loading class java/util/IdentityHashMap$IdentityHashMapIterator done
Event: 438.596 loading class java/util/IdentityHashMap$KeyIterator done
Event: 438.596 Thread 0x00007fb72ab0b000 Thread exited: 0x00007fb72ab0b000


Dynamic libraries:
0x000000000a287000 	/System/Library/Frameworks/Cocoa.framework/Versions/A/Cocoa
0x000000000a287000 	/System/Library/Frameworks/Security.framework/Versions/A/Security
0x000000000a287000 	/System/Library/Frameworks/ApplicationServices.framework/Versions/A/ApplicationServices
0x000000000a287000 	/usr/lib/libz.1.dylib
0x000000000a287000 	/usr/lib/libSystem.B.dylib
0x000000000a287000 	/usr/lib/libobjc.A.dylib
0x000000000a287000 	/System/Library/Frameworks/CoreFoundation.framework/Versions/A/CoreFoundation
0x000000000a287000 	/System/Library/Frameworks/Foundation.framework/Versions/C/Foundation
0x000000000a287000 	/System/Library/Frameworks/AppKit.framework/Versions/C/AppKit
0x000000000a287000 	/System/Library/Frameworks/CoreData.framework/Versions/A/CoreData
0x000000000a287000 	/System/Library/PrivateFrameworks/RemoteViewServices.framework/Versions/A/RemoteViewServices
0x000000000a287000 	/System/Library/PrivateFrameworks/UIFoundation.framework/Versions/A/UIFoundation
0x000000000a287000 	/System/Library/Frameworks/IOSurface.framework/Versions/A/IOSurface
0x000000000a287000 	/System/Library/Frameworks/AudioToolbox.framework/Versions/A/AudioToolbox
0x000000000a287000 	/System/Library/Frameworks/AudioUnit.framework/Versions/A/AudioUnit
0x000000000a287000 	/System/Library/PrivateFrameworks/DataDetectorsCore.framework/Versions/A/DataDetectorsCore
0x000000000a287000 	/System/Library/PrivateFrameworks/DesktopServicesPriv.framework/Versions/A/DesktopServicesPriv
0x000000000a287000 	/System/Library/Frameworks/Carbon.framework/Versions/A/Frameworks/HIToolbox.framework/Versions/A/HIToolbox
0x000000000a287000 	/System/Library/Frameworks/QuartzCore.framework/Versions/A/QuartzCore
0x000000000a287000 	/System/Library/Frameworks/Carbon.framework/Versions/A/Frameworks/SpeechRecognition.framework/Versions/A/SpeechRecognition
0x000000000a287000 	/usr/lib/libauto.dylib
0x000000000a287000 	/usr/lib/libicucore.A.dylib
0x000000000a287000 	/usr/lib/libxml2.2.dylib
0x000000000a287000 	/System/Library/PrivateFrameworks/CoreUI.framework/Versions/A/CoreUI
0x000000000a287000 	/System/Library/Frameworks/CoreAudio.framework/Versions/A/CoreAudio
0x000000000a287000 	/System/Library/Frameworks/DiskArbitration.framework/Versions/A/DiskArbitration
0x000000000a287000 	/usr/lib/liblangid.dylib
0x000000000a287000 	/System/Library/PrivateFrameworks/MultitouchSupport.framework/Versions/A/MultitouchSupport
0x000000000a287000 	/System/Library/Frameworks/IOKit.framework/Versions/A/IOKit
0x000000000a287000 	/usr/lib/libDiagnosticMessagesClient.dylib
0x000000000a287000 	/System/Library/Frameworks/CoreServices.framework/Versions/A/CoreServices
0x000000000a287000 	/System/Library/PrivateFrameworks/PerformanceAnalysis.framework/Versions/A/PerformanceAnalysis
0x000000000a287000 	/System/Library/PrivateFrameworks/GenerationalStorage.framework/Versions/A/GenerationalStorage
0x000000000a287000 	/System/Library/Frameworks/OpenGL.framework/Versions/A/OpenGL
0x000000000a287000 	/System/Library/PrivateFrameworks/Sharing.framework/Versions/A/Sharing
0x000000000a287000 	/System/Library/Frameworks/CoreGraphics.framework/Versions/A/CoreGraphics
0x000000000a287000 	/System/Library/Frameworks/CoreText.framework/Versions/A/CoreText
0x000000000a287000 	/System/Library/Frameworks/ImageIO.framework/Versions/A/ImageIO
0x000000000a287000 	/usr/lib/libextension.dylib
0x000000000a287000 	/System/Library/PrivateFrameworks/Backup.framework/Versions/A/Backup
0x000000000a287000 	/usr/lib/libarchive.2.dylib
0x000000000a287000 	/System/Library/Frameworks/CFNetwork.framework/Versions/A/CFNetwork
0x000000000a287000 	/System/Library/Frameworks/SystemConfiguration.framework/Versions/A/SystemConfiguration
0x000000000a287000 	/usr/lib/libCRFSuite.dylib
0x000000000a287000 	/usr/lib/libc++.1.dylib
0x000000000a287000 	/usr/lib/libc++abi.dylib
0x000000000a287000 	/usr/lib/system/libcache.dylib
0x000000000a287000 	/usr/lib/system/libcommonCrypto.dylib
0x000000000a287000 	/usr/lib/system/libcompiler_rt.dylib
0x000000000a287000 	/usr/lib/system/libcopyfile.dylib
0x000000000a287000 	/usr/lib/system/libcorecrypto.dylib
0x000000000a287000 	/usr/lib/system/libdispatch.dylib
0x000000000a287000 	/usr/lib/system/libdyld.dylib
0x000000000a287000 	/usr/lib/system/libkeymgr.dylib
0x000000000a287000 	/usr/lib/system/liblaunch.dylib
0x000000000a287000 	/usr/lib/system/libmacho.dylib
0x000000000a287000 	/usr/lib/system/libquarantine.dylib
0x000000000a287000 	/usr/lib/system/libremovefile.dylib
0x000000000a287000 	/usr/lib/system/libsystem_asl.dylib
0x000000000a287000 	/usr/lib/system/libsystem_blocks.dylib
0x000000000a287000 	/usr/lib/system/libsystem_c.dylib
0x000000000a287000 	/usr/lib/system/libsystem_configuration.dylib
0x000000000a287000 	/usr/lib/system/libsystem_coreservices.dylib
0x000000000a287000 	/usr/lib/system/libsystem_coretls.dylib
0x000000000a287000 	/usr/lib/system/libsystem_dnssd.dylib
0x000000000a287000 	/usr/lib/system/libsystem_info.dylib
0x000000000a287000 	/usr/lib/system/libsystem_kernel.dylib
0x000000000a287000 	/usr/lib/system/libsystem_m.dylib
0x000000000a287000 	/usr/lib/system/libsystem_malloc.dylib
0x000000000a287000 	/usr/lib/system/libsystem_network.dylib
0x000000000a287000 	/usr/lib/system/libsystem_networkextension.dylib
0x000000000a287000 	/usr/lib/system/libsystem_notify.dylib
0x000000000a287000 	/usr/lib/system/libsystem_platform.dylib
0x000000000a287000 	/usr/lib/system/libsystem_pthread.dylib
0x000000000a287000 	/usr/lib/system/libsystem_sandbox.dylib
0x000000000a287000 	/usr/lib/system/libsystem_secinit.dylib
0x000000000a287000 	/usr/lib/system/libsystem_stats.dylib
0x000000000a287000 	/usr/lib/system/libsystem_trace.dylib
0x000000000a287000 	/usr/lib/system/libunc.dylib
0x000000000a287000 	/usr/lib/system/libunwind.dylib
0x000000000a287000 	/usr/lib/system/libxpc.dylib
0x000000000a287000 	/usr/lib/libbz2.1.0.dylib
0x000000000a287000 	/usr/lib/liblzma.5.dylib
0x000000000a287000 	/usr/lib/libbsm.0.dylib
0x000000000a287000 	/usr/lib/libsqlite3.dylib
0x000000000a287000 	/usr/lib/system/libkxld.dylib
0x000000000a287000 	/usr/lib/libxar.1.dylib
0x000000000a287000 	/usr/lib/libpam.2.dylib
0x000000000a287000 	/usr/lib/libOpenScriptingUtil.dylib
0x000000000a287000 	/System/Library/Frameworks/CoreServices.framework/Versions/A/Frameworks/FSEvents.framework/Versions/A/FSEvents
0x000000000a287000 	/System/Library/Frameworks/CoreServices.framework/Versions/A/Frameworks/CarbonCore.framework/Versions/A/CarbonCore
0x000000000a287000 	/System/Library/Frameworks/CoreServices.framework/Versions/A/Frameworks/Metadata.framework/Versions/A/Metadata
0x000000000a287000 	/System/Library/Frameworks/CoreServices.framework/Versions/A/Frameworks/OSServices.framework/Versions/A/OSServices
0x000000000a287000 	/System/Library/Frameworks/CoreServices.framework/Versions/A/Frameworks/SearchKit.framework/Versions/A/SearchKit
0x000000000a287000 	/System/Library/Frameworks/CoreServices.framework/Versions/A/Frameworks/AE.framework/Versions/A/AE
0x000000000a287000 	/System/Library/Frameworks/CoreServices.framework/Versions/A/Frameworks/LaunchServices.framework/Versions/A/LaunchServices
0x000000000a287000 	/System/Library/Frameworks/CoreServices.framework/Versions/A/Frameworks/DictionaryServices.framework/Versions/A/DictionaryServices
0x000000000a287000 	/System/Library/Frameworks/NetFS.framework/Versions/A/NetFS
0x000000000a287000 	/System/Library/PrivateFrameworks/NetAuth.framework/Versions/A/NetAuth
0x000000000a287000 	/System/Library/PrivateFrameworks/login.framework/Versions/A/Frameworks/loginsupport.framework/Versions/A/loginsupport
0x000000000a287000 	/System/Library/PrivateFrameworks/TCC.framework/Versions/A/TCC
0x000000000a287000 	/usr/lib/libmecabra.dylib
0x000000000a287000 	/System/Library/Frameworks/ApplicationServices.framework/Versions/A/Frameworks/ATS.framework/Versions/A/ATS
0x000000000a287000 	/System/Library/Frameworks/ApplicationServices.framework/Versions/A/Frameworks/ColorSync.framework/Versions/A/ColorSync
0x000000000a287000 	/System/Library/Frameworks/ApplicationServices.framework/Versions/A/Frameworks/HIServices.framework/Versions/A/HIServices
0x000000000a287000 	/System/Library/Frameworks/ApplicationServices.framework/Versions/A/Frameworks/LangAnalysis.framework/Versions/A/LangAnalysis
0x000000000a287000 	/System/Library/Frameworks/ApplicationServices.framework/Versions/A/Frameworks/PrintCore.framework/Versions/A/PrintCore
0x000000000a287000 	/System/Library/Frameworks/ApplicationServices.framework/Versions/A/Frameworks/QD.framework/Versions/A/QD
0x000000000a287000 	/System/Library/Frameworks/ApplicationServices.framework/Versions/A/Frameworks/SpeechSynthesis.framework/Versions/A/SpeechSynthesis
0x000000000a287000 	/System/Library/Frameworks/Accelerate.framework/Versions/A/Accelerate
0x000000000a287000 	/System/Library/Frameworks/Accelerate.framework/Versions/A/Frameworks/vImage.framework/Versions/A/vImage
0x000000000a287000 	/System/Library/Frameworks/Accelerate.framework/Versions/A/Frameworks/vecLib.framework/Versions/A/vecLib
0x000000000a287000 	/System/Library/Frameworks/Accelerate.framework/Versions/A/Frameworks/vecLib.framework/Versions/A/libvDSP.dylib
0x000000000a287000 	/System/Library/Frameworks/Accelerate.framework/Versions/A/Frameworks/vecLib.framework/Versions/A/libvMisc.dylib
0x000000000a287000 	/System/Library/Frameworks/Accelerate.framework/Versions/A/Frameworks/vecLib.framework/Versions/A/libLAPACK.dylib
0x000000000a287000 	/System/Library/Frameworks/Accelerate.framework/Versions/A/Frameworks/vecLib.framework/Versions/A/libBLAS.dylib
0x000000000a287000 	/System/Library/Frameworks/Accelerate.framework/Versions/A/Frameworks/vecLib.framework/Versions/A/libLinearAlgebra.dylib
0x000000000a287000 	/System/Library/Frameworks/ApplicationServices.framework/Versions/A/Frameworks/ATS.framework/Versions/A/Resources/libFontParser.dylib
0x000000000a287000 	/System/Library/Frameworks/ApplicationServices.framework/Versions/A/Frameworks/ATS.framework/Versions/A/Resources/libFontRegistry.dylib
0x000000000a287000 	/System/Library/PrivateFrameworks/AppleVPA.framework/Versions/A/AppleVPA
0x000000000a287000 	/System/Library/PrivateFrameworks/AppleJPEG.framework/Versions/A/AppleJPEG
0x000000000a287000 	/System/Library/Frameworks/ImageIO.framework/Versions/A/Resources/libJPEG.dylib
0x000000000a287000 	/System/Library/Frameworks/ImageIO.framework/Versions/A/Resources/libTIFF.dylib
0x000000000a287000 	/System/Library/Frameworks/ImageIO.framework/Versions/A/Resources/libPng.dylib
0x000000000a287000 	/System/Library/Frameworks/ImageIO.framework/Versions/A/Resources/libGIF.dylib
0x000000000a287000 	/System/Library/Frameworks/ImageIO.framework/Versions/A/Resources/libJP2.dylib
0x000000000a287000 	/System/Library/Frameworks/ImageIO.framework/Versions/A/Resources/libRadiance.dylib
0x000000000a287000 	/System/Library/Frameworks/CoreVideo.framework/Versions/A/CoreVideo
0x000000000a287000 	/System/Library/Frameworks/OpenGL.framework/Versions/A/Libraries/libGLU.dylib
0x000000000a287000 	/System/Library/Frameworks/OpenGL.framework/Versions/A/Libraries/libGFXShared.dylib
0x000000000a287000 	/System/Library/Frameworks/OpenGL.framework/Versions/A/Libraries/libGL.dylib
0x000000000a287000 	/System/Library/Frameworks/OpenGL.framework/Versions/A/Libraries/libGLImage.dylib
0x000000000a287000 	/System/Library/Frameworks/OpenGL.framework/Versions/A/Libraries/libCVMSPluginSupport.dylib
0x000000000a287000 	/System/Library/Frameworks/OpenGL.framework/Versions/A/Libraries/libCoreVMClient.dylib
0x000000000a287000 	/usr/lib/libcups.2.dylib
0x000000000a287000 	/System/Library/Frameworks/Kerberos.framework/Versions/A/Kerberos
0x000000000a287000 	/System/Library/Frameworks/GSS.framework/Versions/A/GSS
0x000000000a287000 	/usr/lib/libresolv.9.dylib
0x000000000a287000 	/usr/lib/libiconv.2.dylib
0x000000000a287000 	/System/Library/PrivateFrameworks/Heimdal.framework/Versions/A/Heimdal
0x000000000a287000 	/usr/lib/libheimdal-asn1.dylib
0x000000000a287000 	/System/Library/Frameworks/OpenDirectory.framework/Versions/A/OpenDirectory
0x000000000a287000 	/System/Library/PrivateFrameworks/CommonAuth.framework/Versions/A/CommonAuth
0x000000000a287000 	/System/Library/Frameworks/OpenDirectory.framework/Versions/A/Frameworks/CFOpenDirectory.framework/Versions/A/CFOpenDirectory
0x000000000a287000 	/System/Library/Frameworks/SecurityFoundation.framework/Versions/A/SecurityFoundation
0x000000000a287000 	/System/Library/PrivateFrameworks/LanguageModeling.framework/Versions/A/LanguageModeling
0x000000000a287000 	/usr/lib/libcmph.dylib
0x000000000a287000 	/System/Library/Frameworks/ServiceManagement.framework/Versions/A/ServiceManagement
0x000000000a287000 	/usr/lib/libxslt.1.dylib
0x000000000a287000 	/System/Library/Frameworks/Carbon.framework/Versions/A/Frameworks/Ink.framework/Versions/A/Ink
0x000000000a287000 	/System/Library/Frameworks/QuartzCore.framework/Versions/A/Frameworks/CoreImage.framework/Versions/A/CoreImage
0x000000000a287000 	/System/Library/PrivateFrameworks/CrashReporterSupport.framework/Versions/A/CrashReporterSupport
0x000000000a287000 	/System/Library/Frameworks/OpenCL.framework/Versions/A/OpenCL
0x000000000a287000 	/System/Library/PrivateFrameworks/FaceCore.framework/Versions/A/FaceCore
0x000000000a287000 	/System/Library/PrivateFrameworks/Ubiquity.framework/Versions/A/Ubiquity
0x000000000a287000 	/System/Library/PrivateFrameworks/IconServices.framework/Versions/A/IconServices
0x000000000a287000 	/System/Library/PrivateFrameworks/ChunkingLibrary.framework/Versions/A/ChunkingLibrary
0x000000000a287000 	/System/Library/PrivateFrameworks/Apple80211.framework/Versions/A/Apple80211
0x000000000a287000 	/System/Library/Frameworks/CoreWLAN.framework/Versions/A/CoreWLAN
0x000000000a287000 	/System/Library/Frameworks/IOBluetooth.framework/Versions/A/IOBluetooth
0x000000000a287000 	/System/Library/PrivateFrameworks/CoreWiFi.framework/Versions/A/CoreWiFi
0x000000000a287000 	/System/Library/Frameworks/CoreBluetooth.framework/Versions/A/CoreBluetooth
0x000000000a287000 	/System/Library/PrivateFrameworks/DebugSymbols.framework/Versions/A/DebugSymbols
0x000000000a287000 	/System/Library/PrivateFrameworks/CoreSymbolication.framework/Versions/A/CoreSymbolication
0x000000000a287000 	/System/Library/PrivateFrameworks/Symbolication.framework/Versions/A/Symbolication
0x000000000a287000 	/System/Library/PrivateFrameworks/SpeechRecognitionCore.framework/Versions/A/SpeechRecognitionCore
0x000000010ba86000 	/Library/Java/JavaVirtualMachines/jdk1.8.0_25.jdk/Contents/Home/jre/lib/server/libjvm.dylib
0x000000000a287000 	/usr/lib/libstdc++.6.dylib
0x000000010c9b9000 	/Library/Java/JavaVirtualMachines/jdk1.8.0_25.jdk/Contents/Home/jre/lib/libverify.dylib
0x000000010c9c7000 	/Library/Java/JavaVirtualMachines/jdk1.8.0_25.jdk/Contents/Home/jre/lib/libjava.dylib
0x000000010d30b000 	/Library/Java/JavaVirtualMachines/jdk1.8.0_25.jdk/Contents/Home/jre/lib/libzip.dylib
0x0000000120e1f000 	/System/Library/Frameworks/JavaVM.framework/Frameworks/JavaRuntimeSupport.framework/JavaRuntimeSupport
0x0000000120e3a000 	/System/Library/Frameworks/JavaVM.framework/Versions/A/Frameworks/JavaNativeFoundation.framework/Versions/A/JavaNativeFoundation
0x0000000120e4f000 	/System/Library/Frameworks/JavaVM.framework/Versions/A/JavaVM
0x000000000a287000 	/System/Library/Frameworks/Carbon.framework/Versions/A/Carbon
0x0000000120e5c000 	/System/Library/PrivateFrameworks/JavaLaunching.framework/Versions/A/JavaLaunching
0x000000000a287000 	/System/Library/Frameworks/Carbon.framework/Versions/A/Frameworks/CommonPanels.framework/Versions/A/CommonPanels
0x000000000a287000 	/System/Library/Frameworks/Carbon.framework/Versions/A/Frameworks/Help.framework/Versions/A/Help
0x000000000a287000 	/System/Library/Frameworks/Carbon.framework/Versions/A/Frameworks/ImageCapture.framework/Versions/A/ImageCapture
0x000000000a287000 	/System/Library/Frameworks/Carbon.framework/Versions/A/Frameworks/OpenScripting.framework/Versions/A/OpenScripting
0x000000000a287000 	/System/Library/Frameworks/Carbon.framework/Versions/A/Frameworks/Print.framework/Versions/A/Print
0x000000000a287000 	/System/Library/Frameworks/Carbon.framework/Versions/A/Frameworks/SecurityHI.framework/Versions/A/SecurityHI
0x0000000122e44000 	/Library/Java/JavaVirtualMachines/jdk1.8.0_25.jdk/Contents/Home/jre/lib/libprism_es2.dylib
0x000000000a287000 	/System/Library/Frameworks/OpenGL.framework/Versions/A/Resources/GLEngine.bundle/GLEngine
0x000000000a287000 	/System/Library/Frameworks/OpenGL.framework/Versions/A/Libraries/libGLProgrammability.dylib
0x0000000000000000 	/System/Library/Extensions/AppleIntelHD5000GraphicsGLDriver.bundle/Contents/MacOS/AppleIntelHD5000GraphicsGLDriver
0x000000000a287000 	/System/Library/PrivateFrameworks/IOAccelerator.framework/Versions/A/IOAccelerator
0x000000000a287000 	/System/Library/PrivateFrameworks/GPUSupport.framework/Versions/A/Libraries/libGPUSupportMercury.dylib
0x000000000a287000 	/System/Library/Frameworks/OpenGL.framework/Versions/A/Resources/GLRendererFloat.bundle/GLRendererFloat
0x000000000a287000 	/System/Library/Frameworks/OpenCL.framework/Versions/A/Libraries/libcldcpuengine.dylib
0x000000000a287000 	/System/Library/PrivateFrameworks/DiskImages.framework/Versions/A/DiskImages
0x000000000a287000 	/System/Library/Frameworks/DiscRecording.framework/Versions/A/DiscRecording
0x000000000a287000 	/usr/lib/libcsfde.dylib
0x000000000a287000 	/usr/lib/libcurl.4.dylib
0x000000000a287000 	/System/Library/PrivateFrameworks/MediaKit.framework/Versions/A/MediaKit
0x000000000a287000 	/System/Library/PrivateFrameworks/ProtectedCloudStorage.framework/Versions/A/ProtectedCloudStorage
0x000000000a287000 	/usr/lib/libCoreStorage.dylib
0x000000000a287000 	/System/Library/PrivateFrameworks/EFILogin.framework/Versions/A/EFILogin
0x000000000a287000 	/usr/lib/libutil.dylib
0x000000000a287000 	/System/Library/PrivateFrameworks/FindMyDevice.framework/Versions/A/FindMyDevice
0x000000000a287000 	/System/Library/Frameworks/LDAP.framework/Versions/A/LDAP
0x000000000a287000 	/usr/lib/libsasl2.2.dylib
0x000000000a287000 	/System/Library/PrivateFrameworks/CoreDaemon.framework/Versions/B/CoreDaemon
0x000000000a287000 	/usr/lib/libcrypto.0.9.8.dylib
0x000000000a287000 	/System/Library/PrivateFrameworks/AppleSRP.framework/Versions/A/AppleSRP
0x000000000a287000 	/System/Library/PrivateFrameworks/TrustEvaluationAgent.framework/Versions/A/TrustEvaluationAgent
0x00000001232f1000 	/Library/Java/JavaVirtualMachines/jdk1.8.0_25.jdk/Contents/Home/jre/lib/libglass.dylib
0x000000000a287000 	/System/Library/PrivateFrameworks/CoreServicesInternal.framework/Versions/A/CoreServicesInternal
0x000000000a287000 	/System/Library/PrivateFrameworks/CloudDocs.framework/Versions/A/CloudDocs
0x000000000a287000 	/System/Library/PrivateFrameworks/CoreDuet.framework/Versions/A/CoreDuet
0x000000000a287000 	/System/Library/Frameworks/CloudKit.framework/Versions/A/CloudKit
0x000000000a287000 	/System/Library/PrivateFrameworks/ProtocolBuffer.framework/Versions/A/ProtocolBuffer
0x000000000a287000 	/System/Library/PrivateFrameworks/CoreDuetDaemonProtocol.framework/Versions/A/CoreDuetDaemonProtocol
0x000000000a287000 	/System/Library/PrivateFrameworks/CoreDuetDebugLogging.framework/Versions/A/CoreDuetDebugLogging
0x000000000a287000 	/System/Library/Frameworks/CoreLocation.framework/Versions/A/CoreLocation
0x000000000a287000 	/System/Library/Frameworks/Accounts.framework/Versions/A/Accounts
0x000000000a287000 	/System/Library/PrivateFrameworks/ApplePushService.framework/Versions/A/ApplePushService
0x000000000a287000 	/System/Library/PrivateFrameworks/GeoServices.framework/Versions/A/GeoServices
0x000000000a287000 	/System/Library/PrivateFrameworks/OAuth.framework/Versions/A/OAuth
0x000000000a287000 	/System/Library/Frameworks/CoreGraphics.framework/Versions/A/Resources/libCGCMS.A.dylib
0x000000000a287000 	/System/Library/CoreServices/RawCamera.bundle/Contents/MacOS/RawCamera
0x000000000a287000 	/System/Library/Frameworks/CoreGraphics.framework/Versions/A/Resources/libRIP.A.dylib
0x000000000a287000 	/System/Library/PrivateFrameworks/FamilyControls.framework/Versions/A/FamilyControls
0x000000000a287000 	/System/Library/PrivateFrameworks/CommerceKit.framework/Versions/A/Frameworks/CommerceCore.framework/Versions/A/CommerceCore
0x000000000a287000 	/System/Library/PrivateFrameworks/SystemAdministration.framework/Versions/A/SystemAdministration
0x000000000a287000 	/System/Library/PrivateFrameworks/AppContainer.framework/Versions/A/AppContainer
0x000000000a287000 	/System/Library/PrivateFrameworks/SecCodeWrapper.framework/Versions/A/SecCodeWrapper
0x000000000a287000 	/System/Library/Frameworks/DirectoryService.framework/Versions/A/DirectoryService
0x000000000a287000 	/System/Library/PrivateFrameworks/LoginUIKit.framework/Versions/A/Frameworks/LoginUICore.framework/Versions/A/LoginUICore
0x000000000a287000 	/usr/lib/libodfde.dylib
0x00000001268cf000 	/Library/Java/JavaVirtualMachines/jdk1.8.0_25.jdk/Contents/Home/jre/lib/libjavafx_font.dylib
0x000000000a287000 	/System/Library/Frameworks/CoreGraphics.framework/Versions/A/Resources/libCGXType.A.dylib
0x0000000129a31000 	cl_kernels
0x0000000129a33000 	/System/Library/Frameworks/OpenCL.framework/Versions/A/Libraries/ImageFormats/unorm8_bgra.dylib
0x0000000129a1d000 	cl_kernels
0x000000012a37a000 	/Library/Java/JavaVirtualMachines/jdk1.8.0_25.jdk/Contents/Home/jre/lib/libprism_common.dylib

VM Arguments:
jvm_args: -Dfile.encoding=UTF-8 
java_command: Main
java_class_path (initial): /Users/vcheng/Documents/workspace/slogo_team08/bin
Launcher Type: SUN_STANDARD

Environment Variables:
PATH=/usr/bin:/bin:/usr/sbin:/sbin
SHELL=/bin/bash
DISPLAY=/private/tmp/com.apple.launchd.0fxOrwM1SD/org.macosforge.xquartz:0

Signal Handlers:
SIGSEGV: [libjvm.dylib+0x579dc7], sa_mask[0]=11111111011111110111111111111111, sa_flags=SA_ONSTACK|SA_RESTART|SA_SIGINFO
SIGBUS: [libjvm.dylib+0x579dc7], sa_mask[0]=11111111011111110111111111111111, sa_flags=SA_RESTART|SA_SIGINFO
SIGFPE: [libjvm.dylib+0x45b030], sa_mask[0]=11111111011111110111111111111111, sa_flags=SA_RESTART|SA_SIGINFO
SIGPIPE: [libjvm.dylib+0x45b030], sa_mask[0]=11111111011111110111111111111111, sa_flags=SA_RESTART|SA_SIGINFO
SIGXFSZ: [libjvm.dylib+0x45b030], sa_mask[0]=11111111011111110111111111111111, sa_flags=SA_RESTART|SA_SIGINFO
SIGILL: [libjvm.dylib+0x45b030], sa_mask[0]=11111111011111110111111111111111, sa_flags=SA_RESTART|SA_SIGINFO
SIGUSR1: SIG_DFL, sa_mask[0]=00000000000000000000000000000000, sa_flags=none
SIGUSR2: [libjvm.dylib+0x45ab4e], sa_mask[0]=00100000000000000000000000000000, sa_flags=SA_RESTART|SA_SIGINFO
SIGHUP: [libjvm.dylib+0x459121], sa_mask[0]=11111111011111110111111111111111, sa_flags=SA_RESTART|SA_SIGINFO
SIGINT: [libjvm.dylib+0x459121], sa_mask[0]=11111111011111110111111111111111, sa_flags=SA_RESTART|SA_SIGINFO
SIGTERM: [libjvm.dylib+0x459121], sa_mask[0]=11111111011111110111111111111111, sa_flags=SA_RESTART|SA_SIGINFO
SIGQUIT: [libjvm.dylib+0x459121], sa_mask[0]=11111111011111110111111111111111, sa_flags=SA_RESTART|SA_SIGINFO


---------------  S Y S T E M  ---------------

OS:Bsduname:Darwin 14.1.0 Darwin Kernel Version 14.1.0: Mon Dec 22 23:10:38 PST 2014; root:xnu-2782.10.72~2/RELEASE_X86_64 x86_64
rlimit: STACK 8192k, CORE 0k, NPROC 709, NOFILE 10240, AS infinity
load average:2.62 2.49 2.25

CPU:total 4 (2 cores per cpu, 2 threads per core) family 6 model 69 stepping 1, cmov, cx8, fxsr, mmx, sse, sse2, sse3, ssse3, sse4.1, sse4.2, popcnt, avx, avx2, aes, clmul, erms, lzcnt, ht, tsc, tscinvbit, bmi1, bmi2

Memory: 4k page, physical 4194304k(70404k free)

/proc/meminfo:


vm_info: Java HotSpot(TM) 64-Bit Server VM (25.25-b02) for bsd-amd64 JRE (1.8.0_25-b17), built on Sep 17 2014 16:56:50 by "java_re" with gcc 4.2.1 (Based on Apple Inc. build 5658) (LLVM build 2336.11.00)

time: Tue Mar  1 19:50:58 2016
elapsed time: 438 seconds (0d 0h 7m 18s)

