#
# A fatal error has been detected by the Java Runtime Environment:
#
#  SIGSEGV (0xb) at pc=0x00000001a401e3fd, pid=2387, tid=1811
#
# JRE version: Java(TM) SE Runtime Environment (8.0_25-b17) (build 1.8.0_25-b17)
# Java VM: Java HotSpot(TM) 64-Bit Server VM (25.25-b02 mixed mode bsd-amd64 compressed oops)
# Problematic frame:
# C  [libglass.dylib+0x163fd]  GlassScreenDidChangeScreenParameters+0x9d
#
# Failed to write core dump. Core dumps have been disabled. To enable core dumping, try "ulimit -c unlimited" before starting Java again
#
# If you would like to submit a bug report, please visit:
#   http://bugreport.sun.com/bugreport/crash.jsp
#

---------------  T H R E A D  ---------------

Current thread is native thread

siginfo: si_signo: 11 (SIGSEGV), si_code: 1 (SEGV_MAPERR), si_addr: 0x0000000000000000

Registers:
RAX=0x00000001a4050e40, RBX=0x0000000000000000, RCX=0xa2005e90af332266, RDX=0x00007fe4bbf21fa0
RSP=0x00007fff5375e120, RBP=0x00007fff5375e130, RSI=0x00007fe4bbf04bc8, RDI=0x0000000000000000
R8 =0x00007fff5375dfd0, R9 =0x00007fff71708300, R10=0x0000000000000000, R11=0x0000000000000246
R12=0x00007fe4bbd1e090, R13=0x00000000000f4268, R14=0x00007fe4bbd6ec00, R15=0x00007fff5375e270
RIP=0x00000001a401e3fd, EFLAGS=0x0000000000010206, ERR=0x0000000000000004
  TRAPNO=0x000000000000000e

Top of Stack: (sp=0x00007fff5375e120)
0x00007fff5375e120:   00007fff5375e300 00007fe4bbd6ec00
0x00007fff5375e130:   00007fff5375e140 00007fff87f43cdc
0x00007fff5375e140:   00007fff5375e4a0 00007fff87e35244
0x00007fff5375e150:   00007fff5375e1a0 0000000000001400
0x00007fff5375e160:   00007fff71df1cf0 00007fe4c3f89e20
0x00007fff5375e170:   0000000000001002 0000000000000900
0x00007fff5375e180:   00007fe4c3f89e20 00007fe4bbd6ec00
0x00007fff5375e190:   0000000000000000 00007fff5375e270
0x00007fff5375e1a0:   0000000000000000 00007fe4bbd6ebc0
0x00007fff5375e1b0:   00007fff5375e2f0 0000000000000060
0x00007fff5375e1c0:   00000000000f431a 00007fe4bbe2afa0
0x00007fff5375e1d0:   00007fe4bbe74160 00007fe4bbd1e090
0x00007fff5375e1e0:   0000000000000001 00000000000f4268
0x00007fff5375e1f0:   00007fe4bbd1e080 00007fff8e455acb
0x00007fff5375e200:   0000000000000001 0000000000000001
0x00007fff5375e210:   0000000000000030 0000000000000001
0x00007fff5375e220:   00007fff5375e240 00007fff8e45b231
0x00007fff5375e230:   00007fff71defdd0 0000000000000000
0x00007fff5375e240:   00007fff5375e260 0000000000000021
0x00007fff5375e250:   00042f0300008000 00007fe4bbd1e0b4
0x00007fff5375e260:   0000000000000000 00007fff87e2ad1f
0x00007fff5375e270:   00007fe4bbd6ec00 00007fff71defdd0
0x00007fff5375e280:   00007fff5375e300 00007fff87e3384f
0x00007fff5375e290:   00007fff5375e30c 00007fff5375e310
0x00007fff5375e2a0:   000000010c4bca00 0000000000000002
0x00007fff5375e2b0:   000000010c4b9000 00007fe4bbe0c092
0x00007fff5375e2c0:   0000000000000003 000000010c4bde00
0x00007fff5375e2d0:   00007fff5375e3c0 00007fff8e4542a2
0x00007fff5375e2e0:   00007fe4bbd59f40 00007fff5375e4a8
0x00007fff5375e2f0:   0000000000000017 0000000000000000
0x00007fff5375e300:   00000000000f4268 00007fff87e2b013
0x00007fff5375e310:   00007fff00000000 00007fe4bbe78a30 

Instructions: (pc=0x00000001a401e3fd)
0x00000001a401e3dd:   89 df 4c 89 f1 41 ff 90 68 04 00 00 48 8d 05 58
0x00000001a401e3ed:   29 03 00 48 8b 30 48 8d 05 46 2a 03 00 48 8b 10
0x00000001a401e3fd:   48 8b 0b 30 c0 48 89 df ff 91 68 04 00 00 48 8b
0x00000001a401e40d:   03 48 89 df ff 50 78 48 85 c0 74 36 49 89 c6 48 

Register to memory mapping:

RAX=0x00000001a4050e40: jScreenNotifySettingsChanged+0 in /Library/Java/JavaVirtualMachines/jdk1.8.0_25.jdk/Contents/Home/jre/lib/libglass.dylib at 0x00000001a4008000
RBX=0x0000000000000000 is an unknown value
RCX=0xa2005e90af332266 is an unknown value
RDX=0x00007fe4bbf21fa0 is an unknown value
RSP=0x00007fff5375e120 is an unknown value
RBP=0x00007fff5375e130 is an unknown value
RSI=0x00007fe4bbf04bc8 is a global jni handle
RDI=0x0000000000000000 is an unknown value
R8 =0x00007fff5375dfd0 is an unknown value
R9 =0x00007fff71708300: _thread+0 in /usr/lib/system/libsystem_pthread.dylib at 0x00007fff85766000
R10=0x0000000000000000 is an unknown value
R11=0x0000000000000246 is an unknown value
R12=0x00007fe4bbd1e090 is an unknown value
R13=0x00000000000f4268 is an unknown value
R14=0x00007fe4bbd6ec00 is an unknown value
R15=0x00007fff5375e270 is an unknown value


Stack: [0x00007fff52f61000,0x00007fff53761000],  sp=0x00007fff5375e120,  free space=8180k
Native frames: (J=compiled Java code, j=interpreted, Vv=VM code, C=native code)
C  [libglass.dylib+0x163fd]  GlassScreenDidChangeScreenParameters+0x9d
C  [CoreFoundation+0x11ecdc]  __CFNOTIFICATIONCENTER_IS_CALLING_OUT_TO_AN_OBSERVER__+0xc
C  [CoreFoundation+0x10244]  _CFXNotificationPost+0xc44
C  [Foundation+0x2c31]  -[NSNotificationCenter postNotificationName:object:userInfo:]+0x42
C  [AppKit+0x36305e]  -[NSApplication _reactToScreenInvalidationImmediately:]+0x17b
C  [AppKit+0x362e9d]  __44-[NSApplication _reactToScreenInvalidation:]_block_invoke+0x4b
C  [CoreFoundation+0x8056c]  __CFRUNLOOP_IS_CALLING_OUT_TO_A_BLOCK__+0xc
C  [CoreFoundation+0x72675]  __CFRunLoopDoBlocks+0x155
C  [CoreFoundation+0x721b6]  __CFRunLoopRun+0x716
C  [CoreFoundation+0x71858]  CFRunLoopRunSpecific+0x128
C  [java+0x56cc]  CreateExecutionEnvironment+0x367
C  [java+0x165c]  JLI_Launch+0x7a0
C  [java+0x768a]  main+0x65
C  [java+0xeb4]  start+0x34


---------------  P R O C E S S  ---------------

VM state:not at safepoint (normal execution)

VM Mutex/Monitor currently owned by a thread: None

Heap:
 PSYoungGen      total 35328K, used 35312K [0x0000000147f00000, 0x000000014a400000, 0x000000015d400000)
  eden space 32768K, 100% used [0x0000000147f00000,0x0000000149f00000,0x0000000149f00000)
  from space 2560K, 99% used [0x000000014a180000,0x000000014a3fc030,0x000000014a400000)
  to   space 2560K, 0% used [0x0000000149f00000,0x0000000149f00000,0x000000014a180000)
 ParOldGen       total 44032K, used 1780K [0x000000011d400000, 0x000000011ff00000, 0x0000000147f00000)
  object space 44032K, 4% used [0x000000011d400000,0x000000011d5bd0d0,0x000000011ff00000)
 Metaspace       used 18503K, capacity 19890K, committed 20224K, reserved 1067008K
  class space    used 2755K, capacity 2997K, committed 3072K, reserved 1048576K

Card table byte_map: [0x000000015d400000,0x000000015d601000] byte_map_base: 0x000000015cb16000

Marking Bits: (ParMarkBitMap*) 0x000000010d69d390
 Begin Bits: [0x000000015db63000, 0x000000015eb63000)
 End Bits:   [0x000000015eb63000, 0x000000015fb63000)

Polling page: 0x000000010c5f6000

CodeCache: size=245760Kb used=9789Kb max_used=9790Kb free=235970Kb
 bounds [0x000000010de28000, 0x000000010e7c8000, 0x000000011ce28000]
 total_blobs=3835 nmethods=3185 adapters=563
 compilation: enabled

Compilation events (10 events):
Event: 106.845 Thread 0x00007fe4bc842000 3182       4       com.sun.glass.ui.mac.MacGestureSupport::notifyNextTouchEvent (38 bytes)
Event: 106.874 Thread 0x00007fe4bc842000 nmethod 3182 0x000000010e7b8cd0 code [0x000000010e7b8fa0, 0x000000010e7ba220]
Event: 115.331 Thread 0x00007fe4bc844000 3183       4       com.sun.glass.ui.TouchInputSupport::notifyBeginTouchEvent (209 bytes)
Event: 115.332 Thread 0x00007fe4bc844000 nmethod 3183 0x000000010e7b7210 code [0x000000010e7b7360, 0x000000010e7b7458]
Event: 115.363 Thread 0x00007fe4bc844000 3184       4       com.sun.glass.ui.mac.MacGestureSupport::notifyBeginTouchEvent (11 bytes)
Event: 115.365 Thread 0x00007fe4bc844000 nmethod 3184 0x000000010e7b2510 code [0x000000010e7b2680, 0x000000010e7b2878]
Event: 116.052 Thread 0x00007fe4bc842000 3185       4       com.sun.glass.ui.mac.MacGestureSupport::notifyEndTouchEvent (8 bytes)
Event: 116.059 Thread 0x00007fe4bc842000 nmethod 3185 0x000000010e7b8110 code [0x000000010e7b82c0, 0x000000010e7b8748]
Event: 325.568 Thread 0x00007fe4bc844800 3186   !   3       sun.invoke.util.VerifyAccess::isTypeVisible (101 bytes)
Event: 325.572 Thread 0x00007fe4bc844800 nmethod 3186 0x000000010e7bc150 code [0x000000010e7bc480, 0x000000010e7be058]

GC Heap History (4 events):
Event: 0.754 GC heap before
{Heap before GC invocations=1 (full 0):
 PSYoungGen      total 18944K, used 16384K [0x0000000147f00000, 0x0000000149400000, 0x000000015d400000)
  eden space 16384K, 100% used [0x0000000147f00000,0x0000000148f00000,0x0000000148f00000)
  from space 2560K, 0% used [0x0000000149180000,0x0000000149180000,0x0000000149400000)
  to   space 2560K, 0% used [0x0000000148f00000,0x0000000148f00000,0x0000000149180000)
 ParOldGen       total 44032K, used 0K [0x000000011d400000, 0x000000011ff00000, 0x0000000147f00000)
  object space 44032K, 0% used [0x000000011d400000,0x000000011d400000,0x000000011ff00000)
 Metaspace       used 8930K, capacity 9486K, committed 9600K, reserved 1056768K
  class space    used 1203K, capacity 1336K, committed 1408K, reserved 1048576K
Event: 0.778 GC heap after
Heap after GC invocations=1 (full 0):
 PSYoungGen      total 18944K, used 2528K [0x0000000147f00000, 0x000000014a400000, 0x000000015d400000)
  eden space 16384K, 0% used [0x0000000147f00000,0x0000000147f00000,0x0000000148f00000)
  from space 2560K, 98% used [0x0000000148f00000,0x0000000149178020,0x0000000149180000)
  to   space 2560K, 0% used [0x000000014a180000,0x000000014a180000,0x000000014a400000)
 ParOldGen       total 44032K, used 32K [0x000000011d400000, 0x000000011ff00000, 0x0000000147f00000)
  object space 44032K, 0% used [0x000000011d400000,0x000000011d408000,0x000000011ff00000)
 Metaspace       used 8930K, capacity 9486K, committed 9600K, reserved 1056768K
  class space    used 1203K, capacity 1336K, committed 1408K, reserved 1048576K
}
Event: 1.594 GC heap before
{Heap before GC invocations=2 (full 0):
 PSYoungGen      total 18944K, used 18912K [0x0000000147f00000, 0x000000014a400000, 0x000000015d400000)
  eden space 16384K, 100% used [0x0000000147f00000,0x0000000148f00000,0x0000000148f00000)
  from space 2560K, 98% used [0x0000000148f00000,0x0000000149178020,0x0000000149180000)
  to   space 2560K, 0% used [0x000000014a180000,0x000000014a180000,0x000000014a400000)
 ParOldGen       total 44032K, used 32K [0x000000011d400000, 0x000000011ff00000, 0x0000000147f00000)
  object space 44032K, 0% used [0x000000011d400000,0x000000011d408000,0x000000011ff00000)
 Metaspace       used 14716K, capacity 15630K, committed 15872K, reserved 1062912K
  class space    used 2341K, capacity 2512K, committed 2560K, reserved 1048576K
Event: 1.603 GC heap after
Heap after GC invocations=2 (full 0):
 PSYoungGen      total 35328K, used 2544K [0x0000000147f00000, 0x000000014a400000, 0x000000015d400000)
  eden space 32768K, 0% used [0x0000000147f00000,0x0000000147f00000,0x0000000149f00000)
  from space 2560K, 99% used [0x000000014a180000,0x000000014a3fc030,0x000000014a400000)
  to   space 2560K, 0% used [0x0000000149f00000,0x0000000149f00000,0x000000014a180000)
 ParOldGen       total 44032K, used 1780K [0x000000011d400000, 0x000000011ff00000, 0x0000000147f00000)
  object space 44032K, 4% used [0x000000011d400000,0x000000011d5bd0d0,0x000000011ff00000)
 Metaspace       used 14716K, capacity 15630K, committed 15872K, reserved 1062912K
  class space    used 2341K, capacity 2512K, committed 2560K, reserved 1048576K
}

Deoptimization events (10 events):
Event: 1.924 Thread 0x00007fe4bd80d000 Uncommon trap: reason=array_check action=maybe_recompile pc=0x000000010e33bcec method=com.sun.javafx.css.CompoundSelector.applies(Ljavafx/css/Styleable;[Ljava/util/Set;I)Z @ 128
Event: 2.187 Thread 0x00007fe4bd80d000 Uncommon trap: reason=class_check action=maybe_recompile pc=0x000000010e3780a4 method=javafx.scene.Node.transformedBoundsChanged()V @ 28
Event: 2.187 Thread 0x00007fe4bd80d000 Uncommon trap: reason=class_check action=maybe_recompile pc=0x000000010e3780a4 method=javafx.scene.Node.transformedBoundsChanged()V @ 28
Event: 2.187 Thread 0x00007fe4bd80d000 Uncommon trap: reason=class_check action=maybe_recompile pc=0x000000010e3780a4 method=javafx.scene.Node.transformedBoundsChanged()V @ 28
Event: 2.187 Thread 0x00007fe4bd80d000 Uncommon trap: reason=class_check action=maybe_recompile pc=0x000000010e3780a4 method=javafx.scene.Node.transformedBoundsChanged()V @ 28
Event: 13.968 Thread 0x00007fe4bd80d000 Uncommon trap: reason=unreached action=reinterpret pc=0x000000010e4b3e2c method=javafx.scene.Parent.setChildDirty(Ljavafx/scene/Node;Z)V @ 22
Event: 14.022 Thread 0x00007fe4bd80d000 Uncommon trap: reason=class_check action=maybe_recompile pc=0x000000010e56efc0 method=javafx.scene.Node.updateLocalToParentTransform()V @ 11
Event: 14.022 Thread 0x00007fe4bd80d000 Uncommon trap: reason=class_check action=maybe_recompile pc=0x000000010e56efc0 method=javafx.scene.Node.updateLocalToParentTransform()V @ 11
Event: 14.022 Thread 0x00007fe4bd80d000 Uncommon trap: reason=class_check action=maybe_recompile pc=0x000000010e56efc0 method=javafx.scene.Node.updateLocalToParentTransform()V @ 11
Event: 14.022 Thread 0x00007fe4bd80d000 Uncommon trap: reason=class_check action=maybe_recompile pc=0x000000010e56efc0 method=javafx.scene.Node.updateLocalToParentTransform()V @ 11

Internal exceptions (10 events):
Event: 1.912 Thread 0x00007fe4bd80d000 Implicit null exception at 0x000000010e2a6977 to 0x000000010e2a6ff1
Event: 1.924 Thread 0x00007fe4bd80d000 Implicit null exception at 0x000000010e250f50 to 0x000000010e2514b1
Event: 3.541 Thread 0x00007fe4bd80d000 Exception <a 'java/security/PrivilegedActionException'> (0x0000000148d9b190) thrown at [/HUDSON3/workspace/8-2-build-macosx-x86_64/jdk8u25/1514/hotspot/src/share/vm/prims/jvm.cpp, line 1312]
Event: 3.542 Thread 0x00007fe4bd80d000 Exception <a 'java/security/PrivilegedActionException'> (0x0000000148d9c5c0) thrown at [/HUDSON3/workspace/8-2-build-macosx-x86_64/jdk8u25/1514/hotspot/src/share/vm/prims/jvm.cpp, line 1312]
Event: 3.542 Thread 0x00007fe4bd80d000 Exception <a 'java/security/PrivilegedActionException'> (0x0000000148da13c0) thrown at [/HUDSON3/workspace/8-2-build-macosx-x86_64/jdk8u25/1514/hotspot/src/share/vm/prims/jvm.cpp, line 1312]
Event: 3.542 Thread 0x00007fe4bd80d000 Exception <a 'java/security/PrivilegedActionException'> (0x0000000148da2840) thrown at [/HUDSON3/workspace/8-2-build-macosx-x86_64/jdk8u25/1514/hotspot/src/share/vm/prims/jvm.cpp, line 1312]
Event: 13.930 Thread 0x00007fe4bd80d000 Exception <a 'java/security/PrivilegedActionException'> (0x0000000149152148) thrown at [/HUDSON3/workspace/8-2-build-macosx-x86_64/jdk8u25/1514/hotspot/src/share/vm/prims/jvm.cpp, line 1312]
Event: 13.933 Thread 0x00007fe4bd80d000 Exception <a 'java/security/PrivilegedActionException'> (0x0000000149171c60) thrown at [/HUDSON3/workspace/8-2-build-macosx-x86_64/jdk8u25/1514/hotspot/src/share/vm/prims/jvm.cpp, line 1312]
Event: 16.304 Thread 0x00007fe4bd80d000 Exception <a 'java/security/PrivilegedActionException'> (0x00000001495727d8) thrown at [/HUDSON3/workspace/8-2-build-macosx-x86_64/jdk8u25/1514/hotspot/src/share/vm/prims/jvm.cpp, line 1312]
Event: 16.312 Thread 0x00007fe4bd80d000 Exception <a 'java/lang/Error'> (0x0000000149574638) thrown at [/HUDSON3/workspace/8-2-build-macosx-x86_64/jdk8u25/1514/hotspot/src/share/vm/prims/jvm.cpp, line 1316]

Events (10 events):
Event: 325.572 loading class com/sun/javafx/tk/quantum/QuantumRenderer done
Event: 325.572 loading class com/sun/javafx/tk/quantum/QuantumToolkit
Event: 325.572 loading class com/sun/javafx/tk/quantum/QuantumToolkit done
Event: 325.573 Thread 0x00007fe4bc146800 Thread exited: 0x00007fe4bc146800
Event: 325.573 Thread 0x00007fe4bd85e000 Thread exited: 0x00007fe4bd85e000
Event: 325.573 Thread 0x00007fe4bc804800 Thread exited: 0x00007fe4bc804800
Event: 325.574 Thread 0x00007fe4bc804800 Thread added: 0x00007fe4bc804800
Event: 325.953 Thread 0x00007fe4bd80d000 Thread exited: 0x00007fe4bd80d000
Event: 325.953 loading class java/util/IdentityHashMap$KeyIterator
Event: 325.953 loading class java/util/IdentityHashMap$IdentityHashMapIterator


Dynamic libraries:
0x0000000000b50000 	/System/Library/Frameworks/Cocoa.framework/Versions/A/Cocoa
0x0000000000b50000 	/System/Library/Frameworks/Security.framework/Versions/A/Security
0x0000000000b50000 	/System/Library/Frameworks/ApplicationServices.framework/Versions/A/ApplicationServices
0x0000000000b50000 	/usr/lib/libz.1.dylib
0x0000000000b50000 	/usr/lib/libSystem.B.dylib
0x0000000000b50000 	/usr/lib/libobjc.A.dylib
0x0000000000b50000 	/System/Library/Frameworks/CoreFoundation.framework/Versions/A/CoreFoundation
0x0000000000b50000 	/System/Library/Frameworks/Foundation.framework/Versions/C/Foundation
0x0000000000b50000 	/System/Library/Frameworks/AppKit.framework/Versions/C/AppKit
0x0000000000b50000 	/System/Library/Frameworks/CoreData.framework/Versions/A/CoreData
0x0000000000b50000 	/System/Library/PrivateFrameworks/RemoteViewServices.framework/Versions/A/RemoteViewServices
0x0000000000b50000 	/System/Library/PrivateFrameworks/UIFoundation.framework/Versions/A/UIFoundation
0x0000000000b50000 	/System/Library/Frameworks/IOSurface.framework/Versions/A/IOSurface
0x0000000000b50000 	/System/Library/Frameworks/AudioToolbox.framework/Versions/A/AudioToolbox
0x0000000000b50000 	/System/Library/Frameworks/AudioUnit.framework/Versions/A/AudioUnit
0x0000000000b50000 	/System/Library/PrivateFrameworks/DataDetectorsCore.framework/Versions/A/DataDetectorsCore
0x0000000000b50000 	/System/Library/PrivateFrameworks/DesktopServicesPriv.framework/Versions/A/DesktopServicesPriv
0x0000000000b50000 	/System/Library/Frameworks/Carbon.framework/Versions/A/Frameworks/HIToolbox.framework/Versions/A/HIToolbox
0x0000000000b50000 	/System/Library/Frameworks/QuartzCore.framework/Versions/A/QuartzCore
0x0000000000b50000 	/System/Library/Frameworks/Carbon.framework/Versions/A/Frameworks/SpeechRecognition.framework/Versions/A/SpeechRecognition
0x0000000000b50000 	/usr/lib/libauto.dylib
0x0000000000b50000 	/usr/lib/libicucore.A.dylib
0x0000000000b50000 	/usr/lib/libxml2.2.dylib
0x0000000000b50000 	/System/Library/PrivateFrameworks/CoreUI.framework/Versions/A/CoreUI
0x0000000000b50000 	/System/Library/Frameworks/CoreAudio.framework/Versions/A/CoreAudio
0x0000000000b50000 	/System/Library/Frameworks/DiskArbitration.framework/Versions/A/DiskArbitration
0x0000000000b50000 	/usr/lib/liblangid.dylib
0x0000000000b50000 	/System/Library/PrivateFrameworks/MultitouchSupport.framework/Versions/A/MultitouchSupport
0x0000000000b50000 	/System/Library/Frameworks/IOKit.framework/Versions/A/IOKit
0x0000000000b50000 	/usr/lib/libDiagnosticMessagesClient.dylib
0x0000000000b50000 	/System/Library/Frameworks/CoreServices.framework/Versions/A/CoreServices
0x0000000000b50000 	/System/Library/PrivateFrameworks/PerformanceAnalysis.framework/Versions/A/PerformanceAnalysis
0x0000000000b50000 	/System/Library/PrivateFrameworks/GenerationalStorage.framework/Versions/A/GenerationalStorage
0x0000000000b50000 	/System/Library/Frameworks/OpenGL.framework/Versions/A/OpenGL
0x0000000000b50000 	/System/Library/PrivateFrameworks/Sharing.framework/Versions/A/Sharing
0x0000000000b50000 	/System/Library/Frameworks/CoreGraphics.framework/Versions/A/CoreGraphics
0x0000000000b50000 	/System/Library/Frameworks/CoreText.framework/Versions/A/CoreText
0x0000000000b50000 	/System/Library/Frameworks/ImageIO.framework/Versions/A/ImageIO
0x0000000000b50000 	/usr/lib/libextension.dylib
0x0000000000b50000 	/System/Library/PrivateFrameworks/Backup.framework/Versions/A/Backup
0x0000000000b50000 	/usr/lib/libarchive.2.dylib
0x0000000000b50000 	/System/Library/Frameworks/CFNetwork.framework/Versions/A/CFNetwork
0x0000000000b50000 	/System/Library/Frameworks/SystemConfiguration.framework/Versions/A/SystemConfiguration
0x0000000000b50000 	/usr/lib/libCRFSuite.dylib
0x0000000000b50000 	/usr/lib/libc++.1.dylib
0x0000000000b50000 	/usr/lib/libc++abi.dylib
0x0000000000b50000 	/usr/lib/system/libcache.dylib
0x0000000000b50000 	/usr/lib/system/libcommonCrypto.dylib
0x0000000000b50000 	/usr/lib/system/libcompiler_rt.dylib
0x0000000000b50000 	/usr/lib/system/libcopyfile.dylib
0x0000000000b50000 	/usr/lib/system/libcorecrypto.dylib
0x0000000000b50000 	/usr/lib/system/libdispatch.dylib
0x0000000000b50000 	/usr/lib/system/libdyld.dylib
0x0000000000b50000 	/usr/lib/system/libkeymgr.dylib
0x0000000000b50000 	/usr/lib/system/liblaunch.dylib
0x0000000000b50000 	/usr/lib/system/libmacho.dylib
0x0000000000b50000 	/usr/lib/system/libquarantine.dylib
0x0000000000b50000 	/usr/lib/system/libremovefile.dylib
0x0000000000b50000 	/usr/lib/system/libsystem_asl.dylib
0x0000000000b50000 	/usr/lib/system/libsystem_blocks.dylib
0x0000000000b50000 	/usr/lib/system/libsystem_c.dylib
0x0000000000b50000 	/usr/lib/system/libsystem_configuration.dylib
0x0000000000b50000 	/usr/lib/system/libsystem_coreservices.dylib
0x0000000000b50000 	/usr/lib/system/libsystem_coretls.dylib
0x0000000000b50000 	/usr/lib/system/libsystem_dnssd.dylib
0x0000000000b50000 	/usr/lib/system/libsystem_info.dylib
0x0000000000b50000 	/usr/lib/system/libsystem_kernel.dylib
0x0000000000b50000 	/usr/lib/system/libsystem_m.dylib
0x0000000000b50000 	/usr/lib/system/libsystem_malloc.dylib
0x0000000000b50000 	/usr/lib/system/libsystem_network.dylib
0x0000000000b50000 	/usr/lib/system/libsystem_networkextension.dylib
0x0000000000b50000 	/usr/lib/system/libsystem_notify.dylib
0x0000000000b50000 	/usr/lib/system/libsystem_platform.dylib
0x0000000000b50000 	/usr/lib/system/libsystem_pthread.dylib
0x0000000000b50000 	/usr/lib/system/libsystem_sandbox.dylib
0x0000000000b50000 	/usr/lib/system/libsystem_secinit.dylib
0x0000000000b50000 	/usr/lib/system/libsystem_stats.dylib
0x0000000000b50000 	/usr/lib/system/libsystem_trace.dylib
0x0000000000b50000 	/usr/lib/system/libunc.dylib
0x0000000000b50000 	/usr/lib/system/libunwind.dylib
0x0000000000b50000 	/usr/lib/system/libxpc.dylib
0x0000000000b50000 	/usr/lib/libbz2.1.0.dylib
0x0000000000b50000 	/usr/lib/liblzma.5.dylib
0x0000000000b50000 	/usr/lib/libbsm.0.dylib
0x0000000000b50000 	/usr/lib/libsqlite3.dylib
0x0000000000b50000 	/usr/lib/system/libkxld.dylib
0x0000000000b50000 	/usr/lib/libxar.1.dylib
0x0000000000b50000 	/usr/lib/libpam.2.dylib
0x0000000000b50000 	/usr/lib/libOpenScriptingUtil.dylib
0x0000000000b50000 	/System/Library/Frameworks/CoreServices.framework/Versions/A/Frameworks/FSEvents.framework/Versions/A/FSEvents
0x0000000000b50000 	/System/Library/Frameworks/CoreServices.framework/Versions/A/Frameworks/CarbonCore.framework/Versions/A/CarbonCore
0x0000000000b50000 	/System/Library/Frameworks/CoreServices.framework/Versions/A/Frameworks/Metadata.framework/Versions/A/Metadata
0x0000000000b50000 	/System/Library/Frameworks/CoreServices.framework/Versions/A/Frameworks/OSServices.framework/Versions/A/OSServices
0x0000000000b50000 	/System/Library/Frameworks/CoreServices.framework/Versions/A/Frameworks/SearchKit.framework/Versions/A/SearchKit
0x0000000000b50000 	/System/Library/Frameworks/CoreServices.framework/Versions/A/Frameworks/AE.framework/Versions/A/AE
0x0000000000b50000 	/System/Library/Frameworks/CoreServices.framework/Versions/A/Frameworks/LaunchServices.framework/Versions/A/LaunchServices
0x0000000000b50000 	/System/Library/Frameworks/CoreServices.framework/Versions/A/Frameworks/DictionaryServices.framework/Versions/A/DictionaryServices
0x0000000000b50000 	/System/Library/Frameworks/NetFS.framework/Versions/A/NetFS
0x0000000000b50000 	/System/Library/PrivateFrameworks/NetAuth.framework/Versions/A/NetAuth
0x0000000000b50000 	/System/Library/PrivateFrameworks/login.framework/Versions/A/Frameworks/loginsupport.framework/Versions/A/loginsupport
0x0000000000b50000 	/System/Library/PrivateFrameworks/TCC.framework/Versions/A/TCC
0x0000000000b50000 	/usr/lib/libmecabra.dylib
0x0000000000b50000 	/System/Library/Frameworks/ApplicationServices.framework/Versions/A/Frameworks/ATS.framework/Versions/A/ATS
0x0000000000b50000 	/System/Library/Frameworks/ApplicationServices.framework/Versions/A/Frameworks/ColorSync.framework/Versions/A/ColorSync
0x0000000000b50000 	/System/Library/Frameworks/ApplicationServices.framework/Versions/A/Frameworks/HIServices.framework/Versions/A/HIServices
0x0000000000b50000 	/System/Library/Frameworks/ApplicationServices.framework/Versions/A/Frameworks/LangAnalysis.framework/Versions/A/LangAnalysis
0x0000000000b50000 	/System/Library/Frameworks/ApplicationServices.framework/Versions/A/Frameworks/PrintCore.framework/Versions/A/PrintCore
0x0000000000b50000 	/System/Library/Frameworks/ApplicationServices.framework/Versions/A/Frameworks/QD.framework/Versions/A/QD
0x0000000000b50000 	/System/Library/Frameworks/ApplicationServices.framework/Versions/A/Frameworks/SpeechSynthesis.framework/Versions/A/SpeechSynthesis
0x0000000000b50000 	/System/Library/Frameworks/Accelerate.framework/Versions/A/Accelerate
0x0000000000b50000 	/System/Library/Frameworks/Accelerate.framework/Versions/A/Frameworks/vImage.framework/Versions/A/vImage
0x0000000000b50000 	/System/Library/Frameworks/Accelerate.framework/Versions/A/Frameworks/vecLib.framework/Versions/A/vecLib
0x0000000000b50000 	/System/Library/Frameworks/Accelerate.framework/Versions/A/Frameworks/vecLib.framework/Versions/A/libvDSP.dylib
0x0000000000b50000 	/System/Library/Frameworks/Accelerate.framework/Versions/A/Frameworks/vecLib.framework/Versions/A/libvMisc.dylib
0x0000000000b50000 	/System/Library/Frameworks/Accelerate.framework/Versions/A/Frameworks/vecLib.framework/Versions/A/libLAPACK.dylib
0x0000000000b50000 	/System/Library/Frameworks/Accelerate.framework/Versions/A/Frameworks/vecLib.framework/Versions/A/libBLAS.dylib
0x0000000000b50000 	/System/Library/Frameworks/Accelerate.framework/Versions/A/Frameworks/vecLib.framework/Versions/A/libLinearAlgebra.dylib
0x0000000000b50000 	/System/Library/Frameworks/ApplicationServices.framework/Versions/A/Frameworks/ATS.framework/Versions/A/Resources/libFontParser.dylib
0x0000000000b50000 	/System/Library/Frameworks/ApplicationServices.framework/Versions/A/Frameworks/ATS.framework/Versions/A/Resources/libFontRegistry.dylib
0x0000000000b50000 	/System/Library/PrivateFrameworks/AppleVPA.framework/Versions/A/AppleVPA
0x0000000000b50000 	/System/Library/PrivateFrameworks/AppleJPEG.framework/Versions/A/AppleJPEG
0x0000000000b50000 	/System/Library/Frameworks/ImageIO.framework/Versions/A/Resources/libJPEG.dylib
0x0000000000b50000 	/System/Library/Frameworks/ImageIO.framework/Versions/A/Resources/libTIFF.dylib
0x0000000000b50000 	/System/Library/Frameworks/ImageIO.framework/Versions/A/Resources/libPng.dylib
0x0000000000b50000 	/System/Library/Frameworks/ImageIO.framework/Versions/A/Resources/libGIF.dylib
0x0000000000b50000 	/System/Library/Frameworks/ImageIO.framework/Versions/A/Resources/libJP2.dylib
0x0000000000b50000 	/System/Library/Frameworks/ImageIO.framework/Versions/A/Resources/libRadiance.dylib
0x0000000000b50000 	/System/Library/Frameworks/CoreVideo.framework/Versions/A/CoreVideo
0x0000000000b50000 	/System/Library/Frameworks/OpenGL.framework/Versions/A/Libraries/libGLU.dylib
0x0000000000b50000 	/System/Library/Frameworks/OpenGL.framework/Versions/A/Libraries/libGFXShared.dylib
0x0000000000b50000 	/System/Library/Frameworks/OpenGL.framework/Versions/A/Libraries/libGL.dylib
0x0000000000b50000 	/System/Library/Frameworks/OpenGL.framework/Versions/A/Libraries/libGLImage.dylib
0x0000000000b50000 	/System/Library/Frameworks/OpenGL.framework/Versions/A/Libraries/libCVMSPluginSupport.dylib
0x0000000000b50000 	/System/Library/Frameworks/OpenGL.framework/Versions/A/Libraries/libCoreVMClient.dylib
0x0000000000b50000 	/usr/lib/libcups.2.dylib
0x0000000000b50000 	/System/Library/Frameworks/Kerberos.framework/Versions/A/Kerberos
0x0000000000b50000 	/System/Library/Frameworks/GSS.framework/Versions/A/GSS
0x0000000000b50000 	/usr/lib/libresolv.9.dylib
0x0000000000b50000 	/usr/lib/libiconv.2.dylib
0x0000000000b50000 	/System/Library/PrivateFrameworks/Heimdal.framework/Versions/A/Heimdal
0x0000000000b50000 	/usr/lib/libheimdal-asn1.dylib
0x0000000000b50000 	/System/Library/Frameworks/OpenDirectory.framework/Versions/A/OpenDirectory
0x0000000000b50000 	/System/Library/PrivateFrameworks/CommonAuth.framework/Versions/A/CommonAuth
0x0000000000b50000 	/System/Library/Frameworks/OpenDirectory.framework/Versions/A/Frameworks/CFOpenDirectory.framework/Versions/A/CFOpenDirectory
0x0000000000b50000 	/System/Library/Frameworks/SecurityFoundation.framework/Versions/A/SecurityFoundation
0x0000000000b50000 	/System/Library/PrivateFrameworks/LanguageModeling.framework/Versions/A/LanguageModeling
0x0000000000b50000 	/usr/lib/libcmph.dylib
0x0000000000b50000 	/System/Library/Frameworks/ServiceManagement.framework/Versions/A/ServiceManagement
0x0000000000b50000 	/usr/lib/libxslt.1.dylib
0x0000000000b50000 	/System/Library/Frameworks/Carbon.framework/Versions/A/Frameworks/Ink.framework/Versions/A/Ink
0x0000000000b50000 	/System/Library/Frameworks/QuartzCore.framework/Versions/A/Frameworks/CoreImage.framework/Versions/A/CoreImage
0x0000000000b50000 	/System/Library/PrivateFrameworks/CrashReporterSupport.framework/Versions/A/CrashReporterSupport
0x0000000000b50000 	/System/Library/Frameworks/OpenCL.framework/Versions/A/OpenCL
0x0000000000b50000 	/System/Library/PrivateFrameworks/FaceCore.framework/Versions/A/FaceCore
0x0000000000b50000 	/System/Library/PrivateFrameworks/Ubiquity.framework/Versions/A/Ubiquity
0x0000000000b50000 	/System/Library/PrivateFrameworks/IconServices.framework/Versions/A/IconServices
0x0000000000b50000 	/System/Library/PrivateFrameworks/ChunkingLibrary.framework/Versions/A/ChunkingLibrary
0x0000000000b50000 	/System/Library/PrivateFrameworks/Apple80211.framework/Versions/A/Apple80211
0x0000000000b50000 	/System/Library/Frameworks/CoreWLAN.framework/Versions/A/CoreWLAN
0x0000000000b50000 	/System/Library/Frameworks/IOBluetooth.framework/Versions/A/IOBluetooth
0x0000000000b50000 	/System/Library/PrivateFrameworks/CoreWiFi.framework/Versions/A/CoreWiFi
0x0000000000b50000 	/System/Library/Frameworks/CoreBluetooth.framework/Versions/A/CoreBluetooth
0x0000000000b50000 	/System/Library/PrivateFrameworks/DebugSymbols.framework/Versions/A/DebugSymbols
0x0000000000b50000 	/System/Library/PrivateFrameworks/CoreSymbolication.framework/Versions/A/CoreSymbolication
0x0000000000b50000 	/System/Library/PrivateFrameworks/Symbolication.framework/Versions/A/Symbolication
0x0000000000b50000 	/System/Library/PrivateFrameworks/SpeechRecognitionCore.framework/Versions/A/SpeechRecognitionCore
0x000000010ce00000 	/Library/Java/JavaVirtualMachines/jdk1.8.0_25.jdk/Contents/Home/jre/lib/server/libjvm.dylib
0x0000000000b50000 	/usr/lib/libstdc++.6.dylib
0x000000010c5b4000 	/Library/Java/JavaVirtualMachines/jdk1.8.0_25.jdk/Contents/Home/jre/lib/libverify.dylib
0x000000010c5c2000 	/Library/Java/JavaVirtualMachines/jdk1.8.0_25.jdk/Contents/Home/jre/lib/libjava.dylib
0x000000010de1f000 	/Library/Java/JavaVirtualMachines/jdk1.8.0_25.jdk/Contents/Home/jre/lib/libzip.dylib
0x00000001a1b37000 	/System/Library/Frameworks/JavaVM.framework/Frameworks/JavaRuntimeSupport.framework/JavaRuntimeSupport
0x00000001a1b52000 	/System/Library/Frameworks/JavaVM.framework/Versions/A/Frameworks/JavaNativeFoundation.framework/Versions/A/JavaNativeFoundation
0x00000001a1b67000 	/System/Library/Frameworks/JavaVM.framework/Versions/A/JavaVM
0x0000000000b50000 	/System/Library/Frameworks/Carbon.framework/Versions/A/Carbon
0x00000001a1b74000 	/System/Library/PrivateFrameworks/JavaLaunching.framework/Versions/A/JavaLaunching
0x0000000000b50000 	/System/Library/Frameworks/Carbon.framework/Versions/A/Frameworks/CommonPanels.framework/Versions/A/CommonPanels
0x0000000000b50000 	/System/Library/Frameworks/Carbon.framework/Versions/A/Frameworks/Help.framework/Versions/A/Help
0x0000000000b50000 	/System/Library/Frameworks/Carbon.framework/Versions/A/Frameworks/ImageCapture.framework/Versions/A/ImageCapture
0x0000000000b50000 	/System/Library/Frameworks/Carbon.framework/Versions/A/Frameworks/OpenScripting.framework/Versions/A/OpenScripting
0x0000000000b50000 	/System/Library/Frameworks/Carbon.framework/Versions/A/Frameworks/Print.framework/Versions/A/Print
0x0000000000b50000 	/System/Library/Frameworks/Carbon.framework/Versions/A/Frameworks/SecurityHI.framework/Versions/A/SecurityHI
0x00000001a3b5b000 	/Library/Java/JavaVirtualMachines/jdk1.8.0_25.jdk/Contents/Home/jre/lib/libprism_es2.dylib
0x0000000000b50000 	/System/Library/Frameworks/OpenGL.framework/Versions/A/Resources/GLEngine.bundle/GLEngine
0x0000000000b50000 	/System/Library/Frameworks/OpenGL.framework/Versions/A/Libraries/libGLProgrammability.dylib
0x0000000000000000 	/System/Library/Extensions/AppleIntelHD5000GraphicsGLDriver.bundle/Contents/MacOS/AppleIntelHD5000GraphicsGLDriver
0x0000000000b50000 	/System/Library/PrivateFrameworks/IOAccelerator.framework/Versions/A/IOAccelerator
0x0000000000b50000 	/System/Library/PrivateFrameworks/GPUSupport.framework/Versions/A/Libraries/libGPUSupportMercury.dylib
0x0000000000b50000 	/System/Library/Frameworks/OpenGL.framework/Versions/A/Resources/GLRendererFloat.bundle/GLRendererFloat
0x0000000000b50000 	/System/Library/Frameworks/OpenCL.framework/Versions/A/Libraries/libcldcpuengine.dylib
0x0000000000b50000 	/System/Library/PrivateFrameworks/DiskImages.framework/Versions/A/DiskImages
0x0000000000b50000 	/System/Library/Frameworks/DiscRecording.framework/Versions/A/DiscRecording
0x0000000000b50000 	/usr/lib/libcsfde.dylib
0x0000000000b50000 	/usr/lib/libcurl.4.dylib
0x0000000000b50000 	/System/Library/PrivateFrameworks/MediaKit.framework/Versions/A/MediaKit
0x0000000000b50000 	/System/Library/PrivateFrameworks/ProtectedCloudStorage.framework/Versions/A/ProtectedCloudStorage
0x0000000000b50000 	/usr/lib/libCoreStorage.dylib
0x0000000000b50000 	/System/Library/PrivateFrameworks/EFILogin.framework/Versions/A/EFILogin
0x0000000000b50000 	/usr/lib/libutil.dylib
0x0000000000b50000 	/System/Library/PrivateFrameworks/FindMyDevice.framework/Versions/A/FindMyDevice
0x0000000000b50000 	/System/Library/Frameworks/LDAP.framework/Versions/A/LDAP
0x0000000000b50000 	/usr/lib/libsasl2.2.dylib
0x0000000000b50000 	/System/Library/PrivateFrameworks/CoreDaemon.framework/Versions/B/CoreDaemon
0x0000000000b50000 	/usr/lib/libcrypto.0.9.8.dylib
0x0000000000b50000 	/System/Library/PrivateFrameworks/AppleSRP.framework/Versions/A/AppleSRP
0x0000000000b50000 	/System/Library/PrivateFrameworks/TrustEvaluationAgent.framework/Versions/A/TrustEvaluationAgent
0x00000001a4008000 	/Library/Java/JavaVirtualMachines/jdk1.8.0_25.jdk/Contents/Home/jre/lib/libglass.dylib
0x0000000000b50000 	/System/Library/PrivateFrameworks/CoreServicesInternal.framework/Versions/A/CoreServicesInternal
0x0000000000b50000 	/System/Library/PrivateFrameworks/CloudDocs.framework/Versions/A/CloudDocs
0x0000000000b50000 	/System/Library/PrivateFrameworks/CoreDuet.framework/Versions/A/CoreDuet
0x0000000000b50000 	/System/Library/Frameworks/CloudKit.framework/Versions/A/CloudKit
0x0000000000b50000 	/System/Library/PrivateFrameworks/ProtocolBuffer.framework/Versions/A/ProtocolBuffer
0x0000000000b50000 	/System/Library/PrivateFrameworks/CoreDuetDaemonProtocol.framework/Versions/A/CoreDuetDaemonProtocol
0x0000000000b50000 	/System/Library/PrivateFrameworks/CoreDuetDebugLogging.framework/Versions/A/CoreDuetDebugLogging
0x0000000000b50000 	/System/Library/Frameworks/CoreLocation.framework/Versions/A/CoreLocation
0x0000000000b50000 	/System/Library/Frameworks/Accounts.framework/Versions/A/Accounts
0x0000000000b50000 	/System/Library/PrivateFrameworks/ApplePushService.framework/Versions/A/ApplePushService
0x0000000000b50000 	/System/Library/PrivateFrameworks/GeoServices.framework/Versions/A/GeoServices
0x0000000000b50000 	/System/Library/PrivateFrameworks/OAuth.framework/Versions/A/OAuth
0x0000000000b50000 	/System/Library/Frameworks/CoreGraphics.framework/Versions/A/Resources/libCGCMS.A.dylib
0x0000000000b50000 	/System/Library/CoreServices/RawCamera.bundle/Contents/MacOS/RawCamera
0x0000000000b50000 	/System/Library/Frameworks/CoreGraphics.framework/Versions/A/Resources/libRIP.A.dylib
0x0000000000b50000 	/System/Library/PrivateFrameworks/FamilyControls.framework/Versions/A/FamilyControls
0x0000000000b50000 	/System/Library/PrivateFrameworks/CommerceKit.framework/Versions/A/Frameworks/CommerceCore.framework/Versions/A/CommerceCore
0x0000000000b50000 	/System/Library/PrivateFrameworks/SystemAdministration.framework/Versions/A/SystemAdministration
0x0000000000b50000 	/System/Library/PrivateFrameworks/AppContainer.framework/Versions/A/AppContainer
0x0000000000b50000 	/System/Library/PrivateFrameworks/SecCodeWrapper.framework/Versions/A/SecCodeWrapper
0x0000000000b50000 	/System/Library/Frameworks/DirectoryService.framework/Versions/A/DirectoryService
0x0000000000b50000 	/System/Library/PrivateFrameworks/LoginUIKit.framework/Versions/A/Frameworks/LoginUICore.framework/Versions/A/LoginUICore
0x0000000000b50000 	/usr/lib/libodfde.dylib
0x00000001a7563000 	/Library/Java/JavaVirtualMachines/jdk1.8.0_25.jdk/Contents/Home/jre/lib/libjavafx_font.dylib
0x0000000000b50000 	/System/Library/Frameworks/CoreGraphics.framework/Versions/A/Resources/libCGXType.A.dylib
0x00000001a587a000 	cl_kernels
0x00000001a95ed000 	/System/Library/Frameworks/OpenCL.framework/Versions/A/Libraries/ImageFormats/unorm8_bgra.dylib
0x00000001a586b000 	cl_kernels
0x00000001a805d000 	/Library/Java/JavaVirtualMachines/jdk1.8.0_25.jdk/Contents/Home/jre/lib/libprism_common.dylib

VM Arguments:
jvm_args: -Dfile.encoding=UTF-8 
java_command: Main
java_class_path (initial): /Users/vcheng/Documents/workspace/slogo_team08/bin
Launcher Type: SUN_STANDARD

Environment Variables:
PATH=/usr/bin:/bin:/usr/sbin:/sbin
SHELL=/bin/bash
DISPLAY=/private/tmp/com.apple.launchd.SaKMpEszIb/org.macosforge.xquartz:0

Signal Handlers:
SIGSEGV: [libjvm.dylib+0x579dc7], sa_mask[0]=11111111011111110111111111111111, sa_flags=SA_ONSTACK|SA_RESTART|SA_SIGINFO
SIGBUS: [libjvm.dylib+0x579dc7], sa_mask[0]=11111111011111110111111111111111, sa_flags=SA_RESTART|SA_SIGINFO
SIGFPE: [libjvm.dylib+0x45b030], sa_mask[0]=11111111011111110111111111111111, sa_flags=SA_RESTART|SA_SIGINFO
SIGPIPE: [libjvm.dylib+0x45b030], sa_mask[0]=11111111011111110111111111111111, sa_flags=SA_RESTART|SA_SIGINFO
SIGXFSZ: [libjvm.dylib+0x45b030], sa_mask[0]=11111111011111110111111111111111, sa_flags=SA_RESTART|SA_SIGINFO
SIGILL: [libjvm.dylib+0x45b030], sa_mask[0]=11111111011111110111111111111111, sa_flags=SA_RESTART|SA_SIGINFO
SIGUSR1: SIG_DFL, sa_mask[0]=00000000000000000000000000000000, sa_flags=none
SIGUSR2: [libjvm.dylib+0x45ab4e], sa_mask[0]=00100000000000000000000000000000, sa_flags=SA_RESTART|SA_SIGINFO
SIGHUP: [libjvm.dylib+0x459121], sa_mask[0]=11111111011111110111111111111111, sa_flags=SA_RESTART|SA_SIGINFO
SIGINT: [libjvm.dylib+0x459121], sa_mask[0]=11111111011111110111111111111111, sa_flags=SA_RESTART|SA_SIGINFO
SIGTERM: [libjvm.dylib+0x459121], sa_mask[0]=11111111011111110111111111111111, sa_flags=SA_RESTART|SA_SIGINFO
SIGQUIT: [libjvm.dylib+0x459121], sa_mask[0]=11111111011111110111111111111111, sa_flags=SA_RESTART|SA_SIGINFO


---------------  S Y S T E M  ---------------

OS:Bsduname:Darwin 14.1.0 Darwin Kernel Version 14.1.0: Mon Dec 22 23:10:38 PST 2014; root:xnu-2782.10.72~2/RELEASE_X86_64 x86_64
rlimit: STACK 8192k, CORE 0k, NPROC 709, NOFILE 10240, AS infinity
load average:2.35 2.40 2.22

CPU:total 4 (2 cores per cpu, 2 threads per core) family 6 model 69 stepping 1, cmov, cx8, fxsr, mmx, sse, sse2, sse3, ssse3, sse4.1, sse4.2, popcnt, avx, avx2, aes, clmul, erms, lzcnt, ht, tsc, tscinvbit, bmi1, bmi2

Memory: 4k page, physical 4194304k(278288k free)

/proc/meminfo:


vm_info: Java HotSpot(TM) 64-Bit Server VM (25.25-b02) for bsd-amd64 JRE (1.8.0_25-b17), built on Sep 17 2014 16:56:50 by "java_re" with gcc 4.2.1 (Based on Apple Inc. build 5658) (LLVM build 2336.11.00)

time: Mon Mar  7 22:17:17 2016
elapsed time: 325 seconds (0d 0h 5m 25s)

