#
# A fatal error has been detected by the Java Runtime Environment:
#
#  SIGSEGV (0xb) at pc=0x0000000121e743fd, pid=2492, tid=1811
#
# JRE version: Java(TM) SE Runtime Environment (8.0_25-b17) (build 1.8.0_25-b17)
# Java VM: Java HotSpot(TM) 64-Bit Server VM (25.25-b02 mixed mode bsd-amd64 compressed oops)
# Problematic frame:
# C  [libglass.dylib+0x163fd]  GlassScreenDidChangeScreenParameters+0x9d
#
# Failed to write core dump. Core dumps have been disabled. To enable core dumping, try "ulimit -c unlimited" before starting Java again
#
# If you would like to submit a bug report, please visit:
#   http://bugreport.sun.com/bugreport/crash.jsp
#

---------------  T H R E A D  ---------------

Current thread is native thread

siginfo: si_signo: 11 (SIGSEGV), si_code: 1 (SEGV_MAPERR), si_addr: 0x0000000000000000

Registers:
RAX=0x0000000121ea6e40, RBX=0x0000000000000000, RCX=0x5d00e37489f5d262, RDX=0x00007fba3a6179e0
RSP=0x00007fff55708120, RBP=0x00007fff55708130, RSI=0x00007fba3a503ff8, RDI=0x0000000000000000
R8 =0x00007fff55707fd0, R9 =0x00007fff7ae3f300, R10=0x0000000000000000, R11=0x0000000000000246
R12=0x00007fba3a412500, R13=0x00000000000f4268, R14=0x00007fba3a78a6d0, R15=0x00007fff55708270
RIP=0x0000000121e743fd, EFLAGS=0x0000000000010202, ERR=0x0000000000000004
  TRAPNO=0x000000000000000e

Top of Stack: (sp=0x00007fff55708120)
0x00007fff55708120:   00007fff55708300 00007fba3a78a6d0
0x00007fff55708130:   00007fff55708140 00007fff9167acdc
0x00007fff55708140:   00007fff557084a0 00007fff9156c244
0x00007fff55708150:   00007fff557081a0 0000000000001400
0x00007fff55708160:   00007fff7b528cf0 00007fba412043f0
0x00007fff55708170:   0000000000001002 0000000000000900
0x00007fff55708180:   00007fba412043f0 00007fba3a78a6d0
0x00007fff55708190:   0000000000000000 00007fff55708270
0x00007fff557081a0:   0000000000000000 00007fba3a78a690
0x00007fff557081b0:   00007fff557082f0 0000000000000060
0x00007fff557081c0:   00000000000f431e 00007fba3a709e70
0x00007fff557081d0:   00007fba3a76b120 00007fba3a412500
0x00007fff557081e0:   0000000000000001 00000000000f4268
0x00007fff557081f0:   00007fba3a4124f0 00007fff97b8cacb
0x00007fff55708200:   0000000000000001 0000000000000001
0x00007fff55708210:   0000000000000030 0000000000000001
0x00007fff55708220:   00007fff55708240 00007fff97b92231
0x00007fff55708230:   00007fff7b526dd0 0000000000000000
0x00007fff55708240:   00007fff55708260 000000000000000d
0x00007fff55708250:   0001f10300000080 00007fba3a412524
0x00007fff55708260:   0000000000000000 00007fff91561d1f
0x00007fff55708270:   00007fba3a78a6d0 00007fff7b526dd0
0x00007fff55708280:   00007fff55708300 00007fff9156a84f
0x00007fff55708290:   0000000000000000 00007fba3a48b630
0x00007fff557082a0:   000000010a512a00 0000000000000002
0x00007fff557082b0:   000000010a50f000 00007fba3cb1b0c2
0x00007fff557082c0:   0000000000000003 000000010a513e00
0x00007fff557082d0:   00007fff557083c0 00007fff97b8b2a2
0x00007fff557082e0:   00007fba3a453960 00007fff557084a8
0x00007fff557082f0:   0000000000000017 0000000000000000
0x00007fff55708300:   00000000000f4268 00007fff91562013
0x00007fff55708310:   00007fff00000000 00007fba3a458640 

Instructions: (pc=0x0000000121e743fd)
0x0000000121e743dd:   89 df 4c 89 f1 41 ff 90 68 04 00 00 48 8d 05 58
0x0000000121e743ed:   29 03 00 48 8b 30 48 8d 05 46 2a 03 00 48 8b 10
0x0000000121e743fd:   48 8b 0b 30 c0 48 89 df ff 91 68 04 00 00 48 8b
0x0000000121e7440d:   03 48 89 df ff 50 78 48 85 c0 74 36 49 89 c6 48 

Register to memory mapping:

RAX=0x0000000121ea6e40: jScreenNotifySettingsChanged+0 in /Library/Java/JavaVirtualMachines/jdk1.8.0_25.jdk/Contents/Home/jre/lib/libglass.dylib at 0x0000000121e5e000
RBX=0x0000000000000000 is an unknown value
RCX=0x5d00e37489f5d262 is an unknown value
RDX=0x00007fba3a6179e0 is an unknown value
RSP=0x00007fff55708120 is an unknown value
RBP=0x00007fff55708130 is an unknown value
RSI=0x00007fba3a503ff8 is a global jni handle
RDI=0x0000000000000000 is an unknown value
R8 =0x00007fff55707fd0 is an unknown value
R9 =0x00007fff7ae3f300: _thread+0 in /usr/lib/system/libsystem_pthread.dylib at 0x00007fff8ee9d000
R10=0x0000000000000000 is an unknown value
R11=0x0000000000000246 is an unknown value
R12=0x00007fba3a412500 is an unknown value
R13=0x00000000000f4268 is an unknown value
R14=0x00007fba3a78a6d0 is an unknown value
R15=0x00007fff55708270 is an unknown value


Stack: [0x00007fff54f0b000,0x00007fff5570b000],  sp=0x00007fff55708120,  free space=8180k
Native frames: (J=compiled Java code, j=interpreted, Vv=VM code, C=native code)
C  [libglass.dylib+0x163fd]  GlassScreenDidChangeScreenParameters+0x9d
C  [CoreFoundation+0x11ecdc]  __CFNOTIFICATIONCENTER_IS_CALLING_OUT_TO_AN_OBSERVER__+0xc
C  [CoreFoundation+0x10244]  _CFXNotificationPost+0xc44
C  [Foundation+0x2c31]  -[NSNotificationCenter postNotificationName:object:userInfo:]+0x42
C  [AppKit+0x36305e]  -[NSApplication _reactToScreenInvalidationImmediately:]+0x17b
C  [AppKit+0x362e9d]  __44-[NSApplication _reactToScreenInvalidation:]_block_invoke+0x4b
C  [CoreFoundation+0x8056c]  __CFRUNLOOP_IS_CALLING_OUT_TO_A_BLOCK__+0xc
C  [CoreFoundation+0x72675]  __CFRunLoopDoBlocks+0x155
C  [CoreFoundation+0x721b6]  __CFRunLoopRun+0x716
C  [CoreFoundation+0x71858]  CFRunLoopRunSpecific+0x128
C  [java+0x56cc]  CreateExecutionEnvironment+0x367
C  [java+0x165c]  JLI_Launch+0x7a0
C  [java+0x768a]  main+0x65
C  [java+0xeb4]  start+0x34


---------------  P R O C E S S  ---------------

VM state:at safepoint (normal execution)

VM Mutex/Monitor currently owned by a thread:  ([mutex/lock_event])
[0x00007fba3a604020] Threads_lock - owner thread: 0x00007fba3c029000
[0x00007fba3a604520] Heap_lock - owner thread: 0x00007fba3b19f800

Heap:
 PSYoungGen      total 35328K, used 21547K [0x00000007aab00000, 0x00000007ad000000, 0x00000007c0000000)
  eden space 32768K, 58% used [0x00000007aab00000,0x00000007abd92c20,0x00000007acb00000)
  from space 2560K, 98% used [0x00000007acd80000,0x00000007acff8020,0x00000007ad000000)
  to   space 2560K, 0% used [0x00000007acb00000,0x00000007acb00000,0x00000007acd80000)
 ParOldGen       total 44032K, used 1842K [0x0000000780000000, 0x0000000782b00000, 0x00000007aab00000)
  object space 44032K, 4% used [0x0000000780000000,0x00000007801cc8d0,0x0000000782b00000)
 Metaspace       used 17033K, capacity 18378K, committed 18560K, reserved 1064960K
  class space    used 2634K, capacity 2886K, committed 2944K, reserved 1048576K

Card table byte_map: [0x000000011b245000,0x000000011b446000] byte_map_base: 0x0000000117645000

Marking Bits: (ParMarkBitMap*) 0x000000010b69d390
 Begin Bits: [0x000000011b9a8000, 0x000000011c9a8000)
 End Bits:   [0x000000011c9a8000, 0x000000011d9a8000)

Polling page: 0x000000010a5f7000

CodeCache: size=245760Kb used=6279Kb max_used=6279Kb free=239480Kb
 bounds [0x000000010be85000, 0x000000010c4b5000, 0x000000011ae85000]
 total_blobs=2658 nmethods=2013 adapters=558
 compilation: enabled

Compilation events (10 events):
Event: 151.632 Thread 0x00007fba3c03f800 2010       3       com.sun.javafx.event.EventDispatchChainImpl::dispatchEvent (101 bytes)
Event: 151.633 Thread 0x00007fba3c03f800 nmethod 2010 0x000000010c4a4790 code [0x000000010c4a4920, 0x000000010c4a4c28]
Event: 151.635 Thread 0x00007fba3c03f800 2011       3       java.util.concurrent.locks.ReentrantLock$NonfairSync::tryAcquire (6 bytes)
Event: 151.635 Thread 0x00007fba3c03f800 nmethod 2011 0x000000010c4a2b10 code [0x000000010c4a2c80, 0x000000010c4a2e88]
Event: 151.635 Thread 0x00007fba3c03f800 2012       3       java.util.concurrent.locks.ReentrantLock$Sync::nonfairTryAcquire (67 bytes)
Event: 151.638 Thread 0x00007fba3c03f800 nmethod 2012 0x000000010c4a1b90 code [0x000000010c4a1d20, 0x000000010c4a2448]
Event: 151.657 Thread 0x00007fba3c03f800 2015       3       java.util.concurrent.locks.AbstractQueuedSynchronizer$Node::predecessor (19 bytes)
Event: 151.657 Thread 0x00007fba3c03f800 nmethod 2015 0x000000010c4a13d0 code [0x000000010c4a1540, 0x000000010c4a1768]
Event: 151.657 Thread 0x00007fba3c03f800 2014       3       java.lang.Class::checkInitted (19 bytes)
Event: 151.658 Thread 0x00007fba3c03f800 nmethod 2014 0x000000010c4aa190 code [0x000000010c4aa320, 0x000000010c4aa5e8]

GC Heap History (4 events):
Event: 0.781 GC heap before
{Heap before GC invocations=1 (full 0):
 PSYoungGen      total 18944K, used 16384K [0x00000007aab00000, 0x00000007ac000000, 0x00000007c0000000)
  eden space 16384K, 100% used [0x00000007aab00000,0x00000007abb00000,0x00000007abb00000)
  from space 2560K, 0% used [0x00000007abd80000,0x00000007abd80000,0x00000007ac000000)
  to   space 2560K, 0% used [0x00000007abb00000,0x00000007abb00000,0x00000007abd80000)
 ParOldGen       total 44032K, used 0K [0x0000000780000000, 0x0000000782b00000, 0x00000007aab00000)
  object space 44032K, 0% used [0x0000000780000000,0x0000000780000000,0x0000000782b00000)
 Metaspace       used 8978K, capacity 9384K, committed 9600K, reserved 1056768K
  class space    used 1223K, capacity 1303K, committed 1408K, reserved 1048576K
Event: 0.793 GC heap after
Heap after GC invocations=1 (full 0):
 PSYoungGen      total 18944K, used 2528K [0x00000007aab00000, 0x00000007ad000000, 0x00000007c0000000)
  eden space 16384K, 0% used [0x00000007aab00000,0x00000007aab00000,0x00000007abb00000)
  from space 2560K, 98% used [0x00000007abb00000,0x00000007abd78020,0x00000007abd80000)
  to   space 2560K, 0% used [0x00000007acd80000,0x00000007acd80000,0x00000007ad000000)
 ParOldGen       total 44032K, used 72K [0x0000000780000000, 0x0000000782b00000, 0x00000007aab00000)
  object space 44032K, 0% used [0x0000000780000000,0x0000000780012000,0x0000000782b00000)
 Metaspace       used 8978K, capacity 9384K, committed 9600K, reserved 1056768K
  class space    used 1223K, capacity 1303K, committed 1408K, reserved 1048576K
}
Event: 1.598 GC heap before
{Heap before GC invocations=2 (full 0):
 PSYoungGen      total 18944K, used 18912K [0x00000007aab00000, 0x00000007ad000000, 0x00000007c0000000)
  eden space 16384K, 100% used [0x00000007aab00000,0x00000007abb00000,0x00000007abb00000)
  from space 2560K, 98% used [0x00000007abb00000,0x00000007abd78020,0x00000007abd80000)
  to   space 2560K, 0% used [0x00000007acd80000,0x00000007acd80000,0x00000007ad000000)
 ParOldGen       total 44032K, used 72K [0x0000000780000000, 0x0000000782b00000, 0x00000007aab00000)
  object space 44032K, 0% used [0x0000000780000000,0x0000000780012000,0x0000000782b00000)
 Metaspace       used 14732K, capacity 15664K, committed 15872K, reserved 1062912K
  class space    used 2329K, capacity 2524K, committed 2560K, reserved 1048576K
Event: 1.611 GC heap after
Heap after GC invocations=2 (full 0):
 PSYoungGen      total 35328K, used 2528K [0x00000007aab00000, 0x00000007ad000000, 0x00000007c0000000)
  eden space 32768K, 0% used [0x00000007aab00000,0x00000007aab00000,0x00000007acb00000)
  from space 2560K, 98% used [0x00000007acd80000,0x00000007acff8020,0x00000007ad000000)
  to   space 2560K, 0% used [0x00000007acb00000,0x00000007acb00000,0x00000007acd80000)
 ParOldGen       total 44032K, used 1842K [0x0000000780000000, 0x0000000782b00000, 0x00000007aab00000)
  object space 44032K, 4% used [0x0000000780000000,0x00000007801cc8d0,0x0000000782b00000)
 Metaspace       used 14732K, capacity 15664K, committed 15872K, reserved 1062912K
  class space    used 2329K, capacity 2524K, committed 2560K, reserved 1048576K
}

Deoptimization events (10 events):
Event: 1.703 Thread 0x00007fba3b93b000 Uncommon trap: reason=array_check action=maybe_recompile pc=0x000000010c2ba1b0 method=com.sun.javafx.css.SimpleSelector.applies(Ljavafx/css/Styleable;[Ljava/util/Set;I)Z @ 37
Event: 1.703 Thread 0x00007fba3b93b000 Uncommon trap: reason=array_check action=maybe_recompile pc=0x000000010c2ba1b0 method=com.sun.javafx.css.SimpleSelector.applies(Ljavafx/css/Styleable;[Ljava/util/Set;I)Z @ 37
Event: 1.724 Thread 0x00007fba3b93b000 Uncommon trap: reason=unreached action=reinterpret pc=0x000000010c218d44 method=sun.misc.URLClassPath$JarLoader.ensureOpen()V @ 4
Event: 1.818 Thread 0x00007fba3b93b000 Uncommon trap: reason=unreached action=reinterpret pc=0x000000010c2ceb34 method=com.sun.javafx.css.SimpleSelector.stateMatches(Ljavafx/css/Styleable;Ljava/util/Set;)Z @ 1
Event: 1.828 Thread 0x00007fba3b93b000 Uncommon trap: reason=unreached action=reinterpret pc=0x000000010c2c99a4 method=com.sun.javafx.css.BitSet.addAll(Ljava/util/Collection;)Z @ 1
Event: 2.090 Thread 0x00007fba3b93b000 Uncommon trap: reason=unreached action=reinterpret pc=0x000000010c36d97c method=javafx.scene.CssStyleHelper.lookup(Ljavafx/css/Styleable;Ljavafx/css/CssMetaData;Lcom/sun/javafx/css/StyleMap;Ljava/util/Set;Ljavafx/css/Styleable;Lcom/sun/javafx/css/Calculat
Event: 2.159 Thread 0x00007fba3c03f000 Uncommon trap: reason=class_check action=maybe_recompile pc=0x000000010c3438c0 method=java.util.WeakHashMap.eq(Ljava/lang/Object;Ljava/lang/Object;)Z @ 7
Event: 2.166 Thread 0x00007fba3c03f000 Uncommon trap: reason=class_check action=maybe_recompile pc=0x000000010c3438c0 method=java.util.WeakHashMap.eq(Ljava/lang/Object;Ljava/lang/Object;)Z @ 7
Event: 2.174 Thread 0x00007fba3c03f000 Uncommon trap: reason=class_check action=maybe_recompile pc=0x000000010c3438c0 method=java.util.WeakHashMap.eq(Ljava/lang/Object;Ljava/lang/Object;)Z @ 7
Event: 2.174 Thread 0x00007fba3c03f000 Uncommon trap: reason=class_check action=maybe_recompile pc=0x000000010c3438c0 method=java.util.WeakHashMap.eq(Ljava/lang/Object;Ljava/lang/Object;)Z @ 7

Internal exceptions (10 events):
Event: 1.034 Thread 0x00007fba3b93b000 Exception <a 'java/security/PrivilegedActionException'> (0x00000007ab343ea8) thrown at [/HUDSON3/workspace/8-2-build-macosx-x86_64/jdk8u25/1514/hotspot/src/share/vm/prims/jvm.cpp, line 1312]
Event: 1.424 Thread 0x00007fba3b93b000 Exception <a 'java/security/PrivilegedActionException'> (0x00000007ab6b75e8) thrown at [/HUDSON3/workspace/8-2-build-macosx-x86_64/jdk8u25/1514/hotspot/src/share/vm/prims/jvm.cpp, line 1312]
Event: 1.425 Thread 0x00007fba3b93b000 Exception <a 'java/security/PrivilegedActionException'> (0x00000007ab6cecb8) thrown at [/HUDSON3/workspace/8-2-build-macosx-x86_64/jdk8u25/1514/hotspot/src/share/vm/prims/jvm.cpp, line 1312]
Event: 1.428 Thread 0x00007fba3b93b000 Exception <a 'java/security/PrivilegedActionException'> (0x00000007ab6ebd38) thrown at [/HUDSON3/workspace/8-2-build-macosx-x86_64/jdk8u25/1514/hotspot/src/share/vm/prims/jvm.cpp, line 1312]
Event: 1.724 Thread 0x00007fba3b93b000 Implicit null exception at 0x000000010c21733a to 0x000000010c218d2d
Event: 1.818 Thread 0x00007fba3b93b000 Implicit null exception at 0x000000010c2ce379 to 0x000000010c2ceb0d
Event: 1.828 Thread 0x00007fba3b93b000 Implicit null exception at 0x000000010c2c9410 to 0x000000010c2c9991
Event: 4.506 Thread 0x00007fba3b93b000 Exception <a 'java/security/PrivilegedActionException'> (0x00000007ab66f578) thrown at [/HUDSON3/workspace/8-2-build-macosx-x86_64/jdk8u25/1514/hotspot/src/share/vm/prims/jvm.cpp, line 1312]
Event: 4.518 Thread 0x00007fba3b93b000 Exception <a 'java/security/PrivilegedActionException'> (0x00000007ab6a2910) thrown at [/HUDSON3/workspace/8-2-build-macosx-x86_64/jdk8u25/1514/hotspot/src/share/vm/prims/jvm.cpp, line 1312]
Event: 4.518 Thread 0x00007fba3b93b000 Exception <a 'java/lang/Error'> (0x00000007ab6a49b0) thrown at [/HUDSON3/workspace/8-2-build-macosx-x86_64/jdk8u25/1514/hotspot/src/share/vm/prims/jvm.cpp, line 1316]

Events (10 events):
Event: 151.663 Thread 0x00007fba3c08a800 Thread exited: 0x00007fba3c08a800
Event: 151.665 Thread 0x00007fba3b802000 Thread exited: 0x00007fba3b802000
Event: 151.665 Thread 0x00007fba3b19f800 Thread added: 0x00007fba3b19f800
Event: 151.877 Thread 0x00007fba3b93b000 Thread exited: 0x00007fba3b93b000
Event: 151.877 loading class java/util/IdentityHashMap$KeyIterator
Event: 151.877 loading class java/util/IdentityHashMap$IdentityHashMapIterator
Event: 151.877 loading class java/util/IdentityHashMap$IdentityHashMapIterator done
Event: 151.877 loading class java/util/IdentityHashMap$KeyIterator done
Event: 151.878 Thread 0x00007fba3b19f800 Thread exited: 0x00007fba3b19f800
Event: 151.878 Thread 0x00007fba3b014800 Thread exited: 0x00007fba3b014800


Dynamic libraries:
0x000000000a287000 	/System/Library/Frameworks/Cocoa.framework/Versions/A/Cocoa
0x000000000a287000 	/System/Library/Frameworks/Security.framework/Versions/A/Security
0x000000000a287000 	/System/Library/Frameworks/ApplicationServices.framework/Versions/A/ApplicationServices
0x000000000a287000 	/usr/lib/libz.1.dylib
0x000000000a287000 	/usr/lib/libSystem.B.dylib
0x000000000a287000 	/usr/lib/libobjc.A.dylib
0x000000000a287000 	/System/Library/Frameworks/CoreFoundation.framework/Versions/A/CoreFoundation
0x000000000a287000 	/System/Library/Frameworks/Foundation.framework/Versions/C/Foundation
0x000000000a287000 	/System/Library/Frameworks/AppKit.framework/Versions/C/AppKit
0x000000000a287000 	/System/Library/Frameworks/CoreData.framework/Versions/A/CoreData
0x000000000a287000 	/System/Library/PrivateFrameworks/RemoteViewServices.framework/Versions/A/RemoteViewServices
0x000000000a287000 	/System/Library/PrivateFrameworks/UIFoundation.framework/Versions/A/UIFoundation
0x000000000a287000 	/System/Library/Frameworks/IOSurface.framework/Versions/A/IOSurface
0x000000000a287000 	/System/Library/Frameworks/AudioToolbox.framework/Versions/A/AudioToolbox
0x000000000a287000 	/System/Library/Frameworks/AudioUnit.framework/Versions/A/AudioUnit
0x000000000a287000 	/System/Library/PrivateFrameworks/DataDetectorsCore.framework/Versions/A/DataDetectorsCore
0x000000000a287000 	/System/Library/PrivateFrameworks/DesktopServicesPriv.framework/Versions/A/DesktopServicesPriv
0x000000000a287000 	/System/Library/Frameworks/Carbon.framework/Versions/A/Frameworks/HIToolbox.framework/Versions/A/HIToolbox
0x000000000a287000 	/System/Library/Frameworks/QuartzCore.framework/Versions/A/QuartzCore
0x000000000a287000 	/System/Library/Frameworks/Carbon.framework/Versions/A/Frameworks/SpeechRecognition.framework/Versions/A/SpeechRecognition
0x000000000a287000 	/usr/lib/libauto.dylib
0x000000000a287000 	/usr/lib/libicucore.A.dylib
0x000000000a287000 	/usr/lib/libxml2.2.dylib
0x000000000a287000 	/System/Library/PrivateFrameworks/CoreUI.framework/Versions/A/CoreUI
0x000000000a287000 	/System/Library/Frameworks/CoreAudio.framework/Versions/A/CoreAudio
0x000000000a287000 	/System/Library/Frameworks/DiskArbitration.framework/Versions/A/DiskArbitration
0x000000000a287000 	/usr/lib/liblangid.dylib
0x000000000a287000 	/System/Library/PrivateFrameworks/MultitouchSupport.framework/Versions/A/MultitouchSupport
0x000000000a287000 	/System/Library/Frameworks/IOKit.framework/Versions/A/IOKit
0x000000000a287000 	/usr/lib/libDiagnosticMessagesClient.dylib
0x000000000a287000 	/System/Library/Frameworks/CoreServices.framework/Versions/A/CoreServices
0x000000000a287000 	/System/Library/PrivateFrameworks/PerformanceAnalysis.framework/Versions/A/PerformanceAnalysis
0x000000000a287000 	/System/Library/PrivateFrameworks/GenerationalStorage.framework/Versions/A/GenerationalStorage
0x000000000a287000 	/System/Library/Frameworks/OpenGL.framework/Versions/A/OpenGL
0x000000000a287000 	/System/Library/PrivateFrameworks/Sharing.framework/Versions/A/Sharing
0x000000000a287000 	/System/Library/Frameworks/CoreGraphics.framework/Versions/A/CoreGraphics
0x000000000a287000 	/System/Library/Frameworks/CoreText.framework/Versions/A/CoreText
0x000000000a287000 	/System/Library/Frameworks/ImageIO.framework/Versions/A/ImageIO
0x000000000a287000 	/usr/lib/libextension.dylib
0x000000000a287000 	/System/Library/PrivateFrameworks/Backup.framework/Versions/A/Backup
0x000000000a287000 	/usr/lib/libarchive.2.dylib
0x000000000a287000 	/System/Library/Frameworks/CFNetwork.framework/Versions/A/CFNetwork
0x000000000a287000 	/System/Library/Frameworks/SystemConfiguration.framework/Versions/A/SystemConfiguration
0x000000000a287000 	/usr/lib/libCRFSuite.dylib
0x000000000a287000 	/usr/lib/libc++.1.dylib
0x000000000a287000 	/usr/lib/libc++abi.dylib
0x000000000a287000 	/usr/lib/system/libcache.dylib
0x000000000a287000 	/usr/lib/system/libcommonCrypto.dylib
0x000000000a287000 	/usr/lib/system/libcompiler_rt.dylib
0x000000000a287000 	/usr/lib/system/libcopyfile.dylib
0x000000000a287000 	/usr/lib/system/libcorecrypto.dylib
0x000000000a287000 	/usr/lib/system/libdispatch.dylib
0x000000000a287000 	/usr/lib/system/libdyld.dylib
0x000000000a287000 	/usr/lib/system/libkeymgr.dylib
0x000000000a287000 	/usr/lib/system/liblaunch.dylib
0x000000000a287000 	/usr/lib/system/libmacho.dylib
0x000000000a287000 	/usr/lib/system/libquarantine.dylib
0x000000000a287000 	/usr/lib/system/libremovefile.dylib
0x000000000a287000 	/usr/lib/system/libsystem_asl.dylib
0x000000000a287000 	/usr/lib/system/libsystem_blocks.dylib
0x000000000a287000 	/usr/lib/system/libsystem_c.dylib
0x000000000a287000 	/usr/lib/system/libsystem_configuration.dylib
0x000000000a287000 	/usr/lib/system/libsystem_coreservices.dylib
0x000000000a287000 	/usr/lib/system/libsystem_coretls.dylib
0x000000000a287000 	/usr/lib/system/libsystem_dnssd.dylib
0x000000000a287000 	/usr/lib/system/libsystem_info.dylib
0x000000000a287000 	/usr/lib/system/libsystem_kernel.dylib
0x000000000a287000 	/usr/lib/system/libsystem_m.dylib
0x000000000a287000 	/usr/lib/system/libsystem_malloc.dylib
0x000000000a287000 	/usr/lib/system/libsystem_network.dylib
0x000000000a287000 	/usr/lib/system/libsystem_networkextension.dylib
0x000000000a287000 	/usr/lib/system/libsystem_notify.dylib
0x000000000a287000 	/usr/lib/system/libsystem_platform.dylib
0x000000000a287000 	/usr/lib/system/libsystem_pthread.dylib
0x000000000a287000 	/usr/lib/system/libsystem_sandbox.dylib
0x000000000a287000 	/usr/lib/system/libsystem_secinit.dylib
0x000000000a287000 	/usr/lib/system/libsystem_stats.dylib
0x000000000a287000 	/usr/lib/system/libsystem_trace.dylib
0x000000000a287000 	/usr/lib/system/libunc.dylib
0x000000000a287000 	/usr/lib/system/libunwind.dylib
0x000000000a287000 	/usr/lib/system/libxpc.dylib
0x000000000a287000 	/usr/lib/libbz2.1.0.dylib
0x000000000a287000 	/usr/lib/liblzma.5.dylib
0x000000000a287000 	/usr/lib/libbsm.0.dylib
0x000000000a287000 	/usr/lib/libsqlite3.dylib
0x000000000a287000 	/usr/lib/system/libkxld.dylib
0x000000000a287000 	/usr/lib/libxar.1.dylib
0x000000000a287000 	/usr/lib/libpam.2.dylib
0x000000000a287000 	/usr/lib/libOpenScriptingUtil.dylib
0x000000000a287000 	/System/Library/Frameworks/CoreServices.framework/Versions/A/Frameworks/FSEvents.framework/Versions/A/FSEvents
0x000000000a287000 	/System/Library/Frameworks/CoreServices.framework/Versions/A/Frameworks/CarbonCore.framework/Versions/A/CarbonCore
0x000000000a287000 	/System/Library/Frameworks/CoreServices.framework/Versions/A/Frameworks/Metadata.framework/Versions/A/Metadata
0x000000000a287000 	/System/Library/Frameworks/CoreServices.framework/Versions/A/Frameworks/OSServices.framework/Versions/A/OSServices
0x000000000a287000 	/System/Library/Frameworks/CoreServices.framework/Versions/A/Frameworks/SearchKit.framework/Versions/A/SearchKit
0x000000000a287000 	/System/Library/Frameworks/CoreServices.framework/Versions/A/Frameworks/AE.framework/Versions/A/AE
0x000000000a287000 	/System/Library/Frameworks/CoreServices.framework/Versions/A/Frameworks/LaunchServices.framework/Versions/A/LaunchServices
0x000000000a287000 	/System/Library/Frameworks/CoreServices.framework/Versions/A/Frameworks/DictionaryServices.framework/Versions/A/DictionaryServices
0x000000000a287000 	/System/Library/Frameworks/NetFS.framework/Versions/A/NetFS
0x000000000a287000 	/System/Library/PrivateFrameworks/NetAuth.framework/Versions/A/NetAuth
0x000000000a287000 	/System/Library/PrivateFrameworks/login.framework/Versions/A/Frameworks/loginsupport.framework/Versions/A/loginsupport
0x000000000a287000 	/System/Library/PrivateFrameworks/TCC.framework/Versions/A/TCC
0x000000000a287000 	/usr/lib/libmecabra.dylib
0x000000000a287000 	/System/Library/Frameworks/ApplicationServices.framework/Versions/A/Frameworks/ATS.framework/Versions/A/ATS
0x000000000a287000 	/System/Library/Frameworks/ApplicationServices.framework/Versions/A/Frameworks/ColorSync.framework/Versions/A/ColorSync
0x000000000a287000 	/System/Library/Frameworks/ApplicationServices.framework/Versions/A/Frameworks/HIServices.framework/Versions/A/HIServices
0x000000000a287000 	/System/Library/Frameworks/ApplicationServices.framework/Versions/A/Frameworks/LangAnalysis.framework/Versions/A/LangAnalysis
0x000000000a287000 	/System/Library/Frameworks/ApplicationServices.framework/Versions/A/Frameworks/PrintCore.framework/Versions/A/PrintCore
0x000000000a287000 	/System/Library/Frameworks/ApplicationServices.framework/Versions/A/Frameworks/QD.framework/Versions/A/QD
0x000000000a287000 	/System/Library/Frameworks/ApplicationServices.framework/Versions/A/Frameworks/SpeechSynthesis.framework/Versions/A/SpeechSynthesis
0x000000000a287000 	/System/Library/Frameworks/Accelerate.framework/Versions/A/Accelerate
0x000000000a287000 	/System/Library/Frameworks/Accelerate.framework/Versions/A/Frameworks/vImage.framework/Versions/A/vImage
0x000000000a287000 	/System/Library/Frameworks/Accelerate.framework/Versions/A/Frameworks/vecLib.framework/Versions/A/vecLib
0x000000000a287000 	/System/Library/Frameworks/Accelerate.framework/Versions/A/Frameworks/vecLib.framework/Versions/A/libvDSP.dylib
0x000000000a287000 	/System/Library/Frameworks/Accelerate.framework/Versions/A/Frameworks/vecLib.framework/Versions/A/libvMisc.dylib
0x000000000a287000 	/System/Library/Frameworks/Accelerate.framework/Versions/A/Frameworks/vecLib.framework/Versions/A/libLAPACK.dylib
0x000000000a287000 	/System/Library/Frameworks/Accelerate.framework/Versions/A/Frameworks/vecLib.framework/Versions/A/libBLAS.dylib
0x000000000a287000 	/System/Library/Frameworks/Accelerate.framework/Versions/A/Frameworks/vecLib.framework/Versions/A/libLinearAlgebra.dylib
0x000000000a287000 	/System/Library/Frameworks/ApplicationServices.framework/Versions/A/Frameworks/ATS.framework/Versions/A/Resources/libFontParser.dylib
0x000000000a287000 	/System/Library/Frameworks/ApplicationServices.framework/Versions/A/Frameworks/ATS.framework/Versions/A/Resources/libFontRegistry.dylib
0x000000000a287000 	/System/Library/PrivateFrameworks/AppleVPA.framework/Versions/A/AppleVPA
0x000000000a287000 	/System/Library/PrivateFrameworks/AppleJPEG.framework/Versions/A/AppleJPEG
0x000000000a287000 	/System/Library/Frameworks/ImageIO.framework/Versions/A/Resources/libJPEG.dylib
0x000000000a287000 	/System/Library/Frameworks/ImageIO.framework/Versions/A/Resources/libTIFF.dylib
0x000000000a287000 	/System/Library/Frameworks/ImageIO.framework/Versions/A/Resources/libPng.dylib
0x000000000a287000 	/System/Library/Frameworks/ImageIO.framework/Versions/A/Resources/libGIF.dylib
0x000000000a287000 	/System/Library/Frameworks/ImageIO.framework/Versions/A/Resources/libJP2.dylib
0x000000000a287000 	/System/Library/Frameworks/ImageIO.framework/Versions/A/Resources/libRadiance.dylib
0x000000000a287000 	/System/Library/Frameworks/CoreVideo.framework/Versions/A/CoreVideo
0x000000000a287000 	/System/Library/Frameworks/OpenGL.framework/Versions/A/Libraries/libGLU.dylib
0x000000000a287000 	/System/Library/Frameworks/OpenGL.framework/Versions/A/Libraries/libGFXShared.dylib
0x000000000a287000 	/System/Library/Frameworks/OpenGL.framework/Versions/A/Libraries/libGL.dylib
0x000000000a287000 	/System/Library/Frameworks/OpenGL.framework/Versions/A/Libraries/libGLImage.dylib
0x000000000a287000 	/System/Library/Frameworks/OpenGL.framework/Versions/A/Libraries/libCVMSPluginSupport.dylib
0x000000000a287000 	/System/Library/Frameworks/OpenGL.framework/Versions/A/Libraries/libCoreVMClient.dylib
0x000000000a287000 	/usr/lib/libcups.2.dylib
0x000000000a287000 	/System/Library/Frameworks/Kerberos.framework/Versions/A/Kerberos
0x000000000a287000 	/System/Library/Frameworks/GSS.framework/Versions/A/GSS
0x000000000a287000 	/usr/lib/libresolv.9.dylib
0x000000000a287000 	/usr/lib/libiconv.2.dylib
0x000000000a287000 	/System/Library/PrivateFrameworks/Heimdal.framework/Versions/A/Heimdal
0x000000000a287000 	/usr/lib/libheimdal-asn1.dylib
0x000000000a287000 	/System/Library/Frameworks/OpenDirectory.framework/Versions/A/OpenDirectory
0x000000000a287000 	/System/Library/PrivateFrameworks/CommonAuth.framework/Versions/A/CommonAuth
0x000000000a287000 	/System/Library/Frameworks/OpenDirectory.framework/Versions/A/Frameworks/CFOpenDirectory.framework/Versions/A/CFOpenDirectory
0x000000000a287000 	/System/Library/Frameworks/SecurityFoundation.framework/Versions/A/SecurityFoundation
0x000000000a287000 	/System/Library/PrivateFrameworks/LanguageModeling.framework/Versions/A/LanguageModeling
0x000000000a287000 	/usr/lib/libcmph.dylib
0x000000000a287000 	/System/Library/Frameworks/ServiceManagement.framework/Versions/A/ServiceManagement
0x000000000a287000 	/usr/lib/libxslt.1.dylib
0x000000000a287000 	/System/Library/Frameworks/Carbon.framework/Versions/A/Frameworks/Ink.framework/Versions/A/Ink
0x000000000a287000 	/System/Library/Frameworks/QuartzCore.framework/Versions/A/Frameworks/CoreImage.framework/Versions/A/CoreImage
0x000000000a287000 	/System/Library/PrivateFrameworks/CrashReporterSupport.framework/Versions/A/CrashReporterSupport
0x000000000a287000 	/System/Library/Frameworks/OpenCL.framework/Versions/A/OpenCL
0x000000000a287000 	/System/Library/PrivateFrameworks/FaceCore.framework/Versions/A/FaceCore
0x000000000a287000 	/System/Library/PrivateFrameworks/Ubiquity.framework/Versions/A/Ubiquity
0x000000000a287000 	/System/Library/PrivateFrameworks/IconServices.framework/Versions/A/IconServices
0x000000000a287000 	/System/Library/PrivateFrameworks/ChunkingLibrary.framework/Versions/A/ChunkingLibrary
0x000000000a287000 	/System/Library/PrivateFrameworks/Apple80211.framework/Versions/A/Apple80211
0x000000000a287000 	/System/Library/Frameworks/CoreWLAN.framework/Versions/A/CoreWLAN
0x000000000a287000 	/System/Library/Frameworks/IOBluetooth.framework/Versions/A/IOBluetooth
0x000000000a287000 	/System/Library/PrivateFrameworks/CoreWiFi.framework/Versions/A/CoreWiFi
0x000000000a287000 	/System/Library/Frameworks/CoreBluetooth.framework/Versions/A/CoreBluetooth
0x000000000a287000 	/System/Library/PrivateFrameworks/DebugSymbols.framework/Versions/A/DebugSymbols
0x000000000a287000 	/System/Library/PrivateFrameworks/CoreSymbolication.framework/Versions/A/CoreSymbolication
0x000000000a287000 	/System/Library/PrivateFrameworks/Symbolication.framework/Versions/A/Symbolication
0x000000000a287000 	/System/Library/PrivateFrameworks/SpeechRecognitionCore.framework/Versions/A/SpeechRecognitionCore
0x000000010ae00000 	/Library/Java/JavaVirtualMachines/jdk1.8.0_25.jdk/Contents/Home/jre/lib/server/libjvm.dylib
0x000000000a287000 	/usr/lib/libstdc++.6.dylib
0x000000010be32000 	/Library/Java/JavaVirtualMachines/jdk1.8.0_25.jdk/Contents/Home/jre/lib/libverify.dylib
0x000000010be40000 	/Library/Java/JavaVirtualMachines/jdk1.8.0_25.jdk/Contents/Home/jre/lib/libjava.dylib
0x000000010be7c000 	/Library/Java/JavaVirtualMachines/jdk1.8.0_25.jdk/Contents/Home/jre/lib/libzip.dylib
0x000000011f990000 	/System/Library/Frameworks/JavaVM.framework/Frameworks/JavaRuntimeSupport.framework/JavaRuntimeSupport
0x000000011f9ab000 	/System/Library/Frameworks/JavaVM.framework/Versions/A/Frameworks/JavaNativeFoundation.framework/Versions/A/JavaNativeFoundation
0x000000011f9c0000 	/System/Library/Frameworks/JavaVM.framework/Versions/A/JavaVM
0x000000000a287000 	/System/Library/Frameworks/Carbon.framework/Versions/A/Carbon
0x000000011f9cd000 	/System/Library/PrivateFrameworks/JavaLaunching.framework/Versions/A/JavaLaunching
0x000000000a287000 	/System/Library/Frameworks/Carbon.framework/Versions/A/Frameworks/CommonPanels.framework/Versions/A/CommonPanels
0x000000000a287000 	/System/Library/Frameworks/Carbon.framework/Versions/A/Frameworks/Help.framework/Versions/A/Help
0x000000000a287000 	/System/Library/Frameworks/Carbon.framework/Versions/A/Frameworks/ImageCapture.framework/Versions/A/ImageCapture
0x000000000a287000 	/System/Library/Frameworks/Carbon.framework/Versions/A/Frameworks/OpenScripting.framework/Versions/A/OpenScripting
0x000000000a287000 	/System/Library/Frameworks/Carbon.framework/Versions/A/Frameworks/Print.framework/Versions/A/Print
0x000000000a287000 	/System/Library/Frameworks/Carbon.framework/Versions/A/Frameworks/SecurityHI.framework/Versions/A/SecurityHI
0x00000001219b2000 	/Library/Java/JavaVirtualMachines/jdk1.8.0_25.jdk/Contents/Home/jre/lib/libprism_es2.dylib
0x000000000a287000 	/System/Library/Frameworks/OpenGL.framework/Versions/A/Resources/GLEngine.bundle/GLEngine
0x000000000a287000 	/System/Library/Frameworks/OpenGL.framework/Versions/A/Libraries/libGLProgrammability.dylib
0x0000000000000000 	/System/Library/Extensions/AppleIntelHD5000GraphicsGLDriver.bundle/Contents/MacOS/AppleIntelHD5000GraphicsGLDriver
0x000000000a287000 	/System/Library/PrivateFrameworks/IOAccelerator.framework/Versions/A/IOAccelerator
0x000000000a287000 	/System/Library/PrivateFrameworks/GPUSupport.framework/Versions/A/Libraries/libGPUSupportMercury.dylib
0x000000000a287000 	/System/Library/Frameworks/OpenGL.framework/Versions/A/Resources/GLRendererFloat.bundle/GLRendererFloat
0x000000000a287000 	/System/Library/Frameworks/OpenCL.framework/Versions/A/Libraries/libcldcpuengine.dylib
0x000000000a287000 	/System/Library/PrivateFrameworks/DiskImages.framework/Versions/A/DiskImages
0x000000000a287000 	/System/Library/Frameworks/DiscRecording.framework/Versions/A/DiscRecording
0x000000000a287000 	/usr/lib/libcsfde.dylib
0x000000000a287000 	/usr/lib/libcurl.4.dylib
0x000000000a287000 	/System/Library/PrivateFrameworks/MediaKit.framework/Versions/A/MediaKit
0x000000000a287000 	/System/Library/PrivateFrameworks/ProtectedCloudStorage.framework/Versions/A/ProtectedCloudStorage
0x000000000a287000 	/usr/lib/libCoreStorage.dylib
0x000000000a287000 	/System/Library/PrivateFrameworks/EFILogin.framework/Versions/A/EFILogin
0x000000000a287000 	/usr/lib/libutil.dylib
0x000000000a287000 	/System/Library/PrivateFrameworks/FindMyDevice.framework/Versions/A/FindMyDevice
0x000000000a287000 	/System/Library/Frameworks/LDAP.framework/Versions/A/LDAP
0x000000000a287000 	/usr/lib/libsasl2.2.dylib
0x000000000a287000 	/System/Library/PrivateFrameworks/CoreDaemon.framework/Versions/B/CoreDaemon
0x000000000a287000 	/usr/lib/libcrypto.0.9.8.dylib
0x000000000a287000 	/System/Library/PrivateFrameworks/AppleSRP.framework/Versions/A/AppleSRP
0x000000000a287000 	/System/Library/PrivateFrameworks/TrustEvaluationAgent.framework/Versions/A/TrustEvaluationAgent
0x0000000121e5e000 	/Library/Java/JavaVirtualMachines/jdk1.8.0_25.jdk/Contents/Home/jre/lib/libglass.dylib
0x000000000a287000 	/System/Library/PrivateFrameworks/CoreServicesInternal.framework/Versions/A/CoreServicesInternal
0x000000000a287000 	/System/Library/PrivateFrameworks/CloudDocs.framework/Versions/A/CloudDocs
0x000000000a287000 	/System/Library/PrivateFrameworks/CoreDuet.framework/Versions/A/CoreDuet
0x000000000a287000 	/System/Library/Frameworks/CloudKit.framework/Versions/A/CloudKit
0x000000000a287000 	/System/Library/PrivateFrameworks/ProtocolBuffer.framework/Versions/A/ProtocolBuffer
0x000000000a287000 	/System/Library/PrivateFrameworks/CoreDuetDaemonProtocol.framework/Versions/A/CoreDuetDaemonProtocol
0x000000000a287000 	/System/Library/PrivateFrameworks/CoreDuetDebugLogging.framework/Versions/A/CoreDuetDebugLogging
0x000000000a287000 	/System/Library/Frameworks/CoreLocation.framework/Versions/A/CoreLocation
0x000000000a287000 	/System/Library/Frameworks/Accounts.framework/Versions/A/Accounts
0x000000000a287000 	/System/Library/PrivateFrameworks/ApplePushService.framework/Versions/A/ApplePushService
0x000000000a287000 	/System/Library/PrivateFrameworks/GeoServices.framework/Versions/A/GeoServices
0x000000000a287000 	/System/Library/PrivateFrameworks/OAuth.framework/Versions/A/OAuth
0x000000000a287000 	/System/Library/Frameworks/CoreGraphics.framework/Versions/A/Resources/libCGCMS.A.dylib
0x000000000a287000 	/System/Library/CoreServices/RawCamera.bundle/Contents/MacOS/RawCamera
0x000000000a287000 	/System/Library/Frameworks/CoreGraphics.framework/Versions/A/Resources/libRIP.A.dylib
0x000000000a287000 	/System/Library/PrivateFrameworks/FamilyControls.framework/Versions/A/FamilyControls
0x000000000a287000 	/System/Library/PrivateFrameworks/CommerceKit.framework/Versions/A/Frameworks/CommerceCore.framework/Versions/A/CommerceCore
0x000000000a287000 	/System/Library/PrivateFrameworks/SystemAdministration.framework/Versions/A/SystemAdministration
0x000000000a287000 	/System/Library/PrivateFrameworks/AppContainer.framework/Versions/A/AppContainer
0x000000000a287000 	/System/Library/PrivateFrameworks/SecCodeWrapper.framework/Versions/A/SecCodeWrapper
0x000000000a287000 	/System/Library/Frameworks/DirectoryService.framework/Versions/A/DirectoryService
0x000000000a287000 	/System/Library/PrivateFrameworks/LoginUIKit.framework/Versions/A/Frameworks/LoginUICore.framework/Versions/A/LoginUICore
0x000000000a287000 	/usr/lib/libodfde.dylib
0x000000012543c000 	/Library/Java/JavaVirtualMachines/jdk1.8.0_25.jdk/Contents/Home/jre/lib/libjavafx_font.dylib
0x000000000a287000 	/System/Library/Frameworks/CoreGraphics.framework/Versions/A/Resources/libCGXType.A.dylib
0x00000001256b2000 	cl_kernels
0x00000001282d9000 	/System/Library/Frameworks/OpenCL.framework/Versions/A/Libraries/ImageFormats/unorm8_bgra.dylib
0x00000001256b7000 	cl_kernels
0x000000012629d000 	/Library/Java/JavaVirtualMachines/jdk1.8.0_25.jdk/Contents/Home/jre/lib/libprism_common.dylib

VM Arguments:
jvm_args: -Dfile.encoding=UTF-8 
java_command: Main
java_class_path (initial): /Users/vcheng/Documents/workspace/slogo_team08/bin
Launcher Type: SUN_STANDARD

Environment Variables:
PATH=/usr/bin:/bin:/usr/sbin:/sbin
SHELL=/bin/bash
DISPLAY=/private/tmp/com.apple.launchd.0fxOrwM1SD/org.macosforge.xquartz:0

Signal Handlers:
SIGSEGV: [libjvm.dylib+0x579dc7], sa_mask[0]=11111111011111110111111111111111, sa_flags=SA_ONSTACK|SA_RESTART|SA_SIGINFO
SIGBUS: [libjvm.dylib+0x579dc7], sa_mask[0]=11111111011111110111111111111111, sa_flags=SA_RESTART|SA_SIGINFO
SIGFPE: [libjvm.dylib+0x45b030], sa_mask[0]=11111111011111110111111111111111, sa_flags=SA_RESTART|SA_SIGINFO
SIGPIPE: [libjvm.dylib+0x45b030], sa_mask[0]=11111111011111110111111111111111, sa_flags=SA_RESTART|SA_SIGINFO
SIGXFSZ: [libjvm.dylib+0x45b030], sa_mask[0]=11111111011111110111111111111111, sa_flags=SA_RESTART|SA_SIGINFO
SIGILL: [libjvm.dylib+0x45b030], sa_mask[0]=11111111011111110111111111111111, sa_flags=SA_RESTART|SA_SIGINFO
SIGUSR1: SIG_DFL, sa_mask[0]=00000000000000000000000000000000, sa_flags=none
SIGUSR2: [libjvm.dylib+0x45ab4e], sa_mask[0]=00100000000000000000000000000000, sa_flags=SA_RESTART|SA_SIGINFO
SIGHUP: [libjvm.dylib+0x459121], sa_mask[0]=11111111011111110111111111111111, sa_flags=SA_RESTART|SA_SIGINFO
SIGINT: [libjvm.dylib+0x459121], sa_mask[0]=11111111011111110111111111111111, sa_flags=SA_RESTART|SA_SIGINFO
SIGTERM: [libjvm.dylib+0x459121], sa_mask[0]=11111111011111110111111111111111, sa_flags=SA_RESTART|SA_SIGINFO
SIGQUIT: [libjvm.dylib+0x459121], sa_mask[0]=11111111011111110111111111111111, sa_flags=SA_RESTART|SA_SIGINFO


---------------  S Y S T E M  ---------------

OS:Bsduname:Darwin 14.1.0 Darwin Kernel Version 14.1.0: Mon Dec 22 23:10:38 PST 2014; root:xnu-2782.10.72~2/RELEASE_X86_64 x86_64
rlimit: STACK 8192k, CORE 0k, NPROC 709, NOFILE 10240, AS infinity
load average:2.62 2.49 2.25

CPU:total 4 (2 cores per cpu, 2 threads per core) family 6 model 69 stepping 1, cmov, cx8, fxsr, mmx, sse, sse2, sse3, ssse3, sse4.1, sse4.2, popcnt, avx, avx2, aes, clmul, erms, lzcnt, ht, tsc, tscinvbit, bmi1, bmi2

Memory: 4k page, physical 4194304k(223796k free)

/proc/meminfo:


vm_info: Java HotSpot(TM) 64-Bit Server VM (25.25-b02) for bsd-amd64 JRE (1.8.0_25-b17), built on Sep 17 2014 16:56:50 by "java_re" with gcc 4.2.1 (Based on Apple Inc. build 5658) (LLVM build 2336.11.00)

time: Tue Mar  1 19:51:00 2016
elapsed time: 152 seconds (0d 0h 2m 32s)

