#
# A fatal error has been detected by the Java Runtime Environment:
#
#  SIGSEGV (0xb) at pc=0x000000011f8743fd, pid=1187, tid=1811
#
# JRE version: Java(TM) SE Runtime Environment (8.0_25-b17) (build 1.8.0_25-b17)
# Java VM: Java HotSpot(TM) 64-Bit Server VM (25.25-b02 mixed mode bsd-amd64 compressed oops)
# Problematic frame:
# C  [libglass.dylib+0x163fd]  GlassScreenDidChangeScreenParameters+0x9d
#
# Failed to write core dump. Core dumps have been disabled. To enable core dumping, try "ulimit -c unlimited" before starting Java again
#
# If you would like to submit a bug report, please visit:
#   http://bugreport.sun.com/bugreport/crash.jsp
#

---------------  T H R E A D  ---------------

Current thread is native thread

siginfo: si_signo: 11 (SIGSEGV), si_code: 1 (SEGV_MAPERR), si_addr: 0x0000000000000000

Registers:
RAX=0x000000011f8a6e40, RBX=0x0000000000000000, RCX=0x5e002277ddf89ee5, RDX=0x00007fab52c598d0
RSP=0x00007fff57d08120, RBP=0x00007fff57d08130, RSI=0x00007fab52e19428, RDI=0x0000000000000000
R8 =0x00007fff57d07fd0, R9 =0x00007fff70c4c300, R10=0x0000000000000000, R11=0x0000000000000246
R12=0x00007fab52f11660, R13=0x00000000000f4268, R14=0x00007fab52c57a80, R15=0x00007fff57d08270
RIP=0x000000011f8743fd, EFLAGS=0x0000000000010202, ERR=0x0000000000000004
  TRAPNO=0x000000000000000e

Top of Stack: (sp=0x00007fff57d08120)
0x00007fff57d08120:   00007fff57d08300 00007fab52c57a80
0x00007fff57d08130:   00007fff57d08140 00007fff87487cdc
0x00007fff57d08140:   00007fff57d084a0 00007fff87379244
0x00007fff57d08150:   00007fff57d081a0 0000000000000a00
0x00007fff57d08160:   00007fff71335cf0 00007fab52dccbd0
0x00007fff57d08170:   0000000000001001 0000000000000900
0x00007fff57d08180:   00007fab52dccbd0 00007fab52c57a80
0x00007fff57d08190:   0000000000000000 00007fff57d08270
0x00007fff57d081a0:   0000000000000000 00007fab52c57a40
0x00007fff57d081b0:   00007fff57d082f0 0000000000000060
0x00007fff57d081c0:   00000000000f430f 00007fab52e46810
0x00007fff57d081d0:   00007fab52d372a0 00007fab52f11660
0x00007fff57d081e0:   0000000000000001 00000000000f4268
0x00007fff57d081f0:   00007fab52f11650 00007fff8d999acb
0x00007fff57d08200:   0000000000000001 0000000000000001
0x00007fff57d08210:   0000000000000030 0000000000000001
0x00007fff57d08220:   00007fff57d08240 00007fff8d99f231
0x00007fff57d08230:   00007fff71333dd0 0000000000000000
0x00007fff57d08240:   00007fff57d08260 000000000000000e
0x00007fff57d08250:   0005c60352e503f0 00007fab52f11684
0x00007fff57d08260:   0000000000000000 00007fff8736ed1f
0x00007fff57d08270:   00007fab52c57a80 00007fff71333dd0
0x00007fff57d08280:   00007fff57d08300 00007fff8737784f
0x00007fff57d08290:   00007fff57d08304 0000000000471c01
0x00007fff57d082a0:   0000000107f12a00 0000000000000002
0x00007fff57d082b0:   0000000107f0f000 00007fab52ebed42
0x00007fff57d082c0:   0000000000000003 0000000107f13400
0x00007fff57d082d0:   00007fff57d083c0 00007fff8d9982a2
0x00007fff57d082e0:   00007fab52d36e30 00007fff57d084a8
0x00007fff57d082f0:   0000000000000017 0000000000000000
0x00007fff57d08300:   00000000000f4268 00007fff8736f013
0x00007fff57d08310:   00007fff00000000 00007fab52d3cfc0 

Instructions: (pc=0x000000011f8743fd)
0x000000011f8743dd:   89 df 4c 89 f1 41 ff 90 68 04 00 00 48 8d 05 58
0x000000011f8743ed:   29 03 00 48 8b 30 48 8d 05 46 2a 03 00 48 8b 10
0x000000011f8743fd:   48 8b 0b 30 c0 48 89 df ff 91 68 04 00 00 48 8b
0x000000011f87440d:   03 48 89 df ff 50 78 48 85 c0 74 36 49 89 c6 48 

Register to memory mapping:

RAX=0x000000011f8a6e40: jScreenNotifySettingsChanged+0 in /Library/Java/JavaVirtualMachines/jdk1.8.0_25.jdk/Contents/Home/jre/lib/libglass.dylib at 0x000000011f85e000
RBX=0x0000000000000000 is an unknown value
RCX=0x5e002277ddf89ee5 is an unknown value
RDX=0x00007fab52c598d0 is an unknown value
RSP=0x00007fff57d08120 is an unknown value
RBP=0x00007fff57d08130 is an unknown value
RSI=0x00007fab52e19428 is a global jni handle
RDI=0x0000000000000000 is an unknown value
R8 =0x00007fff57d07fd0 is an unknown value
R9 =0x00007fff70c4c300: _thread+0 in /usr/lib/system/libsystem_pthread.dylib at 0x00007fff84caa000
R10=0x0000000000000000 is an unknown value
R11=0x0000000000000246 is an unknown value
R12=0x00007fab52f11660 is an unknown value
R13=0x00000000000f4268 is an unknown value
R14=0x00007fab52c57a80 is an unknown value
R15=0x00007fff57d08270 is an unknown value


Stack: [0x00007fff5750b000,0x00007fff57d0b000],  sp=0x00007fff57d08120,  free space=8180k
Native frames: (J=compiled Java code, j=interpreted, Vv=VM code, C=native code)
C  [libglass.dylib+0x163fd]  GlassScreenDidChangeScreenParameters+0x9d
C  [CoreFoundation+0x11ecdc]  __CFNOTIFICATIONCENTER_IS_CALLING_OUT_TO_AN_OBSERVER__+0xc
C  [CoreFoundation+0x10244]  _CFXNotificationPost+0xc44
C  [Foundation+0x2c31]  -[NSNotificationCenter postNotificationName:object:userInfo:]+0x42
C  [AppKit+0x36305e]  -[NSApplication _reactToScreenInvalidationImmediately:]+0x17b
C  [AppKit+0x362e9d]  __44-[NSApplication _reactToScreenInvalidation:]_block_invoke+0x4b
C  [CoreFoundation+0x8056c]  __CFRUNLOOP_IS_CALLING_OUT_TO_A_BLOCK__+0xc
C  [CoreFoundation+0x72675]  __CFRunLoopDoBlocks+0x155
C  [CoreFoundation+0x721b6]  __CFRunLoopRun+0x716
C  [CoreFoundation+0x71858]  CFRunLoopRunSpecific+0x128
C  [java+0x56cc]  CreateExecutionEnvironment+0x367
C  [java+0x165c]  JLI_Launch+0x7a0
C  [java+0x768a]  main+0x65
C  [java+0xeb4]  start+0x34


---------------  P R O C E S S  ---------------

VM state:at safepoint (normal execution)

VM Mutex/Monitor currently owned by a thread:  ([mutex/lock_event])
[0x00007fab52c04590] Threads_lock - owner thread: 0x00007fab5301a000
[0x00007fab52c04a90] Heap_lock - owner thread: 0x00007fab53c43800

Heap:
 PSYoungGen      total 18944K, used 5215K [0x00000007aab00000, 0x00000007ad000000, 0x00000007c0000000)
  eden space 16384K, 16% used [0x00000007aab00000,0x00000007aad9fd68,0x00000007abb00000)
  from space 2560K, 98% used [0x00000007acd80000,0x00000007acff8020,0x00000007ad000000)
  to   space 2560K, 0% used [0x00000007abb00000,0x00000007abb00000,0x00000007abd80000)
 ParOldGen       total 44032K, used 10162K [0x0000000780000000, 0x0000000782b00000, 0x00000007aab00000)
  object space 44032K, 23% used [0x0000000780000000,0x00000007809ecbc0,0x0000000782b00000)
 Metaspace       used 19115K, capacity 20518K, committed 20864K, reserved 1067008K
  class space    used 2856K, capacity 3082K, committed 3200K, reserved 1048576K

Card table byte_map: [0x0000000118cc3000,0x0000000118ec4000] byte_map_base: 0x00000001150c3000

Marking Bits: (ParMarkBitMap*) 0x0000000108890390
 Begin Bits: [0x0000000119426000, 0x000000011a426000)
 End Bits:   [0x000000011a426000, 0x000000011b426000)

Polling page: 0x0000000108f68000

CodeCache: size=245760Kb used=10570Kb max_used=10570Kb free=235189Kb
 bounds [0x0000000109903000, 0x000000010a363000, 0x0000000118903000]
 total_blobs=4117 nmethods=3463 adapters=567
 compilation: enabled

Compilation events (10 events):
Event: 485.082 Thread 0x00007fab5301e800 3487       3       java.lang.invoke.LambdaForm::interpretWithArguments (95 bytes)
Event: 485.084 Thread 0x00007fab5301e800 nmethod 3487 0x000000010a352410 code [0x000000010a3525e0, 0x000000010a352c68]
Event: 485.085 Thread 0x00007fab5301e800 3489  s    3       java.util.Vector::elementAt (48 bytes)
Event: 485.086 Thread 0x00007fab5301e800 nmethod 3489 0x000000010a357a50 code [0x000000010a357c60, 0x000000010a3587e8]
Event: 485.087 Thread 0x00007fab5301e800 3488       3       java.lang.invoke.LambdaForm::checkInvocationCounter (42 bytes)
Event: 485.087 Thread 0x00007fab5301e800 nmethod 3488 0x000000010a34cf10 code [0x000000010a34d080, 0x000000010a34d308]
Event: 485.099 Thread 0x00007fab5301e800 3490       3       sun.invoke.util.BytecodeDescriptor::unparseMethod (68 bytes)
Event: 485.101 Thread 0x00007fab5301e800 nmethod 3490 0x000000010a356150 code [0x000000010a3563a0, 0x000000010a357278]
Event: 485.102 Thread 0x00007fab5301e800 3491   !   3       com.sun.javafx.application.PlatformImpl::checkIdle (154 bytes)
Event: 485.105 Thread 0x00007fab5301e800 nmethod 3491 0x000000010a35aa10 code [0x000000010a35ace0, 0x000000010a35c358]

GC Heap History (8 events):
Event: 1.194 GC heap before
{Heap before GC invocations=1 (full 0):
 PSYoungGen      total 18944K, used 16384K [0x00000007aab00000, 0x00000007ac000000, 0x00000007c0000000)
  eden space 16384K, 100% used [0x00000007aab00000,0x00000007abb00000,0x00000007abb00000)
  from space 2560K, 0% used [0x00000007abd80000,0x00000007abd80000,0x00000007ac000000)
  to   space 2560K, 0% used [0x00000007abb00000,0x00000007abb00000,0x00000007abd80000)
 ParOldGen       total 44032K, used 0K [0x0000000780000000, 0x0000000782b00000, 0x00000007aab00000)
  object space 44032K, 0% used [0x0000000780000000,0x0000000780000000,0x0000000782b00000)
 Metaspace       used 8939K, capacity 9488K, committed 9600K, reserved 1056768K
  class space    used 1206K, capacity 1338K, committed 1408K, reserved 1048576K
Event: 1.202 GC heap after
Heap after GC invocations=1 (full 0):
 PSYoungGen      total 18944K, used 2544K [0x00000007aab00000, 0x00000007ac000000, 0x00000007c0000000)
  eden space 16384K, 0% used [0x00000007aab00000,0x00000007aab00000,0x00000007abb00000)
  from space 2560K, 99% used [0x00000007abb00000,0x00000007abd7c030,0x00000007abd80000)
  to   space 2560K, 0% used [0x00000007abd80000,0x00000007abd80000,0x00000007ac000000)
 ParOldGen       total 44032K, used 8K [0x0000000780000000, 0x0000000782b00000, 0x00000007aab00000)
  object space 44032K, 0% used [0x0000000780000000,0x0000000780002000,0x0000000782b00000)
 Metaspace       used 8939K, capacity 9488K, committed 9600K, reserved 1056768K
  class space    used 1206K, capacity 1338K, committed 1408K, reserved 1048576K
}
Event: 2.163 GC heap before
{Heap before GC invocations=2 (full 0):
 PSYoungGen      total 18944K, used 18928K [0x00000007aab00000, 0x00000007ac000000, 0x00000007c0000000)
  eden space 16384K, 100% used [0x00000007aab00000,0x00000007abb00000,0x00000007abb00000)
  from space 2560K, 99% used [0x00000007abb00000,0x00000007abd7c030,0x00000007abd80000)
  to   space 2560K, 0% used [0x00000007abd80000,0x00000007abd80000,0x00000007ac000000)
 ParOldGen       total 44032K, used 8K [0x0000000780000000, 0x0000000782b00000, 0x00000007aab00000)
  object space 44032K, 0% used [0x0000000780000000,0x0000000780002000,0x0000000782b00000)
 Metaspace       used 14754K, capacity 15574K, committed 15872K, reserved 1062912K
  class space    used 2354K, capacity 2515K, committed 2560K, reserved 1048576K
Event: 2.174 GC heap after
Heap after GC invocations=2 (full 0):
 PSYoungGen      total 18944K, used 2544K [0x00000007aab00000, 0x00000007ac000000, 0x00000007c0000000)
  eden space 16384K, 0% used [0x00000007aab00000,0x00000007aab00000,0x00000007abb00000)
  from space 2560K, 99% used [0x00000007abd80000,0x00000007abffc030,0x00000007ac000000)
  to   space 2560K, 0% used [0x00000007abb00000,0x00000007abb00000,0x00000007abd80000)
 ParOldGen       total 44032K, used 1784K [0x0000000780000000, 0x0000000782b00000, 0x00000007aab00000)
  object space 44032K, 4% used [0x0000000780000000,0x00000007801be0b0,0x0000000782b00000)
 Metaspace       used 14754K, capacity 15574K, committed 15872K, reserved 1062912K
  class space    used 2354K, capacity 2515K, committed 2560K, reserved 1048576K
}
Event: 3.117 GC heap before
{Heap before GC invocations=3 (full 0):
 PSYoungGen      total 18944K, used 18928K [0x00000007aab00000, 0x00000007ac000000, 0x00000007c0000000)
  eden space 16384K, 100% used [0x00000007aab00000,0x00000007abb00000,0x00000007abb00000)
  from space 2560K, 99% used [0x00000007abd80000,0x00000007abffc030,0x00000007ac000000)
  to   space 2560K, 0% used [0x00000007abb00000,0x00000007abb00000,0x00000007abd80000)
 ParOldGen       total 44032K, used 1784K [0x0000000780000000, 0x0000000782b00000, 0x00000007aab00000)
  object space 44032K, 4% used [0x0000000780000000,0x00000007801be0b0,0x0000000782b00000)
 Metaspace       used 17447K, capacity 18798K, committed 18944K, reserved 1064960K
  class space    used 2746K, capacity 2980K, committed 3072K, reserved 1048576K
Event: 3.133 GC heap after
Heap after GC invocations=3 (full 0):
 PSYoungGen      total 18944K, used 2544K [0x00000007aab00000, 0x00000007ad000000, 0x00000007c0000000)
  eden space 16384K, 0% used [0x00000007aab00000,0x00000007aab00000,0x00000007abb00000)
  from space 2560K, 99% used [0x00000007abb00000,0x00000007abd7c030,0x00000007abd80000)
  to   space 2560K, 0% used [0x00000007acd80000,0x00000007acd80000,0x00000007ad000000)
 ParOldGen       total 44032K, used 8954K [0x0000000780000000, 0x0000000782b00000, 0x00000007aab00000)
  object space 44032K, 20% used [0x0000000780000000,0x00000007808beba0,0x0000000782b00000)
 Metaspace       used 17447K, capacity 18798K, committed 18944K, reserved 1064960K
  class space    used 2746K, capacity 2980K, committed 3072K, reserved 1048576K
}
Event: 228.558 GC heap before
{Heap before GC invocations=4 (full 0):
 PSYoungGen      total 18944K, used 18928K [0x00000007aab00000, 0x00000007ad000000, 0x00000007c0000000)
  eden space 16384K, 100% used [0x00000007aab00000,0x00000007abb00000,0x00000007abb00000)
  from space 2560K, 99% used [0x00000007abb00000,0x00000007abd7c030,0x00000007abd80000)
  to   space 2560K, 0% used [0x00000007acd80000,0x00000007acd80000,0x00000007ad000000)
 ParOldGen       total 44032K, used 8954K [0x0000000780000000, 0x0000000782b00000, 0x00000007aab00000)
  object space 44032K, 20% used [0x0000000780000000,0x00000007808beba0,0x0000000782b00000)
 Metaspace       used 19087K, capacity 20482K, committed 20608K, reserved 1067008K
  class space    used 2849K, capacity 3074K, committed 3200K, reserved 1048576K
Event: 228.578 GC heap after
Heap after GC invocations=4 (full 0):
 PSYoungGen      total 18944K, used 2528K [0x00000007aab00000, 0x00000007ad000000, 0x00000007c0000000)
  eden space 16384K, 0% used [0x00000007aab00000,0x00000007aab00000,0x00000007abb00000)
  from space 2560K, 98% used [0x00000007acd80000,0x00000007acff8020,0x00000007ad000000)
  to   space 2560K, 0% used [0x00000007abb00000,0x00000007abb00000,0x00000007abd80000)
 ParOldGen       total 44032K, used 10162K [0x0000000780000000, 0x0000000782b00000, 0x00000007aab00000)
  object space 44032K, 23% used [0x0000000780000000,0x00000007809ecbc0,0x0000000782b00000)
 Metaspace       used 19087K, capacity 20482K, committed 20608K, reserved 1067008K
  class space    used 2849K, capacity 3074K, committed 3200K, reserved 1048576K
}

Deoptimization events (10 events):
Event: 35.768 Thread 0x00007fab54834000 Uncommon trap: reason=array_check action=maybe_recompile pc=0x000000010a0d34b4 method=com.sun.javafx.css.CompoundSelector.applies(Ljavafx/css/Styleable;[Ljava/util/Set;I)Z @ 128
Event: 35.768 Thread 0x00007fab54834000 Uncommon trap: reason=array_check action=maybe_recompile pc=0x000000010a0d34b4 method=com.sun.javafx.css.CompoundSelector.applies(Ljavafx/css/Styleable;[Ljava/util/Set;I)Z @ 128
Event: 35.768 Thread 0x00007fab54834000 Uncommon trap: reason=array_check action=maybe_recompile pc=0x000000010a0d34b4 method=com.sun.javafx.css.CompoundSelector.applies(Ljavafx/css/Styleable;[Ljava/util/Set;I)Z @ 128
Event: 35.768 Thread 0x00007fab54834000 Uncommon trap: reason=array_check action=maybe_recompile pc=0x000000010a0d34b4 method=com.sun.javafx.css.CompoundSelector.applies(Ljavafx/css/Styleable;[Ljava/util/Set;I)Z @ 128
Event: 35.779 Thread 0x00007fab54834000 Uncommon trap: reason=null_check action=make_not_entrant pc=0x000000010a29179c method=javafx.scene.Node$MiscProperties.getClip()Ljavafx/scene/Node; @ 20
Event: 35.779 Thread 0x00007fab54834000 Uncommon trap: reason=null_check action=make_not_entrant pc=0x0000000109f88f68 method=javafx.scene.Node$MiscProperties.getClip()Ljavafx/scene/Node; @ 20
Event: 35.779 Thread 0x00007fab54834000 Uncommon trap: reason=null_check action=make_not_entrant pc=0x000000010a087470 method=javafx.scene.Node$MiscProperties.getClip()Ljavafx/scene/Node; @ 20
Event: 485.053 Thread 0x00007fab54834000 Uncommon trap: reason=bimorphic action=maybe_recompile pc=0x000000010a3407e8 method=com.sun.javafx.event.EventHandlerManager.dispatchCapturingEvent(Ljavafx/event/Event;)Ljavafx/event/Event; @ 1
Event: 485.053 Thread 0x00007fab54834000 Uncommon trap: reason=bimorphic action=maybe_recompile pc=0x000000010a3407e8 method=com.sun.javafx.event.EventHandlerManager.dispatchCapturingEvent(Ljavafx/event/Event;)Ljavafx/event/Event; @ 1
Event: 485.060 Thread 0x00007fab54834000 Uncommon trap: reason=bimorphic action=maybe_recompile pc=0x000000010a3407e8 method=com.sun.javafx.event.EventHandlerManager.dispatchCapturingEvent(Ljavafx/event/Event;)Ljavafx/event/Event; @ 1

Internal exceptions (10 events):
Event: 35.756 Thread 0x00007fab54834000 Exception <a 'java/security/PrivilegedActionException'> (0x00000007ab4f87c8) thrown at [/HUDSON3/workspace/8-2-build-macosx-x86_64/jdk8u25/1514/hotspot/src/share/vm/prims/jvm.cpp, line 1312]
Event: 35.756 Thread 0x00007fab54834000 Exception <a 'java/security/PrivilegedActionException'> (0x00000007ab4fb6d0) thrown at [/HUDSON3/workspace/8-2-build-macosx-x86_64/jdk8u25/1514/hotspot/src/share/vm/prims/jvm.cpp, line 1312]
Event: 35.757 Thread 0x00007fab54834000 Exception <a 'java/security/PrivilegedActionException'> (0x00000007ab4fe588) thrown at [/HUDSON3/workspace/8-2-build-macosx-x86_64/jdk8u25/1514/hotspot/src/share/vm/prims/jvm.cpp, line 1312]
Event: 35.758 Thread 0x00007fab54834000 Exception <a 'java/security/PrivilegedActionException'> (0x00000007ab501440) thrown at [/HUDSON3/workspace/8-2-build-macosx-x86_64/jdk8u25/1514/hotspot/src/share/vm/prims/jvm.cpp, line 1312]
Event: 35.759 Thread 0x00007fab54834000 Exception <a 'java/security/PrivilegedActionException'> (0x00000007ab5042f8) thrown at [/HUDSON3/workspace/8-2-build-macosx-x86_64/jdk8u25/1514/hotspot/src/share/vm/prims/jvm.cpp, line 1312]
Event: 35.760 Thread 0x00007fab54834000 Exception <a 'java/security/PrivilegedActionException'> (0x00000007ab5070a0) thrown at [/HUDSON3/workspace/8-2-build-macosx-x86_64/jdk8u25/1514/hotspot/src/share/vm/prims/jvm.cpp, line 1312]
Event: 35.760 Thread 0x00007fab54834000 Exception <a 'java/security/PrivilegedActionException'> (0x00000007ab509f20) thrown at [/HUDSON3/workspace/8-2-build-macosx-x86_64/jdk8u25/1514/hotspot/src/share/vm/prims/jvm.cpp, line 1312]
Event: 35.779 Thread 0x00007fab54834000 Implicit null exception at 0x000000010a2905d0 to 0x000000010a291781
Event: 35.779 Thread 0x00007fab54834000 Implicit null exception at 0x0000000109f88b57 to 0x0000000109f88f5d
Event: 35.779 Thread 0x00007fab54834000 Implicit null exception at 0x000000010a08740e to 0x000000010a087465

Events (10 events):
Event: 485.102 Thread 0x00007fab54001000 Thread exited: 0x00007fab54001000
Event: 485.102 Thread 0x00007fab540ec000 Thread exited: 0x00007fab540ec000
Event: 485.102 Thread 0x00007fab54003000 Thread exited: 0x00007fab54003000
Event: 485.102 Thread 0x00007fab53c43800 Thread added: 0x00007fab53c43800
Event: 485.358 Thread 0x00007fab54834000 Thread exited: 0x00007fab54834000
Event: 485.359 loading class java/util/IdentityHashMap$KeyIterator
Event: 485.359 loading class java/util/IdentityHashMap$IdentityHashMapIterator
Event: 485.360 loading class java/util/IdentityHashMap$IdentityHashMapIterator done
Event: 485.360 loading class java/util/IdentityHashMap$KeyIterator done
Event: 485.360 Thread 0x00007fab53c43800 Thread exited: 0x00007fab53c43800


Dynamic libraries:
0x0000000000094000 	/System/Library/Frameworks/Cocoa.framework/Versions/A/Cocoa
0x0000000000094000 	/System/Library/Frameworks/Security.framework/Versions/A/Security
0x0000000000094000 	/System/Library/Frameworks/ApplicationServices.framework/Versions/A/ApplicationServices
0x0000000000094000 	/usr/lib/libz.1.dylib
0x0000000000094000 	/usr/lib/libSystem.B.dylib
0x0000000000094000 	/usr/lib/libobjc.A.dylib
0x0000000000094000 	/System/Library/Frameworks/CoreFoundation.framework/Versions/A/CoreFoundation
0x0000000000094000 	/System/Library/Frameworks/Foundation.framework/Versions/C/Foundation
0x0000000000094000 	/System/Library/Frameworks/AppKit.framework/Versions/C/AppKit
0x0000000000094000 	/System/Library/Frameworks/CoreData.framework/Versions/A/CoreData
0x0000000000094000 	/System/Library/PrivateFrameworks/RemoteViewServices.framework/Versions/A/RemoteViewServices
0x0000000000094000 	/System/Library/PrivateFrameworks/UIFoundation.framework/Versions/A/UIFoundation
0x0000000000094000 	/System/Library/Frameworks/IOSurface.framework/Versions/A/IOSurface
0x0000000000094000 	/System/Library/Frameworks/AudioToolbox.framework/Versions/A/AudioToolbox
0x0000000000094000 	/System/Library/Frameworks/AudioUnit.framework/Versions/A/AudioUnit
0x0000000000094000 	/System/Library/PrivateFrameworks/DataDetectorsCore.framework/Versions/A/DataDetectorsCore
0x0000000000094000 	/System/Library/PrivateFrameworks/DesktopServicesPriv.framework/Versions/A/DesktopServicesPriv
0x0000000000094000 	/System/Library/Frameworks/Carbon.framework/Versions/A/Frameworks/HIToolbox.framework/Versions/A/HIToolbox
0x0000000000094000 	/System/Library/Frameworks/QuartzCore.framework/Versions/A/QuartzCore
0x0000000000094000 	/System/Library/Frameworks/Carbon.framework/Versions/A/Frameworks/SpeechRecognition.framework/Versions/A/SpeechRecognition
0x0000000000094000 	/usr/lib/libauto.dylib
0x0000000000094000 	/usr/lib/libicucore.A.dylib
0x0000000000094000 	/usr/lib/libxml2.2.dylib
0x0000000000094000 	/System/Library/PrivateFrameworks/CoreUI.framework/Versions/A/CoreUI
0x0000000000094000 	/System/Library/Frameworks/CoreAudio.framework/Versions/A/CoreAudio
0x0000000000094000 	/System/Library/Frameworks/DiskArbitration.framework/Versions/A/DiskArbitration
0x0000000000094000 	/usr/lib/liblangid.dylib
0x0000000000094000 	/System/Library/PrivateFrameworks/MultitouchSupport.framework/Versions/A/MultitouchSupport
0x0000000000094000 	/System/Library/Frameworks/IOKit.framework/Versions/A/IOKit
0x0000000000094000 	/usr/lib/libDiagnosticMessagesClient.dylib
0x0000000000094000 	/System/Library/Frameworks/CoreServices.framework/Versions/A/CoreServices
0x0000000000094000 	/System/Library/PrivateFrameworks/PerformanceAnalysis.framework/Versions/A/PerformanceAnalysis
0x0000000000094000 	/System/Library/PrivateFrameworks/GenerationalStorage.framework/Versions/A/GenerationalStorage
0x0000000000094000 	/System/Library/Frameworks/OpenGL.framework/Versions/A/OpenGL
0x0000000000094000 	/System/Library/PrivateFrameworks/Sharing.framework/Versions/A/Sharing
0x0000000000094000 	/System/Library/Frameworks/CoreGraphics.framework/Versions/A/CoreGraphics
0x0000000000094000 	/System/Library/Frameworks/CoreText.framework/Versions/A/CoreText
0x0000000000094000 	/System/Library/Frameworks/ImageIO.framework/Versions/A/ImageIO
0x0000000000094000 	/usr/lib/libextension.dylib
0x0000000000094000 	/System/Library/PrivateFrameworks/Backup.framework/Versions/A/Backup
0x0000000000094000 	/usr/lib/libarchive.2.dylib
0x0000000000094000 	/System/Library/Frameworks/CFNetwork.framework/Versions/A/CFNetwork
0x0000000000094000 	/System/Library/Frameworks/SystemConfiguration.framework/Versions/A/SystemConfiguration
0x0000000000094000 	/usr/lib/libCRFSuite.dylib
0x0000000000094000 	/usr/lib/libc++.1.dylib
0x0000000000094000 	/usr/lib/libc++abi.dylib
0x0000000000094000 	/usr/lib/system/libcache.dylib
0x0000000000094000 	/usr/lib/system/libcommonCrypto.dylib
0x0000000000094000 	/usr/lib/system/libcompiler_rt.dylib
0x0000000000094000 	/usr/lib/system/libcopyfile.dylib
0x0000000000094000 	/usr/lib/system/libcorecrypto.dylib
0x0000000000094000 	/usr/lib/system/libdispatch.dylib
0x0000000000094000 	/usr/lib/system/libdyld.dylib
0x0000000000094000 	/usr/lib/system/libkeymgr.dylib
0x0000000000094000 	/usr/lib/system/liblaunch.dylib
0x0000000000094000 	/usr/lib/system/libmacho.dylib
0x0000000000094000 	/usr/lib/system/libquarantine.dylib
0x0000000000094000 	/usr/lib/system/libremovefile.dylib
0x0000000000094000 	/usr/lib/system/libsystem_asl.dylib
0x0000000000094000 	/usr/lib/system/libsystem_blocks.dylib
0x0000000000094000 	/usr/lib/system/libsystem_c.dylib
0x0000000000094000 	/usr/lib/system/libsystem_configuration.dylib
0x0000000000094000 	/usr/lib/system/libsystem_coreservices.dylib
0x0000000000094000 	/usr/lib/system/libsystem_coretls.dylib
0x0000000000094000 	/usr/lib/system/libsystem_dnssd.dylib
0x0000000000094000 	/usr/lib/system/libsystem_info.dylib
0x0000000000094000 	/usr/lib/system/libsystem_kernel.dylib
0x0000000000094000 	/usr/lib/system/libsystem_m.dylib
0x0000000000094000 	/usr/lib/system/libsystem_malloc.dylib
0x0000000000094000 	/usr/lib/system/libsystem_network.dylib
0x0000000000094000 	/usr/lib/system/libsystem_networkextension.dylib
0x0000000000094000 	/usr/lib/system/libsystem_notify.dylib
0x0000000000094000 	/usr/lib/system/libsystem_platform.dylib
0x0000000000094000 	/usr/lib/system/libsystem_pthread.dylib
0x0000000000094000 	/usr/lib/system/libsystem_sandbox.dylib
0x0000000000094000 	/usr/lib/system/libsystem_secinit.dylib
0x0000000000094000 	/usr/lib/system/libsystem_stats.dylib
0x0000000000094000 	/usr/lib/system/libsystem_trace.dylib
0x0000000000094000 	/usr/lib/system/libunc.dylib
0x0000000000094000 	/usr/lib/system/libunwind.dylib
0x0000000000094000 	/usr/lib/system/libxpc.dylib
0x0000000000094000 	/usr/lib/libbz2.1.0.dylib
0x0000000000094000 	/usr/lib/liblzma.5.dylib
0x0000000000094000 	/usr/lib/libbsm.0.dylib
0x0000000000094000 	/usr/lib/libsqlite3.dylib
0x0000000000094000 	/usr/lib/system/libkxld.dylib
0x0000000000094000 	/usr/lib/libxar.1.dylib
0x0000000000094000 	/usr/lib/libpam.2.dylib
0x0000000000094000 	/usr/lib/libOpenScriptingUtil.dylib
0x0000000000094000 	/System/Library/Frameworks/CoreServices.framework/Versions/A/Frameworks/FSEvents.framework/Versions/A/FSEvents
0x0000000000094000 	/System/Library/Frameworks/CoreServices.framework/Versions/A/Frameworks/CarbonCore.framework/Versions/A/CarbonCore
0x0000000000094000 	/System/Library/Frameworks/CoreServices.framework/Versions/A/Frameworks/Metadata.framework/Versions/A/Metadata
0x0000000000094000 	/System/Library/Frameworks/CoreServices.framework/Versions/A/Frameworks/OSServices.framework/Versions/A/OSServices
0x0000000000094000 	/System/Library/Frameworks/CoreServices.framework/Versions/A/Frameworks/SearchKit.framework/Versions/A/SearchKit
0x0000000000094000 	/System/Library/Frameworks/CoreServices.framework/Versions/A/Frameworks/AE.framework/Versions/A/AE
0x0000000000094000 	/System/Library/Frameworks/CoreServices.framework/Versions/A/Frameworks/LaunchServices.framework/Versions/A/LaunchServices
0x0000000000094000 	/System/Library/Frameworks/CoreServices.framework/Versions/A/Frameworks/DictionaryServices.framework/Versions/A/DictionaryServices
0x0000000000094000 	/System/Library/Frameworks/NetFS.framework/Versions/A/NetFS
0x0000000000094000 	/System/Library/PrivateFrameworks/NetAuth.framework/Versions/A/NetAuth
0x0000000000094000 	/System/Library/PrivateFrameworks/login.framework/Versions/A/Frameworks/loginsupport.framework/Versions/A/loginsupport
0x0000000000094000 	/System/Library/PrivateFrameworks/TCC.framework/Versions/A/TCC
0x0000000000094000 	/usr/lib/libmecabra.dylib
0x0000000000094000 	/System/Library/Frameworks/ApplicationServices.framework/Versions/A/Frameworks/ATS.framework/Versions/A/ATS
0x0000000000094000 	/System/Library/Frameworks/ApplicationServices.framework/Versions/A/Frameworks/ColorSync.framework/Versions/A/ColorSync
0x0000000000094000 	/System/Library/Frameworks/ApplicationServices.framework/Versions/A/Frameworks/HIServices.framework/Versions/A/HIServices
0x0000000000094000 	/System/Library/Frameworks/ApplicationServices.framework/Versions/A/Frameworks/LangAnalysis.framework/Versions/A/LangAnalysis
0x0000000000094000 	/System/Library/Frameworks/ApplicationServices.framework/Versions/A/Frameworks/PrintCore.framework/Versions/A/PrintCore
0x0000000000094000 	/System/Library/Frameworks/ApplicationServices.framework/Versions/A/Frameworks/QD.framework/Versions/A/QD
0x0000000000094000 	/System/Library/Frameworks/ApplicationServices.framework/Versions/A/Frameworks/SpeechSynthesis.framework/Versions/A/SpeechSynthesis
0x0000000000094000 	/System/Library/Frameworks/Accelerate.framework/Versions/A/Accelerate
0x0000000000094000 	/System/Library/Frameworks/Accelerate.framework/Versions/A/Frameworks/vImage.framework/Versions/A/vImage
0x0000000000094000 	/System/Library/Frameworks/Accelerate.framework/Versions/A/Frameworks/vecLib.framework/Versions/A/vecLib
0x0000000000094000 	/System/Library/Frameworks/Accelerate.framework/Versions/A/Frameworks/vecLib.framework/Versions/A/libvDSP.dylib
0x0000000000094000 	/System/Library/Frameworks/Accelerate.framework/Versions/A/Frameworks/vecLib.framework/Versions/A/libvMisc.dylib
0x0000000000094000 	/System/Library/Frameworks/Accelerate.framework/Versions/A/Frameworks/vecLib.framework/Versions/A/libLAPACK.dylib
0x0000000000094000 	/System/Library/Frameworks/Accelerate.framework/Versions/A/Frameworks/vecLib.framework/Versions/A/libBLAS.dylib
0x0000000000094000 	/System/Library/Frameworks/Accelerate.framework/Versions/A/Frameworks/vecLib.framework/Versions/A/libLinearAlgebra.dylib
0x0000000000094000 	/System/Library/Frameworks/ApplicationServices.framework/Versions/A/Frameworks/ATS.framework/Versions/A/Resources/libFontParser.dylib
0x0000000000094000 	/System/Library/Frameworks/ApplicationServices.framework/Versions/A/Frameworks/ATS.framework/Versions/A/Resources/libFontRegistry.dylib
0x0000000000094000 	/System/Library/PrivateFrameworks/AppleVPA.framework/Versions/A/AppleVPA
0x0000000000094000 	/System/Library/PrivateFrameworks/AppleJPEG.framework/Versions/A/AppleJPEG
0x0000000000094000 	/System/Library/Frameworks/ImageIO.framework/Versions/A/Resources/libJPEG.dylib
0x0000000000094000 	/System/Library/Frameworks/ImageIO.framework/Versions/A/Resources/libTIFF.dylib
0x0000000000094000 	/System/Library/Frameworks/ImageIO.framework/Versions/A/Resources/libPng.dylib
0x0000000000094000 	/System/Library/Frameworks/ImageIO.framework/Versions/A/Resources/libGIF.dylib
0x0000000000094000 	/System/Library/Frameworks/ImageIO.framework/Versions/A/Resources/libJP2.dylib
0x0000000000094000 	/System/Library/Frameworks/ImageIO.framework/Versions/A/Resources/libRadiance.dylib
0x0000000000094000 	/System/Library/Frameworks/CoreVideo.framework/Versions/A/CoreVideo
0x0000000000094000 	/System/Library/Frameworks/OpenGL.framework/Versions/A/Libraries/libGLU.dylib
0x0000000000094000 	/System/Library/Frameworks/OpenGL.framework/Versions/A/Libraries/libGFXShared.dylib
0x0000000000094000 	/System/Library/Frameworks/OpenGL.framework/Versions/A/Libraries/libGL.dylib
0x0000000000094000 	/System/Library/Frameworks/OpenGL.framework/Versions/A/Libraries/libGLImage.dylib
0x0000000000094000 	/System/Library/Frameworks/OpenGL.framework/Versions/A/Libraries/libCVMSPluginSupport.dylib
0x0000000000094000 	/System/Library/Frameworks/OpenGL.framework/Versions/A/Libraries/libCoreVMClient.dylib
0x0000000000094000 	/usr/lib/libcups.2.dylib
0x0000000000094000 	/System/Library/Frameworks/Kerberos.framework/Versions/A/Kerberos
0x0000000000094000 	/System/Library/Frameworks/GSS.framework/Versions/A/GSS
0x0000000000094000 	/usr/lib/libresolv.9.dylib
0x0000000000094000 	/usr/lib/libiconv.2.dylib
0x0000000000094000 	/System/Library/PrivateFrameworks/Heimdal.framework/Versions/A/Heimdal
0x0000000000094000 	/usr/lib/libheimdal-asn1.dylib
0x0000000000094000 	/System/Library/Frameworks/OpenDirectory.framework/Versions/A/OpenDirectory
0x0000000000094000 	/System/Library/PrivateFrameworks/CommonAuth.framework/Versions/A/CommonAuth
0x0000000000094000 	/System/Library/Frameworks/OpenDirectory.framework/Versions/A/Frameworks/CFOpenDirectory.framework/Versions/A/CFOpenDirectory
0x0000000000094000 	/System/Library/Frameworks/SecurityFoundation.framework/Versions/A/SecurityFoundation
0x0000000000094000 	/System/Library/PrivateFrameworks/LanguageModeling.framework/Versions/A/LanguageModeling
0x0000000000094000 	/usr/lib/libcmph.dylib
0x0000000000094000 	/System/Library/Frameworks/ServiceManagement.framework/Versions/A/ServiceManagement
0x0000000000094000 	/usr/lib/libxslt.1.dylib
0x0000000000094000 	/System/Library/Frameworks/Carbon.framework/Versions/A/Frameworks/Ink.framework/Versions/A/Ink
0x0000000000094000 	/System/Library/Frameworks/QuartzCore.framework/Versions/A/Frameworks/CoreImage.framework/Versions/A/CoreImage
0x0000000000094000 	/System/Library/PrivateFrameworks/CrashReporterSupport.framework/Versions/A/CrashReporterSupport
0x0000000000094000 	/System/Library/Frameworks/OpenCL.framework/Versions/A/OpenCL
0x0000000000094000 	/System/Library/PrivateFrameworks/FaceCore.framework/Versions/A/FaceCore
0x0000000000094000 	/System/Library/PrivateFrameworks/Ubiquity.framework/Versions/A/Ubiquity
0x0000000000094000 	/System/Library/PrivateFrameworks/IconServices.framework/Versions/A/IconServices
0x0000000000094000 	/System/Library/PrivateFrameworks/ChunkingLibrary.framework/Versions/A/ChunkingLibrary
0x0000000000094000 	/System/Library/PrivateFrameworks/Apple80211.framework/Versions/A/Apple80211
0x0000000000094000 	/System/Library/Frameworks/CoreWLAN.framework/Versions/A/CoreWLAN
0x0000000000094000 	/System/Library/Frameworks/IOBluetooth.framework/Versions/A/IOBluetooth
0x0000000000094000 	/System/Library/PrivateFrameworks/CoreWiFi.framework/Versions/A/CoreWiFi
0x0000000000094000 	/System/Library/Frameworks/CoreBluetooth.framework/Versions/A/CoreBluetooth
0x0000000000094000 	/System/Library/PrivateFrameworks/DebugSymbols.framework/Versions/A/DebugSymbols
0x0000000000094000 	/System/Library/PrivateFrameworks/CoreSymbolication.framework/Versions/A/CoreSymbolication
0x0000000000094000 	/System/Library/PrivateFrameworks/Symbolication.framework/Versions/A/Symbolication
0x0000000000094000 	/System/Library/PrivateFrameworks/SpeechRecognitionCore.framework/Versions/A/SpeechRecognitionCore
0x0000000107ff3000 	/Library/Java/JavaVirtualMachines/jdk1.8.0_25.jdk/Contents/Home/jre/lib/server/libjvm.dylib
0x0000000000094000 	/usr/lib/libstdc++.6.dylib
0x0000000108f26000 	/Library/Java/JavaVirtualMachines/jdk1.8.0_25.jdk/Contents/Home/jre/lib/libverify.dylib
0x0000000108f34000 	/Library/Java/JavaVirtualMachines/jdk1.8.0_25.jdk/Contents/Home/jre/lib/libjava.dylib
0x0000000108f72000 	/Library/Java/JavaVirtualMachines/jdk1.8.0_25.jdk/Contents/Home/jre/lib/libzip.dylib
0x000000011d392000 	/System/Library/Frameworks/JavaVM.framework/Frameworks/JavaRuntimeSupport.framework/JavaRuntimeSupport
0x000000011d3ad000 	/System/Library/Frameworks/JavaVM.framework/Versions/A/Frameworks/JavaNativeFoundation.framework/Versions/A/JavaNativeFoundation
0x000000011d3c2000 	/System/Library/Frameworks/JavaVM.framework/Versions/A/JavaVM
0x0000000000094000 	/System/Library/Frameworks/Carbon.framework/Versions/A/Carbon
0x000000011d3cf000 	/System/Library/PrivateFrameworks/JavaLaunching.framework/Versions/A/JavaLaunching
0x0000000000094000 	/System/Library/Frameworks/Carbon.framework/Versions/A/Frameworks/CommonPanels.framework/Versions/A/CommonPanels
0x0000000000094000 	/System/Library/Frameworks/Carbon.framework/Versions/A/Frameworks/Help.framework/Versions/A/Help
0x0000000000094000 	/System/Library/Frameworks/Carbon.framework/Versions/A/Frameworks/ImageCapture.framework/Versions/A/ImageCapture
0x0000000000094000 	/System/Library/Frameworks/Carbon.framework/Versions/A/Frameworks/OpenScripting.framework/Versions/A/OpenScripting
0x0000000000094000 	/System/Library/Frameworks/Carbon.framework/Versions/A/Frameworks/Print.framework/Versions/A/Print
0x0000000000094000 	/System/Library/Frameworks/Carbon.framework/Versions/A/Frameworks/SecurityHI.framework/Versions/A/SecurityHI
0x000000011f3b2000 	/Library/Java/JavaVirtualMachines/jdk1.8.0_25.jdk/Contents/Home/jre/lib/libprism_es2.dylib
0x0000000000094000 	/System/Library/Frameworks/OpenGL.framework/Versions/A/Resources/GLEngine.bundle/GLEngine
0x0000000000094000 	/System/Library/Frameworks/OpenGL.framework/Versions/A/Libraries/libGLProgrammability.dylib
0x0000000000000000 	/System/Library/Extensions/AppleIntelHD5000GraphicsGLDriver.bundle/Contents/MacOS/AppleIntelHD5000GraphicsGLDriver
0x0000000000094000 	/System/Library/PrivateFrameworks/IOAccelerator.framework/Versions/A/IOAccelerator
0x0000000000094000 	/System/Library/PrivateFrameworks/GPUSupport.framework/Versions/A/Libraries/libGPUSupportMercury.dylib
0x0000000000094000 	/System/Library/Frameworks/OpenGL.framework/Versions/A/Resources/GLRendererFloat.bundle/GLRendererFloat
0x0000000000094000 	/System/Library/Frameworks/OpenCL.framework/Versions/A/Libraries/libcldcpuengine.dylib
0x0000000000094000 	/System/Library/PrivateFrameworks/DiskImages.framework/Versions/A/DiskImages
0x0000000000094000 	/System/Library/Frameworks/DiscRecording.framework/Versions/A/DiscRecording
0x0000000000094000 	/usr/lib/libcsfde.dylib
0x0000000000094000 	/usr/lib/libcurl.4.dylib
0x0000000000094000 	/System/Library/PrivateFrameworks/MediaKit.framework/Versions/A/MediaKit
0x0000000000094000 	/System/Library/PrivateFrameworks/ProtectedCloudStorage.framework/Versions/A/ProtectedCloudStorage
0x0000000000094000 	/usr/lib/libCoreStorage.dylib
0x0000000000094000 	/System/Library/PrivateFrameworks/EFILogin.framework/Versions/A/EFILogin
0x0000000000094000 	/usr/lib/libutil.dylib
0x0000000000094000 	/System/Library/PrivateFrameworks/FindMyDevice.framework/Versions/A/FindMyDevice
0x0000000000094000 	/System/Library/Frameworks/LDAP.framework/Versions/A/LDAP
0x0000000000094000 	/usr/lib/libsasl2.2.dylib
0x0000000000094000 	/System/Library/PrivateFrameworks/CoreDaemon.framework/Versions/B/CoreDaemon
0x0000000000094000 	/usr/lib/libcrypto.0.9.8.dylib
0x0000000000094000 	/System/Library/PrivateFrameworks/AppleSRP.framework/Versions/A/AppleSRP
0x0000000000094000 	/System/Library/PrivateFrameworks/TrustEvaluationAgent.framework/Versions/A/TrustEvaluationAgent
0x000000011f85e000 	/Library/Java/JavaVirtualMachines/jdk1.8.0_25.jdk/Contents/Home/jre/lib/libglass.dylib
0x0000000000094000 	/System/Library/PrivateFrameworks/CoreServicesInternal.framework/Versions/A/CoreServicesInternal
0x0000000000094000 	/System/Library/PrivateFrameworks/CloudDocs.framework/Versions/A/CloudDocs
0x0000000000094000 	/System/Library/PrivateFrameworks/CoreDuet.framework/Versions/A/CoreDuet
0x0000000000094000 	/System/Library/Frameworks/CloudKit.framework/Versions/A/CloudKit
0x0000000000094000 	/System/Library/PrivateFrameworks/ProtocolBuffer.framework/Versions/A/ProtocolBuffer
0x0000000000094000 	/System/Library/PrivateFrameworks/CoreDuetDaemonProtocol.framework/Versions/A/CoreDuetDaemonProtocol
0x0000000000094000 	/System/Library/PrivateFrameworks/CoreDuetDebugLogging.framework/Versions/A/CoreDuetDebugLogging
0x0000000000094000 	/System/Library/Frameworks/CoreLocation.framework/Versions/A/CoreLocation
0x0000000000094000 	/System/Library/Frameworks/Accounts.framework/Versions/A/Accounts
0x0000000000094000 	/System/Library/PrivateFrameworks/ApplePushService.framework/Versions/A/ApplePushService
0x0000000000094000 	/System/Library/PrivateFrameworks/GeoServices.framework/Versions/A/GeoServices
0x0000000000094000 	/System/Library/PrivateFrameworks/OAuth.framework/Versions/A/OAuth
0x0000000000094000 	/System/Library/Frameworks/CoreGraphics.framework/Versions/A/Resources/libCGCMS.A.dylib
0x0000000000094000 	/System/Library/CoreServices/RawCamera.bundle/Contents/MacOS/RawCamera
0x0000000000094000 	/System/Library/Frameworks/CoreGraphics.framework/Versions/A/Resources/libRIP.A.dylib
0x0000000000094000 	/System/Library/PrivateFrameworks/FamilyControls.framework/Versions/A/FamilyControls
0x0000000000094000 	/System/Library/PrivateFrameworks/CommerceKit.framework/Versions/A/Frameworks/CommerceCore.framework/Versions/A/CommerceCore
0x0000000000094000 	/System/Library/PrivateFrameworks/SystemAdministration.framework/Versions/A/SystemAdministration
0x0000000000094000 	/System/Library/PrivateFrameworks/AppContainer.framework/Versions/A/AppContainer
0x0000000000094000 	/System/Library/PrivateFrameworks/SecCodeWrapper.framework/Versions/A/SecCodeWrapper
0x0000000000094000 	/System/Library/Frameworks/DirectoryService.framework/Versions/A/DirectoryService
0x0000000000094000 	/System/Library/PrivateFrameworks/LoginUIKit.framework/Versions/A/Frameworks/LoginUICore.framework/Versions/A/LoginUICore
0x0000000000094000 	/usr/lib/libodfde.dylib
0x0000000122db9000 	/Library/Java/JavaVirtualMachines/jdk1.8.0_25.jdk/Contents/Home/jre/lib/libjavafx_font.dylib
0x0000000000094000 	/System/Library/Frameworks/CoreGraphics.framework/Versions/A/Resources/libCGXType.A.dylib
0x0000000126405000 	/Library/Java/JavaVirtualMachines/jdk1.8.0_25.jdk/Contents/Home/jre/lib/libprism_common.dylib
0x0000000126911000 	cl_kernels
0x0000000126996000 	/System/Library/Frameworks/OpenCL.framework/Versions/A/Libraries/ImageFormats/unorm8_bgra.dylib
0x000000012690c000 	cl_kernels

VM Arguments:
jvm_args: -Dfile.encoding=UTF-8 
java_command: Main
java_class_path (initial): /Users/vcheng/Documents/workspace/slogo_team08/bin
Launcher Type: SUN_STANDARD

Environment Variables:
PATH=/usr/bin:/bin:/usr/sbin:/sbin
SHELL=/bin/bash
DISPLAY=/private/tmp/com.apple.launchd.acX63S1Bh0/org.macosforge.xquartz:0

Signal Handlers:
SIGSEGV: [libjvm.dylib+0x579dc7], sa_mask[0]=11111111011111110111111111111111, sa_flags=SA_ONSTACK|SA_RESTART|SA_SIGINFO
SIGBUS: [libjvm.dylib+0x579dc7], sa_mask[0]=11111111011111110111111111111111, sa_flags=SA_RESTART|SA_SIGINFO
SIGFPE: [libjvm.dylib+0x45b030], sa_mask[0]=11111111011111110111111111111111, sa_flags=SA_RESTART|SA_SIGINFO
SIGPIPE: [libjvm.dylib+0x45b030], sa_mask[0]=11111111011111110111111111111111, sa_flags=SA_RESTART|SA_SIGINFO
SIGXFSZ: [libjvm.dylib+0x45b030], sa_mask[0]=11111111011111110111111111111111, sa_flags=SA_RESTART|SA_SIGINFO
SIGILL: [libjvm.dylib+0x45b030], sa_mask[0]=11111111011111110111111111111111, sa_flags=SA_RESTART|SA_SIGINFO
SIGUSR1: SIG_DFL, sa_mask[0]=00000000000000000000000000000000, sa_flags=none
SIGUSR2: [libjvm.dylib+0x45ab4e], sa_mask[0]=00100000000000000000000000000000, sa_flags=SA_RESTART|SA_SIGINFO
SIGHUP: [libjvm.dylib+0x459121], sa_mask[0]=11111111011111110111111111111111, sa_flags=SA_RESTART|SA_SIGINFO
SIGINT: [libjvm.dylib+0x459121], sa_mask[0]=11111111011111110111111111111111, sa_flags=SA_RESTART|SA_SIGINFO
SIGTERM: [libjvm.dylib+0x459121], sa_mask[0]=11111111011111110111111111111111, sa_flags=SA_RESTART|SA_SIGINFO
SIGQUIT: [libjvm.dylib+0x459121], sa_mask[0]=11111111011111110111111111111111, sa_flags=SA_RESTART|SA_SIGINFO


---------------  S Y S T E M  ---------------

OS:Bsduname:Darwin 14.1.0 Darwin Kernel Version 14.1.0: Mon Dec 22 23:10:38 PST 2014; root:xnu-2782.10.72~2/RELEASE_X86_64 x86_64
rlimit: STACK 8192k, CORE 0k, NPROC 709, NOFILE 10240, AS infinity
load average:4.36 3.96 3.51

CPU:total 4 (2 cores per cpu, 2 threads per core) family 6 model 69 stepping 1, cmov, cx8, fxsr, mmx, sse, sse2, sse3, ssse3, sse4.1, sse4.2, popcnt, avx, avx2, aes, clmul, erms, lzcnt, ht, tsc, tscinvbit, bmi1, bmi2

Memory: 4k page, physical 4194304k(110804k free)

/proc/meminfo:


vm_info: Java HotSpot(TM) 64-Bit Server VM (25.25-b02) for bsd-amd64 JRE (1.8.0_25-b17), built on Sep 17 2014 16:56:50 by "java_re" with gcc 4.2.1 (Based on Apple Inc. build 5658) (LLVM build 2336.11.00)

time: Thu Mar 10 16:12:23 2016
elapsed time: 485 seconds (0d 0h 8m 5s)

