#
# A fatal error has been detected by the Java Runtime Environment:
#
#  SIGSEGV (0xb) at pc=0x00000001995653fd, pid=55270, tid=1811
#
# JRE version: Java(TM) SE Runtime Environment (8.0_25-b17) (build 1.8.0_25-b17)
# Java VM: Java HotSpot(TM) 64-Bit Server VM (25.25-b02 mixed mode bsd-amd64 compressed oops)
# Problematic frame:
# C  [libglass.dylib+0x163fd]  GlassScreenDidChangeScreenParameters+0x9d
#
# Failed to write core dump. Core dumps have been disabled. To enable core dumping, try "ulimit -c unlimited" before starting Java again
#
# If you would like to submit a bug report, please visit:
#   http://bugreport.sun.com/bugreport/crash.jsp
#

---------------  T H R E A D  ---------------

Current thread is native thread

siginfo: si_signo: 11 (SIGSEGV), si_code: 1 (SEGV_MAPERR), si_addr: 0x0000000000000000

Registers:
RAX=0x0000000199597e40, RBX=0x0000000000000000, RCX=0xe3009a44b2177580, RDX=0x00007f8501573f60
RSP=0x00007fff5e217120, RBP=0x00007fff5e217130, RSI=0x00007f850160f508, RDI=0x0000000000000000
R8 =0x00007fff5e216fd0, R9 =0x00007fff788e5300, R10=0x0000000000000000, R11=0x0000000000000246
R12=0x00007f850141e100, R13=0x00000000000f4268, R14=0x00007f850156a9b0, R15=0x00007fff5e217270
RIP=0x00000001995653fd, EFLAGS=0x0000000000010206, ERR=0x0000000000000004
  TRAPNO=0x000000000000000e

Top of Stack: (sp=0x00007fff5e217120)
0x00007fff5e217120:   00007fff5e217300 00007f850156a9b0
0x00007fff5e217130:   00007fff5e217140 00007fff8f120cdc
0x00007fff5e217140:   00007fff5e2174a0 00007fff8f012244
0x00007fff5e217150:   00007fff5e2171a0 0000000000000000
0x00007fff5e217160:   00007fff78fcecf0 00007f850a925490
0x00007fff5e217170:   0000000000001000 0000000000000900
0x00007fff5e217180:   00007f850a925490 00007f850156a9b0
0x00007fff5e217190:   0000000000000000 00007fff5e217270
0x00007fff5e2171a0:   0000000000000000 00007f850156a970
0x00007fff5e2171b0:   00007fff5e2172f0 0000000000000060
0x00007fff5e2171c0:   00000000000f4332 00007f850167f9f0
0x00007fff5e2171d0:   00007f8501648590 00007f850141e100
0x00007fff5e2171e0:   0000000000000001 00000000000f4268
0x00007fff5e2171f0:   00007f850141e0f0 00007fff95632acb
0x00007fff5e217200:   0000000000000001 0000000000000001
0x00007fff5e217210:   0000000000000030 0000000000000001
0x00007fff5e217220:   00007fff5e217240 00007fff95638231
0x00007fff5e217230:   00007fff78fccdd0 0000000000000000
0x00007fff5e217240:   00007fff5e217260 0000000000000009
0x00007fff5e217250:   0002750301b63000 00007f850141e124
0x00007fff5e217260:   0000000000000000 00007fff8f007d1f
0x00007fff5e217270:   00007f850156a9b0 00007fff78fccdd0
0x00007fff5e217280:   00007fff5e217300 00007fff8f01084f
0x00007fff5e217290:   00007fff5e21730c 00007fff5e217310
0x00007fff5e2172a0:   0000000101a03a00 0000000000000002
0x00007fff5e2172b0:   0000000101a00000 00007f8501662b22
0x00007fff5e2172c0:   0000000000000003 0000000101a03a00
0x00007fff5e2172d0:   00007fff5e2173c0 00007fff956312a2
0x00007fff5e2172e0:   00007f85016481a0 00007fff5e2174a8
0x00007fff5e2172f0:   0000000000000017 0000000000000000
0x00007fff5e217300:   00000000000f4268 00007fff8f008013
0x00007fff5e217310:   00007fff00000000 00007f8501541950 

Instructions: (pc=0x00000001995653fd)
0x00000001995653dd:   89 df 4c 89 f1 41 ff 90 68 04 00 00 48 8d 05 58
0x00000001995653ed:   29 03 00 48 8b 30 48 8d 05 46 2a 03 00 48 8b 10
0x00000001995653fd:   48 8b 0b 30 c0 48 89 df ff 91 68 04 00 00 48 8b
0x000000019956540d:   03 48 89 df ff 50 78 48 85 c0 74 36 49 89 c6 48 

Register to memory mapping:

RAX=0x0000000199597e40: jScreenNotifySettingsChanged+0 in /Library/Java/JavaVirtualMachines/jdk1.8.0_25.jdk/Contents/Home/jre/lib/libglass.dylib at 0x000000019954f000
RBX=0x0000000000000000 is an unknown value
RCX=0xe3009a44b2177580 is an unknown value
RDX=0x00007f8501573f60 is an unknown value
RSP=0x00007fff5e217120 is an unknown value
RBP=0x00007fff5e217130 is an unknown value
RSI=0x00007f850160f508 is a global jni handle
RDI=0x0000000000000000 is an unknown value
R8 =0x00007fff5e216fd0 is an unknown value
R9 =0x00007fff788e5300: _thread+0 in /usr/lib/system/libsystem_pthread.dylib at 0x00007fff8c943000
R10=0x0000000000000000 is an unknown value
R11=0x0000000000000246 is an unknown value
R12=0x00007f850141e100 is an unknown value
R13=0x00000000000f4268 is an unknown value
R14=0x00007f850156a9b0 is an unknown value
R15=0x00007fff5e217270 is an unknown value


Stack: [0x00007fff5da1a000,0x00007fff5e21a000],  sp=0x00007fff5e217120,  free space=8180k
Native frames: (J=compiled Java code, j=interpreted, Vv=VM code, C=native code)
C  [libglass.dylib+0x163fd]  GlassScreenDidChangeScreenParameters+0x9d
C  [CoreFoundation+0x11ecdc]  __CFNOTIFICATIONCENTER_IS_CALLING_OUT_TO_AN_OBSERVER__+0xc
C  [CoreFoundation+0x10244]  _CFXNotificationPost+0xc44
C  [Foundation+0x2c31]  -[NSNotificationCenter postNotificationName:object:userInfo:]+0x42
C  [AppKit+0x36305e]  -[NSApplication _reactToScreenInvalidationImmediately:]+0x17b
C  [AppKit+0x362e9d]  __44-[NSApplication _reactToScreenInvalidation:]_block_invoke+0x4b
C  [CoreFoundation+0x8056c]  __CFRUNLOOP_IS_CALLING_OUT_TO_A_BLOCK__+0xc
C  [CoreFoundation+0x72675]  __CFRunLoopDoBlocks+0x155
C  [CoreFoundation+0x721b6]  __CFRunLoopRun+0x716
C  [CoreFoundation+0x71858]  CFRunLoopRunSpecific+0x128
C  [java+0x56cc]  CreateExecutionEnvironment+0x367
C  [java+0x165c]  JLI_Launch+0x7a0
C  [java+0x768a]  main+0x65
C  [java+0xeb4]  start+0x34


---------------  P R O C E S S  ---------------

VM state:at safepoint (normal execution)

VM Mutex/Monitor currently owned by a thread:  ([mutex/lock_event])
[0x00007f8501702540] Threads_lock - owner thread: 0x00007f8502820800
[0x00007f8501702a40] Heap_lock - owner thread: 0x00007f850201a800

Heap:
 PSYoungGen      total 18944K, used 10010K [0x000000013d500000, 0x000000013ea00000, 0x0000000152a00000)
  eden space 16384K, 45% used [0x000000013d500000,0x000000013dc4eaf8,0x000000013e500000)
  from space 2560K, 98% used [0x000000013e500000,0x000000013e778020,0x000000013e780000)
  to   space 2560K, 0% used [0x000000013e780000,0x000000013e780000,0x000000013ea00000)
 ParOldGen       total 44032K, used 5658K [0x0000000112a00000, 0x0000000115500000, 0x000000013d500000)
  object space 44032K, 12% used [0x0000000112a00000,0x0000000112f86b40,0x0000000115500000)
 Metaspace       used 17127K, capacity 18430K, committed 18560K, reserved 1064960K
  class space    used 2631K, capacity 2884K, committed 2944K, reserved 1048576K

Card table byte_map: [0x0000000152a00000,0x0000000152c01000] byte_map_base: 0x000000015216b000

Marking Bits: (ParMarkBitMap*) 0x0000000102381390
 Begin Bits: [0x0000000153163000, 0x0000000154163000)
 End Bits:   [0x0000000154163000, 0x0000000155163000)

Polling page: 0x000000010335c000

CodeCache: size=245760Kb used=6654Kb max_used=6662Kb free=239105Kb
 bounds [0x000000010336f000, 0x00000001039ff000, 0x000000011236f000]
 total_blobs=2781 nmethods=2136 adapters=558
 compilation: enabled

Compilation events (10 events):
Event: 56.366 Thread 0x00007f8501827800 2133       4       com.sun.glass.ui.mac.MacGestureSupport::notifyEndTouchEvent (8 bytes)
Event: 56.377 Thread 0x00007f8501827800 nmethod 2133 0x00000001039edf50 code [0x00000001039ee120, 0x00000001039ee638]
Event: 68.460 Thread 0x00007f8502006000 2134       4       java.util.ArrayList$Itr::<init> (6 bytes)
Event: 68.461 Thread 0x00007f8502006000 nmethod 2134 0x00000001039eeed0 code [0x00000001039ef020, 0x00000001039ef0b8]
Event: 90.372 Thread 0x00007f8501827800 2135       4       com.sun.javafx.tk.quantum.QuantumToolkit$$Lambda$43/1942629687::run (8 bytes)
Event: 90.379 Thread 0x00007f8501827800 nmethod 2135 0x00000001039ed690 code [0x00000001039ed820, 0x00000001039edad8]
Event: 270.298 Thread 0x00007f8502007000 2136       3       javafx.collections.WeakListChangeListener::onChanged (36 bytes)
Event: 270.300 Thread 0x00007f8502007000 nmethod 2136 0x00000001039ecb50 code [0x00000001039ecce0, 0x00000001039ed258]
Event: 481.851 Thread 0x00007f8502007000 2138       3       java.lang.Class::checkInitted (19 bytes)
Event: 481.852 Thread 0x00007f8502007000 nmethod 2138 0x00000001039ec290 code [0x00000001039ec420, 0x00000001039ec6e8]

GC Heap History (6 events):
Event: 0.917 GC heap before
{Heap before GC invocations=1 (full 0):
 PSYoungGen      total 18944K, used 16384K [0x000000013d500000, 0x000000013ea00000, 0x0000000152a00000)
  eden space 16384K, 100% used [0x000000013d500000,0x000000013e500000,0x000000013e500000)
  from space 2560K, 0% used [0x000000013e780000,0x000000013e780000,0x000000013ea00000)
  to   space 2560K, 0% used [0x000000013e500000,0x000000013e500000,0x000000013e780000)
 ParOldGen       total 44032K, used 0K [0x0000000112a00000, 0x0000000115500000, 0x000000013d500000)
  object space 44032K, 0% used [0x0000000112a00000,0x0000000112a00000,0x0000000115500000)
 Metaspace       used 8837K, capacity 9360K, committed 9472K, reserved 1056768K
  class space    used 1196K, capacity 1273K, committed 1280K, reserved 1048576K
Event: 0.923 GC heap after
Heap after GC invocations=1 (full 0):
 PSYoungGen      total 18944K, used 2544K [0x000000013d500000, 0x000000013ea00000, 0x0000000152a00000)
  eden space 16384K, 0% used [0x000000013d500000,0x000000013d500000,0x000000013e500000)
  from space 2560K, 99% used [0x000000013e500000,0x000000013e77c030,0x000000013e780000)
  to   space 2560K, 0% used [0x000000013e780000,0x000000013e780000,0x000000013ea00000)
 ParOldGen       total 44032K, used 32K [0x0000000112a00000, 0x0000000115500000, 0x000000013d500000)
  object space 44032K, 0% used [0x0000000112a00000,0x0000000112a08000,0x0000000115500000)
 Metaspace       used 8837K, capacity 9360K, committed 9472K, reserved 1056768K
  class space    used 1196K, capacity 1273K, committed 1280K, reserved 1048576K
}
Event: 1.760 GC heap before
{Heap before GC invocations=2 (full 0):
 PSYoungGen      total 18944K, used 18928K [0x000000013d500000, 0x000000013ea00000, 0x0000000152a00000)
  eden space 16384K, 100% used [0x000000013d500000,0x000000013e500000,0x000000013e500000)
  from space 2560K, 99% used [0x000000013e500000,0x000000013e77c030,0x000000013e780000)
  to   space 2560K, 0% used [0x000000013e780000,0x000000013e780000,0x000000013ea00000)
 ParOldGen       total 44032K, used 32K [0x0000000112a00000, 0x0000000115500000, 0x000000013d500000)
  object space 44032K, 0% used [0x0000000112a00000,0x0000000112a08000,0x0000000115500000)
 Metaspace       used 14728K, capacity 15642K, committed 15872K, reserved 1062912K
  class space    used 2332K, capacity 2533K, committed 2560K, reserved 1048576K
Event: 1.772 GC heap after
Heap after GC invocations=2 (full 0):
 PSYoungGen      total 18944K, used 2544K [0x000000013d500000, 0x000000013fa00000, 0x0000000152a00000)
  eden space 16384K, 0% used [0x000000013d500000,0x000000013d500000,0x000000013e500000)
  from space 2560K, 99% used [0x000000013e780000,0x000000013e9fc030,0x000000013ea00000)
  to   space 2560K, 0% used [0x000000013e500000,0x000000013e500000,0x000000013e780000)
 ParOldGen       total 44032K, used 1800K [0x0000000112a00000, 0x0000000115500000, 0x000000013d500000)
  object space 44032K, 4% used [0x0000000112a00000,0x0000000112bc20b0,0x0000000115500000)
 Metaspace       used 14728K, capacity 15642K, committed 15872K, reserved 1062912K
  class space    used 2332K, capacity 2533K, committed 2560K, reserved 1048576K
}
Event: 200.308 GC heap before
{Heap before GC invocations=3 (full 0):
 PSYoungGen      total 18944K, used 18928K [0x000000013d500000, 0x000000013fa00000, 0x0000000152a00000)
  eden space 16384K, 100% used [0x000000013d500000,0x000000013e500000,0x000000013e500000)
  from space 2560K, 99% used [0x000000013e780000,0x000000013e9fc030,0x000000013ea00000)
  to   space 2560K, 0% used [0x000000013e500000,0x000000013e500000,0x000000013e780000)
 ParOldGen       total 44032K, used 1800K [0x0000000112a00000, 0x0000000115500000, 0x000000013d500000)
  object space 44032K, 4% used [0x0000000112a00000,0x0000000112bc20b0,0x0000000115500000)
 Metaspace       used 17097K, capacity 18394K, committed 18560K, reserved 1064960K
  class space    used 2624K, capacity 2876K, committed 2944K, reserved 1048576K
Event: 200.343 GC heap after
Heap after GC invocations=3 (full 0):
 PSYoungGen      total 18944K, used 2528K [0x000000013d500000, 0x000000013ea00000, 0x0000000152a00000)
  eden space 16384K, 0% used [0x000000013d500000,0x000000013d500000,0x000000013e500000)
  from space 2560K, 98% used [0x000000013e500000,0x000000013e778020,0x000000013e780000)
  to   space 2560K, 0% used [0x000000013e780000,0x000000013e780000,0x000000013ea00000)
 ParOldGen       total 44032K, used 5658K [0x0000000112a00000, 0x0000000115500000, 0x000000013d500000)
  object space 44032K, 12% used [0x0000000112a00000,0x0000000112f86b40,0x0000000115500000)
 Metaspace       used 17097K, capacity 18394K, committed 18560K, reserved 1064960K
  class space    used 2624K, capacity 2876K, committed 2944K, reserved 1048576K
}

Deoptimization events (10 events):
Event: 1.487 Thread 0x00007f85028ec000 Uncommon trap: reason=unloaded action=reinterpret pc=0x00000001035934d8 method=java.lang.CharacterData.of(I)Ljava/lang/CharacterData; @ 96
Event: 1.631 Thread 0x00007f85028ec000 Uncommon trap: reason=unreached action=reinterpret pc=0x00000001036a6d4c method=java.util.HashMap.putVal(ILjava/lang/Object;Ljava/lang/Object;ZZ)Ljava/lang/Object; @ 193
Event: 1.632 Thread 0x00007f85028ec000 Uncommon trap: reason=unreached action=reinterpret pc=0x00000001036a3d5c method=java.util.HashMap.putVal(ILjava/lang/Object;Ljava/lang/Object;ZZ)Ljava/lang/Object; @ 193
Event: 1.868 Thread 0x00007f85028ec000 Uncommon trap: reason=array_check action=maybe_recompile pc=0x00000001037b7db0 method=com.sun.javafx.css.SimpleSelector.applies(Ljavafx/css/Styleable;[Ljava/util/Set;I)Z @ 37
Event: 1.868 Thread 0x00007f85028ec000 Uncommon trap: reason=array_check action=maybe_recompile pc=0x00000001037b7db0 method=com.sun.javafx.css.SimpleSelector.applies(Ljavafx/css/Styleable;[Ljava/util/Set;I)Z @ 37
Event: 1.868 Thread 0x00007f85028ec000 Uncommon trap: reason=array_check action=maybe_recompile pc=0x00000001037b7db0 method=com.sun.javafx.css.SimpleSelector.applies(Ljavafx/css/Styleable;[Ljava/util/Set;I)Z @ 37
Event: 1.868 Thread 0x00007f85028ec000 Uncommon trap: reason=array_check action=maybe_recompile pc=0x00000001037b7db0 method=com.sun.javafx.css.SimpleSelector.applies(Ljavafx/css/Styleable;[Ljava/util/Set;I)Z @ 37
Event: 1.898 Thread 0x00007f85028ec000 Uncommon trap: reason=unreached action=reinterpret pc=0x000000010370c044 method=sun.misc.URLClassPath$JarLoader.ensureOpen()V @ 4
Event: 1.986 Thread 0x00007f85028ec000 Uncommon trap: reason=unreached action=reinterpret pc=0x00000001037d9ef4 method=com.sun.javafx.css.SimpleSelector.stateMatches(Ljavafx/css/Styleable;Ljava/util/Set;)Z @ 1
Event: 1.998 Thread 0x00007f85028ec000 Uncommon trap: reason=unreached action=reinterpret pc=0x00000001037c6018 method=com.sun.javafx.css.BitSet.addAll(Ljava/util/Collection;)Z @ 1

Internal exceptions (10 events):
Event: 1.188 Thread 0x00007f85028ec000 Exception <a 'java/security/PrivilegedActionException'> (0x000000013dcf1578) thrown at [/HUDSON3/workspace/8-2-build-macosx-x86_64/jdk8u25/1514/hotspot/src/share/vm/prims/jvm.cpp, line 1312]
Event: 1.569 Thread 0x00007f85028ec000 Exception <a 'java/security/PrivilegedActionException'> (0x000000013e066470) thrown at [/HUDSON3/workspace/8-2-build-macosx-x86_64/jdk8u25/1514/hotspot/src/share/vm/prims/jvm.cpp, line 1312]
Event: 1.570 Thread 0x00007f85028ec000 Exception <a 'java/security/PrivilegedActionException'> (0x000000013e07db38) thrown at [/HUDSON3/workspace/8-2-build-macosx-x86_64/jdk8u25/1514/hotspot/src/share/vm/prims/jvm.cpp, line 1312]
Event: 1.573 Thread 0x00007f85028ec000 Exception <a 'java/security/PrivilegedActionException'> (0x000000013e09ac00) thrown at [/HUDSON3/workspace/8-2-build-macosx-x86_64/jdk8u25/1514/hotspot/src/share/vm/prims/jvm.cpp, line 1312]
Event: 1.898 Thread 0x00007f85028ec000 Implicit null exception at 0x000000010370a63a to 0x000000010370c02d
Event: 1.986 Thread 0x00007f85028ec000 Implicit null exception at 0x00000001037d9739 to 0x00000001037d9ecd
Event: 1.998 Thread 0x00007f85028ec000 Implicit null exception at 0x00000001037c5a90 to 0x00000001037c6005
Event: 6.268 Thread 0x00007f85028ec000 Exception <a 'java/security/PrivilegedActionException'> (0x000000013e086718) thrown at [/HUDSON3/workspace/8-2-build-macosx-x86_64/jdk8u25/1514/hotspot/src/share/vm/prims/jvm.cpp, line 1312]
Event: 6.278 Thread 0x00007f85028ec000 Exception <a 'java/lang/NullPointerException'> (0x000000013e096e18) thrown at [/HUDSON3/workspace/8-2-build-macosx-x86_64/jdk8u25/1514/hotspot/src/share/vm/interpreter/linkResolver.cpp, line 1178]
Event: 6.278 Thread 0x00007f85028ec000 Exception <a 'java/lang/NullPointerException'> (0x000000013e096e18) thrown at [/HUDSON3/workspace/8-2-build-macosx-x86_64/jdk8u25/1514/hotspot/src/share/vm/prims/jvm.cpp, line 1316]

Events (10 events):
Event: 481.858 Thread 0x00007f850289a800 Thread exited: 0x00007f850289a800
Event: 481.858 Thread 0x00007f85019d4000 Thread exited: 0x00007f85019d4000
Event: 481.858 Thread 0x00007f8502802000 Thread exited: 0x00007f8502802000
Event: 481.858 Thread 0x00007f850201a800 Thread added: 0x00007f850201a800
Event: 482.480 Thread 0x00007f85028ec000 Thread exited: 0x00007f85028ec000
Event: 482.480 loading class java/util/IdentityHashMap$KeyIterator
Event: 482.480 loading class java/util/IdentityHashMap$IdentityHashMapIterator
Event: 482.481 loading class java/util/IdentityHashMap$IdentityHashMapIterator done
Event: 482.481 loading class java/util/IdentityHashMap$KeyIterator done
Event: 482.481 Thread 0x00007f850201a800 Thread exited: 0x00007f850201a800


Dynamic libraries:
0x0000000007d2d000 	/System/Library/Frameworks/Cocoa.framework/Versions/A/Cocoa
0x0000000007d2d000 	/System/Library/Frameworks/Security.framework/Versions/A/Security
0x0000000007d2d000 	/System/Library/Frameworks/ApplicationServices.framework/Versions/A/ApplicationServices
0x0000000007d2d000 	/usr/lib/libz.1.dylib
0x0000000007d2d000 	/usr/lib/libSystem.B.dylib
0x0000000007d2d000 	/usr/lib/libobjc.A.dylib
0x0000000007d2d000 	/System/Library/Frameworks/CoreFoundation.framework/Versions/A/CoreFoundation
0x0000000007d2d000 	/System/Library/Frameworks/Foundation.framework/Versions/C/Foundation
0x0000000007d2d000 	/System/Library/Frameworks/AppKit.framework/Versions/C/AppKit
0x0000000007d2d000 	/System/Library/Frameworks/CoreData.framework/Versions/A/CoreData
0x0000000007d2d000 	/System/Library/PrivateFrameworks/RemoteViewServices.framework/Versions/A/RemoteViewServices
0x0000000007d2d000 	/System/Library/PrivateFrameworks/UIFoundation.framework/Versions/A/UIFoundation
0x0000000007d2d000 	/System/Library/Frameworks/IOSurface.framework/Versions/A/IOSurface
0x0000000007d2d000 	/System/Library/Frameworks/AudioToolbox.framework/Versions/A/AudioToolbox
0x0000000007d2d000 	/System/Library/Frameworks/AudioUnit.framework/Versions/A/AudioUnit
0x0000000007d2d000 	/System/Library/PrivateFrameworks/DataDetectorsCore.framework/Versions/A/DataDetectorsCore
0x0000000007d2d000 	/System/Library/PrivateFrameworks/DesktopServicesPriv.framework/Versions/A/DesktopServicesPriv
0x0000000007d2d000 	/System/Library/Frameworks/Carbon.framework/Versions/A/Frameworks/HIToolbox.framework/Versions/A/HIToolbox
0x0000000007d2d000 	/System/Library/Frameworks/QuartzCore.framework/Versions/A/QuartzCore
0x0000000007d2d000 	/System/Library/Frameworks/Carbon.framework/Versions/A/Frameworks/SpeechRecognition.framework/Versions/A/SpeechRecognition
0x0000000007d2d000 	/usr/lib/libauto.dylib
0x0000000007d2d000 	/usr/lib/libicucore.A.dylib
0x0000000007d2d000 	/usr/lib/libxml2.2.dylib
0x0000000007d2d000 	/System/Library/PrivateFrameworks/CoreUI.framework/Versions/A/CoreUI
0x0000000007d2d000 	/System/Library/Frameworks/CoreAudio.framework/Versions/A/CoreAudio
0x0000000007d2d000 	/System/Library/Frameworks/DiskArbitration.framework/Versions/A/DiskArbitration
0x0000000007d2d000 	/usr/lib/liblangid.dylib
0x0000000007d2d000 	/System/Library/PrivateFrameworks/MultitouchSupport.framework/Versions/A/MultitouchSupport
0x0000000007d2d000 	/System/Library/Frameworks/IOKit.framework/Versions/A/IOKit
0x0000000007d2d000 	/usr/lib/libDiagnosticMessagesClient.dylib
0x0000000007d2d000 	/System/Library/Frameworks/CoreServices.framework/Versions/A/CoreServices
0x0000000007d2d000 	/System/Library/PrivateFrameworks/PerformanceAnalysis.framework/Versions/A/PerformanceAnalysis
0x0000000007d2d000 	/System/Library/PrivateFrameworks/GenerationalStorage.framework/Versions/A/GenerationalStorage
0x0000000007d2d000 	/System/Library/Frameworks/OpenGL.framework/Versions/A/OpenGL
0x0000000007d2d000 	/System/Library/PrivateFrameworks/Sharing.framework/Versions/A/Sharing
0x0000000007d2d000 	/System/Library/Frameworks/CoreGraphics.framework/Versions/A/CoreGraphics
0x0000000007d2d000 	/System/Library/Frameworks/CoreText.framework/Versions/A/CoreText
0x0000000007d2d000 	/System/Library/Frameworks/ImageIO.framework/Versions/A/ImageIO
0x0000000007d2d000 	/usr/lib/libextension.dylib
0x0000000007d2d000 	/System/Library/PrivateFrameworks/Backup.framework/Versions/A/Backup
0x0000000007d2d000 	/usr/lib/libarchive.2.dylib
0x0000000007d2d000 	/System/Library/Frameworks/CFNetwork.framework/Versions/A/CFNetwork
0x0000000007d2d000 	/System/Library/Frameworks/SystemConfiguration.framework/Versions/A/SystemConfiguration
0x0000000007d2d000 	/usr/lib/libCRFSuite.dylib
0x0000000007d2d000 	/usr/lib/libc++.1.dylib
0x0000000007d2d000 	/usr/lib/libc++abi.dylib
0x0000000007d2d000 	/usr/lib/system/libcache.dylib
0x0000000007d2d000 	/usr/lib/system/libcommonCrypto.dylib
0x0000000007d2d000 	/usr/lib/system/libcompiler_rt.dylib
0x0000000007d2d000 	/usr/lib/system/libcopyfile.dylib
0x0000000007d2d000 	/usr/lib/system/libcorecrypto.dylib
0x0000000007d2d000 	/usr/lib/system/libdispatch.dylib
0x0000000007d2d000 	/usr/lib/system/libdyld.dylib
0x0000000007d2d000 	/usr/lib/system/libkeymgr.dylib
0x0000000007d2d000 	/usr/lib/system/liblaunch.dylib
0x0000000007d2d000 	/usr/lib/system/libmacho.dylib
0x0000000007d2d000 	/usr/lib/system/libquarantine.dylib
0x0000000007d2d000 	/usr/lib/system/libremovefile.dylib
0x0000000007d2d000 	/usr/lib/system/libsystem_asl.dylib
0x0000000007d2d000 	/usr/lib/system/libsystem_blocks.dylib
0x0000000007d2d000 	/usr/lib/system/libsystem_c.dylib
0x0000000007d2d000 	/usr/lib/system/libsystem_configuration.dylib
0x0000000007d2d000 	/usr/lib/system/libsystem_coreservices.dylib
0x0000000007d2d000 	/usr/lib/system/libsystem_coretls.dylib
0x0000000007d2d000 	/usr/lib/system/libsystem_dnssd.dylib
0x0000000007d2d000 	/usr/lib/system/libsystem_info.dylib
0x0000000007d2d000 	/usr/lib/system/libsystem_kernel.dylib
0x0000000007d2d000 	/usr/lib/system/libsystem_m.dylib
0x0000000007d2d000 	/usr/lib/system/libsystem_malloc.dylib
0x0000000007d2d000 	/usr/lib/system/libsystem_network.dylib
0x0000000007d2d000 	/usr/lib/system/libsystem_networkextension.dylib
0x0000000007d2d000 	/usr/lib/system/libsystem_notify.dylib
0x0000000007d2d000 	/usr/lib/system/libsystem_platform.dylib
0x0000000007d2d000 	/usr/lib/system/libsystem_pthread.dylib
0x0000000007d2d000 	/usr/lib/system/libsystem_sandbox.dylib
0x0000000007d2d000 	/usr/lib/system/libsystem_secinit.dylib
0x0000000007d2d000 	/usr/lib/system/libsystem_stats.dylib
0x0000000007d2d000 	/usr/lib/system/libsystem_trace.dylib
0x0000000007d2d000 	/usr/lib/system/libunc.dylib
0x0000000007d2d000 	/usr/lib/system/libunwind.dylib
0x0000000007d2d000 	/usr/lib/system/libxpc.dylib
0x0000000007d2d000 	/usr/lib/libbz2.1.0.dylib
0x0000000007d2d000 	/usr/lib/liblzma.5.dylib
0x0000000007d2d000 	/usr/lib/libbsm.0.dylib
0x0000000007d2d000 	/usr/lib/libsqlite3.dylib
0x0000000007d2d000 	/usr/lib/system/libkxld.dylib
0x0000000007d2d000 	/usr/lib/libxar.1.dylib
0x0000000007d2d000 	/usr/lib/libpam.2.dylib
0x0000000007d2d000 	/usr/lib/libOpenScriptingUtil.dylib
0x0000000007d2d000 	/System/Library/Frameworks/CoreServices.framework/Versions/A/Frameworks/FSEvents.framework/Versions/A/FSEvents
0x0000000007d2d000 	/System/Library/Frameworks/CoreServices.framework/Versions/A/Frameworks/CarbonCore.framework/Versions/A/CarbonCore
0x0000000007d2d000 	/System/Library/Frameworks/CoreServices.framework/Versions/A/Frameworks/Metadata.framework/Versions/A/Metadata
0x0000000007d2d000 	/System/Library/Frameworks/CoreServices.framework/Versions/A/Frameworks/OSServices.framework/Versions/A/OSServices
0x0000000007d2d000 	/System/Library/Frameworks/CoreServices.framework/Versions/A/Frameworks/SearchKit.framework/Versions/A/SearchKit
0x0000000007d2d000 	/System/Library/Frameworks/CoreServices.framework/Versions/A/Frameworks/AE.framework/Versions/A/AE
0x0000000007d2d000 	/System/Library/Frameworks/CoreServices.framework/Versions/A/Frameworks/LaunchServices.framework/Versions/A/LaunchServices
0x0000000007d2d000 	/System/Library/Frameworks/CoreServices.framework/Versions/A/Frameworks/DictionaryServices.framework/Versions/A/DictionaryServices
0x0000000007d2d000 	/System/Library/Frameworks/NetFS.framework/Versions/A/NetFS
0x0000000007d2d000 	/System/Library/PrivateFrameworks/NetAuth.framework/Versions/A/NetAuth
0x0000000007d2d000 	/System/Library/PrivateFrameworks/login.framework/Versions/A/Frameworks/loginsupport.framework/Versions/A/loginsupport
0x0000000007d2d000 	/System/Library/PrivateFrameworks/TCC.framework/Versions/A/TCC
0x0000000007d2d000 	/usr/lib/libmecabra.dylib
0x0000000007d2d000 	/System/Library/Frameworks/ApplicationServices.framework/Versions/A/Frameworks/ATS.framework/Versions/A/ATS
0x0000000007d2d000 	/System/Library/Frameworks/ApplicationServices.framework/Versions/A/Frameworks/ColorSync.framework/Versions/A/ColorSync
0x0000000007d2d000 	/System/Library/Frameworks/ApplicationServices.framework/Versions/A/Frameworks/HIServices.framework/Versions/A/HIServices
0x0000000007d2d000 	/System/Library/Frameworks/ApplicationServices.framework/Versions/A/Frameworks/LangAnalysis.framework/Versions/A/LangAnalysis
0x0000000007d2d000 	/System/Library/Frameworks/ApplicationServices.framework/Versions/A/Frameworks/PrintCore.framework/Versions/A/PrintCore
0x0000000007d2d000 	/System/Library/Frameworks/ApplicationServices.framework/Versions/A/Frameworks/QD.framework/Versions/A/QD
0x0000000007d2d000 	/System/Library/Frameworks/ApplicationServices.framework/Versions/A/Frameworks/SpeechSynthesis.framework/Versions/A/SpeechSynthesis
0x0000000007d2d000 	/System/Library/Frameworks/Accelerate.framework/Versions/A/Accelerate
0x0000000007d2d000 	/System/Library/Frameworks/Accelerate.framework/Versions/A/Frameworks/vImage.framework/Versions/A/vImage
0x0000000007d2d000 	/System/Library/Frameworks/Accelerate.framework/Versions/A/Frameworks/vecLib.framework/Versions/A/vecLib
0x0000000007d2d000 	/System/Library/Frameworks/Accelerate.framework/Versions/A/Frameworks/vecLib.framework/Versions/A/libvDSP.dylib
0x0000000007d2d000 	/System/Library/Frameworks/Accelerate.framework/Versions/A/Frameworks/vecLib.framework/Versions/A/libvMisc.dylib
0x0000000007d2d000 	/System/Library/Frameworks/Accelerate.framework/Versions/A/Frameworks/vecLib.framework/Versions/A/libLAPACK.dylib
0x0000000007d2d000 	/System/Library/Frameworks/Accelerate.framework/Versions/A/Frameworks/vecLib.framework/Versions/A/libBLAS.dylib
0x0000000007d2d000 	/System/Library/Frameworks/Accelerate.framework/Versions/A/Frameworks/vecLib.framework/Versions/A/libLinearAlgebra.dylib
0x0000000007d2d000 	/System/Library/Frameworks/ApplicationServices.framework/Versions/A/Frameworks/ATS.framework/Versions/A/Resources/libFontParser.dylib
0x0000000007d2d000 	/System/Library/Frameworks/ApplicationServices.framework/Versions/A/Frameworks/ATS.framework/Versions/A/Resources/libFontRegistry.dylib
0x0000000007d2d000 	/System/Library/PrivateFrameworks/AppleVPA.framework/Versions/A/AppleVPA
0x0000000007d2d000 	/System/Library/PrivateFrameworks/AppleJPEG.framework/Versions/A/AppleJPEG
0x0000000007d2d000 	/System/Library/Frameworks/ImageIO.framework/Versions/A/Resources/libJPEG.dylib
0x0000000007d2d000 	/System/Library/Frameworks/ImageIO.framework/Versions/A/Resources/libTIFF.dylib
0x0000000007d2d000 	/System/Library/Frameworks/ImageIO.framework/Versions/A/Resources/libPng.dylib
0x0000000007d2d000 	/System/Library/Frameworks/ImageIO.framework/Versions/A/Resources/libGIF.dylib
0x0000000007d2d000 	/System/Library/Frameworks/ImageIO.framework/Versions/A/Resources/libJP2.dylib
0x0000000007d2d000 	/System/Library/Frameworks/ImageIO.framework/Versions/A/Resources/libRadiance.dylib
0x0000000007d2d000 	/System/Library/Frameworks/CoreVideo.framework/Versions/A/CoreVideo
0x0000000007d2d000 	/System/Library/Frameworks/OpenGL.framework/Versions/A/Libraries/libGLU.dylib
0x0000000007d2d000 	/System/Library/Frameworks/OpenGL.framework/Versions/A/Libraries/libGFXShared.dylib
0x0000000007d2d000 	/System/Library/Frameworks/OpenGL.framework/Versions/A/Libraries/libGL.dylib
0x0000000007d2d000 	/System/Library/Frameworks/OpenGL.framework/Versions/A/Libraries/libGLImage.dylib
0x0000000007d2d000 	/System/Library/Frameworks/OpenGL.framework/Versions/A/Libraries/libCVMSPluginSupport.dylib
0x0000000007d2d000 	/System/Library/Frameworks/OpenGL.framework/Versions/A/Libraries/libCoreVMClient.dylib
0x0000000007d2d000 	/usr/lib/libcups.2.dylib
0x0000000007d2d000 	/System/Library/Frameworks/Kerberos.framework/Versions/A/Kerberos
0x0000000007d2d000 	/System/Library/Frameworks/GSS.framework/Versions/A/GSS
0x0000000007d2d000 	/usr/lib/libresolv.9.dylib
0x0000000007d2d000 	/usr/lib/libiconv.2.dylib
0x0000000007d2d000 	/System/Library/PrivateFrameworks/Heimdal.framework/Versions/A/Heimdal
0x0000000007d2d000 	/usr/lib/libheimdal-asn1.dylib
0x0000000007d2d000 	/System/Library/Frameworks/OpenDirectory.framework/Versions/A/OpenDirectory
0x0000000007d2d000 	/System/Library/PrivateFrameworks/CommonAuth.framework/Versions/A/CommonAuth
0x0000000007d2d000 	/System/Library/Frameworks/OpenDirectory.framework/Versions/A/Frameworks/CFOpenDirectory.framework/Versions/A/CFOpenDirectory
0x0000000007d2d000 	/System/Library/Frameworks/SecurityFoundation.framework/Versions/A/SecurityFoundation
0x0000000007d2d000 	/System/Library/PrivateFrameworks/LanguageModeling.framework/Versions/A/LanguageModeling
0x0000000007d2d000 	/usr/lib/libcmph.dylib
0x0000000007d2d000 	/System/Library/Frameworks/ServiceManagement.framework/Versions/A/ServiceManagement
0x0000000007d2d000 	/usr/lib/libxslt.1.dylib
0x0000000007d2d000 	/System/Library/Frameworks/Carbon.framework/Versions/A/Frameworks/Ink.framework/Versions/A/Ink
0x0000000007d2d000 	/System/Library/Frameworks/QuartzCore.framework/Versions/A/Frameworks/CoreImage.framework/Versions/A/CoreImage
0x0000000007d2d000 	/System/Library/PrivateFrameworks/CrashReporterSupport.framework/Versions/A/CrashReporterSupport
0x0000000007d2d000 	/System/Library/Frameworks/OpenCL.framework/Versions/A/OpenCL
0x0000000007d2d000 	/System/Library/PrivateFrameworks/FaceCore.framework/Versions/A/FaceCore
0x0000000007d2d000 	/System/Library/PrivateFrameworks/Ubiquity.framework/Versions/A/Ubiquity
0x0000000007d2d000 	/System/Library/PrivateFrameworks/IconServices.framework/Versions/A/IconServices
0x0000000007d2d000 	/System/Library/PrivateFrameworks/ChunkingLibrary.framework/Versions/A/ChunkingLibrary
0x0000000007d2d000 	/System/Library/PrivateFrameworks/Apple80211.framework/Versions/A/Apple80211
0x0000000007d2d000 	/System/Library/Frameworks/CoreWLAN.framework/Versions/A/CoreWLAN
0x0000000007d2d000 	/System/Library/Frameworks/IOBluetooth.framework/Versions/A/IOBluetooth
0x0000000007d2d000 	/System/Library/PrivateFrameworks/CoreWiFi.framework/Versions/A/CoreWiFi
0x0000000007d2d000 	/System/Library/Frameworks/CoreBluetooth.framework/Versions/A/CoreBluetooth
0x0000000007d2d000 	/System/Library/PrivateFrameworks/DebugSymbols.framework/Versions/A/DebugSymbols
0x0000000007d2d000 	/System/Library/PrivateFrameworks/CoreSymbolication.framework/Versions/A/CoreSymbolication
0x0000000007d2d000 	/System/Library/PrivateFrameworks/Symbolication.framework/Versions/A/Symbolication
0x0000000007d2d000 	/System/Library/PrivateFrameworks/SpeechRecognitionCore.framework/Versions/A/SpeechRecognitionCore
0x0000000101ae4000 	/Library/Java/JavaVirtualMachines/jdk1.8.0_25.jdk/Contents/Home/jre/lib/server/libjvm.dylib
0x0000000007d2d000 	/usr/lib/libstdc++.6.dylib
0x000000010331a000 	/Library/Java/JavaVirtualMachines/jdk1.8.0_25.jdk/Contents/Home/jre/lib/libverify.dylib
0x0000000103328000 	/Library/Java/JavaVirtualMachines/jdk1.8.0_25.jdk/Contents/Home/jre/lib/libjava.dylib
0x0000000103366000 	/Library/Java/JavaVirtualMachines/jdk1.8.0_25.jdk/Contents/Home/jre/lib/libzip.dylib
0x0000000197094000 	/System/Library/Frameworks/JavaVM.framework/Frameworks/JavaRuntimeSupport.framework/JavaRuntimeSupport
0x00000001127e7000 	/System/Library/Frameworks/JavaVM.framework/Versions/A/Frameworks/JavaNativeFoundation.framework/Versions/A/JavaNativeFoundation
0x00000001970af000 	/System/Library/Frameworks/JavaVM.framework/Versions/A/JavaVM
0x0000000007d2d000 	/System/Library/Frameworks/Carbon.framework/Versions/A/Carbon
0x00000001970bc000 	/System/Library/PrivateFrameworks/JavaLaunching.framework/Versions/A/JavaLaunching
0x0000000007d2d000 	/System/Library/Frameworks/Carbon.framework/Versions/A/Frameworks/CommonPanels.framework/Versions/A/CommonPanels
0x0000000007d2d000 	/System/Library/Frameworks/Carbon.framework/Versions/A/Frameworks/Help.framework/Versions/A/Help
0x0000000007d2d000 	/System/Library/Frameworks/Carbon.framework/Versions/A/Frameworks/ImageCapture.framework/Versions/A/ImageCapture
0x0000000007d2d000 	/System/Library/Frameworks/Carbon.framework/Versions/A/Frameworks/OpenScripting.framework/Versions/A/OpenScripting
0x0000000007d2d000 	/System/Library/Frameworks/Carbon.framework/Versions/A/Frameworks/Print.framework/Versions/A/Print
0x0000000007d2d000 	/System/Library/Frameworks/Carbon.framework/Versions/A/Frameworks/SecurityHI.framework/Versions/A/SecurityHI
0x00000001990a2000 	/Library/Java/JavaVirtualMachines/jdk1.8.0_25.jdk/Contents/Home/jre/lib/libprism_es2.dylib
0x0000000007d2d000 	/System/Library/Frameworks/OpenGL.framework/Versions/A/Resources/GLEngine.bundle/GLEngine
0x0000000007d2d000 	/System/Library/Frameworks/OpenGL.framework/Versions/A/Libraries/libGLProgrammability.dylib
0x0000000000000000 	/System/Library/Extensions/AppleIntelHD5000GraphicsGLDriver.bundle/Contents/MacOS/AppleIntelHD5000GraphicsGLDriver
0x0000000007d2d000 	/System/Library/PrivateFrameworks/IOAccelerator.framework/Versions/A/IOAccelerator
0x0000000007d2d000 	/System/Library/PrivateFrameworks/GPUSupport.framework/Versions/A/Libraries/libGPUSupportMercury.dylib
0x0000000007d2d000 	/System/Library/Frameworks/OpenGL.framework/Versions/A/Resources/GLRendererFloat.bundle/GLRendererFloat
0x0000000007d2d000 	/System/Library/Frameworks/OpenCL.framework/Versions/A/Libraries/libcldcpuengine.dylib
0x0000000007d2d000 	/System/Library/PrivateFrameworks/DiskImages.framework/Versions/A/DiskImages
0x0000000007d2d000 	/System/Library/Frameworks/DiscRecording.framework/Versions/A/DiscRecording
0x0000000007d2d000 	/usr/lib/libcsfde.dylib
0x0000000007d2d000 	/usr/lib/libcurl.4.dylib
0x0000000007d2d000 	/System/Library/PrivateFrameworks/MediaKit.framework/Versions/A/MediaKit
0x0000000007d2d000 	/System/Library/PrivateFrameworks/ProtectedCloudStorage.framework/Versions/A/ProtectedCloudStorage
0x0000000007d2d000 	/usr/lib/libCoreStorage.dylib
0x0000000007d2d000 	/System/Library/PrivateFrameworks/EFILogin.framework/Versions/A/EFILogin
0x0000000007d2d000 	/usr/lib/libutil.dylib
0x0000000007d2d000 	/System/Library/PrivateFrameworks/FindMyDevice.framework/Versions/A/FindMyDevice
0x0000000007d2d000 	/System/Library/Frameworks/LDAP.framework/Versions/A/LDAP
0x0000000007d2d000 	/usr/lib/libsasl2.2.dylib
0x0000000007d2d000 	/System/Library/PrivateFrameworks/CoreDaemon.framework/Versions/B/CoreDaemon
0x0000000007d2d000 	/usr/lib/libcrypto.0.9.8.dylib
0x0000000007d2d000 	/System/Library/PrivateFrameworks/AppleSRP.framework/Versions/A/AppleSRP
0x0000000007d2d000 	/System/Library/PrivateFrameworks/TrustEvaluationAgent.framework/Versions/A/TrustEvaluationAgent
0x000000019954f000 	/Library/Java/JavaVirtualMachines/jdk1.8.0_25.jdk/Contents/Home/jre/lib/libglass.dylib
0x0000000007d2d000 	/System/Library/PrivateFrameworks/CoreServicesInternal.framework/Versions/A/CoreServicesInternal
0x0000000007d2d000 	/System/Library/PrivateFrameworks/CloudDocs.framework/Versions/A/CloudDocs
0x0000000007d2d000 	/System/Library/PrivateFrameworks/CoreDuet.framework/Versions/A/CoreDuet
0x0000000007d2d000 	/System/Library/Frameworks/CloudKit.framework/Versions/A/CloudKit
0x0000000007d2d000 	/System/Library/PrivateFrameworks/ProtocolBuffer.framework/Versions/A/ProtocolBuffer
0x0000000007d2d000 	/System/Library/PrivateFrameworks/CoreDuetDaemonProtocol.framework/Versions/A/CoreDuetDaemonProtocol
0x0000000007d2d000 	/System/Library/PrivateFrameworks/CoreDuetDebugLogging.framework/Versions/A/CoreDuetDebugLogging
0x0000000007d2d000 	/System/Library/Frameworks/CoreLocation.framework/Versions/A/CoreLocation
0x0000000007d2d000 	/System/Library/Frameworks/Accounts.framework/Versions/A/Accounts
0x0000000007d2d000 	/System/Library/PrivateFrameworks/ApplePushService.framework/Versions/A/ApplePushService
0x0000000007d2d000 	/System/Library/PrivateFrameworks/GeoServices.framework/Versions/A/GeoServices
0x0000000007d2d000 	/System/Library/PrivateFrameworks/OAuth.framework/Versions/A/OAuth
0x0000000007d2d000 	/System/Library/Frameworks/CoreGraphics.framework/Versions/A/Resources/libCGCMS.A.dylib
0x0000000007d2d000 	/System/Library/CoreServices/RawCamera.bundle/Contents/MacOS/RawCamera
0x0000000007d2d000 	/System/Library/Frameworks/CoreGraphics.framework/Versions/A/Resources/libRIP.A.dylib
0x0000000007d2d000 	/System/Library/PrivateFrameworks/FamilyControls.framework/Versions/A/FamilyControls
0x0000000007d2d000 	/System/Library/PrivateFrameworks/CommerceKit.framework/Versions/A/Frameworks/CommerceCore.framework/Versions/A/CommerceCore
0x0000000007d2d000 	/System/Library/PrivateFrameworks/SystemAdministration.framework/Versions/A/SystemAdministration
0x0000000007d2d000 	/System/Library/PrivateFrameworks/AppContainer.framework/Versions/A/AppContainer
0x0000000007d2d000 	/System/Library/PrivateFrameworks/SecCodeWrapper.framework/Versions/A/SecCodeWrapper
0x0000000007d2d000 	/System/Library/Frameworks/DirectoryService.framework/Versions/A/DirectoryService
0x0000000007d2d000 	/System/Library/PrivateFrameworks/LoginUIKit.framework/Versions/A/Frameworks/LoginUICore.framework/Versions/A/LoginUICore
0x0000000007d2d000 	/usr/lib/libodfde.dylib
0x000000019caaa000 	/Library/Java/JavaVirtualMachines/jdk1.8.0_25.jdk/Contents/Home/jre/lib/libjavafx_font.dylib
0x0000000007d2d000 	/System/Library/Frameworks/CoreGraphics.framework/Versions/A/Resources/libCGXType.A.dylib
0x000000019cd4b000 	/Library/Java/JavaVirtualMachines/jdk1.8.0_25.jdk/Contents/Home/jre/lib/libprism_common.dylib
0x00000001a0779000 	cl_kernels
0x00000001a077b000 	/System/Library/Frameworks/OpenCL.framework/Versions/A/Libraries/ImageFormats/unorm8_bgra.dylib
0x00000001a0cbf000 	cl_kernels

VM Arguments:
jvm_args: -Dfile.encoding=UTF-8 
java_command: Main
java_class_path (initial): /Users/vcheng/Documents/workspace/slogo_team08/bin
Launcher Type: SUN_STANDARD

Environment Variables:
PATH=/usr/bin:/bin:/usr/sbin:/sbin
SHELL=/bin/bash
DISPLAY=/private/tmp/com.apple.launchd.bZtNfXlYfK/org.macosforge.xquartz:0

Signal Handlers:
SIGSEGV: [libjvm.dylib+0x579dc7], sa_mask[0]=11111111011111110111111111111111, sa_flags=SA_ONSTACK|SA_RESTART|SA_SIGINFO
SIGBUS: [libjvm.dylib+0x579dc7], sa_mask[0]=11111111011111110111111111111111, sa_flags=SA_RESTART|SA_SIGINFO
SIGFPE: [libjvm.dylib+0x45b030], sa_mask[0]=11111111011111110111111111111111, sa_flags=SA_RESTART|SA_SIGINFO
SIGPIPE: [libjvm.dylib+0x45b030], sa_mask[0]=11111111011111110111111111111111, sa_flags=SA_RESTART|SA_SIGINFO
SIGXFSZ: [libjvm.dylib+0x45b030], sa_mask[0]=11111111011111110111111111111111, sa_flags=SA_RESTART|SA_SIGINFO
SIGILL: [libjvm.dylib+0x45b030], sa_mask[0]=11111111011111110111111111111111, sa_flags=SA_RESTART|SA_SIGINFO
SIGUSR1: SIG_DFL, sa_mask[0]=00000000000000000000000000000000, sa_flags=none
SIGUSR2: [libjvm.dylib+0x45ab4e], sa_mask[0]=00100000000000000000000000000000, sa_flags=SA_RESTART|SA_SIGINFO
SIGHUP: [libjvm.dylib+0x459121], sa_mask[0]=11111111011111110111111111111111, sa_flags=SA_RESTART|SA_SIGINFO
SIGINT: [libjvm.dylib+0x459121], sa_mask[0]=11111111011111110111111111111111, sa_flags=SA_RESTART|SA_SIGINFO
SIGTERM: [libjvm.dylib+0x459121], sa_mask[0]=11111111011111110111111111111111, sa_flags=SA_RESTART|SA_SIGINFO
SIGQUIT: [libjvm.dylib+0x459121], sa_mask[0]=11111111011111110111111111111111, sa_flags=SA_RESTART|SA_SIGINFO


---------------  S Y S T E M  ---------------

OS:Bsduname:Darwin 14.1.0 Darwin Kernel Version 14.1.0: Mon Dec 22 23:10:38 PST 2014; root:xnu-2782.10.72~2/RELEASE_X86_64 x86_64
rlimit: STACK 8192k, CORE 0k, NPROC 709, NOFILE 10240, AS infinity
load average:3.17 2.89 2.27

CPU:total 4 (2 cores per cpu, 2 threads per core) family 6 model 69 stepping 1, cmov, cx8, fxsr, mmx, sse, sse2, sse3, ssse3, sse4.1, sse4.2, popcnt, avx, avx2, aes, clmul, erms, lzcnt, ht, tsc, tscinvbit, bmi1, bmi2

Memory: 4k page, physical 4194304k(170252k free)

/proc/meminfo:


vm_info: Java HotSpot(TM) 64-Bit Server VM (25.25-b02) for bsd-amd64 JRE (1.8.0_25-b17), built on Sep 17 2014 16:56:50 by "java_re" with gcc 4.2.1 (Based on Apple Inc. build 5658) (LLVM build 2336.11.00)

time: Mon Feb 29 21:28:28 2016
elapsed time: 482 seconds (0d 0h 8m 2s)

